
CommandNotFoundError: Your shell has not been properly configured to use 'conda activate'.
To initialize your shell, run

    $ conda init <SHELL_NAME>

Currently supported shells are:
  - bash
  - fish
  - tcsh
  - xonsh
  - zsh
  - powershell

See 'conda init --help' for more information and options.

IMPORTANT: You may need to close and restart your shell after running 'conda init'.


/scratch_tmp/grp/grv_shi/k21220263/MTPSL/nyu_mtl_xtc.py:105: FutureWarning: You are using `torch.load` with `weights_only=False` (the current default value), which uses the default pickle module implicitly. It is possible to construct malicious pickle data which will execute arbitrary code during unpickling (See https://github.com/pytorch/pytorch/blob/main/SECURITY.md#untrusted-models for more details). In a future release, the default value for `weights_only` will be flipped to `True`. This limits the functions that could be executed during unpickling. Arbitrary objects will no longer be allowed to be loaded via this mode unless they are explicitly allowlisted by the user via `torch.serialization.add_safe_globals`. We recommend you start setting `weights_only=True` for any use case where you don't have full control of the loaded file. Please open an issue on GitHub for any issues related to this experimental feature.
  labels_weights = torch.load('{}onelabel.pth'.format(opt.labelroot))['labels_weights'].float().cuda()
Parameter Space: ABS: 28889941.0, REL: 1.1565

LOSS FORMAT: SEMANTIC_LOSS MEAN_IOU PIX_ACC | DEPTH_LOSS ABS_ERR ROOT_MSE | NORMAL_LOSS MEAN MED <11.25 <22.5 <30

lr at 0th epoch is 1e-05 for optimizer
107972
1
110592
current performance: -52.9790, best performance: -100.0000
Epoch: 0000 | TRAIN: 2.9326 0.0564 0.2413 | 1.5205 1.5205 0.7375 | 0.4237 51.9553 49.7009 0.0134 0.0712 0.1491 TEST: 2.7552 0.0445 0.3051 | 0.9627 0.9442 1.3361 | 0.3461 46.1851 50.2280 1.9626 10.0260 20.5049
lr at 1th epoch is 1e-05 for optimizer
1
2
110592
current performance: -49.7020, best performance: -52.9790
Epoch: 0001 | TRAIN: 2.5368 0.0741 0.2975 | 0.9796 0.9796 0.4805 | 0.3497 46.2551 44.6436 0.0278 0.1240 0.2288 TEST: 2.3614 0.0443 0.3032 | 0.9303 0.9137 1.2537 | 0.3312 44.4046 49.1657 3.6688 14.9499 27.8752
lr at 2th epoch is 1e-05 for optimizer
106331
1
110592
current performance: -47.8741, best performance: -49.7020
Epoch: 0002 | TRAIN: 2.4436 0.0752 0.3044 | 0.9338 0.9338 0.4674 | 0.3407 45.2600 43.3247 0.0372 0.1466 0.2599 TEST: 2.2478 0.0449 0.3050 | 0.9092 0.8924 1.2374 | 0.3252 43.6543 48.7168 4.6477 17.8744 30.7414
lr at 3th epoch is 1e-05 for optimizer
1
130
110592
current performance: -58.3201, best performance: -47.8741
Epoch: 0003 | TRAIN: 2.4343 0.0778 0.3084 | 0.9016 0.9016 0.4365 | 0.3390 44.9093 42.9778 0.0407 0.1644 0.2840 TEST: 2.3507 0.0467 0.3090 | 1.1526 1.1366 1.5156 | 0.3239 43.7617 48.5619 4.2040 16.5663 28.9477
lr at 4th epoch is 1e-05 for optimizer
101070
1
110592
current performance: -51.1003, best performance: -47.8741
Epoch: 0004 | TRAIN: 2.3992 0.0755 0.3045 | 0.9197 0.9197 0.4616 | 0.3380 44.9100 43.1717 0.0398 0.1594 0.2765 TEST: 2.5134 0.0448 0.3044 | 0.9849 0.9687 1.3046 | 0.3311 43.5746 49.3748 6.2150 21.4632 32.8796
lr at 5th epoch is 1e-05 for optimizer
1
0
110592
current performance: -44.1148, best performance: -47.8741
Epoch: 0005 | TRAIN: 2.3791 0.0781 0.3044 | 0.9563 0.9563 0.4714 | 0.3364 44.5864 42.7811 0.0453 0.1758 0.2922 TEST: 2.5468 0.0449 0.3084 | 0.8430 0.8259 1.1613 | 0.3163 42.8554 48.0227 5.2314 19.5098 31.9514
lr at 6th epoch is 1e-05 for optimizer
1
0
110592
current performance: -43.7101, best performance: -44.1148
Epoch: 0006 | TRAIN: 2.2677 0.0889 0.3308 | 0.8666 0.8666 0.4340 | 0.3305 44.0521 42.3835 0.0519 0.1838 0.2978 TEST: 2.4389 0.0496 0.3295 | 0.8564 0.8401 1.1676 | 0.3134 42.4742 47.8148 6.1981 20.4311 32.3457
lr at 7th epoch is 1e-05 for optimizer
95397
1
110592
current performance: -41.2190, best performance: -43.7101
Epoch: 0007 | TRAIN: 2.1890 0.1018 0.3549 | 0.8297 0.8297 0.4105 | 0.3312 43.9587 41.9679 0.0556 0.1901 0.3057 TEST: 2.0763 0.0812 0.3818 | 0.9213 0.9056 1.2367 | 0.3052 41.3172 47.2492 8.7036 24.2885 35.8815
lr at 8th epoch is 1e-05 for optimizer
108214
0
1
current performance: -51.6206, best performance: -41.2190
Epoch: 0008 | TRAIN: 2.1024 0.1192 0.3836 | 0.8460 0.8460 0.4213 | 0.3280 43.4240 41.4034 0.0678 0.2110 0.3246 TEST: 2.0449 0.0808 0.3793 | 1.1509 1.1360 1.4866 | 0.3063 41.6719 47.2785 7.4542 22.3620 34.4246
lr at 9th epoch is 1e-05 for optimizer
1
0
110592
current performance: -37.9230, best performance: -41.2190
Epoch: 0009 | TRAIN: 2.0653 0.1298 0.3986 | 0.8376 0.8376 0.4071 | 0.3218 43.0344 40.9731 0.0638 0.2103 0.3261 TEST: 2.0633 0.0882 0.4019 | 0.8627 0.8533 1.0962 | 0.3080 41.1890 47.6299 9.5921 26.5492 37.7608
lr at 10th epoch is 1e-05 for optimizer
101726
0
1
current performance: -33.4037, best performance: -37.9230
Epoch: 0010 | TRAIN: 1.9745 0.1346 0.4121 | 0.8001 0.8001 0.3867 | 0.3187 42.5440 40.3629 0.0758 0.2280 0.3421 TEST: 2.1357 0.0978 0.4131 | 0.7711 0.7601 1.0118 | 0.3156 41.8507 48.3415 8.5634 25.7944 37.1706
lr at 11th epoch is 1e-05 for optimizer
80310
1
110592
current performance: -26.5970, best performance: -33.4037
Epoch: 0011 | TRAIN: 1.9222 0.1438 0.4261 | 0.7845 0.7845 0.3934 | 0.3156 42.3274 40.1361 0.0735 0.2290 0.3449 TEST: 1.7593 0.1330 0.4493 | 0.7494 0.7355 1.0237 | 0.2986 40.7210 46.7825 8.7787 25.5438 37.3893
lr at 12th epoch is 1e-05 for optimizer
1
0
110519
current performance: -24.2266, best performance: -26.5970
Epoch: 0012 | TRAIN: 1.8404 0.1535 0.4449 | 0.7689 0.7689 0.3670 | 0.3145 42.1062 39.8230 0.0802 0.2391 0.3525 TEST: 1.9512 0.1411 0.4611 | 0.7342 0.7221 0.9818 | 0.2910 40.0301 46.1361 9.7538 26.5863 38.3258
lr at 13th epoch is 1e-05 for optimizer
100286
1
110592
current performance: -25.1581, best performance: -24.2266
Epoch: 0013 | TRAIN: 1.7589 0.1679 0.4755 | 0.7641 0.7641 0.3733 | 0.3170 42.3351 40.1605 0.0784 0.2351 0.3476 TEST: 1.7651 0.1631 0.4929 | 0.8199 0.8080 1.1027 | 0.2926 40.0587 46.3115 9.8327 27.3758 38.7618
lr at 14th epoch is 1e-05 for optimizer
1
51
110592
current performance: -19.6932, best performance: -24.2266
Epoch: 0014 | TRAIN: 1.6719 0.1833 0.5049 | 0.7185 0.7185 0.3522 | 0.3135 42.0033 39.8308 0.0814 0.2438 0.3548 TEST: 1.8023 0.1662 0.5041 | 0.7233 0.7111 0.9865 | 0.2807 39.2602 45.2161 9.7216 27.4083 39.2152
lr at 15th epoch is 1e-05 for optimizer
1
10
110592
current performance: -17.8389, best performance: -19.6932
Epoch: 0015 | TRAIN: 1.6737 0.1912 0.5129 | 0.7063 0.7063 0.3418 | 0.3129 41.9415 39.6915 0.0830 0.2429 0.3542 TEST: 1.7718 0.1804 0.5097 | 0.7074 0.6968 0.9466 | 0.2889 39.7807 46.0297 9.7721 27.7058 39.2644
lr at 16th epoch is 1e-05 for optimizer
103993
1
110592
current performance: -14.9770, best performance: -17.8389
Epoch: 0016 | TRAIN: 1.6053 0.1989 0.5317 | 0.7094 0.7094 0.3508 | 0.3054 41.2716 38.7764 0.0869 0.2535 0.3680 TEST: 1.7787 0.2023 0.5295 | 0.7023 0.6909 0.9627 | 0.2926 39.9483 46.4400 10.7447 28.0258 39.2084
lr at 17th epoch is 1e-05 for optimizer
1
73
110592
current performance: -12.8885, best performance: -14.9770
Epoch: 0017 | TRAIN: 1.5495 0.2080 0.5489 | 0.6842 0.6842 0.3356 | 0.3056 41.3472 38.9621 0.0861 0.2500 0.3633 TEST: 1.8309 0.2153 0.5244 | 0.7067 0.6977 0.9327 | 0.2834 39.3061 45.5592 10.4657 28.0571 39.7931
lr at 18th epoch is 1e-05 for optimizer
91964
0
1
current performance: -9.8422, best performance: -12.8885
Epoch: 0018 | TRAIN: 1.5156 0.2206 0.5651 | 0.6474 0.6474 0.3141 | 0.3058 41.2517 38.6768 0.0889 0.2556 0.3698 TEST: 1.6017 0.2480 0.5613 | 0.6802 0.6704 0.9120 | 0.3120 41.3884 48.2331 9.8987 27.3973 38.2768
lr at 19th epoch is 1e-05 for optimizer
105803
194
1
current performance: -9.0323, best performance: -9.8422
Epoch: 0019 | TRAIN: 1.4884 0.2302 0.5771 | 0.6507 0.6507 0.3125 | 0.3038 41.1154 38.4147 0.0858 0.2557 0.3727 TEST: 1.6289 0.2574 0.5527 | 0.7156 0.7062 0.9525 | 0.2960 40.3343 46.7804 8.7563 27.0791 39.2753
lr at 20th epoch is 1e-05 for optimizer
93637
1
110592
current performance: -3.6581, best performance: -9.0323
Epoch: 0020 | TRAIN: 1.4554 0.2353 0.5876 | 0.6571 0.6571 0.3218 | 0.3050 41.1640 38.5710 0.0873 0.2586 0.3737 TEST: 1.5483 0.2774 0.5673 | 0.6981 0.6883 0.9339 | 0.2731 38.4932 44.6835 10.4920 29.0518 41.2278
lr at 21th epoch is 1e-05 for optimizer
101612
1
110592
current performance: -6.2880, best performance: -3.6581
Epoch: 0021 | TRAIN: 1.4464 0.2375 0.5901 | 0.6350 0.6350 0.3053 | 0.3008 40.7856 37.9370 0.0903 0.2632 0.3804 TEST: 1.6123 0.2629 0.5795 | 0.6631 0.6528 0.8887 | 0.3018 40.5814 47.3625 9.2436 27.8866 39.6993
lr at 22th epoch is 1e-05 for optimizer
98795
29
1
current performance: -1.4422, best performance: -3.6581
Epoch: 0022 | TRAIN: 1.4386 0.2535 0.6032 | 0.6405 0.6405 0.3122 | 0.3127 41.6376 38.6979 0.0860 0.2595 0.3750 TEST: 1.6502 0.2755 0.5791 | 0.6500 0.6412 0.8796 | 0.2662 38.1133 43.9757 10.3827 28.2998 40.6363
lr at 23th epoch is 1e-05 for optimizer
1
645
110592
current performance: -2.4930, best performance: -1.4422
Epoch: 0023 | TRAIN: 1.4188 0.2562 0.6131 | 0.6212 0.6212 0.3053 | 0.2975 40.4892 37.6736 0.0927 0.2681 0.3862 TEST: 1.5937 0.2895 0.5909 | 0.6728 0.6624 0.9155 | 0.2944 39.8415 46.7804 11.0475 29.0395 40.5068
lr at 24th epoch is 1e-05 for optimizer
108751
1
110592
current performance: -6.4142, best performance: -1.4422
Epoch: 0024 | TRAIN: 1.4385 0.2560 0.6123 | 0.6292 0.6292 0.3000 | 0.3184 41.9701 38.7905 0.0894 0.2610 0.3751 TEST: 1.5866 0.2938 0.5915 | 0.7010 0.6922 0.9389 | 0.3301 42.7201 49.9544 9.0131 26.1464 37.2171
lr at 25th epoch is 1e-05 for optimizer
1
0
110592
current performance: 0.5200, best performance: -1.4422
Epoch: 0025 | TRAIN: 1.4415 0.2650 0.6211 | 0.6149 0.6149 0.3055 | 0.3103 41.3358 38.1814 0.0926 0.2678 0.3822 TEST: 1.6229 0.3109 0.5842 | 0.6805 0.6704 0.9197 | 0.2864 39.2774 46.0168 10.8419 29.4150 41.1577
lr at 26th epoch is 1e-05 for optimizer
1
1
110592
current performance: -5.8439, best performance: 0.5200
Epoch: 0026 | TRAIN: 1.4152 0.2700 0.6287 | 0.5928 0.5928 0.2853 | 0.3122 41.4538 38.1417 0.0899 0.2675 0.3850 TEST: 1.5621 0.2986 0.5996 | 0.6458 0.6357 0.8694 | 0.3642 44.9588 53.1150 8.5813 25.9571 36.7500
lr at 27th epoch is 1e-05 for optimizer
105377
1
110592
current performance: 1.6717, best performance: 0.5200
Epoch: 0027 | TRAIN: 1.4151 0.2728 0.6323 | 0.6107 0.6107 0.2922 | 0.3169 41.8059 38.5764 0.0912 0.2645 0.3788 TEST: 1.6232 0.3057 0.6040 | 0.6387 0.6302 0.8577 | 0.2859 39.2030 46.0461 10.8467 29.6078 41.5920
lr at 28th epoch is 1e-05 for optimizer
1
0
101504
current performance: -0.9971, best performance: 1.6717
Epoch: 0028 | TRAIN: 1.4309 0.2826 0.6387 | 0.5835 0.5835 0.2846 | 0.3340 43.0557 39.4399 0.0848 0.2578 0.3711 TEST: 1.7285 0.2784 0.5960 | 0.6201 0.6119 0.8420 | 0.2870 39.1868 46.1465 11.1378 29.9078 41.9206
lr at 29th epoch is 1e-05 for optimizer
101143
1
110592
current performance: -14.1383, best performance: 1.6717
Epoch: 0029 | TRAIN: 1.4083 0.2847 0.6422 | 0.6071 0.6071 0.2911 | 0.3462 43.8720 40.1688 0.0838 0.2539 0.3666 TEST: 1.7534 0.2886 0.5912 | 0.6297 0.6227 0.8476 | 0.4578 51.7911 61.1554 5.9431 20.8841 31.2128
lr at 30th epoch is 1e-05 for optimizer
106424
12834
1
current performance: -7.6420, best performance: 1.6717
Epoch: 0030 | TRAIN: 1.4707 0.2833 0.6394 | 0.5782 0.5782 0.2814 | 0.3420 43.5561 39.6688 0.0845 0.2548 0.3699 TEST: 1.6156 0.3077 0.6032 | 0.6754 0.6662 0.9134 | 0.3847 46.4428 55.0092 7.9770 24.7306 35.4322
lr at 31th epoch is 1e-05 for optimizer
96233
105
1
current performance: -5.1913, best performance: 1.6717
Epoch: 0031 | TRAIN: 1.4253 0.2871 0.6445 | 0.5659 0.5659 0.2779 | 0.3590 44.7212 40.6556 0.0832 0.2509 0.3639 TEST: 1.6505 0.3023 0.6052 | 0.6363 0.6274 0.8602 | 0.3676 45.1184 53.7134 8.2685 25.5571 37.0115
lr at 32th epoch is 1e-05 for optimizer
102194
1
110579
current performance: -1.0771, best performance: 1.6717
Epoch: 0032 | TRAIN: 1.4314 0.2907 0.6470 | 0.5658 0.5658 0.2730 | 0.3795 46.0924 41.7268 0.0821 0.2478 0.3575 TEST: 1.6331 0.3113 0.6022 | 0.6387 0.6289 0.8595 | 0.3303 42.3792 50.2694 9.9651 27.3562 38.8586
lr at 33th epoch is 1e-05 for optimizer
94845
79
1
current performance: -4.0949, best performance: 1.6717
Epoch: 0033 | TRAIN: 1.4426 0.2941 0.6503 | 0.5716 0.5716 0.2757 | 0.3989 47.4795 43.1212 0.0805 0.2398 0.3448 TEST: 1.7042 0.3035 0.6068 | 0.6160 0.6086 0.8303 | 0.3682 44.9986 53.9265 9.4283 26.5235 37.5272
lr at 34th epoch is 1e-05 for optimizer
104377
0
1
current performance: -8.0174, best performance: 1.6717
Epoch: 0034 | TRAIN: 1.4704 0.3023 0.6583 | 0.5659 0.5659 0.2752 | 0.4224 49.0476 44.4440 0.0802 0.2351 0.3387 TEST: 1.7418 0.3036 0.6095 | 0.6204 0.6132 0.8315 | 0.4141 48.3682 57.7930 8.3867 24.2769 34.4074
lr at 35th epoch is 1e-05 for optimizer
1
0
110143
current performance: -8.5240, best performance: 1.6717
Epoch: 0035 | TRAIN: 1.4867 0.3034 0.6575 | 0.5665 0.5665 0.2732 | 0.4368 50.0658 45.4071 0.0756 0.2284 0.3326 TEST: 1.6503 0.3211 0.6173 | 0.6055 0.5977 0.8230 | 0.4582 51.4500 61.7493 7.8193 22.7364 32.3985
lr at 36th epoch is 1e-05 for optimizer
105258
1
110070
current performance: -3.1793, best performance: 1.6717
Epoch: 0036 | TRAIN: 1.4400 0.3104 0.6697 | 0.5547 0.5547 0.2634 | 0.4653 52.0459 47.3118 0.0733 0.2195 0.3194 TEST: 1.6977 0.3156 0.6141 | 0.6205 0.6111 0.8605 | 0.3748 45.4654 54.7326 9.4296 26.0322 36.9767
lr at 37th epoch is 1e-05 for optimizer
107480
1
110592
current performance: -10.9570, best performance: 1.6717
Epoch: 0037 | TRAIN: 1.4841 0.3052 0.6637 | 0.5692 0.5692 0.2700 | 0.4664 52.1323 47.3085 0.0744 0.2206 0.3200 TEST: 1.7608 0.3084 0.6104 | 0.6120 0.6048 0.8215 | 0.4662 51.9093 62.6615 7.9891 23.1747 32.9254
lr at 38th epoch is 1e-05 for optimizer
1
0
110495
current performance: -11.2114, best performance: 1.6717
Epoch: 0038 | TRAIN: 1.4696 0.3103 0.6684 | 0.5448 0.5448 0.2620 | 0.4691 52.2917 47.3664 0.0735 0.2205 0.3210 TEST: 1.7051 0.3192 0.6199 | 0.6014 0.5936 0.8204 | 0.4916 53.8086 64.7853 6.8419 21.6146 31.4956
lr at 39th epoch is 1e-05 for optimizer
103685
0
1
current performance: -5.9950, best performance: 1.6717
Epoch: 0039 | TRAIN: 1.5095 0.3127 0.6683 | 0.5495 0.5495 0.2664 | 0.4908 53.7436 48.0041 0.0741 0.2188 0.3167 TEST: 1.7725 0.3161 0.6172 | 0.6087 0.6004 0.8244 | 0.4190 48.4803 58.8429 9.5627 25.0355 35.1701
lr at 40th epoch is 1e-05 for optimizer
105197
0
1
current performance: -9.3283, best performance: 1.6717
Epoch: 0040 | TRAIN: 1.4739 0.3174 0.6759 | 0.5554 0.5554 0.2659 | 0.4925 53.9130 48.6440 0.0717 0.2171 0.3151 TEST: 1.8012 0.3154 0.6163 | 0.5997 0.5926 0.8140 | 0.4636 51.7163 62.3703 7.8678 22.8236 32.5779
lr at 41th epoch is 1e-05 for optimizer
106382
583
1
current performance: -12.3862, best performance: 1.6717
Epoch: 0041 | TRAIN: 1.5124 0.3175 0.6730 | 0.5290 0.5290 0.2498 | 0.5143 55.4002 50.3073 0.0716 0.2139 0.3078 TEST: 1.8676 0.3088 0.6075 | 0.7152 0.7037 0.9707 | 0.4274 49.3846 59.5741 8.3208 23.3646 33.6262
lr at 42th epoch is 1e-05 for optimizer
106656
1
110592
current performance: -10.8397, best performance: 1.6717
Epoch: 0042 | TRAIN: 1.5379 0.3220 0.6743 | 0.5437 0.5437 0.2601 | 0.5272 56.3900 50.9003 0.0671 0.2074 0.3019 TEST: 1.8995 0.3059 0.6146 | 0.6006 0.5928 0.8157 | 0.4659 51.9713 62.9140 7.8826 22.6064 32.3809
lr at 43th epoch is 1e-05 for optimizer
1
195
110552
current performance: -9.1106, best performance: 1.6717
Epoch: 0043 | TRAIN: 1.6274 0.3193 0.6674 | 0.5391 0.5391 0.2585 | 0.5382 57.0114 51.3186 0.0709 0.2103 0.3044 TEST: 1.7276 0.3280 0.6250 | 0.6474 0.6377 0.8845 | 0.4567 51.2127 62.3702 8.4084 23.8456 33.8820
lr at 44th epoch is 1e-05 for optimizer
102681
1
109982
current performance: -15.1490, best performance: 1.6717
Epoch: 0044 | TRAIN: 1.5948 0.3268 0.6752 | 0.5303 0.5303 0.2530 | 0.5600 58.6801 53.3703 0.0657 0.1992 0.2906 TEST: 2.0064 0.3056 0.6072 | 0.5928 0.5850 0.8021 | 0.5250 56.1331 67.7183 6.4730 20.0879 29.7952
lr at 45th epoch is 1e-05 for optimizer
103339
1
1
current performance: -14.5902, best performance: 1.6717
Epoch: 0045 | TRAIN: 1.5809 0.3206 0.6747 | 0.5352 0.5352 0.2532 | 0.5795 59.8580 54.6527 0.0684 0.2016 0.2904 TEST: 2.0097 0.2956 0.6119 | 0.6435 0.6385 0.8468 | 0.4744 52.3925 64.0681 8.0177 23.4554 33.5165
lr at 46th epoch is 1e-05 for optimizer
101490
0
1
current performance: -14.5393, best performance: 1.6717
Epoch: 0046 | TRAIN: 1.5657 0.3246 0.6799 | 0.5183 0.5183 0.2469 | 0.5741 59.5118 53.8688 0.0673 0.2033 0.2951 TEST: 1.9027 0.3071 0.6217 | 0.5914 0.5832 0.8096 | 0.5225 55.8264 67.7287 6.8274 21.3584 31.0879
lr at 47th epoch is 1e-05 for optimizer
103572
1
110592
current performance: -21.6782, best performance: 1.6717
Epoch: 0047 | TRAIN: 1.6067 0.3273 0.6816 | 0.5382 0.5382 0.2577 | 0.5871 60.4487 54.5237 0.0648 0.2002 0.2918 TEST: 1.9529 0.2988 0.6111 | 0.6022 0.5950 0.8082 | 0.5944 60.8507 73.7104 6.9932 19.9785 28.4261
lr at 48th epoch is 1e-05 for optimizer
104998
1
110544
current performance: -1.6683, best performance: 1.6717
Epoch: 0048 | TRAIN: 1.6144 0.3255 0.6782 | 0.5319 0.5319 0.2529 | 0.6097 61.9810 56.4472 0.0689 0.1985 0.2859 TEST: 2.4183 0.2791 0.6003 | 0.6008 0.5924 0.8175 | 0.3040 40.6360 48.3919 9.8818 27.7457 40.0180
lr at 49th epoch is 1e-05 for optimizer
106238
1
110551
current performance: -20.0376, best performance: 1.6717
Epoch: 0049 | TRAIN: 1.7412 0.3239 0.6751 | 0.5133 0.5133 0.2442 | 0.6070 61.8784 55.5294 0.0650 0.1946 0.2840 TEST: 2.2059 0.2882 0.5994 | 0.6006 0.5938 0.8157 | 0.5553 58.2044 71.1974 7.1408 20.9451 30.2725
lr at 50th epoch is 1e-05 for optimizer
1
0
109442
current performance: -14.2262, best performance: 1.6717
Epoch: 0050 | TRAIN: 1.6647 0.3312 0.6802 | 0.5217 0.5217 0.2419 | 0.6354 63.8093 58.0605 0.0653 0.1923 0.2781 TEST: 2.0739 0.3025 0.6171 | 0.6011 0.5935 0.8118 | 0.5035 54.6208 67.2741 7.4763 22.2107 32.3632
lr at 51th epoch is 1e-05 for optimizer
104184
1
110592
current performance: -22.6439, best performance: 1.6717
Epoch: 0051 | TRAIN: 1.6972 0.3358 0.6851 | 0.5187 0.5187 0.2442 | 0.6233 62.9514 57.3016 0.0674 0.1968 0.2841 TEST: 2.0543 0.3061 0.6168 | 0.5801 0.5726 0.7971 | 0.6248 63.4392 76.3480 5.1658 17.4481 26.3599
lr at 52th epoch is 1e-05 for optimizer
107973
75
1
current performance: -24.3130, best performance: 1.6717
Epoch: 0052 | TRAIN: 1.7198 0.3379 0.6829 | 0.5275 0.5275 0.2503 | 0.6562 65.3355 59.4638 0.0597 0.1837 0.2677 TEST: 2.0443 0.3034 0.6168 | 0.6284 0.6198 0.8419 | 0.6194 62.7867 76.1064 5.9341 18.5725 27.3477
lr at 53th epoch is 1e-05 for optimizer
108741
165
1
current performance: -14.8641, best performance: 1.6717
Epoch: 0053 | TRAIN: 1.6993 0.3342 0.6841 | 0.5220 0.5220 0.2455 | 0.6651 65.9727 60.3216 0.0611 0.1843 0.2673 TEST: 2.1409 0.3007 0.6159 | 0.5993 0.5892 0.8358 | 0.5123 55.1508 68.0266 7.7528 22.2936 32.2373
lr at 54th epoch is 1e-05 for optimizer
108021
1
110592
current performance: -31.8349, best performance: 1.6717
Epoch: 0054 | TRAIN: 1.7561 0.3384 0.6871 | 0.5058 0.5058 0.2395 | 0.6674 66.0988 60.1887 0.0642 0.1864 0.2688 TEST: 1.9135 0.3150 0.6217 | 0.5891 0.5804 0.8051 | 0.7567 72.4491 85.4651 4.5052 14.5943 21.7031
lr at 55th epoch is 1e-05 for optimizer
105941
1
110592
current performance: -24.9884, best performance: 1.6717
Epoch: 0055 | TRAIN: 1.6966 0.3332 0.6849 | 0.5318 0.5318 0.2539 | 0.6907 67.7222 62.4119 0.0609 0.1778 0.2594 TEST: 2.0852 0.3005 0.6148 | 0.5858 0.5788 0.7927 | 0.6463 64.6661 78.1930 6.2701 18.3517 26.7000
lr at 56th epoch is 1e-05 for optimizer
1
0
110547
current performance: -31.0600, best performance: 1.6717
Epoch: 0056 | TRAIN: 1.7571 0.3387 0.6882 | 0.5048 0.5048 0.2386 | 0.7040 68.6696 63.5417 0.0605 0.1785 0.2570 TEST: 2.1301 0.3014 0.6157 | 0.5864 0.5790 0.7938 | 0.7232 70.2447 83.8181 5.0840 15.8542 23.4851
lr at 57th epoch is 1e-05 for optimizer
106282
1
110476
current performance: -35.1686, best performance: 1.6717
Epoch: 0057 | TRAIN: 1.8559 0.3374 0.6855 | 0.5102 0.5102 0.2430 | 0.7047 68.6903 63.4830 0.0614 0.1811 0.2606 TEST: 2.0116 0.3178 0.6208 | 0.6635 0.6528 0.8988 | 0.7615 72.9532 86.2693 4.2351 14.1186 21.5126
lr at 58th epoch is 1e-05 for optimizer
104644
6
1
current performance: -34.5815, best performance: 1.6717
Epoch: 0058 | TRAIN: 1.7770 0.3412 0.6892 | 0.5191 0.5191 0.2444 | 0.7195 69.8758 64.4788 0.0567 0.1716 0.2506 TEST: 2.0303 0.3132 0.6215 | 0.5912 0.5828 0.8067 | 0.7835 74.6317 87.9182 3.9512 13.4224 20.6531
lr at 59th epoch is 1e-05 for optimizer
106303
2
1
current performance: -25.9530, best performance: 1.6717
Epoch: 0059 | TRAIN: 1.8142 0.3391 0.6885 | 0.5242 0.5242 0.2487 | 0.7111 69.2134 64.0070 0.0590 0.1773 0.2568 TEST: 2.1801 0.2964 0.6145 | 0.5831 0.5737 0.8091 | 0.6522 65.2599 78.4137 5.0762 16.5129 25.2539
lr at 60th epoch is 1e-05 for optimizer
105228
1
110376
current performance: -28.4685, best performance: 1.6717
Epoch: 0060 | TRAIN: 1.8278 0.3425 0.6877 | 0.5180 0.5180 0.2478 | 0.7390 71.1655 66.4479 0.0578 0.1696 0.2446 TEST: 2.1580 0.2983 0.6168 | 0.5901 0.5828 0.7978 | 0.6838 67.4010 80.9055 5.1731 16.4757 24.6520
lr at 61th epoch is 1e-05 for optimizer
109214
1
110590
current performance: -27.8048, best performance: 1.6717
Epoch: 0061 | TRAIN: 1.8733 0.3465 0.6943 | 0.5014 0.5014 0.2344 | 0.7358 70.9337 65.8932 0.0580 0.1737 0.2503 TEST: 2.2300 0.2974 0.6173 | 0.5781 0.5689 0.8070 | 0.6823 67.2405 80.9595 5.2269 16.8424 25.2041
lr at 62th epoch is 1e-05 for optimizer
105186
0
1
current performance: -22.7867, best performance: 1.6717
Epoch: 0062 | TRAIN: 1.8867 0.3441 0.6881 | 0.5031 0.5031 0.2384 | 0.7456 71.5876 66.8495 0.0592 0.1755 0.2516 TEST: 2.2148 0.3014 0.6145 | 0.5824 0.5734 0.7932 | 0.6197 62.9945 76.9156 6.1449 18.4758 27.4550
lr at 63th epoch is 1e-05 for optimizer
1
10025
110536
current performance: -46.0853, best performance: 1.6717
Epoch: 0063 | TRAIN: 1.8757 0.3529 0.6942 | 0.5085 0.5085 0.2373 | 0.7419 71.4363 66.3515 0.0571 0.1699 0.2462 TEST: 2.1364 0.3141 0.6169 | 0.6064 0.5971 0.8180 | 0.9250 84.5494 96.9685 2.9498 10.0305 15.6078
lr at 64th epoch is 1e-05 for optimizer
1
4
110592
current performance: -38.8753, best performance: 1.6717
Epoch: 0064 | TRAIN: 1.8625 0.3421 0.6913 | 0.5090 0.5090 0.2415 | 0.7530 72.2630 67.1527 0.0548 0.1629 0.2372 TEST: 2.1375 0.3106 0.6181 | 0.5804 0.5721 0.7892 | 0.8429 78.6171 91.7958 4.2356 13.0447 19.2741
lr at 65th epoch is 1e-05 for optimizer
108371
0
1
current performance: -41.4656, best performance: 1.6717
Epoch: 0065 | TRAIN: 1.9514 0.3523 0.6921 | 0.4953 0.4953 0.2336 | 0.7604 72.5987 67.9479 0.0604 0.1743 0.2471 TEST: 2.0557 0.3232 0.6258 | 0.6162 0.6068 0.8387 | 0.8742 81.0511 93.9902 3.5325 11.7229 17.7670
lr at 66th epoch is 1e-05 for optimizer
1
325
110584
current performance: -43.0854, best performance: 1.6717
Epoch: 0066 | TRAIN: 1.9904 0.3405 0.6852 | 0.5161 0.5161 0.2393 | 0.7714 73.4760 68.8098 0.0577 0.1678 0.2406 TEST: 2.3032 0.3043 0.6127 | 0.5727 0.5660 0.7803 | 0.8876 81.9333 94.7706 3.7580 11.4506 17.1252
lr at 67th epoch is 1e-05 for optimizer
1
15001
110589
current performance: -34.1931, best performance: 1.6717
Epoch: 0067 | TRAIN: 1.9428 0.3505 0.6906 | 0.4918 0.4918 0.2287 | 0.7924 74.9162 70.4726 0.0568 0.1639 0.2367 TEST: 2.1966 0.3141 0.6202 | 0.5792 0.5704 0.7968 | 0.7902 74.8616 88.4671 5.0608 14.6135 21.3733
lr at 68th epoch is 1e-05 for optimizer
1
1
110414
current performance: -35.3620, best performance: 1.6717
Epoch: 0068 | TRAIN: 2.0441 0.3460 0.6857 | 0.4977 0.4977 0.2302 | 0.7683 73.3125 68.9519 0.0568 0.1675 0.2413 TEST: 2.2068 0.3206 0.6200 | 0.5801 0.5714 0.7979 | 0.8146 76.6266 90.0279 4.1528 13.2633 19.9566
lr at 69th epoch is 1e-05 for optimizer
106376
0
1
current performance: -23.9296, best performance: 1.6717
Epoch: 0069 | TRAIN: 1.9187 0.3504 0.6958 | 0.5081 0.5081 0.2384 | 0.7896 74.6952 70.5636 0.0592 0.1654 0.2364 TEST: 2.4130 0.2991 0.6168 | 0.5765 0.5683 0.7921 | 0.6326 63.9589 77.6882 5.9194 18.1359 26.8094
lr at 70th epoch is 1e-05 for optimizer
108888
17
1
current performance: -40.6668, best performance: 1.6717
Epoch: 0070 | TRAIN: 2.0503 0.3576 0.6903 | 0.5082 0.5082 0.2365 | 0.7998 75.4388 71.0984 0.0589 0.1652 0.2347 TEST: 2.2372 0.3100 0.6213 | 0.5740 0.5655 0.7842 | 0.8663 80.4275 93.2812 3.2765 11.0573 17.2108
lr at 71th epoch is 1e-05 for optimizer
1
0
110446
current performance: -30.7558, best performance: 1.6717
Epoch: 0071 | TRAIN: 2.0265 0.3529 0.6922 | 0.5047 0.5047 0.2378 | 0.8015 75.6467 70.8247 0.0540 0.1566 0.2257 TEST: 2.1066 0.3135 0.6242 | 0.5785 0.5700 0.7843 | 0.7446 71.7131 85.3256 5.0209 15.1473 22.4095
lr at 72th epoch is 1e-05 for optimizer
1
2045
110592
current performance: -48.2379, best performance: 1.6717
Epoch: 0072 | TRAIN: 2.0104 0.3503 0.6940 | 0.4862 0.4862 0.2326 | 0.7829 74.3037 69.7374 0.0560 0.1649 0.2362 TEST: 2.1659 0.3123 0.6197 | 0.5917 0.5836 0.7943 | 0.9589 86.8195 99.0311 2.9279 9.5662 14.7238
lr at 73th epoch is 1e-05 for optimizer
1
2146
110592
current performance: -34.5517, best performance: 1.6717
Epoch: 0073 | TRAIN: 2.1134 0.3548 0.6921 | 0.5027 0.5027 0.2332 | 0.7936 74.9922 70.7219 0.0603 0.1655 0.2366 TEST: 2.2999 0.3136 0.6219 | 0.5909 0.5815 0.8167 | 0.7839 74.7041 88.1586 4.3888 13.9004 20.8084
lr at 74th epoch is 1e-05 for optimizer
109590
1
110592
current performance: -35.8035, best performance: 1.6717
Epoch: 0074 | TRAIN: 2.0802 0.3540 0.6924 | 0.5119 0.5119 0.2343 | 0.8015 75.6253 71.4246 0.0540 0.1585 0.2279 TEST: 2.3731 0.3115 0.6171 | 0.5703 0.5621 0.7785 | 0.8111 76.3376 89.9272 4.7884 14.0090 20.6620
lr at 75th epoch is 1e-05 for optimizer
1
7706
110592
current performance: -29.2473, best performance: 1.6717
Epoch: 0075 | TRAIN: 2.0846 0.3531 0.6930 | 0.5032 0.5032 0.2342 | 0.8119 76.3071 71.9649 0.0561 0.1637 0.2340 TEST: 2.4180 0.3018 0.6205 | 0.5677 0.5591 0.7836 | 0.7139 69.4286 83.2884 5.5306 16.4755 24.0778
lr at 76th epoch is 1e-05 for optimizer
109375
1
110592
current performance: -38.4423, best performance: 1.6717
Epoch: 0076 | TRAIN: 2.1770 0.3481 0.6875 | 0.5133 0.5133 0.2413 | 0.8295 77.5979 73.6174 0.0538 0.1544 0.2208 TEST: 2.3695 0.3119 0.6224 | 0.5790 0.5710 0.7903 | 0.8378 78.4217 91.8916 4.6824 13.4505 19.6548
lr at 77th epoch is 1e-05 for optimizer
106899
98
1
current performance: -26.9813, best performance: 1.6717
Epoch: 0077 | TRAIN: 2.1321 0.3587 0.6977 | 0.5139 0.5139 0.2385 | 0.8188 76.7722 72.6917 0.0574 0.1607 0.2277 TEST: 2.5382 0.3078 0.6165 | 0.5761 0.5677 0.7841 | 0.6874 67.7418 81.7244 6.0051 17.3822 25.3000
lr at 78th epoch is 1e-05 for optimizer
105049
0
1
current performance: -40.2363, best performance: 1.6717
Epoch: 0078 | TRAIN: 2.2182 0.3551 0.6956 | 0.5220 0.5220 0.2394 | 0.8282 77.3845 72.9412 0.0572 0.1601 0.2267 TEST: 2.4645 0.3017 0.6178 | 0.6340 0.6242 0.8607 | 0.8130 76.7904 89.8409 3.7154 12.2924 18.9087
lr at 79th epoch is 1e-05 for optimizer
1
1
110567
current performance: -44.3906, best performance: 1.6717
Epoch: 0079 | TRAIN: 2.2368 0.3610 0.6939 | 0.5123 0.5123 0.2331 | 0.8185 76.7579 72.6464 0.0570 0.1610 0.2301 TEST: 2.3244 0.3145 0.6249 | 0.5758 0.5676 0.7955 | 0.9183 84.2235 96.5299 2.9606 9.7581 15.2650
lr at 80th epoch is 1e-05 for optimizer
1
10951
110592
current performance: -38.2786, best performance: 1.6717
Epoch: 0080 | TRAIN: 2.2910 0.3574 0.6952 | 0.5106 0.5106 0.2336 | 0.8424 78.4252 74.5944 0.0558 0.1573 0.2233 TEST: 2.5499 0.3089 0.6175 | 0.5763 0.5674 0.7957 | 0.8338 78.0714 91.5681 4.3781 13.2773 19.6470
lr at 81th epoch is 1e-05 for optimizer
109689
17
1
current performance: -48.5547, best performance: 1.6717
Epoch: 0081 | TRAIN: 2.2163 0.3593 0.6978 | 0.5344 0.5344 0.2479 | 0.8316 77.6615 74.0327 0.0573 0.1594 0.2255 TEST: 2.2515 0.3238 0.6248 | 0.5922 0.5832 0.8168 | 0.9770 88.4434 100.1142 2.4648 8.1918 12.8531
lr at 82th epoch is 1e-05 for optimizer
1
0
110587
current performance: -36.1206, best performance: 1.6717
Epoch: 0082 | TRAIN: 2.2811 0.3593 0.6946 | 0.5174 0.5174 0.2374 | 0.8555 79.3712 75.3116 0.0534 0.1531 0.2192 TEST: 2.6684 0.2987 0.6146 | 0.6101 0.6006 0.8360 | 0.7733 73.6572 87.2770 4.6737 14.3642 21.3864
lr at 83th epoch is 1e-05 for optimizer
108087
0
1
current performance: -40.6659, best performance: 1.6717
Epoch: 0083 | TRAIN: 2.3133 0.3628 0.6990 | 0.5209 0.5209 0.2384 | 0.8395 78.1845 74.1716 0.0559 0.1582 0.2253 TEST: 2.4891 0.3117 0.6208 | 0.5905 0.5822 0.8069 | 0.8608 79.9687 92.7776 3.4333 11.2194 17.3695
lr at 84th epoch is 1e-05 for optimizer
110227
0
1
current performance: -40.8010, best performance: 1.6717
Epoch: 0084 | TRAIN: 2.3182 0.3584 0.6983 | 0.5411 0.5411 0.2502 | 0.8442 78.5519 74.9191 0.0561 0.1601 0.2250 TEST: 2.6592 0.2993 0.6129 | 0.5685 0.5599 0.7796 | 0.8534 79.5320 92.5068 3.6823 11.8881 18.0137
lr at 85th epoch is 1e-05 for optimizer
109304
67
1
current performance: -41.5978, best performance: 1.6717
Epoch: 0085 | TRAIN: 2.3680 0.3626 0.6989 | 0.5223 0.5223 0.2331 | 0.8626 79.7145 75.5098 0.0579 0.1588 0.2231 TEST: 2.6361 0.3029 0.6159 | 0.5700 0.5605 0.7864 | 0.8701 80.6383 93.6909 3.9652 12.0610 17.8599
lr at 86th epoch is 1e-05 for optimizer
107251
0
1
current performance: -42.4856, best performance: 1.6717
Epoch: 0086 | TRAIN: 2.3494 0.3645 0.6968 | 0.5351 0.5351 0.2423 | 0.8523 79.0210 75.2390 0.0589 0.1608 0.2256 TEST: 2.5737 0.3053 0.6173 | 0.6032 0.5932 0.8300 | 0.8639 80.4412 93.3597 3.6605 11.5842 17.5047
lr at 87th epoch is 1e-05 for optimizer
1
119
110592
current performance: -34.2450, best performance: 1.6717
Epoch: 0087 | TRAIN: 2.4758 0.3633 0.6940 | 0.5598 0.5598 0.2503 | 0.8660 80.1100 76.8811 0.0550 0.1536 0.2163 TEST: 2.9929 0.2821 0.6072 | 0.6028 0.5925 0.8241 | 0.7264 70.3689 84.0488 5.1922 15.5815 23.0436
lr at 88th epoch is 1e-05 for optimizer
1
0
108743
current performance: -34.0699, best performance: 1.6717
Epoch: 0088 | TRAIN: 2.4668 0.3593 0.6939 | 0.5300 0.5300 0.2433 | 0.8668 80.1314 76.2540 0.0559 0.1558 0.2198 TEST: 2.9399 0.2899 0.6056 | 0.5839 0.5749 0.7942 | 0.7447 71.7935 85.6549 5.1997 15.5075 22.8288
lr at 89th epoch is 1e-05 for optimizer
109302
267
1
current performance: -40.4939, best performance: 1.6717
Epoch: 0089 | TRAIN: 2.5440 0.3591 0.6901 | 0.5369 0.5369 0.2386 | 0.8574 79.3814 76.1149 0.0583 0.1616 0.2262 TEST: 2.6511 0.3117 0.6199 | 0.5884 0.5801 0.7941 | 0.8596 79.8984 92.8182 3.9213 11.9316 17.8174
lr at 90th epoch is 1e-05 for optimizer
107272
26
1
current performance: -41.3272, best performance: 1.6717
Epoch: 0090 | TRAIN: 2.4289 0.3617 0.6977 | 0.5511 0.5511 0.2495 | 0.8673 80.1022 76.8656 0.0564 0.1568 0.2212 TEST: 2.6750 0.3101 0.6186 | 0.5966 0.5874 0.8133 | 0.8652 80.1805 93.3385 4.2106 12.6151 18.5392
lr at 91th epoch is 1e-05 for optimizer
106440
1
110586
current performance: -48.2968, best performance: 1.6717
Epoch: 0091 | TRAIN: 2.4713 0.3659 0.6960 | 0.5468 0.5468 0.2512 | 0.8594 79.4674 75.6359 0.0591 0.1609 0.2229 TEST: 2.3943 0.3249 0.6262 | 0.6121 0.6007 0.8527 | 0.9683 87.6480 100.0208 3.3389 10.0741 14.8953
lr at 92th epoch is 1e-05 for optimizer
1
0
110587
current performance: -43.8527, best performance: 1.6717
Epoch: 0092 | TRAIN: 2.4823 0.3633 0.6944 | 0.5695 0.5695 0.2532 | 0.8740 80.5774 77.3415 0.0560 0.1555 0.2182 TEST: 2.6265 0.3074 0.6206 | 0.6262 0.6139 0.8658 | 0.8751 81.1157 93.8114 3.4665 11.1194 16.9068
lr at 93th epoch is 1e-05 for optimizer
109764
41
1
current performance: -38.1655, best performance: 1.6717
Epoch: 0093 | TRAIN: 2.5081 0.3633 0.6947 | 0.5608 0.5608 0.2578 | 0.8590 79.4843 75.4959 0.0587 0.1612 0.2262 TEST: 2.7765 0.3073 0.6149 | 0.5915 0.5806 0.8231 | 0.8215 77.2660 90.5204 4.4981 13.2649 19.5122
lr at 94th epoch is 1e-05 for optimizer
106993
1
110592
current performance: -45.8303, best performance: 1.6717
Epoch: 0094 | TRAIN: 2.5369 0.3681 0.6977 | 0.5552 0.5552 0.2481 | 0.8727 80.3648 77.4156 0.0601 0.1608 0.2234 TEST: 2.8987 0.3013 0.6075 | 0.5926 0.5821 0.8194 | 0.9084 83.4351 96.0909 3.5420 10.8695 16.3514
lr at 95th epoch is 1e-05 for optimizer
1
43
110592
current performance: -45.3636, best performance: 1.6717
Epoch: 0095 | TRAIN: 2.4738 0.3624 0.6989 | 0.5479 0.5479 0.2434 | 0.8856 81.3495 77.9557 0.0565 0.1553 0.2171 TEST: 2.9194 0.2938 0.6110 | 0.5951 0.5844 0.8176 | 0.8882 82.0567 95.0002 3.8473 11.6605 17.3968
lr at 96th epoch is 1e-05 for optimizer
1
0
110104
current performance: -55.4636, best performance: 1.6717
Epoch: 0096 | TRAIN: 2.5766 0.3571 0.6939 | 0.5738 0.5738 0.2600 | 0.8786 80.8641 77.6550 0.0568 0.1578 0.2205 TEST: 2.7311 0.3018 0.6164 | 0.7106 0.6973 0.9776 | 0.9655 87.6955 99.3715 2.5834 8.5577 13.2946
lr at 97th epoch is 1e-05 for optimizer
1
1
110592
current performance: -48.1939, best performance: 1.6717
Epoch: 0097 | TRAIN: 2.7393 0.3559 0.6904 | 0.5851 0.5851 0.2632 | 0.8722 80.4267 76.9675 0.0587 0.1599 0.2222 TEST: 2.7804 0.3027 0.6123 | 0.5975 0.5868 0.8225 | 0.9380 85.5432 98.0846 3.4417 10.5773 15.7452
lr at 98th epoch is 1e-05 for optimizer
1
0
110586
current performance: -48.9763, best performance: 1.6717
Epoch: 0098 | TRAIN: 2.6286 0.3608 0.6923 | 0.5890 0.5890 0.2624 | 0.8866 81.4529 77.9909 0.0576 0.1553 0.2172 TEST: 2.6420 0.3092 0.6158 | 0.6109 0.5993 0.8429 | 0.9506 86.5138 98.4962 2.9053 8.9846 13.8882
lr at 99th epoch is 1e-05 for optimizer
108336
1
110592
current performance: -51.0670, best performance: 1.6717
Epoch: 0099 | TRAIN: 2.6954 0.3634 0.6925 | 0.5884 0.5884 0.2610 | 0.8755 80.6995 77.1048 0.0574 0.1566 0.2179 TEST: 3.0150 0.2848 0.5927 | 0.5959 0.5864 0.8159 | 0.9453 86.0953 98.0592 2.9452 9.5329 14.4453
lr at 100th epoch is 5e-06 for optimizer
1
2659
110592
current performance: -47.3822, best performance: 1.6717
Epoch: 0100 | TRAIN: 2.8039 0.3540 0.6825 | 0.5870 0.5870 0.2541 | 0.8924 81.7628 79.0073 0.0605 0.1598 0.2187 TEST: 2.9062 0.2959 0.5972 | 0.5931 0.5827 0.8201 | 0.9188 84.1834 96.8062 3.5746 10.9853 16.2164
lr at 101th epoch is 5e-06 for optimizer
1
0
110592
current performance: -40.1861, best performance: 1.6717
Epoch: 0101 | TRAIN: 2.8366 0.3568 0.6899 | 0.6007 0.6007 0.2606 | 0.8987 82.2522 79.5957 0.0594 0.1579 0.2164 TEST: 3.0783 0.2897 0.5965 | 0.6006 0.5893 0.8359 | 0.8133 76.7285 90.1623 4.3981 13.4385 19.9887
lr at 102th epoch is 5e-06 for optimizer
1
25
110592
current performance: -43.1578, best performance: 1.6717
Epoch: 0102 | TRAIN: 2.8685 0.3532 0.6812 | 0.5915 0.5915 0.2584 | 0.9065 82.8476 79.6301 0.0573 0.1536 0.2138 TEST: 3.0273 0.2937 0.5940 | 0.6312 0.6189 0.8761 | 0.8428 78.7128 92.0814 4.5818 13.3359 19.4522
lr at 103th epoch is 5e-06 for optimizer
1
129
110592
current performance: -49.0595, best performance: 1.6717
Epoch: 0103 | TRAIN: 2.9758 0.3504 0.6776 | 0.5703 0.5703 0.2511 | 0.8919 81.7234 78.2639 0.0621 0.1610 0.2204 TEST: 2.8277 0.2986 0.5953 | 0.6170 0.6046 0.8673 | 0.9344 85.1624 97.6811 3.6975 10.7649 15.8054
lr at 104th epoch is 5e-06 for optimizer
108654
1
110592
current performance: -52.0680, best performance: 1.6717
Epoch: 0104 | TRAIN: 3.0653 0.3547 0.6761 | 0.6027 0.6027 0.2569 | 0.8888 81.4523 78.5918 0.0635 0.1644 0.2245 TEST: 2.9309 0.2934 0.5981 | 0.7524 0.7368 1.0212 | 0.8902 82.1183 94.8662 3.8964 11.5223 16.9793
lr at 105th epoch is 5e-06 for optimizer
108003
1
110592
current performance: -54.1321, best performance: 1.6717
Epoch: 0105 | TRAIN: 3.1415 0.3524 0.6754 | 0.6061 0.6061 0.2642 | 0.8906 81.7289 78.7272 0.0581 0.1562 0.2174 TEST: 3.1699 0.2844 0.5780 | 0.6129 0.6011 0.8502 | 0.9760 88.2318 100.0294 2.9433 8.9976 13.6400
lr at 106th epoch is 5e-06 for optimizer
104022
1
110592
current performance: -59.9153, best performance: 1.6717
Epoch: 0106 | TRAIN: 3.1076 0.3529 0.6745 | 0.6113 0.6113 0.2608 | 0.8961 82.0052 78.5263 0.0610 0.1609 0.2215 TEST: 3.1651 0.2831 0.5781 | 0.6296 0.6167 0.8826 | 1.0387 92.6985 103.8025 2.3839 7.4819 11.4963
lr at 107th epoch is 5e-06 for optimizer
1
5
110483
current performance: -48.7612, best performance: 1.6717
Epoch: 0107 | TRAIN: 3.2542 0.3451 0.6665 | 0.6205 0.6205 0.2653 | 0.9077 82.8630 79.7452 0.0579 0.1544 0.2123 TEST: 3.6539 0.2600 0.5613 | 0.5893 0.5784 0.8183 | 0.8806 81.4695 94.1433 3.7483 11.3615 17.0056
lr at 108th epoch is 5e-06 for optimizer
1
9
110591
current performance: -58.3240, best performance: 1.6717
Epoch: 0108 | TRAIN: 3.1407 0.3448 0.6716 | 0.6090 0.6090 0.2638 | 0.8947 81.9356 78.9387 0.0597 0.1559 0.2145 TEST: 4.0929 0.2515 0.5350 | 0.6753 0.6618 0.9286 | 0.9451 85.8667 97.9759 3.3385 10.0040 14.9310
lr at 109th epoch is 5e-06 for optimizer
102062
1
110582
current performance: -60.8746, best performance: 1.6717
Epoch: 0109 | TRAIN: 3.3606 0.3505 0.6665 | 0.6545 0.6545 0.2849 | 0.9039 82.5449 79.4288 0.0601 0.1583 0.2170 TEST: 3.2064 0.2805 0.5768 | 0.6922 0.6775 0.9653 | 1.0127 90.8894 102.1422 2.5509 7.7899 11.8965
lr at 110th epoch is 5e-06 for optimizer
107325
67
1
current performance: -45.0629, best performance: 1.6717
Epoch: 0110 | TRAIN: 3.4615 0.3443 0.6587 | 0.6622 0.6622 0.2829 | 0.9056 82.7160 79.7243 0.0587 0.1566 0.2154 TEST: 3.2586 0.2774 0.5798 | 0.6277 0.6155 0.8665 | 0.8421 78.6898 91.7020 4.3451 12.6297 18.5806
lr at 111th epoch is 5e-06 for optimizer
108839
0
1
current performance: -54.7827, best performance: 1.6717
Epoch: 0111 | TRAIN: 3.4776 0.3421 0.6584 | 0.6589 0.6589 0.2845 | 0.9054 82.6066 79.3149 0.0613 0.1587 0.2168 TEST: 3.9654 0.2502 0.5429 | 0.6547 0.6405 0.9071 | 0.9067 83.3525 95.5426 3.4917 10.3325 15.5422
lr at 112th epoch is 5e-06 for optimizer
108957
0
1
current performance: -59.3355, best performance: 1.6717
Epoch: 0112 | TRAIN: 3.5804 0.3447 0.6575 | 0.6807 0.6807 0.2852 | 0.8945 81.8765 78.8888 0.0624 0.1595 0.2176 TEST: 3.1653 0.2820 0.5799 | 0.6696 0.6553 0.9450 | 1.0090 90.5398 101.8773 2.7964 8.2930 12.4391
lr at 113th epoch is 5e-06 for optimizer
110397
19
1
current performance: -52.8538, best performance: 1.6717
Epoch: 0113 | TRAIN: 3.8354 0.3432 0.6526 | 0.6709 0.6709 0.2828 | 0.9122 83.1311 80.6512 0.0602 0.1574 0.2153 TEST: 3.7584 0.2600 0.5543 | 0.6801 0.6671 0.9425 | 0.8863 81.7013 94.4712 4.0830 11.7798 17.3102
lr at 114th epoch is 5e-06 for optimizer
1
148
110592
current performance: -53.2000, best performance: 1.6717
Epoch: 0114 | TRAIN: 3.9122 0.3291 0.6432 | 0.6820 0.6820 0.2898 | 0.8980 82.1928 79.9584 0.0585 0.1551 0.2131 TEST: 4.5940 0.2303 0.5056 | 0.6333 0.6212 0.8802 | 0.8666 80.3820 92.8722 3.9008 11.5606 17.0490
lr at 115th epoch is 5e-06 for optimizer
108225
163
1
current performance: -57.8882, best performance: 1.6717
Epoch: 0115 | TRAIN: 3.7331 0.3347 0.6449 | 0.7186 0.7186 0.3049 | 0.8927 81.8317 78.5065 0.0579 0.1566 0.2174 TEST: 3.3008 0.2737 0.5671 | 0.7225 0.7067 1.0030 | 0.9502 86.2800 98.4420 3.4798 10.1007 14.9472
lr at 116th epoch is 5e-06 for optimizer
1
345
110045
current performance: -55.7674, best performance: 1.6717
Epoch: 0116 | TRAIN: 3.6533 0.3383 0.6490 | 0.7185 0.7185 0.3042 | 0.8993 82.2504 78.6710 0.0592 0.1534 0.2113 TEST: 4.2745 0.2414 0.5286 | 0.6455 0.6322 0.8980 | 0.9091 83.5471 95.8675 3.4824 10.3973 15.5999
lr at 117th epoch is 5e-06 for optimizer
108407
0
1
current performance: -60.7571, best performance: 1.6717
Epoch: 0117 | TRAIN: 3.8884 0.3320 0.6378 | 0.7097 0.7097 0.3078 | 0.8970 82.1762 78.8753 0.0556 0.1518 0.2115 TEST: 4.3013 0.2415 0.5206 | 0.6939 0.6798 0.9552 | 0.9469 86.2061 98.1299 3.2334 9.5636 14.4008
lr at 118th epoch is 5e-06 for optimizer
108223
1
1
current performance: -64.0575, best performance: 1.6717
Epoch: 0118 | TRAIN: 4.3256 0.3250 0.6268 | 0.7488 0.7488 0.3152 | 0.9018 82.3698 79.8673 0.0616 0.1585 0.2159 TEST: 5.5164 0.2116 0.4681 | 0.7133 0.6989 0.9881 | 0.9311 84.9893 97.0906 3.4514 10.1072 15.0329
lr at 119th epoch is 5e-06 for optimizer
105817
800
1
current performance: -60.4158, best performance: 1.6717
Epoch: 0119 | TRAIN: 4.3633 0.3226 0.6265 | 0.7579 0.7579 0.3257 | 0.9076 82.7774 79.4190 0.0603 0.1564 0.2145 TEST: 4.2080 0.2471 0.5239 | 0.7857 0.7702 1.0787 | 0.9032 83.0182 95.5341 3.7902 11.2210 16.4808
lr at 120th epoch is 5e-06 for optimizer
1
29
110591
current performance: -67.2339, best performance: 1.6717
Epoch: 0120 | TRAIN: 4.2452 0.3244 0.6246 | 0.7878 0.7878 0.3336 | 0.8975 82.1283 79.3648 0.0578 0.1543 0.2135 TEST: 4.1837 0.2476 0.5142 | 0.7289 0.7148 1.0096 | 1.0206 91.3891 102.5642 2.6330 8.0529 12.1439
lr at 121th epoch is 5e-06 for optimizer
109663
1
110592
current performance: -63.9387, best performance: 1.6717
Epoch: 0121 | TRAIN: 4.4955 0.3190 0.6199 | 0.7976 0.7976 0.3337 | 0.9062 82.6663 78.8969 0.0615 0.1563 0.2126 TEST: 4.5490 0.2371 0.4952 | 0.7287 0.7128 1.0162 | 0.9628 87.2804 99.1325 3.1186 9.3004 13.9646
lr at 122th epoch is 5e-06 for optimizer
1
0
109653
current performance: -64.9930, best performance: 1.6717
Epoch: 0122 | TRAIN: 4.6803 0.3221 0.6163 | 0.8281 0.8281 0.3551 | 0.9153 83.4274 80.3180 0.0569 0.1485 0.2056 TEST: 5.1795 0.2220 0.4793 | 0.8215 0.8070 1.1033 | 0.9005 82.8178 95.2808 3.7564 11.0342 16.3699
lr at 123th epoch is 5e-06 for optimizer
101952
1
110583
current performance: -57.9488, best performance: 1.6717
Epoch: 0123 | TRAIN: 4.7669 0.3220 0.6157 | 0.8448 0.8448 0.3563 | 0.9080 82.9035 79.5687 0.0580 0.1524 0.2102 TEST: 5.1411 0.2158 0.4772 | 0.7241 0.7098 1.0059 | 0.8555 79.5415 92.2939 3.9968 12.1061 17.9427
lr at 124th epoch is 5e-06 for optimizer
102582
1
110592
current performance: -61.6720, best performance: 1.6717
Epoch: 0124 | TRAIN: 5.0168 0.3126 0.6052 | 0.8312 0.8312 0.3498 | 0.9036 82.5616 79.3914 0.0585 0.1530 0.2108 TEST: 6.0415 0.2092 0.4465 | 0.6949 0.6823 0.9679 | 0.9077 83.2161 95.5327 3.5238 10.6956 16.0418
lr at 125th epoch is 5e-06 for optimizer
101918
1
1
current performance: -68.1810, best performance: 1.6717
Epoch: 0125 | TRAIN: 5.1235 0.3194 0.6043 | 0.8689 0.8689 0.3712 | 0.9246 84.0341 81.2967 0.0565 0.1514 0.2079 TEST: 3.9905 0.2488 0.5338 | 0.8955 0.8800 1.2096 | 0.9460 85.9346 98.2829 3.6491 10.6180 15.5825
lr at 126th epoch is 5e-06 for optimizer
1
46091
110592
current performance: -60.0513, best performance: 1.6717
Epoch: 0126 | TRAIN: 4.8828 0.3181 0.6151 | 0.8939 0.8939 0.3817 | 0.9081 82.8829 80.4094 0.0601 0.1542 0.2119 TEST: 5.0207 0.2200 0.4923 | 0.7618 0.7491 1.0426 | 0.8657 80.3895 92.9421 3.9152 11.5728 17.2287
lr at 127th epoch is 5e-06 for optimizer
108983
29274
1
current performance: -74.5033, best performance: 1.6717
Epoch: 0127 | TRAIN: 5.2327 0.3140 0.6073 | 0.9385 0.9385 0.3976 | 0.9128 83.1259 80.2799 0.0605 0.1550 0.2112 TEST: 5.6746 0.2154 0.4563 | 0.8390 0.8237 1.1369 | 1.0019 89.9971 101.1401 2.4998 7.8837 12.1023
lr at 128th epoch is 5e-06 for optimizer
106961
1
110592
current performance: -77.8293, best performance: 1.6717
Epoch: 0128 | TRAIN: 5.5370 0.3102 0.5932 | 0.9792 0.9792 0.4217 | 0.9214 83.7721 80.6102 0.0574 0.1518 0.2084 TEST: 4.8138 0.2402 0.4798 | 0.9052 0.8880 1.2335 | 1.0482 93.3483 104.2226 2.3304 7.2528 11.0346
lr at 129th epoch is 5e-06 for optimizer
110297
1
110592
current performance: -59.9917, best performance: 1.6717
Epoch: 0129 | TRAIN: 5.1424 0.3155 0.6073 | 0.9733 0.9733 0.4087 | 0.8988 82.2053 79.1598 0.0609 0.1583 0.2160 TEST: 4.3434 0.2395 0.5212 | 0.8019 0.7877 1.0963 | 0.8762 81.0754 93.7101 3.8109 11.5033 17.1836
lr at 130th epoch is 5e-06 for optimizer
109194
13
1
current performance: -74.7823, best performance: 1.6717
Epoch: 0130 | TRAIN: 5.2435 0.3133 0.6069 | 0.9824 0.9824 0.4222 | 0.8999 82.2980 79.3755 0.0589 0.1545 0.2119 TEST: 6.4692 0.1939 0.4227 | 0.8783 0.8644 1.1696 | 0.9472 86.1847 97.9538 2.9978 9.2704 14.0394
lr at 131th epoch is 5e-06 for optimizer
1
490
110591
current performance: -76.9253, best performance: 1.6717
Epoch: 0131 | TRAIN: 5.0270 0.3146 0.6070 | 0.9799 0.9799 0.4164 | 0.9163 83.5073 80.5229 0.0582 0.1516 0.2074 TEST: 6.1133 0.2034 0.4323 | 0.8628 0.8483 1.1578 | 0.9977 89.8324 100.9931 2.4305 7.8331 12.0368
lr at 132th epoch is 5e-06 for optimizer
109662
89326
1
current performance: -73.1045, best performance: 1.6717
Epoch: 0132 | TRAIN: 5.6370 0.3126 0.5992 | 1.0364 1.0364 0.4406 | 0.9103 82.9460 79.4208 0.0617 0.1552 0.2108 TEST: 7.2706 0.1845 0.3921 | 0.7818 0.7689 1.0707 | 0.9637 87.3099 98.6816 2.7275 8.5435 13.0270
lr at 133th epoch is 5e-06 for optimizer
105838
837
1
current performance: -79.7206, best performance: 1.6717
Epoch: 0133 | TRAIN: 5.6820 0.3096 0.5910 | 1.0448 1.0448 0.4404 | 0.8968 82.0705 78.8507 0.0598 0.1569 0.2142 TEST: 7.1016 0.1867 0.3923 | 0.9139 0.8980 1.2132 | 0.9798 88.4995 99.8394 2.7179 8.4182 12.7492
lr at 134th epoch is 5e-06 for optimizer
104397
1
110592
current performance: -77.7142, best performance: 1.6717
Epoch: 0134 | TRAIN: 5.8913 0.3054 0.5803 | 1.0606 1.0606 0.4556 | 0.9213 83.8633 81.0799 0.0562 0.1485 0.2048 TEST: 8.1783 0.1687 0.3540 | 0.8755 0.8608 1.1767 | 0.9449 86.0679 97.6877 2.8982 8.9945 13.6977
lr at 135th epoch is 5e-06 for optimizer
108381
71971
1
current performance: -77.6128, best performance: 1.6717
Epoch: 0135 | TRAIN: 6.0585 0.3028 0.5772 | 1.1030 1.1030 0.4670 | 0.9101 82.9882 79.9420 0.0602 0.1541 0.2108 TEST: 7.0609 0.1886 0.4017 | 0.9863 0.9702 1.2861 | 0.9179 84.0021 96.1217 3.3973 10.3064 15.4461
lr at 136th epoch is 5e-06 for optimizer
110363
1
110592
current performance: -76.8389, best performance: 1.6717
Epoch: 0136 | TRAIN: 5.9123 0.3080 0.5848 | 1.1208 1.1208 0.4764 | 0.9038 82.5614 80.3071 0.0597 0.1547 0.2121 TEST: 6.9032 0.1861 0.4049 | 0.9157 0.9003 1.2163 | 0.9416 85.7360 97.3449 2.7173 8.9419 13.8789
lr at 137th epoch is 5e-06 for optimizer
1
106860
110592
current performance: -77.2858, best performance: 1.6717
Epoch: 0137 | TRAIN: 6.1047 0.3051 0.5811 | 1.1340 1.1340 0.4824 | 0.9099 82.9596 80.6137 0.0583 0.1517 0.2078 TEST: 7.3279 0.1808 0.3959 | 1.0161 0.9993 1.3185 | 0.8820 81.6703 93.7448 3.1777 10.3344 15.8368
lr at 138th epoch is 5e-06 for optimizer
110414
9217
1
current performance: -78.7748, best performance: 1.6717
Epoch: 0138 | TRAIN: 6.7593 0.2982 0.5683 | 1.1481 1.1481 0.4961 | 0.9236 83.9379 81.7131 0.0583 0.1519 0.2080 TEST: 9.7568 0.1437 0.3163 | 0.9569 0.9434 1.2509 | 0.8735 80.9274 93.3260 3.6325 11.2850 16.8357
lr at 139th epoch is 5e-06 for optimizer
1
2053
108344
current performance: -81.2599, best performance: 1.6717
Epoch: 0139 | TRAIN: 6.4193 0.2953 0.5715 | 1.1602 1.1602 0.4898 | 0.9190 83.5846 80.9930 0.0615 0.1563 0.2120 TEST: 7.7590 0.1766 0.3681 | 0.8676 0.8543 1.1691 | 1.0080 90.4231 101.4298 2.3254 7.5957 11.7557
lr at 140th epoch is 5e-06 for optimizer
109976
49818
1
current performance: -79.9599, best performance: 1.6717
Epoch: 0140 | TRAIN: 7.0437 0.2962 0.5619 | 1.1802 1.1802 0.5005 | 0.9212 83.8074 80.7238 0.0576 0.1491 0.2055 TEST: 7.8262 0.1756 0.3700 | 0.9433 0.9284 1.2551 | 0.9494 86.2542 97.5745 2.6584 8.5743 13.2580
lr at 141th epoch is 5e-06 for optimizer
108436
1
110592
current performance: -85.6829, best performance: 1.6717
Epoch: 0141 | TRAIN: 7.0613 0.2887 0.5561 | 1.1778 1.1778 0.4942 | 0.9191 83.6674 81.0944 0.0566 0.1493 0.2055 TEST: 8.6805 0.1626 0.3403 | 0.9673 0.9532 1.2682 | 0.9865 88.9539 100.2239 2.6293 8.3538 12.6875
lr at 142th epoch is 5e-06 for optimizer
109496
98
1
current performance: -88.3327, best performance: 1.6717
Epoch: 0142 | TRAIN: 7.0044 0.2958 0.5636 | 1.2123 1.2123 0.5136 | 0.9144 83.2744 79.9911 0.0588 0.1519 0.2085 TEST: 7.4715 0.1911 0.3864 | 1.0643 1.0472 1.3708 | 1.0151 90.9606 101.9814 2.4078 7.6740 11.8304
lr at 143th epoch is 5e-06 for optimizer
110592
79515
1
current performance: -84.6574, best performance: 1.6717
Epoch: 0143 | TRAIN: 7.1629 0.2892 0.5581 | 1.1988 1.1988 0.5089 | 0.9074 82.8267 80.0112 0.0595 0.1521 0.2091 TEST: 8.1679 0.1705 0.3615 | 1.0443 1.0295 1.3541 | 0.9444 85.9584 97.5112 2.7553 8.9634 13.7651
lr at 144th epoch is 5e-06 for optimizer
109081
54259
1
current performance: -78.3458, best performance: 1.6717
Epoch: 0144 | TRAIN: 7.4970 0.2926 0.5530 | 1.2178 1.2178 0.5310 | 0.9119 83.0465 80.0849 0.0599 0.1518 0.2061 TEST: 7.9263 0.1745 0.3791 | 1.0562 1.0406 1.3709 | 0.8632 80.2939 92.8904 3.7636 11.6067 17.3495
lr at 145th epoch is 5e-06 for optimizer
110101
52039
1
current performance: -88.5941, best performance: 1.6717
Epoch: 0145 | TRAIN: 7.8099 0.2825 0.5387 | 1.2596 1.2596 0.5398 | 0.9171 83.4879 81.0766 0.0573 0.1517 0.2077 TEST: 10.2386 0.1428 0.2993 | 1.0516 1.0367 1.3619 | 0.9443 86.0439 97.6621 2.8013 9.0808 13.9092
lr at 146th epoch is 5e-06 for optimizer
1
6699
110592
current performance: -84.1215, best performance: 1.6717
Epoch: 0146 | TRAIN: 8.2214 0.2813 0.5349 | 1.2671 1.2671 0.5490 | 0.9167 83.3854 80.3765 0.0593 0.1520 0.2079 TEST: 8.5786 0.1641 0.3511 | 1.1401 1.1249 1.4452 | 0.8731 81.0158 93.5186 3.5952 11.3244 16.9127
lr at 147th epoch is 5e-06 for optimizer
1
7916
110592
current performance: -84.7664, best performance: 1.6717
Epoch: 0147 | TRAIN: 8.3352 0.2839 0.5333 | 1.3035 1.3035 0.5518 | 0.9132 83.1652 80.3222 0.0590 0.1523 0.2099 TEST: 11.1926 0.1313 0.2847 | 0.9776 0.9660 1.2805 | 0.9160 84.0227 95.6919 2.9191 9.4938 14.5152
lr at 148th epoch is 5e-06 for optimizer
109590
1
110592
current performance: -87.0715, best performance: 1.6717
Epoch: 0148 | TRAIN: 7.9531 0.2872 0.5440 | 1.3687 1.3687 0.5831 | 0.9085 82.8134 79.2556 0.0603 0.1552 0.2121 TEST: 7.9903 0.1765 0.3631 | 1.0462 1.0327 1.3588 | 0.9818 88.6988 99.9769 2.5421 8.3525 12.7940
lr at 149th epoch is 5e-06 for optimizer
1
9422
107979
current performance: -89.8769, best performance: 1.6717
Epoch: 0149 | TRAIN: 8.1659 0.2799 0.5379 | 1.3273 1.3273 0.5710 | 0.9125 83.2221 80.4468 0.0562 0.1480 0.2058 TEST: 10.4703 0.1356 0.2989 | 1.1316 1.1178 1.4353 | 0.9041 83.2057 95.0951 3.1382 9.8905 15.0385
lr at 150th epoch is 5e-06 for optimizer
109671
1
110590
current performance: -84.2493, best performance: 1.6717
Epoch: 0150 | TRAIN: 8.5374 0.2754 0.5244 | 1.3607 1.3607 0.5814 | 0.9120 83.0587 80.3420 0.0610 0.1542 0.2089 TEST: 8.5878 0.1739 0.3619 | 1.0900 1.0766 1.4029 | 0.9179 84.1490 96.0672 3.2278 10.0370 15.0216
lr at 151th epoch is 5e-06 for optimizer
106962
1
110592
current performance: -107.1921, best performance: 1.6717
Epoch: 0151 | TRAIN: 8.5686 0.2737 0.5268 | 1.3562 1.3562 0.5768 | 0.9169 83.4923 80.8478 0.0559 0.1480 0.2039 TEST: 5.0427 0.2425 0.4776 | 1.3588 1.3449 1.6768 | 1.1724 102.2918 111.1935 1.3490 4.3451 6.7901
lr at 152th epoch is 5e-06 for optimizer
1
433
108817
current performance: -88.0665, best performance: 1.6717
Epoch: 0152 | TRAIN: 8.5272 0.2802 0.5316 | 1.3462 1.3462 0.5685 | 0.9148 83.3214 80.8353 0.0565 0.1478 0.2032 TEST: 10.1589 0.1528 0.3173 | 1.1109 1.0983 1.4193 | 0.9205 84.3177 96.2270 3.0142 9.6688 14.8134
lr at 153th epoch is 5e-06 for optimizer
1
90624
110592
current performance: -92.8669, best performance: 1.6717
Epoch: 0153 | TRAIN: 8.5862 0.2806 0.5315 | 1.3557 1.3557 0.5811 | 0.9163 83.3660 80.7676 0.0614 0.1541 0.2097 TEST: 9.6321 0.1596 0.3305 | 1.1347 1.1229 1.4395 | 0.9775 88.4708 99.7652 2.4384 8.1270 12.6488
lr at 154th epoch is 5e-06 for optimizer
110403
1
110592
current performance: -92.8790, best performance: 1.6717
Epoch: 0154 | TRAIN: 9.2117 0.2707 0.5229 | 1.3985 1.3985 0.5975 | 0.9127 83.1958 80.2034 0.0590 0.1517 0.2078 TEST: 10.1866 0.1560 0.3149 | 1.1425 1.1287 1.4576 | 0.9694 87.8346 99.2358 2.7617 8.6765 13.1054
lr at 155th epoch is 5e-06 for optimizer
108199
1
110592
current performance: -87.3953, best performance: 1.6717
Epoch: 0155 | TRAIN: 8.7139 0.2761 0.5268 | 1.3654 1.3654 0.5909 | 0.9186 83.5193 81.0932 0.0598 0.1487 0.2035 TEST: 5.3112 0.2276 0.4909 | 1.3786 1.3622 1.6998 | 0.8867 82.0347 94.4734 3.5174 10.9491 16.3868
lr at 156th epoch is 5e-06 for optimizer
109848
1
110592
current performance: -83.3442, best performance: 1.6717
Epoch: 0156 | TRAIN: 7.6063 0.2796 0.5428 | 1.3552 1.3552 0.5754 | 0.9076 82.7621 80.0031 0.0583 0.1535 0.2112 TEST: 8.0634 0.1764 0.3792 | 1.1769 1.1634 1.4997 | 0.8645 80.2336 92.7640 3.9451 11.7924 17.4673
lr at 157th epoch is 5e-06 for optimizer
106294
1
110592
current performance: -90.8732, best performance: 1.6717
Epoch: 0157 | TRAIN: 8.5846 0.2792 0.5295 | 1.3620 1.3620 0.5789 | 0.9230 83.8366 81.2223 0.0602 0.1516 0.2063 TEST: 10.0202 0.1546 0.3175 | 1.1155 1.1026 1.4264 | 0.9578 86.8882 98.3091 2.6931 8.7183 13.3787
lr at 158th epoch is 5e-06 for optimizer
110276
1
110592
current performance: -100.2295, best performance: 1.6717
Epoch: 0158 | TRAIN: 9.0820 0.2749 0.5243 | 1.4076 1.4076 0.6006 | 0.9217 83.6875 80.9161 0.0625 0.1531 0.2075 TEST: 10.7866 0.1512 0.3011 | 1.3020 1.2856 1.6009 | 0.9703 87.8079 99.0539 2.5429 8.2630 12.7706
lr at 159th epoch is 5e-06 for optimizer
106770
0
1
current performance: -94.1431, best performance: 1.6717
Epoch: 0159 | TRAIN: 9.1385 0.2722 0.5209 | 1.3723 1.3723 0.5950 | 0.9252 84.0835 81.8541 0.0586 0.1492 0.2032 TEST: 12.5696 0.1292 0.2683 | 1.0955 1.0814 1.4086 | 0.9687 87.7319 98.9082 2.3802 7.9621 12.4586
lr at 160th epoch is 5e-06 for optimizer
1
33092
110592
current performance: -95.8218, best performance: 1.6717
Epoch: 0160 | TRAIN: 9.1519 0.2711 0.5153 | 1.4011 1.4011 0.5903 | 0.9267 84.1186 81.3678 0.0595 0.1515 0.2059 TEST: 12.4226 0.1287 0.2662 | 1.1252 1.1109 1.4423 | 0.9726 88.0426 99.2356 2.4313 8.0709 12.6044
lr at 161th epoch is 5e-06 for optimizer
110011
39278
1
current performance: -95.6899, best performance: 1.6717
Epoch: 0161 | TRAIN: 10.1863 0.2620 0.5023 | 1.4008 1.4008 0.6013 | 0.9298 84.3704 82.1165 0.0575 0.1473 0.2017 TEST: 12.9121 0.1218 0.2603 | 1.1808 1.1675 1.4906 | 0.9280 84.9225 96.8001 2.9611 9.5569 14.6065
lr at 162th epoch is 5e-06 for optimizer
1
106977
110589
current performance: -88.7140, best performance: 1.6717
Epoch: 0162 | TRAIN: 9.6620 0.2687 0.5149 | 1.4476 1.4476 0.6095 | 0.9289 84.2851 81.8972 0.0582 0.1498 0.2046 TEST: 7.2155 0.1999 0.4219 | 1.4122 1.3953 1.7336 | 0.8423 78.7416 91.7524 4.2650 12.9068 18.8959
lr at 163th epoch is 5e-06 for optimizer
105894
27
1
current performance: -102.2637, best performance: 1.6717
Epoch: 0163 | TRAIN: 9.7453 0.2760 0.5201 | 1.4293 1.4293 0.6022 | 0.9173 83.4985 80.9094 0.0584 0.1499 0.2049 TEST: 10.6117 0.1541 0.3040 | 1.3378 1.3207 1.6503 | 0.9824 88.6081 100.0187 2.6061 8.5309 13.0691
lr at 164th epoch is 5e-06 for optimizer
1
110270
110592
current performance: -94.3568, best performance: 1.6717
Epoch: 0164 | TRAIN: 9.6474 0.2661 0.5115 | 1.4070 1.4070 0.5978 | 0.9180 83.5212 80.8662 0.0569 0.1497 0.2068 TEST: 11.7085 0.1503 0.2862 | 1.1289 1.1144 1.4464 | 0.9883 89.0694 100.1687 2.3578 7.8156 12.1874
lr at 165th epoch is 5e-06 for optimizer
108606
24067
1
current performance: -104.6745, best performance: 1.6717
Epoch: 0165 | TRAIN: 10.2979 0.2666 0.5050 | 1.4429 1.4429 0.6074 | 0.9244 84.0373 81.5140 0.0554 0.1453 0.2007 TEST: 8.3720 0.1957 0.3717 | 1.3043 1.2914 1.6322 | 1.0940 96.7150 106.8578 2.0718 6.3401 9.5781
lr at 166th epoch is 5e-06 for optimizer
1
44904
110592
current performance: -96.8551, best performance: 1.6717
Epoch: 0166 | TRAIN: 9.8230 0.2702 0.5148 | 1.4463 1.4463 0.6101 | 0.9227 83.8287 81.2716 0.0598 0.1508 0.2048 TEST: 10.2473 0.1559 0.3177 | 1.3087 1.2935 1.6239 | 0.9294 84.9893 96.8382 3.1475 9.8149 14.8115
lr at 167th epoch is 5e-06 for optimizer
1
92772
110592
current performance: -98.2317, best performance: 1.6717
Epoch: 0167 | TRAIN: 10.9008 0.2618 0.5027 | 1.4567 1.4567 0.6185 | 0.9221 83.7567 80.6154 0.0596 0.1515 0.2064 TEST: 12.3841 0.1311 0.2751 | 1.2876 1.2722 1.5982 | 0.9191 84.2090 95.9324 2.9920 9.6039 14.7132
lr at 168th epoch is 5e-06 for optimizer
110591
61165
1
current performance: -98.9724, best performance: 1.6717
Epoch: 0168 | TRAIN: 9.9605 0.2606 0.5066 | 1.4314 1.4314 0.6137 | 0.9193 83.6046 81.3165 0.0584 0.1512 0.2049 TEST: 12.8332 0.1207 0.2522 | 1.1555 1.1404 1.4907 | 0.9833 88.8124 99.5866 2.2569 7.5048 11.7445
lr at 169th epoch is 5e-06 for optimizer
1
77104
110592
current performance: -100.4279, best performance: 1.6717
Epoch: 0169 | TRAIN: 10.5936 0.2638 0.5036 | 1.4948 1.4948 0.6353 | 0.9336 84.6288 81.7829 0.0561 0.1481 0.2029 TEST: 10.7945 0.1536 0.3049 | 1.2715 1.2567 1.5882 | 0.9922 89.3852 100.3434 2.4435 7.7249 12.0019
lr at 170th epoch is 5e-06 for optimizer
109709
1
110592
current performance: -98.8748, best performance: 1.6717
Epoch: 0170 | TRAIN: 11.1615 0.2577 0.4951 | 1.4695 1.4695 0.6268 | 0.9295 84.2989 82.2220 0.0581 0.1510 0.2059 TEST: 11.4583 0.1401 0.2927 | 1.2700 1.2585 1.5740 | 0.9499 86.3553 97.7475 2.7708 8.7647 13.4281
lr at 171th epoch is 5e-06 for optimizer
1
110513
110592
current performance: -100.0123, best performance: 1.6717
Epoch: 0171 | TRAIN: 10.9712 0.2573 0.4952 | 1.4796 1.4796 0.6261 | 0.9442 85.3245 83.2186 0.0587 0.1507 0.2047 TEST: 11.6493 0.1358 0.2822 | 1.3278 1.3129 1.6419 | 0.9272 84.7647 96.5809 3.0885 9.6864 14.6812
lr at 172th epoch is 5e-06 for optimizer
1
9149
110586
current performance: -99.3257, best performance: 1.6717
Epoch: 0172 | TRAIN: 11.1757 0.2572 0.4909 | 1.5005 1.5005 0.6356 | 0.9311 84.3647 81.3325 0.0606 0.1525 0.2069 TEST: 12.0182 0.1365 0.2788 | 1.2420 1.2258 1.5759 | 0.9668 87.6205 98.9401 2.6917 8.5921 13.1315
lr at 173th epoch is 5e-06 for optimizer
110592
1
110592
current performance: -99.3626, best performance: 1.6717
Epoch: 0173 | TRAIN: 11.1578 0.2629 0.4935 | 1.4734 1.4734 0.6215 | 0.9337 84.6166 82.4524 0.0564 0.1463 0.1998 TEST: 10.2690 0.1624 0.3305 | 1.3145 1.3004 1.6472 | 0.9707 87.7322 99.0209 2.8027 8.7487 13.1972
lr at 174th epoch is 5e-06 for optimizer
109934
0
1
current performance: -97.2729, best performance: 1.6717
Epoch: 0174 | TRAIN: 10.1254 0.2637 0.5036 | 1.4719 1.4719 0.6269 | 0.9340 84.4922 81.5873 0.0603 0.1508 0.2032 TEST: 10.7591 0.1506 0.3225 | 1.2905 1.2750 1.6112 | 0.9377 85.4792 97.0589 2.8858 9.2432 14.1570
lr at 175th epoch is 5e-06 for optimizer
1
109978
110592
current performance: -97.9375, best performance: 1.6717
Epoch: 0175 | TRAIN: 10.3899 0.2636 0.5014 | 1.4724 1.4724 0.6260 | 0.9335 84.5457 81.9295 0.0585 0.1481 0.2023 TEST: 13.1698 0.1172 0.2580 | 1.2822 1.2684 1.5998 | 0.8973 82.4859 94.5125 3.3948 10.6074 15.9139
lr at 176th epoch is 5e-06 for optimizer
1
106304
110592
current performance: -102.5603, best performance: 1.6717
Epoch: 0176 | TRAIN: 10.9187 0.2566 0.4955 | 1.5034 1.5034 0.6393 | 0.9466 85.4640 82.8878 0.0591 0.1469 0.1987 TEST: 12.8769 0.1233 0.2562 | 1.2049 1.1905 1.5386 | 1.0080 90.4019 101.2647 2.4471 7.7692 11.8574
lr at 177th epoch is 5e-06 for optimizer
110260
1
110592
current performance: -97.6586, best performance: 1.6717
Epoch: 0177 | TRAIN: 11.3966 0.2551 0.4863 | 1.5301 1.5301 0.6425 | 0.9327 84.4820 81.8487 0.0603 0.1521 0.2042 TEST: 13.5573 0.1112 0.2555 | 1.2879 1.2757 1.6133 | 0.8792 81.2619 93.3042 3.4370 10.8534 16.2576
lr at 178th epoch is 5e-06 for optimizer
108689
108745
1
current performance: -101.5194, best performance: 1.6717
Epoch: 0178 | TRAIN: 11.5843 0.2540 0.4858 | 1.5053 1.5053 0.6393 | 0.9357 84.7167 81.6668 0.0577 0.1487 0.2033 TEST: 11.0801 0.1508 0.3120 | 1.3952 1.3809 1.7270 | 0.9340 85.1995 97.2061 3.2299 10.1303 15.1303
lr at 179th epoch is 5e-06 for optimizer
109354
104917
1
current performance: -105.1698, best performance: 1.6717
Epoch: 0179 | TRAIN: 12.2824 0.2555 0.4873 | 1.5159 1.5159 0.6448 | 0.9365 84.7176 82.4585 0.0598 0.1501 0.2029 TEST: 12.1765 0.1402 0.2930 | 1.3155 1.3024 1.6536 | 1.0070 90.3395 101.2818 2.4391 7.8249 12.0240
lr at 180th epoch is 5e-06 for optimizer
1
110436
110592
current performance: -106.6472, best performance: 1.6717
Epoch: 0180 | TRAIN: 12.3688 0.2542 0.4871 | 1.4852 1.4852 0.6385 | 0.9351 84.6592 82.5949 0.0589 0.1509 0.2042 TEST: 14.2525 0.1142 0.2460 | 1.3281 1.3114 1.6703 | 0.9786 88.3272 99.5599 2.7354 8.5843 12.9879
lr at 181th epoch is 5e-06 for optimizer
1
110418
110592
current performance: -106.0677, best performance: 1.6717
Epoch: 0181 | TRAIN: 12.6738 0.2511 0.4783 | 1.5188 1.5188 0.6412 | 0.9399 84.9828 82.7694 0.0597 0.1505 0.2029 TEST: 13.2876 0.1308 0.2701 | 1.3625 1.3468 1.6909 | 0.9784 88.3328 99.5716 2.6448 8.5013 12.9432
lr at 182th epoch is 5e-06 for optimizer
100540
1
110592
current performance: -101.2665, best performance: 1.6717
Epoch: 0182 | TRAIN: 12.1288 0.2522 0.4810 | 1.5440 1.5440 0.6527 | 0.9322 84.3953 81.6998 0.0580 0.1491 0.2044 TEST: 10.0658 0.1661 0.3457 | 1.4317 1.4167 1.7671 | 0.9374 85.3395 97.0190 2.9972 9.4999 14.4482
lr at 183th epoch is 5e-06 for optimizer
108751
88171
1
current performance: -102.2862, best performance: 1.6717
Epoch: 0183 | TRAIN: 12.3720 0.2483 0.4778 | 1.5678 1.5678 0.6633 | 0.9366 84.6860 82.4027 0.0602 0.1516 0.2040 TEST: 13.3150 0.1237 0.2761 | 1.3405 1.3248 1.6754 | 0.9283 84.9631 96.3962 2.7139 8.8996 13.8999
lr at 184th epoch is 5e-06 for optimizer
1
108713
110589
current performance: -98.0350, best performance: 1.6717
Epoch: 0184 | TRAIN: 12.5831 0.2490 0.4807 | 1.5444 1.5444 0.6507 | 0.9401 85.0102 82.2903 0.0598 0.1490 0.2010 TEST: 12.2904 0.1325 0.2827 | 1.2202 1.2048 1.5617 | 0.9573 86.8189 98.0570 2.6859 8.4888 13.0595
lr at 185th epoch is 5e-06 for optimizer
1
109683
110592
current performance: -100.5062, best performance: 1.6717
Epoch: 0185 | TRAIN: 12.1044 0.2499 0.4792 | 1.5394 1.5394 0.6562 | 0.9428 85.1713 83.3975 0.0588 0.1496 0.2020 TEST: 11.7317 0.1349 0.3002 | 1.4237 1.4085 1.7592 | 0.8804 81.3808 93.6511 3.6726 11.2545 16.7448
lr at 186th epoch is 5e-06 for optimizer
106127
196
1
current performance: -99.9564, best performance: 1.6717
Epoch: 0186 | TRAIN: 12.4592 0.2476 0.4770 | 1.5247 1.5247 0.6511 | 0.9398 84.8871 82.8352 0.0614 0.1527 0.2053 TEST: 14.6883 0.1082 0.2440 | 1.2695 1.2562 1.6101 | 0.9156 83.7477 95.6276 3.5199 10.5715 15.5378
lr at 187th epoch is 5e-06 for optimizer
110415
1
110592
current performance: -111.9382, best performance: 1.6717
Epoch: 0187 | TRAIN: 12.3160 0.2452 0.4704 | 1.5383 1.5383 0.6579 | 0.9382 84.7855 82.7406 0.0616 0.1522 0.2044 TEST: 9.1071 0.1729 0.3506 | 1.5449 1.5283 1.8702 | 1.0240 91.4084 102.4353 2.7026 8.2542 12.3049
lr at 188th epoch is 5e-06 for optimizer
108507
100254
1
current performance: -104.9998, best performance: 1.6717
Epoch: 0188 | TRAIN: 12.8242 0.2465 0.4724 | 1.5590 1.5590 0.6578 | 0.9365 84.7216 82.2956 0.0595 0.1488 0.2012 TEST: 12.4764 0.1352 0.2805 | 1.3358 1.3217 1.6718 | 0.9864 88.8554 99.9194 2.6698 8.3557 12.6458
lr at 189th epoch is 5e-06 for optimizer
105350
1
110592
current performance: -100.7041, best performance: 1.6717
Epoch: 0189 | TRAIN: 12.7605 0.2446 0.4685 | 1.5580 1.5580 0.6644 | 0.9412 85.0368 82.8063 0.0603 0.1494 0.2018 TEST: 9.5159 0.1753 0.3507 | 1.4440 1.4252 1.8018 | 0.9385 85.5626 97.2065 3.0944 9.6887 14.5438
lr at 190th epoch is 5e-06 for optimizer
110592
1
110592
current performance: -97.6181, best performance: 1.6717
Epoch: 0190 | TRAIN: 12.1851 0.2463 0.4743 | 1.5296 1.5296 0.6625 | 0.9345 84.4979 81.9694 0.0594 0.1492 0.2025 TEST: 13.6349 0.1241 0.2625 | 1.3294 1.3141 1.6716 | 0.8782 81.2115 93.0388 3.3147 10.5560 16.0128
lr at 191th epoch is 5e-06 for optimizer
109727
71980
1
current performance: -102.1453, best performance: 1.6717
Epoch: 0191 | TRAIN: 12.9195 0.2453 0.4655 | 1.5478 1.5478 0.6594 | 0.9297 84.2289 81.1562 0.0598 0.1502 0.2019 TEST: 16.8066 0.0917 0.2110 | 1.3144 1.2990 1.6651 | 0.8897 82.1583 93.7893 3.0608 9.9208 15.1269
lr at 192th epoch is 5e-06 for optimizer
1
108729
110592
current performance: -105.9146, best performance: 1.6717
Epoch: 0192 | TRAIN: 13.6313 0.2400 0.4628 | 1.5460 1.5460 0.6623 | 0.9382 84.8218 81.7271 0.0607 0.1508 0.2034 TEST: 14.3432 0.1193 0.2464 | 1.3900 1.3738 1.7217 | 0.9428 85.8178 97.3173 3.0398 9.4239 14.1388
lr at 193th epoch is 5e-06 for optimizer
1
107736
110592
current performance: -97.2183, best performance: 1.6717
Epoch: 0193 | TRAIN: 12.5937 0.2411 0.4646 | 1.5381 1.5381 0.6506 | 0.9315 84.3732 81.6600 0.0584 0.1481 0.2006 TEST: 13.0800 0.1237 0.2702 | 1.3500 1.3346 1.6864 | 0.8603 80.0137 91.9656 3.3328 10.8009 16.5159
lr at 194th epoch is 5e-06 for optimizer
110295
1
110592
current performance: -111.9868, best performance: 1.6717
Epoch: 0194 | TRAIN: 13.1873 0.2415 0.4605 | 1.5593 1.5593 0.6557 | 0.9363 84.6649 81.9150 0.0611 0.1507 0.2021 TEST: 11.9971 0.1441 0.2928 | 1.5665 1.5503 1.9010 | 0.9642 87.2779 98.5939 2.8309 8.9169 13.4975
lr at 195th epoch is 5e-06 for optimizer
1
106216
110592
current performance: -103.0630, best performance: 1.6717
Epoch: 0195 | TRAIN: 12.5118 0.2406 0.4635 | 1.5987 1.5987 0.6760 | 0.9472 85.4113 82.7747 0.0592 0.1508 0.2033 TEST: 12.4280 0.1329 0.2811 | 1.3986 1.3867 1.7385 | 0.9211 84.3167 95.9929 3.1030 9.8071 14.8469
lr at 196th epoch is 5e-06 for optimizer
110592
1537
1
current performance: -104.8317, best performance: 1.6717
Epoch: 0196 | TRAIN: 13.0870 0.2434 0.4626 | 1.5580 1.5580 0.6612 | 0.9345 84.5146 81.6054 0.0586 0.1499 0.2032 TEST: 11.4048 0.1425 0.3069 | 1.4447 1.4329 1.7865 | 0.9351 85.2132 96.9031 3.2040 9.9309 14.7748
lr at 197th epoch is 5e-06 for optimizer
1
108094
110592
current performance: -102.9701, best performance: 1.6717
Epoch: 0197 | TRAIN: 12.5639 0.2404 0.4645 | 1.5448 1.5448 0.6581 | 0.9357 84.6800 82.2342 0.0595 0.1491 0.2011 TEST: 11.2097 0.1412 0.3132 | 1.4980 1.4837 1.8396 | 0.8804 81.4023 93.8157 3.7188 11.5210 17.0555
lr at 198th epoch is 5e-06 for optimizer
109789
87591
1
current performance: -102.5150, best performance: 1.6717
Epoch: 0198 | TRAIN: 13.1983 0.2405 0.4575 | 1.5658 1.5658 0.6608 | 0.9340 84.5237 81.4152 0.0615 0.1510 0.2031 TEST: 11.4642 0.1432 0.3094 | 1.3999 1.3873 1.7488 | 0.9316 84.9758 96.6406 3.1478 9.8842 14.7590
lr at 199th epoch is 5e-06 for optimizer
105394
61
1
current performance: -108.5946, best performance: 1.6717
Epoch: 0199 | TRAIN: 13.6941 0.2305 0.4544 | 1.5909 1.5909 0.6750 | 0.9384 84.7338 82.4409 0.0628 0.1536 0.2051 TEST: 12.6089 0.1332 0.2904 | 1.4669 1.4518 1.8181 | 0.9567 86.7991 98.3108 2.9450 9.3100 13.9509
Epoch: 0027 | TRAIN: 1.4151 0.2728 0.6323 | 0.6107 0.6107 0.2922 | 0.3169 41.8059 38.5764 0.0912 0.2645 0.3788 TEST: 1.6232 0.3057 0.6040 | 0.6387 0.6302 0.8577 | 0.2859 39.2030 46.0461 10.8467 29.6078 41.5920
