
CommandNotFoundError: Your shell has not been properly configured to use 'conda activate'.
To initialize your shell, run

    $ conda init <SHELL_NAME>

Currently supported shells are:
  - bash
  - fish
  - tcsh
  - xonsh
  - zsh
  - powershell

See 'conda init --help' for more information and options.

IMPORTANT: You may need to close and restart your shell after running 'conda init'.


/scratch_tmp/grp/grv_shi/k21220263/MTPSL/nyu_mtl_xtc.py:106: FutureWarning: You are using `torch.load` with `weights_only=False` (the current default value), which uses the default pickle module implicitly. It is possible to construct malicious pickle data which will execute arbitrary code during unpickling (See https://github.com/pytorch/pytorch/blob/main/SECURITY.md#untrusted-models for more details). In a future release, the default value for `weights_only` will be flipped to `True`. This limits the functions that could be executed during unpickling. Arbitrary objects will no longer be allowed to be loaded via this mode unless they are explicitly allowlisted by the user via `torch.serialization.add_safe_globals`. We recommend you start setting `weights_only=True` for any use case where you don't have full control of the loaded file. Please open an issue on GitHub for any issues related to this experimental feature.
  labels_weights = torch.load('{}onelabel.pth'.format(opt.labelroot))['labels_weights'].float().cuda()
Parameter Space: ABS: 28889941.0, REL: 1.1565

LOSS FORMAT: SEMANTIC_LOSS MEAN_IOU PIX_ACC | DEPTH_LOSS ABS_ERR ROOT_MSE | NORMAL_LOSS MEAN MED <11.25 <22.5 <30

lr at 0th epoch is 1e-05 for optimizer
current performance: -50.9390, best performance: -100.0000
Epoch: 0000 | TRAIN: 2.4640 0.0539 0.2545 | 1.1296 1.1296 0.5722 | 0.5128 56.9789 55.7115 0.0306 0.1165 0.1960 TEST: 1.9805 0.0728 0.3651 | 1.0076 0.9900 1.3629 | 0.3424 45.8297 49.7911 3.0960 12.4820 22.0116
lr at 1th epoch is 1e-05 for optimizer
current performance: -86.1137, best performance: -50.9390
Epoch: 0001 | TRAIN: 2.0107 0.0789 0.3250 | 1.0101 1.0101 0.4762 | 0.3422 45.6181 44.6473 0.0345 0.1390 0.2432 TEST: 1.9715 0.0743 0.3752 | 1.8560 1.8422 2.1790 | 0.3288 44.5195 48.8262 3.4657 14.0318 25.4056
lr at 2th epoch is 1e-05 for optimizer
current performance: -51.3015, best performance: -50.9390
Epoch: 0002 | TRAIN: 1.9688 0.0912 0.3449 | 0.9886 0.9886 0.4900 | 0.3371 45.1349 44.0841 0.0377 0.1469 0.2535 TEST: 2.0462 0.0740 0.2891 | 1.0624 1.0435 1.4672 | 0.3255 44.2020 48.4901 4.4068 15.3082 25.7877
lr at 3th epoch is 1e-05 for optimizer
current performance: -38.1852, best performance: -50.9390
Epoch: 0003 | TRAIN: 1.9211 0.0993 0.3647 | 1.0504 1.0504 0.5337 | 0.3304 44.5280 43.2514 0.0411 0.1558 0.2650 TEST: 1.8268 0.0922 0.3931 | 0.8252 0.8100 1.1111 | 0.3187 43.5697 48.0430 4.0127 15.4516 27.5310
lr at 4th epoch is 1e-05 for optimizer
current performance: -42.1180, best performance: -38.1852
Epoch: 0004 | TRAIN: 1.8715 0.1093 0.3733 | 0.9306 0.9306 0.4593 | 0.3281 44.3298 42.9089 0.0406 0.1573 0.2697 TEST: 1.8590 0.0958 0.3950 | 0.9457 0.9283 1.2811 | 0.3114 42.9176 47.4252 4.5650 16.9318 28.9662
lr at 5th epoch is 1e-05 for optimizer
current performance: -45.7249, best performance: -38.1852
Epoch: 0005 | TRAIN: 1.8415 0.1143 0.3848 | 0.8897 0.8897 0.4253 | 0.3213 43.7582 42.4822 0.0438 0.1655 0.2804 TEST: 1.9815 0.0740 0.3593 | 0.9655 0.9533 1.1976 | 0.3087 42.6844 47.2181 4.4923 17.3513 29.5030
lr at 6th epoch is 1e-05 for optimizer
current performance: -33.4999, best performance: -38.1852
Epoch: 0006 | TRAIN: 1.8259 0.1180 0.3946 | 0.9563 0.9563 0.4768 | 0.3172 43.3250 41.9533 0.0470 0.1771 0.2924 TEST: 1.7846 0.1098 0.4196 | 0.8065 0.7909 1.0944 | 0.3035 42.1124 46.8033 5.1598 19.2384 31.1045
lr at 7th epoch is 1e-05 for optimizer
current performance: -33.3641, best performance: -33.4999
Epoch: 0007 | TRAIN: 1.7562 0.1280 0.4167 | 0.8864 0.8864 0.4322 | 0.3145 43.0182 41.7606 0.0500 0.1862 0.3006 TEST: 1.8677 0.1089 0.3692 | 0.8114 0.7983 1.0750 | 0.2991 41.5958 46.4832 5.8502 20.4290 32.2670
lr at 8th epoch is 1e-05 for optimizer
current performance: -35.4694, best performance: -33.3641
Epoch: 0008 | TRAIN: 1.7257 0.1334 0.4238 | 0.8450 0.8450 0.4225 | 0.3088 42.5083 41.0644 0.0532 0.1928 0.3095 TEST: 1.6996 0.1200 0.4248 | 0.8804 0.8704 1.1164 | 0.3011 41.9659 46.5560 5.3674 19.2898 30.8241
lr at 9th epoch is 1e-05 for optimizer
current performance: -36.2518, best performance: -33.3641
Epoch: 0009 | TRAIN: 1.6712 0.1388 0.4391 | 0.8093 0.8093 0.3827 | 0.3053 42.1973 40.8101 0.0561 0.1975 0.3154 TEST: 1.7516 0.1187 0.4183 | 0.9176 0.9032 1.2459 | 0.2950 41.2449 46.1421 6.2091 21.0040 33.1275
lr at 10th epoch is 1e-05 for optimizer
current performance: -28.1711, best performance: -33.3641
Epoch: 0010 | TRAIN: 1.6707 0.1433 0.4461 | 0.8521 0.8521 0.4080 | 0.3009 41.7045 40.0952 0.0624 0.2111 0.3274 TEST: 1.6152 0.1494 0.4602 | 0.8318 0.8169 1.1452 | 0.2936 40.8532 46.0923 7.5472 22.7808 34.3713
lr at 11th epoch is 1e-05 for optimizer
current performance: -22.4202, best performance: -28.1711
Epoch: 0011 | TRAIN: 1.6005 0.1567 0.4704 | 0.7986 0.7986 0.3937 | 0.2987 41.4182 39.7091 0.0678 0.2190 0.3354 TEST: 1.5576 0.1635 0.4752 | 0.7513 0.7376 1.0323 | 0.2868 40.3842 45.4580 7.5900 22.9167 34.7504
lr at 12th epoch is 1e-05 for optimizer
current performance: -26.1547, best performance: -22.4202
Epoch: 0012 | TRAIN: 1.5714 0.1584 0.4793 | 0.8140 0.8140 0.4022 | 0.2956 41.1527 39.4433 0.0687 0.2222 0.3404 TEST: 1.5979 0.1720 0.4683 | 0.8614 0.8497 1.1528 | 0.2880 40.3636 45.6246 7.9560 23.3757 35.1104
lr at 13th epoch is 1e-05 for optimizer
current performance: -19.7273, best performance: -22.4202
Epoch: 0013 | TRAIN: 1.5315 0.1683 0.4931 | 0.7893 0.7893 0.3818 | 0.2897 40.5740 38.6638 0.0737 0.2337 0.3536 TEST: 1.5524 0.1828 0.4852 | 0.7491 0.7364 1.0209 | 0.2855 40.2199 45.3998 7.6997 23.4228 35.3048
lr at 14th epoch is 1e-05 for optimizer
current performance: -16.7037, best performance: -19.7273
Epoch: 0014 | TRAIN: 1.4968 0.1751 0.5078 | 0.7334 0.7334 0.3571 | 0.2843 40.0757 38.0289 0.0764 0.2416 0.3635 TEST: 1.5239 0.1940 0.4931 | 0.7379 0.7248 1.0203 | 0.2761 39.2300 44.6274 8.8220 25.4618 37.3823
lr at 15th epoch is 1e-05 for optimizer
current performance: -14.2221, best performance: -16.7037
Epoch: 0015 | TRAIN: 1.4460 0.1852 0.5251 | 0.7206 0.7206 0.3478 | 0.2835 39.9590 37.9781 0.0785 0.2460 0.3678 TEST: 1.5473 0.2154 0.4772 | 0.7371 0.7274 0.9726 | 0.2758 39.3593 44.5833 7.9137 24.5676 37.0377
lr at 16th epoch is 1e-05 for optimizer
current performance: -16.3745, best performance: -14.2221
Epoch: 0016 | TRAIN: 1.4373 0.1929 0.5358 | 0.7256 0.7256 0.3540 | 0.2812 39.7462 37.6816 0.0817 0.2491 0.3711 TEST: 1.5094 0.2220 0.5105 | 0.8075 0.7951 1.0950 | 0.2810 39.4276 45.1670 9.1197 26.1076 37.9915
lr at 17th epoch is 1e-05 for optimizer
current performance: -10.1269, best performance: -14.2221
Epoch: 0017 | TRAIN: 1.4198 0.1950 0.5412 | 0.6916 0.6916 0.3424 | 0.2788 39.5352 37.4533 0.0832 0.2522 0.3741 TEST: 1.4995 0.2296 0.5220 | 0.6988 0.6871 0.9441 | 0.2713 38.8709 44.2005 9.0210 25.9061 37.9211
lr at 18th epoch is 1e-05 for optimizer
current performance: -12.0815, best performance: -10.1269
Epoch: 0018 | TRAIN: 1.3837 0.2053 0.5522 | 0.6895 0.6895 0.3309 | 0.2776 39.4086 37.0976 0.0842 0.2534 0.3773 TEST: 1.4796 0.2327 0.5395 | 0.7458 0.7360 0.9862 | 0.2714 39.0880 44.1680 8.0816 24.6707 37.0547
lr at 19th epoch is 1e-05 for optimizer
current performance: -12.1998, best performance: -10.1269
Epoch: 0019 | TRAIN: 1.3609 0.2162 0.5670 | 0.6710 0.6710 0.3231 | 0.2759 39.2915 37.2625 0.0848 0.2533 0.3771 TEST: 1.4711 0.2550 0.5456 | 0.8230 0.8129 1.1143 | 0.2692 38.7662 44.0113 8.4870 25.9056 38.2653
lr at 20th epoch is 1e-05 for optimizer
current performance: -2.7906, best performance: -10.1269
Epoch: 0020 | TRAIN: 1.3827 0.2179 0.5697 | 0.6607 0.6607 0.3236 | 0.2707 38.7978 36.6241 0.0864 0.2651 0.3906 TEST: 1.4262 0.2753 0.5548 | 0.6678 0.6579 0.9027 | 0.2678 38.6523 43.8968 8.6673 25.9585 38.3647
lr at 21th epoch is 1e-05 for optimizer
current performance: -2.9431, best performance: -2.7906
Epoch: 0021 | TRAIN: 1.3629 0.2222 0.5754 | 0.6585 0.6585 0.3141 | 0.2694 38.7141 36.5687 0.0894 0.2633 0.3872 TEST: 1.4177 0.2798 0.5687 | 0.7004 0.6899 0.9384 | 0.2636 38.0657 43.5836 9.7975 27.4809 39.8815
lr at 22th epoch is 1e-05 for optimizer
current performance: -0.7148, best performance: -2.7906
Epoch: 0022 | TRAIN: 1.3353 0.2314 0.5873 | 0.6412 0.6412 0.3144 | 0.2680 38.5584 36.3286 0.0901 0.2662 0.3922 TEST: 1.4454 0.2843 0.5722 | 0.6662 0.6559 0.8944 | 0.2617 37.8994 43.4159 10.0872 27.6442 40.0730
lr at 23th epoch is 1e-05 for optimizer
current performance: -18.6019, best performance: -0.7148
Epoch: 0023 | TRAIN: 1.3207 0.2348 0.5936 | 0.6553 0.6553 0.3187 | 0.2687 38.6332 36.4039 0.0899 0.2640 0.3906 TEST: 1.5792 0.2578 0.5557 | 1.0059 0.9990 1.2677 | 0.2620 37.6081 43.5263 11.2567 29.5437 41.6492
lr at 24th epoch is 1e-05 for optimizer
current performance: -0.7322, best performance: -0.7148
Epoch: 0024 | TRAIN: 1.3334 0.2407 0.5966 | 0.6475 0.6475 0.3099 | 0.2651 38.2891 36.0158 0.0922 0.2712 0.3969 TEST: 1.4683 0.2893 0.5739 | 0.6850 0.6760 0.9181 | 0.2599 37.7024 43.2567 10.4494 28.1221 40.4803
lr at 25th epoch is 1e-05 for optimizer
current performance: -3.3593, best performance: -0.7148
Epoch: 0025 | TRAIN: 1.3425 0.2418 0.6013 | 0.6127 0.6127 0.2965 | 0.2646 38.2581 35.9230 0.0923 0.2710 0.3971 TEST: 1.4817 0.2887 0.5736 | 0.7466 0.7367 1.0165 | 0.2575 37.6341 43.0267 9.5616 27.6421 40.4696
lr at 26th epoch is 1e-05 for optimizer
current performance: -0.4861, best performance: -0.7148
Epoch: 0026 | TRAIN: 1.3149 0.2504 0.6146 | 0.6143 0.6143 0.2965 | 0.2620 38.0306 35.6690 0.0919 0.2744 0.4036 TEST: 1.4637 0.3003 0.5835 | 0.7225 0.7141 0.9623 | 0.2555 37.2619 42.8870 10.7329 29.1019 41.6009
lr at 27th epoch is 1e-05 for optimizer
current performance: 2.6556, best performance: -0.4861
Epoch: 0027 | TRAIN: 1.3052 0.2547 0.6152 | 0.6101 0.6101 0.2943 | 0.2578 37.6117 35.1532 0.0983 0.2816 0.4108 TEST: 1.4714 0.3023 0.5879 | 0.6616 0.6530 0.8945 | 0.2531 37.0348 42.6693 11.0281 29.4030 41.9155
lr at 28th epoch is 1e-05 for optimizer
current performance: 2.3378, best performance: 2.6556
Epoch: 0028 | TRAIN: 1.2964 0.2615 0.6236 | 0.6010 0.6010 0.2931 | 0.2578 37.5972 35.1622 0.0991 0.2831 0.4113 TEST: 1.5137 0.2954 0.5885 | 0.6481 0.6375 0.8944 | 0.2542 37.1309 42.7823 10.8610 29.3317 41.8535
lr at 29th epoch is 1e-05 for optimizer
current performance: 4.0372, best performance: 2.6556
Epoch: 0029 | TRAIN: 1.3038 0.2647 0.6288 | 0.5925 0.5925 0.2839 | 0.2551 37.3924 35.0131 0.1005 0.2831 0.4124 TEST: 1.4727 0.3164 0.5891 | 0.6696 0.6596 0.9125 | 0.2531 37.1603 42.6319 10.4492 28.6051 41.2963
lr at 30th epoch is 1e-05 for optimizer
current performance: -4.2124, best performance: 4.0372
Epoch: 0030 | TRAIN: 1.2929 0.2693 0.6321 | 0.6232 0.6232 0.3049 | 0.2592 37.7894 35.4440 0.0940 0.2773 0.4067 TEST: 1.5096 0.3072 0.5885 | 0.8319 0.8253 1.0508 | 0.2533 37.0856 42.7062 10.8700 29.2920 41.9495
lr at 31th epoch is 1e-05 for optimizer
current performance: 3.0727, best performance: 4.0372
Epoch: 0031 | TRAIN: 1.2870 0.2692 0.6371 | 0.5990 0.5990 0.2908 | 0.2539 37.2362 34.7654 0.1024 0.2885 0.4180 TEST: 1.5774 0.3001 0.5877 | 0.6469 0.6377 0.8838 | 0.2515 37.0085 42.4949 10.5574 28.9234 41.6829
lr at 32th epoch is 1e-05 for optimizer
current performance: 6.0306, best performance: 4.0372
Epoch: 0032 | TRAIN: 1.3002 0.2806 0.6385 | 0.5878 0.5878 0.2841 | 0.2531 37.1709 34.6859 0.1029 0.2879 0.4177 TEST: 1.5069 0.3176 0.5945 | 0.6355 0.6267 0.8592 | 0.2498 36.7832 42.3695 11.1014 29.5554 42.2025
lr at 33th epoch is 1e-05 for optimizer
current performance: 6.7894, best performance: 6.0306
Epoch: 0033 | TRAIN: 1.3115 0.2797 0.6416 | 0.5759 0.5759 0.2769 | 0.2515 37.0200 34.6003 0.1052 0.2910 0.4201 TEST: 1.5326 0.3229 0.5933 | 0.6383 0.6287 0.8820 | 0.2481 36.6285 42.2218 11.2665 29.7228 42.4732
lr at 34th epoch is 1e-05 for optimizer
current performance: 2.0972, best performance: 6.7894
Epoch: 0034 | TRAIN: 1.3295 0.2829 0.6461 | 0.5697 0.5697 0.2671 | 0.2481 36.7338 34.1438 0.1038 0.2942 0.4284 TEST: 1.6500 0.3089 0.5675 | 0.7007 0.6910 0.9664 | 0.2493 36.8196 42.3063 10.6782 29.1863 42.0219
lr at 35th epoch is 1e-05 for optimizer
current performance: 1.5996, best performance: 6.7894
Epoch: 0035 | TRAIN: 1.2920 0.2914 0.6505 | 0.5566 0.5566 0.2626 | 0.2492 36.7687 34.2078 0.1060 0.2975 0.4287 TEST: 1.6375 0.3141 0.6036 | 0.7319 0.7219 0.9746 | 0.2495 36.6716 42.3866 11.2737 29.9942 42.8586
lr at 36th epoch is 1e-05 for optimizer
current performance: 5.3705, best performance: 6.7894
Epoch: 0036 | TRAIN: 1.3274 0.2898 0.6495 | 0.5754 0.5754 0.2780 | 0.2515 37.0295 34.5807 0.1030 0.2912 0.4219 TEST: 1.6190 0.3116 0.5980 | 0.6451 0.6345 0.8689 | 0.2458 36.3795 42.0237 11.6561 30.3261 42.9495
lr at 37th epoch is 1e-05 for optimizer
current performance: 5.5233, best performance: 6.7894
Epoch: 0037 | TRAIN: 1.3176 0.2965 0.6570 | 0.5730 0.5730 0.2769 | 0.2465 36.5622 33.9595 0.1065 0.2987 0.4312 TEST: 1.6172 0.3118 0.6018 | 0.6420 0.6343 0.8635 | 0.2446 36.2791 41.8937 11.6632 30.4465 43.1781
lr at 38th epoch is 1e-05 for optimizer
current performance: 5.4162, best performance: 6.7894
Epoch: 0038 | TRAIN: 1.3141 0.2981 0.6583 | 0.5734 0.5734 0.2768 | 0.2501 36.8813 34.2877 0.1054 0.2936 0.4246 TEST: 1.6196 0.3201 0.6048 | 0.6686 0.6605 0.9054 | 0.2455 36.3057 42.0054 11.9612 30.5822 43.2270
lr at 39th epoch is 1e-05 for optimizer
current performance: 5.2277, best performance: 6.7894
Epoch: 0039 | TRAIN: 1.3128 0.3031 0.6625 | 0.5632 0.5632 0.2697 | 0.2490 36.7187 34.0324 0.1090 0.2993 0.4293 TEST: 1.6340 0.3204 0.5981 | 0.6790 0.6690 0.9074 | 0.2447 36.1861 41.9542 12.0704 30.9509 43.6805
lr at 40th epoch is 1e-05 for optimizer
current performance: 7.6368, best performance: 6.7894
Epoch: 0040 | TRAIN: 1.3456 0.3011 0.6630 | 0.5810 0.5810 0.2791 | 0.2469 36.6206 34.1304 0.1076 0.2964 0.4273 TEST: 1.6324 0.3271 0.6076 | 0.6496 0.6407 0.8712 | 0.2414 35.8862 41.6616 12.2190 31.6323 44.4073
lr at 41th epoch is 1e-05 for optimizer
current performance: 8.9161, best performance: 7.6368
Epoch: 0041 | TRAIN: 1.3067 0.3039 0.6685 | 0.5480 0.5480 0.2650 | 0.2450 36.3710 33.6219 0.1106 0.3033 0.4352 TEST: 1.6125 0.3307 0.6092 | 0.6215 0.6122 0.8443 | 0.2428 36.2494 41.7273 11.1740 30.0562 43.0374
lr at 42th epoch is 1e-05 for optimizer
current performance: 6.3687, best performance: 8.9161
Epoch: 0042 | TRAIN: 1.3101 0.3107 0.6704 | 0.5344 0.5344 0.2541 | 0.2431 36.2107 33.3973 0.1093 0.3074 0.4406 TEST: 1.7601 0.3229 0.5978 | 0.6684 0.6590 0.9007 | 0.2406 35.8353 41.5697 12.2778 31.5710 44.3103
lr at 43th epoch is 1e-05 for optimizer
current performance: 5.1060, best performance: 8.9161
Epoch: 0043 | TRAIN: 1.3461 0.3081 0.6702 | 0.5634 0.5634 0.2724 | 0.2427 36.1392 33.2888 0.1115 0.3090 0.4430 TEST: 1.7035 0.3275 0.6042 | 0.7072 0.6978 0.9598 | 0.2423 35.9894 41.7340 12.3568 31.1749 43.8885
lr at 44th epoch is 1e-05 for optimizer
current performance: 9.6472, best performance: 8.9161
Epoch: 0044 | TRAIN: 1.3200 0.3122 0.6714 | 0.5222 0.5222 0.2458 | 0.2424 36.0890 33.4128 0.1147 0.3115 0.4421 TEST: 1.6859 0.3342 0.6088 | 0.6220 0.6132 0.8476 | 0.2412 35.9619 41.5946 11.9636 30.9815 43.8357
lr at 45th epoch is 1e-05 for optimizer
current performance: 11.1191, best performance: 9.6472
Epoch: 0045 | TRAIN: 1.3588 0.3106 0.6695 | 0.5347 0.5347 0.2565 | 0.2425 36.1381 33.3708 0.1123 0.3069 0.4406 TEST: 1.6524 0.3383 0.6125 | 0.6039 0.5957 0.8252 | 0.2396 35.7800 41.4597 12.1975 31.6076 44.3510
lr at 46th epoch is 1e-05 for optimizer
current performance: 11.1950, best performance: 11.1191
Epoch: 0046 | TRAIN: 1.3454 0.3198 0.6780 | 0.5387 0.5387 0.2623 | 0.2425 36.1022 33.2256 0.1131 0.3110 0.4430 TEST: 1.6394 0.3405 0.6124 | 0.6098 0.6001 0.8327 | 0.2404 35.7971 41.5606 12.6294 31.5951 44.2196
lr at 47th epoch is 1e-05 for optimizer
current performance: 9.0307, best performance: 11.1950
Epoch: 0047 | TRAIN: 1.3294 0.3183 0.6779 | 0.5481 0.5481 0.2661 | 0.2412 36.0214 33.1830 0.1136 0.3105 0.4426 TEST: 1.7127 0.3329 0.6165 | 0.6447 0.6371 0.8494 | 0.2365 35.4346 41.2231 12.7300 32.3713 45.2068
lr at 48th epoch is 1e-05 for optimizer
current performance: 8.2576, best performance: 11.1950
Epoch: 0048 | TRAIN: 1.3633 0.3211 0.6813 | 0.5311 0.5311 0.2591 | 0.2408 35.9473 33.0110 0.1140 0.3130 0.4470 TEST: 1.6880 0.3355 0.6215 | 0.6668 0.6596 0.8756 | 0.2375 35.5565 41.3023 12.5241 32.1510 44.8708
lr at 49th epoch is 1e-05 for optimizer
current performance: 8.4772, best performance: 11.1950
Epoch: 0049 | TRAIN: 1.3457 0.3262 0.6828 | 0.5152 0.5152 0.2472 | 0.2383 35.6743 32.7627 0.1187 0.3202 0.4521 TEST: 1.7396 0.3355 0.6177 | 0.6687 0.6607 0.9094 | 0.2364 35.3079 41.2191 13.4088 32.9395 45.5705
lr at 50th epoch is 1e-05 for optimizer
current performance: 12.3670, best performance: 11.1950
Epoch: 0050 | TRAIN: 1.3521 0.3271 0.6850 | 0.5651 0.5651 0.2726 | 0.2387 35.7206 32.9578 0.1203 0.3164 0.4490 TEST: 1.6480 0.3415 0.6151 | 0.5980 0.5901 0.8173 | 0.2347 35.2492 41.0372 13.0819 32.7509 45.4373
lr at 51th epoch is 1e-05 for optimizer
current performance: 12.8078, best performance: 12.3670
Epoch: 0051 | TRAIN: 1.3565 0.3266 0.6863 | 0.5129 0.5129 0.2406 | 0.2356 35.4170 32.4710 0.1209 0.3245 0.4567 TEST: 1.6773 0.3439 0.6108 | 0.5884 0.5802 0.8043 | 0.2363 35.5131 41.1614 12.2902 31.8062 44.7441
lr at 52th epoch is 1e-05 for optimizer
current performance: 5.1403, best performance: 12.8078
Epoch: 0052 | TRAIN: 1.3905 0.3207 0.6848 | 0.5272 0.5272 0.2571 | 0.2392 35.6625 32.6666 0.1219 0.3248 0.4557 TEST: 1.7624 0.3362 0.6169 | 0.7526 0.7445 0.9841 | 0.2341 35.1390 41.0066 13.3149 33.1403 45.9217
lr at 53th epoch is 1e-05 for optimizer
current performance: 13.7985, best performance: 12.8078
Epoch: 0053 | TRAIN: 1.3615 0.3339 0.6925 | 0.5136 0.5136 0.2481 | 0.2380 35.6284 32.7281 0.1199 0.3210 0.4534 TEST: 1.6981 0.3532 0.6218 | 0.6039 0.5948 0.8188 | 0.2337 35.1209 40.9832 13.2551 33.1676 45.9678
lr at 54th epoch is 1e-05 for optimizer
current performance: 10.5028, best performance: 13.7985
Epoch: 0054 | TRAIN: 1.4093 0.3278 0.6841 | 0.5177 0.5177 0.2455 | 0.2371 35.4824 32.4963 0.1239 0.3260 0.4572 TEST: 1.8523 0.3305 0.6036 | 0.6075 0.5994 0.8376 | 0.2353 35.2958 41.0941 13.1428 32.4611 45.2984
lr at 55th epoch is 1e-05 for optimizer
current performance: 10.4620, best performance: 13.7985
Epoch: 0055 | TRAIN: 1.4229 0.3331 0.6870 | 0.5104 0.5104 0.2455 | 0.2361 35.3947 32.5140 0.1251 0.3275 0.4579 TEST: 1.7783 0.3443 0.6052 | 0.6532 0.6443 0.8631 | 0.2341 35.1729 40.9977 13.2470 32.8321 45.5998
lr at 56th epoch is 1e-05 for optimizer
current performance: 12.7719, best performance: 13.7985
Epoch: 0056 | TRAIN: 1.4300 0.3355 0.6895 | 0.5196 0.5196 0.2538 | 0.2351 35.3075 32.3443 0.1253 0.3286 0.4604 TEST: 1.7545 0.3468 0.6109 | 0.6037 0.5954 0.8242 | 0.2348 35.2884 41.0537 12.9698 32.4985 45.2777
lr at 57th epoch is 1e-05 for optimizer
current performance: 14.0699, best performance: 13.7985
Epoch: 0057 | TRAIN: 1.3995 0.3375 0.6937 | 0.5277 0.5277 0.2538 | 0.2351 35.3230 32.3691 0.1225 0.3279 0.4615 TEST: 1.7392 0.3516 0.6165 | 0.5946 0.5856 0.8247 | 0.2335 35.0517 40.9523 13.5533 33.3387 46.1071
lr at 58th epoch is 1e-05 for optimizer
current performance: 12.5708, best performance: 14.0699
Epoch: 0058 | TRAIN: 1.4400 0.3429 0.6948 | 0.5112 0.5112 0.2431 | 0.2340 35.2078 32.2762 0.1265 0.3301 0.4620 TEST: 1.8002 0.3413 0.6172 | 0.5969 0.5891 0.8160 | 0.2334 35.0813 40.9333 13.5140 33.2088 45.8940
lr at 59th epoch is 1e-05 for optimizer
current performance: 12.9588, best performance: 14.0699
Epoch: 0059 | TRAIN: 1.4529 0.3341 0.6944 | 0.5137 0.5137 0.2467 | 0.2364 35.4048 32.3748 0.1241 0.3292 0.4607 TEST: 1.8046 0.3488 0.6230 | 0.6117 0.6032 0.8318 | 0.2336 35.0464 40.9982 13.5803 33.5663 46.1984
lr at 60th epoch is 1e-05 for optimizer
current performance: 13.9787, best performance: 14.0699
Epoch: 0060 | TRAIN: 1.4354 0.3410 0.6960 | 0.5032 0.5032 0.2435 | 0.2337 35.1538 32.0546 0.1261 0.3320 0.4652 TEST: 1.8439 0.3501 0.6216 | 0.5950 0.5874 0.8105 | 0.2313 34.8856 40.7444 13.6275 33.4845 46.2826
lr at 61th epoch is 1e-05 for optimizer
current performance: 14.6877, best performance: 14.0699
Epoch: 0061 | TRAIN: 1.4819 0.3450 0.6946 | 0.5076 0.5076 0.2398 | 0.2313 34.9762 31.9955 0.1270 0.3332 0.4668 TEST: 1.7646 0.3579 0.6229 | 0.6004 0.5917 0.8289 | 0.2320 34.9720 40.7964 13.4549 33.3201 46.0504
lr at 62th epoch is 1e-05 for optimizer
current performance: 14.5605, best performance: 14.6877
Epoch: 0062 | TRAIN: 1.4788 0.3416 0.6923 | 0.5028 0.5028 0.2458 | 0.2336 35.1389 32.1043 0.1280 0.3330 0.4657 TEST: 1.7835 0.3558 0.6230 | 0.6007 0.5911 0.8314 | 0.2307 34.8731 40.6583 13.4666 33.2473 46.1078
lr at 63th epoch is 1e-05 for optimizer
current performance: 14.6235, best performance: 14.6877
Epoch: 0063 | TRAIN: 1.4833 0.3437 0.6998 | 0.4922 0.4922 0.2399 | 0.2286 34.6493 31.4749 0.1327 0.3420 0.4747 TEST: 1.8622 0.3480 0.6162 | 0.5776 0.5689 0.8014 | 0.2295 34.7903 40.5505 13.4999 33.3077 46.2212
lr at 64th epoch is 1e-05 for optimizer
current performance: 15.3541, best performance: 14.6877
Epoch: 0064 | TRAIN: 1.4906 0.3426 0.6982 | 0.4901 0.4901 0.2320 | 0.2300 34.8045 31.7144 0.1308 0.3371 0.4709 TEST: 1.8069 0.3541 0.6244 | 0.5765 0.5679 0.8016 | 0.2305 34.8714 40.6504 13.5591 33.2399 46.0360
lr at 65th epoch is 1e-05 for optimizer
current performance: 15.6330, best performance: 15.3541
Epoch: 0065 | TRAIN: 1.4979 0.3502 0.6996 | 0.4948 0.4948 0.2327 | 0.2312 34.9116 31.8244 0.1297 0.3365 0.4690 TEST: 1.8690 0.3550 0.6248 | 0.5827 0.5739 0.8188 | 0.2272 34.4823 40.3751 14.2339 34.1937 46.9994
lr at 66th epoch is 1e-05 for optimizer
current performance: 14.1841, best performance: 15.6330
Epoch: 0066 | TRAIN: 1.5295 0.3483 0.6994 | 0.4783 0.4783 0.2289 | 0.2299 34.8188 31.7400 0.1302 0.3370 0.4691 TEST: 1.8878 0.3447 0.6218 | 0.5858 0.5773 0.7992 | 0.2280 34.4677 40.4827 14.4049 34.6982 47.4026
lr at 67th epoch is 1e-05 for optimizer
current performance: 14.6105, best performance: 15.6330
Epoch: 0067 | TRAIN: 1.5510 0.3436 0.6967 | 0.4915 0.4915 0.2298 | 0.2303 34.8121 31.6471 0.1301 0.3394 0.4724 TEST: 1.8126 0.3613 0.6308 | 0.6173 0.6089 0.8502 | 0.2295 34.7727 40.5932 13.4398 33.5933 46.5377
lr at 68th epoch is 1e-05 for optimizer
current performance: 13.0634, best performance: 15.6330
Epoch: 0068 | TRAIN: 1.4774 0.3554 0.7032 | 0.4925 0.4925 0.2340 | 0.2282 34.6246 31.5057 0.1327 0.3417 0.4744 TEST: 1.8322 0.3521 0.6263 | 0.6322 0.6242 0.8494 | 0.2278 34.5105 40.4221 14.1109 34.2320 47.1127
lr at 69th epoch is 1e-05 for optimizer
current performance: 14.2905, best performance: 15.6330
Epoch: 0069 | TRAIN: 1.5209 0.3512 0.7027 | 0.4871 0.4871 0.2343 | 0.2287 34.6297 31.5211 0.1348 0.3438 0.4755 TEST: 2.0091 0.3505 0.6244 | 0.5983 0.5903 0.8131 | 0.2283 34.5340 40.4753 14.1257 34.2340 47.1889
lr at 70th epoch is 1e-05 for optimizer
current performance: 9.8426, best performance: 15.6330
Epoch: 0070 | TRAIN: 1.5520 0.3546 0.7036 | 0.4844 0.4844 0.2280 | 0.2265 34.4224 31.2250 0.1365 0.3477 0.4793 TEST: 1.8643 0.3533 0.6286 | 0.7121 0.7041 0.9491 | 0.2268 34.4428 40.3350 13.9390 34.3536 47.3267
lr at 71th epoch is 1e-05 for optimizer
current performance: 14.9933, best performance: 15.6330
Epoch: 0071 | TRAIN: 1.5368 0.3582 0.7069 | 0.5115 0.5115 0.2406 | 0.2254 34.2705 30.9290 0.1386 0.3526 0.4846 TEST: 1.8795 0.3549 0.6195 | 0.6010 0.5936 0.8254 | 0.2251 34.2882 40.1827 14.3314 34.4526 47.4581
lr at 72th epoch is 1e-05 for optimizer
current performance: 14.6406, best performance: 15.6330
Epoch: 0072 | TRAIN: 1.5451 0.3569 0.7060 | 0.4791 0.4791 0.2281 | 0.2268 34.4277 31.2901 0.1372 0.3472 0.4795 TEST: 1.9237 0.3518 0.6104 | 0.5956 0.5874 0.8154 | 0.2274 34.4817 40.3914 14.2007 34.2929 47.1877
lr at 73th epoch is 1e-05 for optimizer
current performance: 16.9464, best performance: 15.6330
Epoch: 0073 | TRAIN: 1.5199 0.3538 0.7089 | 0.4895 0.4895 0.2316 | 0.2267 34.4342 31.2194 0.1362 0.3474 0.4799 TEST: 1.9686 0.3601 0.6251 | 0.5749 0.5671 0.7930 | 0.2246 34.1544 40.1387 14.7365 35.0955 47.9511
lr at 74th epoch is 1e-05 for optimizer
current performance: 16.7949, best performance: 16.9464
Epoch: 0074 | TRAIN: 1.5798 0.3545 0.7034 | 0.4865 0.4865 0.2342 | 0.2252 34.2549 30.8897 0.1399 0.3520 0.4839 TEST: 1.9357 0.3611 0.6249 | 0.5813 0.5729 0.7973 | 0.2250 34.1741 40.1886 14.6948 35.1144 48.0160
lr at 75th epoch is 1e-05 for optimizer
current performance: 17.5518, best performance: 16.9464
Epoch: 0075 | TRAIN: 1.5428 0.3543 0.7079 | 0.4774 0.4774 0.2266 | 0.2248 34.1967 30.7753 0.1390 0.3551 0.4876 TEST: 1.8719 0.3643 0.6325 | 0.5703 0.5625 0.7847 | 0.2256 34.2674 40.2649 14.5075 34.9469 47.7525
lr at 76th epoch is 1e-05 for optimizer
current performance: 15.6764, best performance: 17.5518
Epoch: 0076 | TRAIN: 1.5807 0.3591 0.7052 | 0.4767 0.4767 0.2242 | 0.2245 34.1950 30.9780 0.1397 0.3530 0.4853 TEST: 1.9348 0.3605 0.6259 | 0.6021 0.5930 0.8338 | 0.2254 34.3355 40.1869 14.1200 34.3410 47.2436
lr at 77th epoch is 1e-05 for optimizer
current performance: 9.2080, best performance: 17.5518
Epoch: 0077 | TRAIN: 1.6207 0.3590 0.7047 | 0.4792 0.4792 0.2251 | 0.2257 34.3549 31.1298 0.1366 0.3482 0.4811 TEST: 1.9484 0.3571 0.6185 | 0.7448 0.7371 0.9857 | 0.2245 34.1628 40.1436 14.4751 35.1066 48.0081
lr at 78th epoch is 1e-05 for optimizer
current performance: 15.1525, best performance: 17.5518
Epoch: 0078 | TRAIN: 1.6294 0.3704 0.7107 | 0.4692 0.4692 0.2206 | 0.2232 34.0915 30.8337 0.1397 0.3550 0.4873 TEST: 2.1185 0.3516 0.6175 | 0.5909 0.5824 0.8198 | 0.2249 34.1949 40.1777 14.7312 34.9802 47.7772
lr at 79th epoch is 1e-05 for optimizer
current performance: 15.6756, best performance: 17.5518
Epoch: 0079 | TRAIN: 1.6358 0.3616 0.7077 | 0.4699 0.4699 0.2226 | 0.2234 34.0976 30.7523 0.1396 0.3548 0.4882 TEST: 2.1065 0.3523 0.6176 | 0.5810 0.5728 0.8032 | 0.2249 34.1763 40.1706 14.8111 35.0660 47.8538
lr at 80th epoch is 1e-05 for optimizer
current performance: 15.1152, best performance: 17.5518
Epoch: 0080 | TRAIN: 1.6160 0.3647 0.7073 | 0.4789 0.4789 0.2268 | 0.2243 34.1458 30.8523 0.1427 0.3552 0.4857 TEST: 1.9916 0.3507 0.6240 | 0.5891 0.5796 0.8222 | 0.2250 34.2296 40.1873 14.5323 34.8458 47.6782
lr at 81th epoch is 1e-05 for optimizer
current performance: 16.9638, best performance: 17.5518
Epoch: 0081 | TRAIN: 1.6385 0.3578 0.7073 | 0.4763 0.4763 0.2267 | 0.2257 34.2577 30.8849 0.1416 0.3534 0.4843 TEST: 2.0091 0.3603 0.6303 | 0.5761 0.5677 0.8023 | 0.2245 34.1331 40.1597 14.8248 35.1908 48.0110
lr at 82th epoch is 1e-05 for optimizer
current performance: 17.2324, best performance: 17.5518
Epoch: 0082 | TRAIN: 1.6268 0.3716 0.7172 | 0.4750 0.4750 0.2206 | 0.2200 33.7283 30.4431 0.1472 0.3621 0.4946 TEST: 1.9733 0.3627 0.6286 | 0.5791 0.5699 0.8012 | 0.2231 34.0830 39.9771 14.4801 34.9628 47.9090
lr at 83th epoch is 1e-05 for optimizer
current performance: 15.4336, best performance: 17.5518
Epoch: 0083 | TRAIN: 1.6876 0.3642 0.7058 | 0.4724 0.4724 0.2233 | 0.2233 34.0416 30.6735 0.1432 0.3566 0.4885 TEST: 2.0044 0.3609 0.6178 | 0.6182 0.6105 0.8405 | 0.2216 33.9179 39.8480 14.7386 35.3494 48.2999
lr at 84th epoch is 1e-05 for optimizer
current performance: 16.5350, best performance: 17.5518
Epoch: 0084 | TRAIN: 1.6743 0.3638 0.7114 | 0.4661 0.4661 0.2223 | 0.2210 33.8700 30.6360 0.1435 0.3579 0.4901 TEST: 2.0868 0.3557 0.6248 | 0.5788 0.5698 0.7962 | 0.2220 33.9128 39.8801 15.0796 35.3986 48.1729
lr at 85th epoch is 1e-05 for optimizer
current performance: 16.2189, best performance: 17.5518
Epoch: 0085 | TRAIN: 1.6251 0.3699 0.7157 | 0.4650 0.4650 0.2184 | 0.2212 33.8244 30.4615 0.1467 0.3625 0.4924 TEST: 2.1132 0.3541 0.6163 | 0.5856 0.5772 0.7931 | 0.2206 33.7277 39.7791 15.4389 36.0320 48.8185
lr at 86th epoch is 1e-05 for optimizer
current performance: 16.9316, best performance: 17.5518
Epoch: 0086 | TRAIN: 1.6569 0.3729 0.7138 | 0.4686 0.4686 0.2175 | 0.2206 33.8257 30.3765 0.1431 0.3600 0.4932 TEST: 2.0406 0.3591 0.6297 | 0.5799 0.5711 0.7963 | 0.2230 33.8955 40.0325 15.2061 35.9490 48.8828
lr at 87th epoch is 1e-05 for optimizer
current performance: 17.5488, best performance: 17.5518
Epoch: 0087 | TRAIN: 1.7266 0.3677 0.7096 | 0.4687 0.4687 0.2229 | 0.2227 33.9633 30.5454 0.1441 0.3605 0.4926 TEST: 2.0012 0.3661 0.6305 | 0.5832 0.5748 0.8012 | 0.2225 34.0045 39.9462 14.6052 35.1903 48.1684
lr at 88th epoch is 1e-05 for optimizer
current performance: 16.3035, best performance: 17.5518
Epoch: 0088 | TRAIN: 1.6930 0.3660 0.7110 | 0.4713 0.4713 0.2197 | 0.2189 33.6195 30.2472 0.1477 0.3651 0.4969 TEST: 2.0928 0.3596 0.6199 | 0.5964 0.5881 0.8118 | 0.2217 33.8614 39.8736 15.0082 35.6720 48.6099
lr at 89th epoch is 1e-05 for optimizer
current performance: 17.7022, best performance: 17.5518
Epoch: 0089 | TRAIN: 1.6817 0.3684 0.7140 | 0.4598 0.4598 0.2149 | 0.2201 33.6934 30.2089 0.1476 0.3662 0.4984 TEST: 2.0639 0.3621 0.6293 | 0.5715 0.5633 0.7930 | 0.2216 33.8514 39.8754 15.0083 35.7573 48.6618
lr at 90th epoch is 1e-05 for optimizer
current performance: 16.9747, best performance: 17.7022
Epoch: 0090 | TRAIN: 1.7026 0.3719 0.7141 | 0.4536 0.4536 0.2156 | 0.2178 33.5117 30.0096 0.1485 0.3668 0.4992 TEST: 2.0948 0.3567 0.6219 | 0.5772 0.5687 0.7944 | 0.2190 33.6781 39.6075 14.8404 35.7471 48.8516
lr at 91th epoch is 1e-05 for optimizer
current performance: 17.1880, best performance: 17.7022
Epoch: 0091 | TRAIN: 1.7601 0.3658 0.7109 | 0.4660 0.4660 0.2197 | 0.2198 33.6896 30.0480 0.1464 0.3652 0.4980 TEST: 2.1583 0.3555 0.6234 | 0.5676 0.5590 0.7868 | 0.2203 33.7196 39.7431 15.2608 35.9325 48.7733
lr at 92th epoch is 1e-05 for optimizer
current performance: 18.0256, best performance: 17.7022
Epoch: 0092 | TRAIN: 1.8012 0.3738 0.7107 | 0.4565 0.4565 0.2163 | 0.2188 33.6021 30.2444 0.1481 0.3657 0.4967 TEST: 2.1134 0.3598 0.6301 | 0.5590 0.5510 0.7749 | 0.2204 33.7700 39.7612 15.0483 35.7424 48.6975
lr at 93th epoch is 1e-05 for optimizer
current performance: 17.9339, best performance: 18.0256
Epoch: 0093 | TRAIN: 1.7444 0.3688 0.7101 | 0.4524 0.4524 0.2187 | 0.2188 33.5511 30.0429 0.1510 0.3674 0.4994 TEST: 2.0652 0.3592 0.6247 | 0.5601 0.5516 0.7800 | 0.2205 33.7601 39.7916 14.9911 36.0145 48.8811
lr at 94th epoch is 1e-05 for optimizer
current performance: 16.9779, best performance: 18.0256
Epoch: 0094 | TRAIN: 1.7683 0.3683 0.7087 | 0.4621 0.4621 0.2210 | 0.2192 33.6246 30.1709 0.1487 0.3659 0.4968 TEST: 2.1222 0.3552 0.6182 | 0.5676 0.5588 0.7938 | 0.2217 33.8878 39.8738 14.9447 35.4965 48.4029
lr at 95th epoch is 1e-05 for optimizer
current performance: 18.4012, best performance: 18.0256
Epoch: 0095 | TRAIN: 1.7475 0.3732 0.7121 | 0.4528 0.4528 0.2147 | 0.2182 33.5542 30.0325 0.1463 0.3664 0.4989 TEST: 2.1090 0.3610 0.6315 | 0.5570 0.5484 0.7761 | 0.2199 33.6681 39.7428 15.2077 36.2159 49.1971
lr at 96th epoch is 1e-05 for optimizer
current performance: 15.5037, best performance: 18.4012
Epoch: 0096 | TRAIN: 1.7580 0.3795 0.7157 | 0.4513 0.4513 0.2126 | 0.2172 33.4128 29.9500 0.1527 0.3704 0.5008 TEST: 2.2748 0.3451 0.5958 | 0.5707 0.5616 0.7996 | 0.2219 33.9365 39.8815 14.6790 35.3855 48.3620
lr at 97th epoch is 1e-05 for optimizer
current performance: 18.0083, best performance: 18.4012
Epoch: 0097 | TRAIN: 1.8502 0.3739 0.7092 | 0.4567 0.4567 0.2158 | 0.2181 33.5427 30.0831 0.1470 0.3670 0.4995 TEST: 2.1129 0.3629 0.6308 | 0.5676 0.5592 0.7874 | 0.2204 33.8204 39.7497 14.7351 35.5391 48.5377
lr at 98th epoch is 1e-05 for optimizer
current performance: 16.9083, best performance: 18.4012
Epoch: 0098 | TRAIN: 1.7911 0.3727 0.7117 | 0.4643 0.4643 0.2223 | 0.2202 33.7121 30.2281 0.1474 0.3643 0.4964 TEST: 2.2293 0.3506 0.6111 | 0.5624 0.5533 0.7851 | 0.2197 33.6362 39.6910 15.3587 36.2646 49.0985
lr at 99th epoch is 1e-05 for optimizer
current performance: 16.0654, best performance: 18.4012
Epoch: 0099 | TRAIN: 1.7816 0.3769 0.7189 | 0.4487 0.4487 0.2124 | 0.2161 33.2861 29.7047 0.1526 0.3737 0.5065 TEST: 2.2806 0.3503 0.6147 | 0.5798 0.5709 0.7956 | 0.2199 33.6676 39.7016 15.3690 36.0818 48.8966
lr at 100th epoch is 5e-06 for optimizer
current performance: 17.6629, best performance: 18.4012
Epoch: 0100 | TRAIN: 1.8563 0.3829 0.7140 | 0.4388 0.4388 0.2071 | 0.2185 33.4924 30.0566 0.1537 0.3705 0.4999 TEST: 2.2498 0.3533 0.6144 | 0.5535 0.5448 0.7716 | 0.2192 33.5986 39.6465 15.4151 36.2184 49.1291
lr at 101th epoch is 5e-06 for optimizer
current performance: 18.0324, best performance: 18.4012
Epoch: 0101 | TRAIN: 1.8647 0.3778 0.7168 | 0.4280 0.4280 0.2047 | 0.2196 33.6170 30.1795 0.1510 0.3675 0.4983 TEST: 2.2496 0.3541 0.6207 | 0.5499 0.5412 0.7683 | 0.2187 33.4876 39.6193 15.7986 36.6057 49.4574
lr at 102th epoch is 5e-06 for optimizer
current performance: 17.9527, best performance: 18.4012
Epoch: 0102 | TRAIN: 1.9029 0.3847 0.7150 | 0.4319 0.4319 0.2008 | 0.2156 33.2129 29.6874 0.1571 0.3751 0.5054 TEST: 2.2208 0.3580 0.6202 | 0.5612 0.5526 0.7823 | 0.2186 33.5657 39.5899 15.3389 36.1872 49.1721
lr at 103th epoch is 5e-06 for optimizer
current performance: 17.3491, best performance: 18.4012
Epoch: 0103 | TRAIN: 1.8960 0.3838 0.7168 | 0.4297 0.4297 0.2004 | 0.2158 33.2768 29.6867 0.1536 0.3718 0.5043 TEST: 2.2848 0.3558 0.6190 | 0.5699 0.5619 0.7900 | 0.2184 33.5015 39.5960 15.5782 36.4814 49.4268
lr at 104th epoch is 5e-06 for optimizer
current performance: 17.2686, best performance: 18.4012
Epoch: 0104 | TRAIN: 1.9135 0.3807 0.7158 | 0.4346 0.4346 0.2009 | 0.2180 33.4819 30.0557 0.1507 0.3685 0.5013 TEST: 2.3767 0.3467 0.6079 | 0.5455 0.5366 0.7598 | 0.2182 33.5092 39.5538 15.4590 36.3089 49.2991
lr at 105th epoch is 5e-06 for optimizer
current performance: 17.6600, best performance: 18.4012
Epoch: 0105 | TRAIN: 1.9430 0.3866 0.7193 | 0.4196 0.4196 0.2008 | 0.2175 33.3836 29.7969 0.1543 0.3723 0.5031 TEST: 2.3044 0.3522 0.6159 | 0.5536 0.5451 0.7638 | 0.2177 33.4551 39.4911 15.5457 36.3780 49.3544
lr at 106th epoch is 5e-06 for optimizer
current performance: 18.1658, best performance: 18.4012
Epoch: 0106 | TRAIN: 1.9474 0.3864 0.7159 | 0.4253 0.4253 0.1977 | 0.2175 33.4318 29.9299 0.1520 0.3702 0.5018 TEST: 2.2943 0.3579 0.6195 | 0.5594 0.5510 0.7770 | 0.2175 33.4300 39.4864 15.5863 36.5348 49.4999
lr at 107th epoch is 5e-06 for optimizer
current performance: 18.6569, best performance: 18.4012
Epoch: 0107 | TRAIN: 2.0121 0.3776 0.7123 | 0.4318 0.4318 0.2023 | 0.2161 33.2614 29.5993 0.1548 0.3744 0.5060 TEST: 2.2679 0.3599 0.6239 | 0.5515 0.5432 0.7708 | 0.2183 33.5216 39.5710 15.3526 36.3158 49.3413
lr at 108th epoch is 5e-06 for optimizer
current performance: 16.9755, best performance: 18.6569
Epoch: 0108 | TRAIN: 1.9071 0.3830 0.7196 | 0.4273 0.4273 0.2000 | 0.2148 33.1127 29.5308 0.1586 0.3789 0.5087 TEST: 2.2967 0.3519 0.6216 | 0.5664 0.5573 0.7814 | 0.2187 33.5638 39.5927 15.4018 36.2391 49.1773
lr at 109th epoch is 5e-06 for optimizer
current performance: 17.4244, best performance: 18.6569
Epoch: 0109 | TRAIN: 1.9735 0.3845 0.7155 | 0.4368 0.4368 0.2077 | 0.2158 33.2001 29.6367 0.1572 0.3783 0.5081 TEST: 2.3176 0.3509 0.6103 | 0.5509 0.5426 0.7689 | 0.2184 33.6179 39.5483 14.8745 35.8324 48.9986
lr at 110th epoch is 5e-06 for optimizer
current performance: 18.5229, best performance: 18.6569
Epoch: 0110 | TRAIN: 2.0195 0.3823 0.7126 | 0.4248 0.4248 0.1983 | 0.2161 33.2651 29.7369 0.1552 0.3755 0.5050 TEST: 2.3639 0.3576 0.6179 | 0.5497 0.5409 0.7626 | 0.2177 33.4672 39.5084 15.3596 36.3879 49.5202
lr at 111th epoch is 5e-06 for optimizer
current performance: 18.0185, best performance: 18.6569
Epoch: 0111 | TRAIN: 2.0268 0.3856 0.7137 | 0.4218 0.4218 0.1922 | 0.2149 33.1178 29.4539 0.1581 0.3785 0.5085 TEST: 2.4044 0.3535 0.6166 | 0.5509 0.5421 0.7654 | 0.2172 33.3950 39.4661 15.5682 36.6395 49.6778
lr at 112th epoch is 5e-06 for optimizer
current performance: 17.5328, best performance: 18.6569
Epoch: 0112 | TRAIN: 2.0069 0.3859 0.7166 | 0.4325 0.4325 0.2041 | 0.2161 33.2676 29.7558 0.1549 0.3733 0.5056 TEST: 2.3974 0.3539 0.6170 | 0.5648 0.5560 0.7935 | 0.2173 33.3473 39.5001 15.8063 36.9927 49.9422
lr at 113th epoch is 5e-06 for optimizer
current performance: 17.2059, best performance: 18.6569
Epoch: 0113 | TRAIN: 2.0348 0.3916 0.7171 | 0.4276 0.4276 0.2011 | 0.2157 33.2020 29.5962 0.1558 0.3780 0.5084 TEST: 2.3764 0.3489 0.6104 | 0.5529 0.5448 0.7634 | 0.2184 33.4989 39.6014 15.4912 36.5101 49.5631
lr at 114th epoch is 5e-06 for optimizer
current performance: 17.1406, best performance: 18.6569
Epoch: 0114 | TRAIN: 1.9903 0.3850 0.7181 | 0.4330 0.4330 0.2046 | 0.2154 33.1986 29.5186 0.1546 0.3763 0.5087 TEST: 2.4585 0.3486 0.6086 | 0.5542 0.5457 0.7641 | 0.2181 33.4869 39.5596 15.4446 36.4586 49.4818
lr at 115th epoch is 5e-06 for optimizer
current performance: 17.7954, best performance: 18.6569
Epoch: 0115 | TRAIN: 2.0668 0.3886 0.7158 | 0.4246 0.4246 0.1987 | 0.2168 33.2685 29.6909 0.1588 0.3757 0.5056 TEST: 2.4038 0.3527 0.6170 | 0.5497 0.5412 0.7692 | 0.2187 33.5493 39.6155 15.4166 36.3638 49.3164
lr at 116th epoch is 5e-06 for optimizer
current performance: 16.5366, best performance: 18.6569
Epoch: 0116 | TRAIN: 2.0737 0.3861 0.7144 | 0.4291 0.4291 0.1991 | 0.2155 33.1548 29.4769 0.1580 0.3787 0.5093 TEST: 2.4259 0.3475 0.6027 | 0.5618 0.5528 0.7897 | 0.2191 33.6327 39.6381 15.1131 35.9986 49.0514
lr at 117th epoch is 5e-06 for optimizer
current performance: 17.2536, best performance: 18.6569
Epoch: 0117 | TRAIN: 2.1015 0.3847 0.7108 | 0.4309 0.4309 0.2034 | 0.2163 33.2020 29.4731 0.1580 0.3797 0.5098 TEST: 2.4561 0.3476 0.6142 | 0.5505 0.5415 0.7736 | 0.2178 33.4357 39.5341 15.6238 36.6448 49.6014
lr at 118th epoch is 5e-06 for optimizer
current performance: 16.7775, best performance: 18.6569
Epoch: 0118 | TRAIN: 2.1070 0.3806 0.7111 | 0.4348 0.4348 0.2029 | 0.2152 33.1729 29.6671 0.1562 0.3767 0.5080 TEST: 2.4406 0.3508 0.6110 | 0.5675 0.5588 0.7881 | 0.2183 33.5531 39.5583 15.2293 36.1305 49.2628
lr at 119th epoch is 5e-06 for optimizer
current performance: 17.5487, best performance: 18.6569
Epoch: 0119 | TRAIN: 2.1187 0.3924 0.7175 | 0.4172 0.4172 0.1920 | 0.2131 32.9423 29.2984 0.1593 0.3818 0.5131 TEST: 2.4059 0.3516 0.6068 | 0.5533 0.5445 0.7714 | 0.2181 33.5175 39.5506 15.2554 36.2363 49.3406
lr at 120th epoch is 5e-06 for optimizer
current performance: 17.3289, best performance: 18.6569
Epoch: 0120 | TRAIN: 2.1436 0.3836 0.7105 | 0.4190 0.4190 0.1960 | 0.2142 33.0744 29.4396 0.1568 0.3793 0.5093 TEST: 2.4906 0.3464 0.6056 | 0.5443 0.5359 0.7634 | 0.2178 33.4527 39.5244 15.4808 36.5371 49.5711
lr at 121th epoch is 5e-06 for optimizer
current performance: 17.1294, best performance: 18.6569
Epoch: 0121 | TRAIN: 2.0706 0.3838 0.7148 | 0.4236 0.4236 0.1981 | 0.2167 33.2514 29.5565 0.1566 0.3787 0.5093 TEST: 2.4939 0.3475 0.6091 | 0.5529 0.5445 0.7686 | 0.2178 33.4192 39.5333 15.6596 36.7243 49.7290
lr at 122th epoch is 5e-06 for optimizer
current performance: 17.8253, best performance: 18.6569
Epoch: 0122 | TRAIN: 2.1517 0.3985 0.7160 | 0.4146 0.4146 0.1921 | 0.2122 32.8514 29.1428 0.1597 0.3850 0.5164 TEST: 2.4807 0.3540 0.6081 | 0.5552 0.5463 0.7756 | 0.2177 33.4695 39.5124 15.3882 36.3557 49.4853
lr at 123th epoch is 5e-06 for optimizer
current performance: 15.8813, best performance: 18.6569
Epoch: 0123 | TRAIN: 2.1069 0.3881 0.7149 | 0.4130 0.4130 0.1891 | 0.2143 33.0638 29.4872 0.1585 0.3788 0.5100 TEST: 2.6283 0.3398 0.5917 | 0.5631 0.5546 0.7859 | 0.2161 33.2641 39.3783 15.7466 37.0452 50.0253
lr at 124th epoch is 5e-06 for optimizer
current performance: 17.3789, best performance: 18.6569
Epoch: 0124 | TRAIN: 2.2102 0.3808 0.7097 | 0.4181 0.4181 0.1939 | 0.2156 33.1235 29.4047 0.1586 0.3815 0.5120 TEST: 2.5015 0.3482 0.6115 | 0.5485 0.5394 0.7676 | 0.2179 33.4763 39.5427 15.4164 36.4278 49.5081
lr at 125th epoch is 5e-06 for optimizer
current performance: 16.7410, best performance: 18.6569
Epoch: 0125 | TRAIN: 2.2213 0.3845 0.7097 | 0.4172 0.4172 0.1951 | 0.2174 33.3052 29.7052 0.1575 0.3773 0.5072 TEST: 2.4754 0.3433 0.6060 | 0.5502 0.5414 0.7698 | 0.2175 33.4085 39.5098 15.6898 36.7501 49.6779
lr at 126th epoch is 5e-06 for optimizer
current performance: 17.0376, best performance: 18.6569
Epoch: 0126 | TRAIN: 2.2145 0.3833 0.7075 | 0.4203 0.4203 0.1955 | 0.2138 33.0131 29.4120 0.1601 0.3803 0.5106 TEST: 2.4968 0.3521 0.5974 | 0.5724 0.5635 0.7882 | 0.2169 33.2920 39.4769 15.9137 37.1347 50.1157
lr at 127th epoch is 5e-06 for optimizer
current performance: 15.4037, best performance: 18.6569
Epoch: 0127 | TRAIN: 2.1831 0.3870 0.7119 | 0.4290 0.4290 0.1981 | 0.2144 33.0714 29.4087 0.1576 0.3790 0.5104 TEST: 2.6882 0.3381 0.5884 | 0.5670 0.5582 0.7851 | 0.2172 33.3552 39.4903 15.8286 36.7935 49.7873
lr at 128th epoch is 5e-06 for optimizer
current performance: 18.7458, best performance: 18.6569
Epoch: 0128 | TRAIN: 2.2080 0.3863 0.7122 | 0.4222 0.4222 0.1967 | 0.2158 33.1714 29.4368 0.1577 0.3795 0.5105 TEST: 2.4319 0.3614 0.6170 | 0.5562 0.5480 0.7636 | 0.2177 33.4243 39.5247 15.5055 36.6533 49.6733
lr at 129th epoch is 5e-06 for optimizer
current performance: 16.1758, best performance: 18.7458
Epoch: 0129 | TRAIN: 2.1770 0.3797 0.7109 | 0.4179 0.4179 0.1960 | 0.2153 33.1663 29.5237 0.1562 0.3774 0.5092 TEST: 2.6250 0.3402 0.5968 | 0.5498 0.5409 0.7633 | 0.2192 33.5776 39.6760 15.4286 36.3701 49.3240
lr at 130th epoch is 5e-06 for optimizer
current performance: 17.2174, best performance: 18.7458
Epoch: 0130 | TRAIN: 2.2237 0.3836 0.7130 | 0.4142 0.4142 0.1957 | 0.2144 33.0198 29.3534 0.1605 0.3827 0.5129 TEST: 2.4672 0.3501 0.6102 | 0.5605 0.5513 0.7822 | 0.2171 33.3741 39.4719 15.6103 36.7476 49.7548
lr at 131th epoch is 5e-06 for optimizer
current performance: 17.2457, best performance: 18.7458
Epoch: 0131 | TRAIN: 2.2244 0.3843 0.7099 | 0.4139 0.4139 0.1946 | 0.2152 33.1720 29.5799 0.1564 0.3763 0.5079 TEST: 2.5182 0.3460 0.6089 | 0.5468 0.5385 0.7597 | 0.2174 33.3757 39.5033 15.7082 36.8246 49.8037
lr at 132th epoch is 5e-06 for optimizer
current performance: 16.7279, best performance: 18.7458
Epoch: 0132 | TRAIN: 2.3059 0.3884 0.7066 | 0.4202 0.4202 0.1958 | 0.2145 33.0097 29.3539 0.1625 0.3825 0.5125 TEST: 2.5300 0.3450 0.6015 | 0.5574 0.5488 0.7698 | 0.2170 33.3237 39.4770 15.8607 36.9612 49.9630
lr at 133th epoch is 5e-06 for optimizer
current performance: 16.0224, best performance: 18.7458
Epoch: 0133 | TRAIN: 2.2433 0.3880 0.7141 | 0.4263 0.4263 0.1970 | 0.2169 33.2357 29.6249 0.1595 0.3802 0.5083 TEST: 2.6521 0.3381 0.5903 | 0.5503 0.5417 0.7593 | 0.2177 33.4430 39.5200 15.4499 36.5677 49.5734
lr at 134th epoch is 5e-06 for optimizer
current performance: 17.0199, best performance: 18.7458
Epoch: 0134 | TRAIN: 2.2558 0.3863 0.7133 | 0.4173 0.4173 0.1952 | 0.2132 32.9554 29.2321 0.1584 0.3820 0.5139 TEST: 2.6083 0.3443 0.6043 | 0.5478 0.5390 0.7548 | 0.2168 33.3642 39.4400 15.5229 36.6538 49.7540
lr at 135th epoch is 5e-06 for optimizer
current performance: 16.3951, best performance: 18.7458
Epoch: 0135 | TRAIN: 2.3242 0.3890 0.7136 | 0.4176 0.4176 0.1932 | 0.2124 32.8712 29.2904 0.1605 0.3840 0.5139 TEST: 2.6761 0.3409 0.5914 | 0.5499 0.5415 0.7665 | 0.2180 33.4439 39.5787 15.5859 36.6558 49.7056
lr at 136th epoch is 5e-06 for optimizer
current performance: 16.8616, best performance: 18.7458
Epoch: 0136 | TRAIN: 2.3308 0.3843 0.7086 | 0.4234 0.4234 0.1973 | 0.2147 33.0514 29.3525 0.1599 0.3819 0.5125 TEST: 2.5037 0.3515 0.6141 | 0.5700 0.5610 0.8058 | 0.2177 33.4789 39.5174 15.2000 36.3620 49.5529
lr at 137th epoch is 5e-06 for optimizer
current performance: 17.6010, best performance: 18.7458
Epoch: 0137 | TRAIN: 2.2452 0.3943 0.7145 | 0.4132 0.4132 0.1949 | 0.2163 33.2116 29.5378 0.1566 0.3798 0.5115 TEST: 2.4281 0.3516 0.6142 | 0.5513 0.5423 0.7747 | 0.2191 33.5530 39.6700 15.3548 36.3379 49.5164
lr at 138th epoch is 5e-06 for optimizer
current performance: 16.8523, best performance: 18.7458
Epoch: 0138 | TRAIN: 2.3351 0.3858 0.7080 | 0.4097 0.4097 0.1907 | 0.2167 33.2751 29.6029 0.1558 0.3774 0.5076 TEST: 2.6841 0.3418 0.5907 | 0.5428 0.5339 0.7579 | 0.2175 33.4282 39.5136 15.5743 36.4881 49.6101
lr at 139th epoch is 5e-06 for optimizer
current performance: 16.2481, best performance: 18.7458
Epoch: 0139 | TRAIN: 2.4234 0.3877 0.7110 | 0.4214 0.4214 0.1965 | 0.2155 33.1961 29.5832 0.1550 0.3766 0.5082 TEST: 2.7435 0.3415 0.5899 | 0.5536 0.5446 0.7721 | 0.2187 33.5193 39.6413 15.4155 36.4729 49.6335
lr at 140th epoch is 5e-06 for optimizer
current performance: 15.0780, best performance: 18.7458
Epoch: 0140 | TRAIN: 2.3683 0.3896 0.7121 | 0.4177 0.4177 0.1947 | 0.2153 33.1122 29.4036 0.1575 0.3813 0.5126 TEST: 2.6793 0.3435 0.5989 | 0.5916 0.5829 0.8286 | 0.2168 33.3155 39.4608 15.7224 36.9681 50.0095
lr at 141th epoch is 5e-06 for optimizer
current performance: 17.0444, best performance: 18.7458
Epoch: 0141 | TRAIN: 2.4076 0.3901 0.7083 | 0.4186 0.4186 0.1950 | 0.2168 33.2044 29.4306 0.1590 0.3819 0.5115 TEST: 2.5583 0.3500 0.6094 | 0.5652 0.5566 0.7805 | 0.2168 33.3072 39.4606 15.7562 37.0142 50.0765
lr at 142th epoch is 5e-06 for optimizer
current performance: 17.1447, best performance: 18.7458
Epoch: 0142 | TRAIN: 2.4063 0.3860 0.7041 | 0.4192 0.4192 0.1935 | 0.2138 32.9709 29.2705 0.1610 0.3829 0.5134 TEST: 2.6348 0.3434 0.6066 | 0.5446 0.5358 0.7612 | 0.2164 33.2675 39.4301 15.8391 37.1014 50.1083
lr at 143th epoch is 5e-06 for optimizer
current performance: 15.6653, best performance: 18.7458
Epoch: 0143 | TRAIN: 2.4021 0.3893 0.7079 | 0.4176 0.4176 0.1946 | 0.2147 32.9974 29.1863 0.1627 0.3846 0.5149 TEST: 2.7613 0.3353 0.5923 | 0.5512 0.5422 0.7773 | 0.2177 33.4269 39.5408 15.6003 36.7282 49.7093
lr at 144th epoch is 5e-06 for optimizer
current performance: 16.2574, best performance: 18.7458
Epoch: 0144 | TRAIN: 2.4859 0.3808 0.7057 | 0.4191 0.4191 0.1963 | 0.2174 33.3084 29.6839 0.1560 0.3787 0.5092 TEST: 2.6661 0.3415 0.5988 | 0.5557 0.5468 0.7811 | 0.2178 33.4303 39.5547 15.5984 36.7274 49.7388
lr at 145th epoch is 5e-06 for optimizer
current performance: 17.5081, best performance: 18.7458
Epoch: 0145 | TRAIN: 2.4379 0.3832 0.7043 | 0.4149 0.4149 0.1941 | 0.2152 33.0898 29.3367 0.1592 0.3819 0.5118 TEST: 2.5838 0.3501 0.6068 | 0.5513 0.5422 0.7712 | 0.2181 33.4649 39.5859 15.3830 36.6688 49.7298
lr at 146th epoch is 5e-06 for optimizer
current performance: 16.6340, best performance: 18.7458
Epoch: 0146 | TRAIN: 2.4442 0.3883 0.7079 | 0.4218 0.4218 0.1947 | 0.2165 33.2573 29.5880 0.1564 0.3770 0.5073 TEST: 2.7109 0.3426 0.5991 | 0.5506 0.5416 0.7692 | 0.2177 33.4083 39.5446 15.6731 36.7006 49.7255
lr at 147th epoch is 5e-06 for optimizer
current performance: 16.6022, best performance: 18.7458
Epoch: 0147 | TRAIN: 2.4363 0.3873 0.7082 | 0.4131 0.4131 0.1895 | 0.2153 33.0929 29.3280 0.1588 0.3830 0.5127 TEST: 2.7643 0.3389 0.5873 | 0.5421 0.5336 0.7574 | 0.2167 33.3282 39.4301 15.7822 36.7783 49.7776
lr at 148th epoch is 5e-06 for optimizer
current performance: 14.7892, best performance: 18.7458
Epoch: 0148 | TRAIN: 2.4217 0.3841 0.7053 | 0.4172 0.4172 0.1925 | 0.2156 33.1037 29.3690 0.1607 0.3826 0.5119 TEST: 2.9089 0.3326 0.5801 | 0.5648 0.5566 0.7834 | 0.2170 33.3420 39.4694 15.6858 36.8146 49.8772
lr at 149th epoch is 5e-06 for optimizer
current performance: 13.7043, best performance: 18.7458
Epoch: 0149 | TRAIN: 2.4381 0.3867 0.7070 | 0.4344 0.4344 0.1980 | 0.2143 32.9843 29.2263 0.1609 0.3849 0.5146 TEST: 3.1351 0.3222 0.5610 | 0.5596 0.5508 0.7840 | 0.2169 33.3447 39.4642 15.7438 36.8382 49.8369
lr at 150th epoch is 5e-06 for optimizer
current performance: 16.4158, best performance: 18.7458
Epoch: 0150 | TRAIN: 2.4590 0.3838 0.7052 | 0.4212 0.4212 0.1951 | 0.2156 33.0969 29.3381 0.1619 0.3826 0.5115 TEST: 2.7113 0.3462 0.5997 | 0.5593 0.5505 0.7874 | 0.2198 33.6776 39.7175 14.9752 35.9509 49.1261
lr at 151th epoch is 5e-06 for optimizer
current performance: 14.8421, best performance: 18.7458
Epoch: 0151 | TRAIN: 2.4859 0.3866 0.7050 | 0.4242 0.4242 0.1953 | 0.2178 33.3345 29.6088 0.1559 0.3784 0.5080 TEST: 2.8565 0.3262 0.5852 | 0.5398 0.5309 0.7549 | 0.2187 33.5630 39.6191 15.2210 36.2173 49.3580
lr at 152th epoch is 5e-06 for optimizer
current performance: 14.8837, best performance: 18.7458
Epoch: 0152 | TRAIN: 2.5585 0.3845 0.7029 | 0.4283 0.4283 0.1954 | 0.2166 33.2369 29.4759 0.1577 0.3784 0.5090 TEST: 2.8465 0.3306 0.5836 | 0.5554 0.5471 0.7760 | 0.2178 33.3927 39.5751 15.7499 36.8072 49.8774
lr at 153th epoch is 5e-06 for optimizer
current performance: 16.5927, best performance: 18.7458
Epoch: 0153 | TRAIN: 2.4363 0.3862 0.7061 | 0.4188 0.4188 0.1940 | 0.2167 33.2582 29.6366 0.1560 0.3776 0.5095 TEST: 2.7357 0.3422 0.5943 | 0.5508 0.5421 0.7656 | 0.2170 33.3802 39.4703 15.5508 36.5839 49.7431
lr at 154th epoch is 5e-06 for optimizer
current performance: 14.8571, best performance: 18.7458
Epoch: 0154 | TRAIN: 2.5137 0.3852 0.7054 | 0.4184 0.4184 0.1963 | 0.2157 33.1203 29.3831 0.1595 0.3818 0.5124 TEST: 2.9342 0.3309 0.5767 | 0.5548 0.5460 0.7820 | 0.2182 33.4991 39.5791 15.3903 36.3240 49.4898
lr at 155th epoch is 5e-06 for optimizer
current performance: 15.5853, best performance: 18.7458
Epoch: 0155 | TRAIN: 2.5444 0.3899 0.7048 | 0.4150 0.4150 0.1917 | 0.2149 33.0089 29.1512 0.1610 0.3863 0.5166 TEST: 2.7585 0.3369 0.5912 | 0.5555 0.5465 0.7757 | 0.2184 33.5105 39.5936 15.3675 36.4016 49.5155
lr at 156th epoch is 5e-06 for optimizer
current performance: 14.5958, best performance: 18.7458
Epoch: 0156 | TRAIN: 2.5089 0.3865 0.7079 | 0.4244 0.4244 0.1949 | 0.2173 33.3054 29.6813 0.1556 0.3776 0.5092 TEST: 2.8231 0.3326 0.5870 | 0.5684 0.5599 0.7884 | 0.2175 33.3833 39.5192 15.7288 36.7232 49.7861
lr at 157th epoch is 5e-06 for optimizer
current performance: 16.5535, best performance: 18.7458
Epoch: 0157 | TRAIN: 2.5783 0.3916 0.7031 | 0.4216 0.4216 0.1919 | 0.2180 33.2966 29.4935 0.1596 0.3806 0.5095 TEST: 2.7878 0.3435 0.5960 | 0.5517 0.5432 0.7629 | 0.2192 33.5258 39.6983 15.5413 36.6141 49.6496
lr at 158th epoch is 5e-06 for optimizer
current performance: 15.6806, best performance: 18.7458
Epoch: 0158 | TRAIN: 2.6434 0.3888 0.7025 | 0.4157 0.4157 0.1912 | 0.2162 33.1890 29.3964 0.1565 0.3809 0.5119 TEST: 2.8953 0.3326 0.5902 | 0.5461 0.5375 0.7656 | 0.2169 33.2796 39.4963 15.8995 37.1536 50.2389
lr at 159th epoch is 5e-06 for optimizer
current performance: 14.8690, best performance: 18.7458
Epoch: 0159 | TRAIN: 2.6686 0.3847 0.7033 | 0.4149 0.4149 0.1947 | 0.2159 33.1553 29.3653 0.1581 0.3807 0.5116 TEST: 2.9560 0.3300 0.5801 | 0.5524 0.5439 0.7664 | 0.2184 33.4664 39.5961 15.6805 36.5909 49.6177
lr at 160th epoch is 5e-06 for optimizer
current performance: 14.8327, best performance: 18.7458
Epoch: 0160 | TRAIN: 2.6149 0.3859 0.7047 | 0.4192 0.4192 0.1946 | 0.2174 33.2526 29.4754 0.1607 0.3793 0.5089 TEST: 2.9586 0.3296 0.5790 | 0.5503 0.5417 0.7646 | 0.2189 33.5443 39.6394 15.4168 36.3529 49.4332
lr at 161th epoch is 5e-06 for optimizer
current performance: 15.5833, best performance: 18.7458
Epoch: 0161 | TRAIN: 2.6213 0.3849 0.7039 | 0.4236 0.4236 0.1951 | 0.2175 33.3032 29.5078 0.1566 0.3780 0.5081 TEST: 2.9319 0.3339 0.5803 | 0.5473 0.5387 0.7602 | 0.2182 33.4767 39.5882 15.4598 36.5592 49.6884
lr at 162th epoch is 5e-06 for optimizer
current performance: 13.0115, best performance: 18.7458
Epoch: 0162 | TRAIN: 2.5520 0.3887 0.7061 | 0.4116 0.4116 0.1901 | 0.2174 33.2473 29.4871 0.1590 0.3812 0.5115 TEST: 3.2469 0.3170 0.5609 | 0.5591 0.5503 0.7822 | 0.2179 33.3945 39.5871 15.7633 36.8998 49.9701
lr at 163th epoch is 5e-06 for optimizer
current performance: 15.8151, best performance: 18.7458
Epoch: 0163 | TRAIN: 2.6492 0.3846 0.7029 | 0.4219 0.4219 0.1938 | 0.2175 33.2393 29.3871 0.1599 0.3827 0.5121 TEST: 2.7683 0.3404 0.5973 | 0.5608 0.5521 0.7855 | 0.2187 33.4946 39.6609 15.5772 36.6405 49.7162
lr at 164th epoch is 5e-06 for optimizer
current performance: 14.2336, best performance: 18.7458
Epoch: 0164 | TRAIN: 2.6387 0.3911 0.7074 | 0.4154 0.4154 0.1922 | 0.2160 33.1443 29.3723 0.1597 0.3804 0.5118 TEST: 2.9677 0.3248 0.5833 | 0.5515 0.5428 0.7723 | 0.2188 33.4869 39.6574 15.5175 36.7244 49.8119
lr at 165th epoch is 5e-06 for optimizer
current performance: 12.9937, best performance: 18.7458
Epoch: 0165 | TRAIN: 2.6938 0.3850 0.7017 | 0.4170 0.4170 0.1908 | 0.2171 33.2130 29.4299 0.1598 0.3813 0.5123 TEST: 3.2890 0.3161 0.5617 | 0.5546 0.5464 0.7769 | 0.2189 33.4587 39.6898 15.7580 36.8741 49.8749
lr at 166th epoch is 5e-06 for optimizer
current performance: 13.4950, best performance: 18.7458
Epoch: 0166 | TRAIN: 2.7551 0.3839 0.7020 | 0.4207 0.4207 0.1907 | 0.2176 33.3197 29.5597 0.1566 0.3768 0.5085 TEST: 3.0877 0.3226 0.5727 | 0.5587 0.5497 0.7841 | 0.2194 33.6262 39.6973 15.1839 36.1574 49.3425
lr at 167th epoch is 5e-06 for optimizer
current performance: 14.8198, best performance: 18.7458
Epoch: 0167 | TRAIN: 2.8368 0.3860 0.6976 | 0.4286 0.4286 0.1969 | 0.2186 33.3829 29.6641 0.1560 0.3782 0.5083 TEST: 3.0857 0.3277 0.5797 | 0.5470 0.5380 0.7653 | 0.2185 33.4748 39.6298 15.5212 36.6408 49.7578
lr at 168th epoch is 5e-06 for optimizer
current performance: 14.0974, best performance: 18.7458
Epoch: 0168 | TRAIN: 2.7800 0.3826 0.6940 | 0.4219 0.4219 0.1957 | 0.2186 33.3927 29.7043 0.1560 0.3780 0.5076 TEST: 3.0356 0.3232 0.5823 | 0.5516 0.5425 0.7713 | 0.2181 33.4293 39.5981 15.5747 36.8304 49.8812
lr at 169th epoch is 5e-06 for optimizer
current performance: 16.1854, best performance: 18.7458
Epoch: 0169 | TRAIN: 2.8262 0.3821 0.6971 | 0.4187 0.4187 0.1911 | 0.2180 33.2559 29.4461 0.1616 0.3821 0.5115 TEST: 2.9137 0.3389 0.5925 | 0.5490 0.5401 0.7672 | 0.2186 33.4552 39.6505 15.7383 36.7506 49.7843
lr at 170th epoch is 5e-06 for optimizer
current performance: 16.3128, best performance: 18.7458
Epoch: 0170 | TRAIN: 2.7674 0.3814 0.6996 | 0.4202 0.4202 0.1948 | 0.2166 33.1580 29.3320 0.1604 0.3825 0.5130 TEST: 2.8506 0.3421 0.5981 | 0.5543 0.5453 0.7768 | 0.2187 33.4961 39.6532 15.4744 36.6179 49.7236
lr at 171th epoch is 5e-06 for optimizer
current performance: 16.7510, best performance: 18.7458
Epoch: 0171 | TRAIN: 2.8530 0.3875 0.6979 | 0.4199 0.4199 0.1907 | 0.2187 33.4036 29.5994 0.1548 0.3773 0.5085 TEST: 2.7835 0.3458 0.5964 | 0.5460 0.5371 0.7702 | 0.2222 33.8491 39.9840 15.0466 35.9888 49.0741
lr at 172th epoch is 5e-06 for optimizer
current performance: 14.9297, best performance: 18.7458
Epoch: 0172 | TRAIN: 2.6823 0.3891 0.7059 | 0.4213 0.4213 0.1937 | 0.2194 33.4273 29.6811 0.1571 0.3767 0.5083 TEST: 3.1491 0.3297 0.5744 | 0.5491 0.5398 0.7667 | 0.2194 33.5379 39.7410 15.4955 36.6607 49.7576
lr at 173th epoch is 5e-06 for optimizer
current performance: 13.7466, best performance: 18.7458
Epoch: 0173 | TRAIN: 2.9167 0.3779 0.6964 | 0.4177 0.4177 0.1924 | 0.2164 33.1321 29.2978 0.1610 0.3835 0.5137 TEST: 3.2461 0.3237 0.5618 | 0.5571 0.5484 0.7843 | 0.2194 33.5778 39.7198 15.3301 36.3819 49.4909
lr at 174th epoch is 5e-06 for optimizer
current performance: 13.2155, best performance: 18.7458
Epoch: 0174 | TRAIN: 2.9770 0.3791 0.6935 | 0.4232 0.4232 0.1951 | 0.2192 33.3703 29.4651 0.1590 0.3813 0.5102 TEST: 3.2983 0.3193 0.5642 | 0.5592 0.5498 0.7814 | 0.2187 33.4876 39.6423 15.4485 36.6441 49.7518
lr at 175th epoch is 5e-06 for optimizer
current performance: 13.7258, best performance: 18.7458
Epoch: 0175 | TRAIN: 2.9658 0.3769 0.6922 | 0.4141 0.4141 0.1922 | 0.2183 33.3376 29.5767 0.1563 0.3799 0.5110 TEST: 3.2330 0.3233 0.5673 | 0.5585 0.5497 0.7823 | 0.2188 33.4960 39.6551 15.6109 36.6377 49.6763
lr at 176th epoch is 5e-06 for optimizer
current performance: 15.1158, best performance: 18.7458
Epoch: 0176 | TRAIN: 3.0504 0.3827 0.6906 | 0.4191 0.4191 0.1905 | 0.2205 33.5347 29.7983 0.1584 0.3759 0.5047 TEST: 2.9756 0.3306 0.5929 | 0.5480 0.5395 0.7626 | 0.2188 33.4841 39.6746 15.6124 36.8171 49.7909
lr at 177th epoch is 5e-06 for optimizer
current performance: 13.3411, best performance: 18.7458
Epoch: 0177 | TRAIN: 3.0708 0.3811 0.6930 | 0.4209 0.4209 0.1931 | 0.2194 33.4104 29.5794 0.1585 0.3789 0.5089 TEST: 3.3275 0.3156 0.5574 | 0.5415 0.5328 0.7555 | 0.2193 33.6166 39.6891 15.1834 36.1438 49.3311
lr at 178th epoch is 5e-06 for optimizer
current performance: 13.1556, best performance: 18.7458
Epoch: 0178 | TRAIN: 3.0425 0.3818 0.6911 | 0.4224 0.4224 0.1937 | 0.2199 33.4678 29.6073 0.1569 0.3789 0.5080 TEST: 3.3669 0.3178 0.5622 | 0.5468 0.5380 0.7645 | 0.2221 33.8381 39.9817 14.9496 35.9618 49.1123
lr at 179th epoch is 5e-06 for optimizer
current performance: 15.2244, best performance: 18.7458
Epoch: 0179 | TRAIN: 3.0856 0.3785 0.6923 | 0.4209 0.4209 0.1922 | 0.2212 33.5551 29.7273 0.1576 0.3779 0.5078 TEST: 3.0388 0.3329 0.5831 | 0.5501 0.5415 0.7693 | 0.2195 33.5710 39.7310 15.4489 36.4217 49.5794
lr at 180th epoch is 5e-06 for optimizer
current performance: 14.4848, best performance: 18.7458
Epoch: 0180 | TRAIN: 3.2057 0.3794 0.6898 | 0.4177 0.4177 0.1928 | 0.2179 33.2840 29.5692 0.1584 0.3814 0.5115 TEST: 3.2887 0.3238 0.5680 | 0.5414 0.5327 0.7624 | 0.2193 33.5315 39.7221 15.4899 36.6570 49.7289
lr at 181th epoch is 5e-06 for optimizer
current performance: 14.2601, best performance: 18.7458
Epoch: 0181 | TRAIN: 3.1244 0.3802 0.6921 | 0.4233 0.4233 0.1948 | 0.2202 33.4590 29.5787 0.1587 0.3789 0.5087 TEST: 3.2859 0.3278 0.5671 | 0.5557 0.5471 0.7784 | 0.2203 33.6401 39.8094 15.3618 36.4265 49.4532
lr at 182th epoch is 5e-06 for optimizer
current performance: 13.5600, best performance: 18.7458
Epoch: 0182 | TRAIN: 3.1338 0.3771 0.6869 | 0.4194 0.4194 0.1911 | 0.2164 33.0787 29.1665 0.1630 0.3869 0.5170 TEST: 3.3933 0.3205 0.5578 | 0.5472 0.5387 0.7657 | 0.2218 33.7513 39.9645 15.2937 36.2610 49.3728
lr at 183th epoch is 5e-06 for optimizer
current performance: 12.7014, best performance: 18.7458
Epoch: 0183 | TRAIN: 3.1530 0.3770 0.6885 | 0.4199 0.4199 0.1936 | 0.2212 33.5587 29.7427 0.1571 0.3766 0.5069 TEST: 3.6433 0.3152 0.5465 | 0.5538 0.5449 0.7781 | 0.2206 33.6723 39.8407 15.3043 36.2550 49.4055
lr at 184th epoch is 5e-06 for optimizer
current performance: 13.2138, best performance: 18.7458
Epoch: 0184 | TRAIN: 3.1364 0.3752 0.6913 | 0.4234 0.4234 0.1939 | 0.2210 33.5550 29.7058 0.1553 0.3775 0.5077 TEST: 3.4426 0.3182 0.5597 | 0.5525 0.5437 0.7757 | 0.2207 33.6059 39.8829 15.5769 36.6454 49.7126
lr at 185th epoch is 5e-06 for optimizer
current performance: 13.7622, best performance: 18.7458
Epoch: 0185 | TRAIN: 3.3035 0.3824 0.6886 | 0.4193 0.4193 0.1907 | 0.2205 33.5089 29.7143 0.1568 0.3767 0.5072 TEST: 3.2226 0.3247 0.5728 | 0.5553 0.5462 0.7744 | 0.2218 33.7614 39.9633 15.2636 36.1339 49.2831
lr at 186th epoch is 5e-06 for optimizer
current performance: 12.6835, best performance: 18.7458
Epoch: 0186 | TRAIN: 3.3055 0.3748 0.6850 | 0.4273 0.4273 0.1978 | 0.2224 33.6742 29.8579 0.1556 0.3738 0.5050 TEST: 3.5691 0.3125 0.5475 | 0.5465 0.5375 0.7643 | 0.2209 33.6712 39.8936 15.4921 36.3826 49.4007
lr at 187th epoch is 5e-06 for optimizer
current performance: 13.3413, best performance: 18.7458
Epoch: 0187 | TRAIN: 3.1648 0.3771 0.6896 | 0.4276 0.4276 0.1958 | 0.2223 33.6515 29.7523 0.1556 0.3766 0.5065 TEST: 3.3609 0.3200 0.5677 | 0.5557 0.5474 0.7765 | 0.2197 33.5550 39.7545 15.5112 36.5472 49.6537
lr at 188th epoch is 5e-06 for optimizer
current performance: 10.6315, best performance: 18.7458
Epoch: 0188 | TRAIN: 3.3081 0.3766 0.6799 | 0.4263 0.4263 0.1956 | 0.2230 33.6994 29.8396 0.1568 0.3758 0.5046 TEST: 3.3767 0.3067 0.5557 | 0.5636 0.5553 0.7847 | 0.2260 34.1594 40.3536 14.8351 35.4225 48.5170
lr at 189th epoch is 5e-06 for optimizer
current performance: 11.1655, best performance: 18.7458
Epoch: 0189 | TRAIN: 3.3993 0.3734 0.6809 | 0.4245 0.4245 0.1935 | 0.2215 33.5636 29.6809 0.1577 0.3783 0.5072 TEST: 3.5385 0.3084 0.5476 | 0.5701 0.5613 0.7898 | 0.2204 33.6376 39.8196 15.3613 36.3566 49.4847
lr at 190th epoch is 5e-06 for optimizer
current performance: 12.1616, best performance: 18.7458
Epoch: 0190 | TRAIN: 3.3312 0.3817 0.6841 | 0.4289 0.4289 0.1909 | 0.2195 33.3982 29.5494 0.1586 0.3790 0.5094 TEST: 3.6040 0.3123 0.5523 | 0.5515 0.5430 0.7718 | 0.2231 33.9072 40.0772 15.0327 35.8486 48.9606
lr at 191th epoch is 5e-06 for optimizer
current performance: 11.9422, best performance: 18.7458
Epoch: 0191 | TRAIN: 3.4040 0.3715 0.6801 | 0.4242 0.4242 0.1952 | 0.2254 33.9782 30.1191 0.1510 0.3682 0.4992 TEST: 3.6114 0.3112 0.5516 | 0.5604 0.5523 0.7794 | 0.2202 33.6094 39.8152 15.3676 36.5061 49.6642
lr at 192th epoch is 5e-06 for optimizer
current performance: 14.3103, best performance: 18.7458
Epoch: 0192 | TRAIN: 3.2829 0.3779 0.6845 | 0.4296 0.4296 0.1965 | 0.2235 33.7531 29.8711 0.1546 0.3743 0.5049 TEST: 3.1047 0.3266 0.5793 | 0.5467 0.5380 0.7687 | 0.2220 33.8113 39.9801 15.0932 36.0617 49.1378
lr at 193th epoch is 5e-06 for optimizer
current performance: 12.0057, best performance: 18.7458
Epoch: 0193 | TRAIN: 3.4179 0.3728 0.6804 | 0.4214 0.4214 0.1893 | 0.2220 33.6646 29.8260 0.1530 0.3735 0.5057 TEST: 3.5963 0.3089 0.5454 | 0.5487 0.5404 0.7690 | 0.2218 33.7536 39.9652 15.2596 36.2482 49.3806
lr at 194th epoch is 5e-06 for optimizer
current performance: 11.5312, best performance: 18.7458
Epoch: 0194 | TRAIN: 3.4268 0.3680 0.6739 | 0.4250 0.4250 0.1925 | 0.2228 33.6951 29.7913 0.1547 0.3758 0.5063 TEST: 3.8125 0.3111 0.5362 | 0.5632 0.5545 0.7830 | 0.2230 33.8862 40.0830 14.9334 35.9134 49.1625
lr at 195th epoch is 5e-06 for optimizer
current performance: 9.6965, best performance: 18.7458
Epoch: 0195 | TRAIN: 3.5153 0.3742 0.6783 | 0.4294 0.4294 0.1944 | 0.2223 33.7015 29.7889 0.1531 0.3725 0.5055 TEST: 4.1850 0.2947 0.5268 | 0.5613 0.5528 0.7801 | 0.2212 33.7253 39.8947 15.2114 36.1175 49.2914
lr at 196th epoch is 5e-06 for optimizer
current performance: 11.2836, best performance: 18.7458
Epoch: 0196 | TRAIN: 3.5265 0.3723 0.6778 | 0.4296 0.4296 0.1961 | 0.2228 33.6871 29.8062 0.1555 0.3750 0.5061 TEST: 3.5328 0.3128 0.5529 | 0.5710 0.5628 0.7997 | 0.2239 33.9803 40.1640 14.9217 35.7690 48.8873
lr at 197th epoch is 5e-06 for optimizer
current performance: 14.1305, best performance: 18.7458
Epoch: 0197 | TRAIN: 3.5446 0.3773 0.6806 | 0.4250 0.4250 0.1893 | 0.2241 33.7838 29.8129 0.1545 0.3761 0.5069 TEST: 3.1603 0.3309 0.5817 | 0.5605 0.5521 0.7788 | 0.2231 33.9151 40.0702 14.9449 35.8507 48.9731
lr at 198th epoch is 5e-06 for optimizer
current performance: 9.4373, best performance: 18.7458
Epoch: 0198 | TRAIN: 3.7589 0.3771 0.6705 | 0.4295 0.4295 0.1965 | 0.2233 33.7765 29.9709 0.1525 0.3719 0.5045 TEST: 4.4261 0.2890 0.5057 | 0.5476 0.5391 0.7651 | 0.2220 33.8287 39.9763 15.0854 35.9343 49.0597
lr at 199th epoch is 5e-06 for optimizer
current performance: 11.3281, best performance: 18.7458
Epoch: 0199 | TRAIN: 3.6161 0.3683 0.6756 | 0.4254 0.4254 0.1919 | 0.2243 33.8226 29.9693 0.1547 0.3734 0.5040 TEST: 4.0136 0.3007 0.5340 | 0.5446 0.5363 0.7530 | 0.2197 33.5847 39.7532 15.4053 36.4267 49.5629
Epoch: 0128 | TRAIN: 2.2080 0.3863 0.7122 | 0.4222 0.4222 0.1967 | 0.2158 33.1714 29.4368 0.1577 0.3795 0.5105 TEST: 2.4319 0.3614 0.6170 | 0.5562 0.5480 0.7636 | 0.2177 33.4243 39.5247 15.5055 36.6533 49.6733
