
CommandNotFoundError: Your shell has not been properly configured to use 'conda activate'.
To initialize your shell, run

    $ conda init <SHELL_NAME>

Currently supported shells are:
  - bash
  - fish
  - tcsh
  - xonsh
  - zsh
  - powershell

See 'conda init --help' for more information and options.

IMPORTANT: You may need to close and restart your shell after running 'conda init'.


/scratch_tmp/grp/grv_shi/k21220263/MTPSL/nyu_mtl_xtc.py:108: FutureWarning: You are using `torch.load` with `weights_only=False` (the current default value), which uses the default pickle module implicitly. It is possible to construct malicious pickle data which will execute arbitrary code during unpickling (See https://github.com/pytorch/pytorch/blob/main/SECURITY.md#untrusted-models for more details). In a future release, the default value for `weights_only` will be flipped to `True`. This limits the functions that could be executed during unpickling. Arbitrary objects will no longer be allowed to be loaded via this mode unless they are explicitly allowlisted by the user via `torch.serialization.add_safe_globals`. We recommend you start setting `weights_only=True` for any use case where you don't have full control of the loaded file. Please open an issue on GitHub for any issues related to this experimental feature.
  labels_weights = torch.load('{}onelabel.pth'.format(opt.labelroot))['labels_weights'].float().cuda()
Parameter Space: ABS: 46081347.0, REL: 1.8447

LOSS FORMAT: SEMANTIC_LOSS MEAN_IOU PIX_ACC | DEPTH_LOSS ABS_ERR ROOT_MSE | NORMAL_LOSS MEAN MED <11.25 <22.5 <30

lr at 0th epoch is 0.0001 for optimizer and 0.001 for film
current performance: -85.5233, best performance: -100.0000
Epoch: 0000 | TRAIN: 3.8972 0.0126 0.0677 | 1.5285 1.5285 0.6960 | 0.3979 50.3257 49.4239 0.0142 0.0801 0.1625 TEST: 2.7188 0.0043 0.0552 | 1.5410 1.5242 1.9341 | 0.3748 48.3117 52.2661 2.1478 11.2014 20.6858
lr at 1th epoch is 0.0001 for optimizer and 0.001 for film
current performance: -66.2064, best performance: -85.5233
Epoch: 0001 | TRAIN: 3.1097 0.0125 0.0643 | 1.1019 1.1019 0.4291 | 0.3632 47.7049 47.7043 0.0182 0.1036 0.2015 TEST: 2.7593 0.0042 0.0551 | 1.0987 1.0801 1.5260 | 0.3683 48.1902 51.7218 1.5631 9.0731 18.0405
lr at 2th epoch is 0.0001 for optimizer and 0.001 for film
current performance: -78.9914, best performance: -66.2064
Epoch: 0002 | TRAIN: 2.9852 0.0115 0.0576 | 1.0827 1.0827 0.4067 | 0.3585 47.4387 47.2275 0.0170 0.0990 0.1949 TEST: 2.8041 0.0043 0.0552 | 1.4162 1.3991 1.8419 | 0.3572 47.2976 50.8382 1.8911 10.0966 19.2276
lr at 3th epoch is 0.0001 for optimizer and 0.001 for film
current performance: -74.7173, best performance: -66.2064
Epoch: 0003 | TRAIN: 2.9542 0.0096 0.0524 | 1.0684 1.0684 0.3986 | 0.3546 47.0470 46.8753 0.0204 0.1078 0.2050 TEST: 3.1425 0.0042 0.0551 | 1.2980 1.2807 1.7195 | 0.3667 48.0510 51.6059 1.5837 9.1557 17.9707
lr at 4th epoch is 0.0001 for optimizer and 0.001 for film
current performance: -74.5015, best performance: -66.2064
Epoch: 0004 | TRAIN: 2.9910 0.0106 0.0544 | 1.0437 1.0437 0.3977 | 0.3476 46.4233 45.9577 0.0244 0.1181 0.2141 TEST: 2.6397 0.0042 0.0551 | 1.3333 1.3158 1.7593 | 0.3497 46.4860 50.3143 2.8715 12.0668 21.0005
lr at 5th epoch is 0.0001 for optimizer and 0.001 for film
current performance: -82.1425, best performance: -66.2064
Epoch: 0005 | TRAIN: 2.9436 0.0107 0.0559 | 1.0439 1.0439 0.3821 | 0.3454 46.1865 45.5007 0.0273 0.1204 0.2155 TEST: 2.9717 0.0045 0.0559 | 1.5142 1.4979 1.9200 | 0.3477 46.3101 50.1543 3.0088 12.3329 21.2750
lr at 6th epoch is 0.0001 for optimizer and 0.001 for film
current performance: -63.8238, best performance: -66.2064
Epoch: 0006 | TRAIN: 3.0329 0.0108 0.0572 | 1.0959 1.0959 0.4218 | 0.3427 45.9336 45.1931 0.0282 0.1251 0.2209 TEST: 2.6937 0.0042 0.0551 | 1.1161 1.0972 1.5441 | 0.3363 45.3758 49.3453 2.9953 12.2486 21.8102
lr at 7th epoch is 0.0001 for optimizer and 0.001 for film
current performance: -81.2704, best performance: -63.8238
Epoch: 0007 | TRAIN: 2.9109 0.0086 0.0499 | 1.0519 1.0519 0.3885 | 0.3383 45.5428 44.6485 0.0308 0.1292 0.2277 TEST: 2.6191 0.0042 0.0551 | 1.5088 1.4916 1.9153 | 0.3394 45.7402 49.5347 2.7505 11.6506 20.7362
lr at 8th epoch is 0.0001 for optimizer and 0.001 for film
current performance: -72.5725, best performance: -63.8238
Epoch: 0008 | TRAIN: 2.8963 0.0085 0.0502 | 1.0279 1.0279 0.3850 | 0.3428 45.9233 45.5126 0.0306 0.1270 0.2220 TEST: 2.9241 0.0042 0.0551 | 1.2939 1.2761 1.7219 | 0.3461 46.2943 50.0101 2.6711 11.6474 20.6355
lr at 9th epoch is 0.0001 for optimizer and 0.001 for film
current performance: -72.0793, best performance: -63.8238
Epoch: 0009 | TRAIN: 2.9373 0.0103 0.0553 | 1.0200 1.0200 0.3863 | 0.3440 46.0037 45.5341 0.0302 0.1275 0.2235 TEST: 2.7294 0.0042 0.0551 | 1.3110 1.2933 1.7399 | 0.3337 45.1778 49.1134 3.2625 12.6554 22.0379
lr at 10th epoch is 0.0001 for optimizer and 0.001 for film
current performance: -67.0809, best performance: -63.8238
Epoch: 0010 | TRAIN: 2.9003 0.0087 0.0507 | 1.0130 1.0130 0.3777 | 0.3407 45.7660 44.9819 0.0296 0.1250 0.2211 TEST: 3.0395 0.0046 0.0563 | 1.1786 1.1600 1.6047 | 0.3407 45.9084 49.6331 2.5732 11.2442 20.2318
lr at 11th epoch is 0.0001 for optimizer and 0.001 for film
current performance: -72.7422, best performance: -63.8238
Epoch: 0011 | TRAIN: 2.9465 0.0094 0.0525 | 0.9883 0.9883 0.3739 | 0.3406 45.7509 45.0135 0.0302 0.1266 0.2222 TEST: 3.1514 0.0042 0.0551 | 1.3294 1.3117 1.7574 | 0.3328 45.0612 49.0129 3.7076 13.3392 22.3675
lr at 12th epoch is 0.0001 for optimizer and 0.001 for film
current performance: -72.9953, best performance: -63.8238
Epoch: 0012 | TRAIN: 2.9772 0.0099 0.0538 | 1.0711 1.0711 0.3961 | 0.3389 45.5924 44.7092 0.0314 0.1285 0.2243 TEST: 3.0741 0.0042 0.0551 | 1.3186 1.3008 1.7324 | 0.3390 45.7125 49.5526 2.5500 11.1705 20.4595
lr at 13th epoch is 0.0001 for optimizer and 0.001 for film
current performance: -73.1897, best performance: -63.8238
Epoch: 0013 | TRAIN: 2.8848 0.0081 0.0501 | 1.0480 1.0480 0.3912 | 0.3399 45.6278 44.6366 0.0312 0.1285 0.2260 TEST: 2.5449 0.0043 0.0552 | 1.3388 1.3210 1.7702 | 0.3342 45.1035 49.2837 2.5160 11.8859 23.6001
lr at 14th epoch is 0.0001 for optimizer and 0.001 for film
current performance: -77.0192, best performance: -63.8238
Epoch: 0014 | TRAIN: 2.8753 0.0087 0.0514 | 1.0163 1.0163 0.3908 | 0.3405 45.7032 44.7646 0.0306 0.1272 0.2237 TEST: 3.0864 0.0042 0.0551 | 1.4037 1.3863 1.8211 | 0.3421 46.0110 49.8466 1.8014 9.5697 19.9357
lr at 15th epoch is 0.0001 for optimizer and 0.001 for film
current performance: -81.4107, best performance: -63.8238
Epoch: 0015 | TRAIN: 2.9766 0.0095 0.0531 | 1.0203 1.0203 0.3789 | 0.3421 45.8562 44.9784 0.0297 0.1253 0.2223 TEST: 2.6054 0.0042 0.0551 | 1.4889 1.4719 1.8983 | 0.3483 46.6365 50.2155 1.9229 9.8594 18.8274
lr at 16th epoch is 0.0001 for optimizer and 0.001 for film
current performance: -64.1715, best performance: -63.8238
Epoch: 0016 | TRAIN: 2.8916 0.0090 0.0503 | 1.0478 1.0478 0.3854 | 0.3405 45.7600 45.0252 0.0288 0.1250 0.2232 TEST: 3.0340 0.0042 0.0551 | 1.1191 1.1003 1.5477 | 0.3373 45.5667 49.4138 2.5735 11.2940 20.8735
lr at 17th epoch is 0.0001 for optimizer and 0.001 for film
current performance: -63.9815, best performance: -63.8238
Epoch: 0017 | TRAIN: 2.8896 0.0093 0.0523 | 1.0146 1.0146 0.3761 | 0.3438 45.9823 45.2845 0.0301 0.1255 0.2203 TEST: 2.9849 0.0042 0.0551 | 1.1183 1.0994 1.5420 | 0.3371 45.4324 49.3726 3.2480 12.6563 21.8617
lr at 18th epoch is 0.0001 for optimizer and 0.001 for film
current performance: -67.3171, best performance: -63.8238
Epoch: 0018 | TRAIN: 2.8547 0.0084 0.0512 | 0.9827 0.9827 0.3676 | 0.3419 45.8457 45.1905 0.0300 0.1266 0.2235 TEST: 2.7271 0.0042 0.0551 | 1.2035 1.1852 1.6297 | 0.3342 45.0980 49.1525 3.6789 13.4680 22.7944
lr at 19th epoch is 0.0001 for optimizer and 0.001 for film
current performance: -67.7999, best performance: -63.8238
Epoch: 0019 | TRAIN: 2.8911 0.0081 0.0497 | 1.0128 1.0128 0.3732 | 0.3382 45.4769 44.5784 0.0329 0.1338 0.2296 TEST: 2.7528 0.0042 0.0551 | 1.2103 1.1919 1.6361 | 0.3345 45.2693 49.1886 3.0234 12.2103 21.5788
lr at 20th epoch is 0.0001 for optimizer and 0.001 for film
current performance: -70.7658, best performance: -63.8238
Epoch: 0020 | TRAIN: 2.8944 0.0091 0.0533 | 1.0098 1.0098 0.3749 | 0.3423 45.7859 45.0164 0.0315 0.1297 0.2289 TEST: 2.8417 0.0042 0.0551 | 1.2656 1.2474 1.6936 | 0.3395 45.7818 49.5535 2.4723 11.1679 20.4859
lr at 21th epoch is 0.0001 for optimizer and 0.001 for film
current performance: -66.4411, best performance: -63.8238
Epoch: 0021 | TRAIN: 2.9641 0.0091 0.0516 | 0.9961 0.9961 0.3839 | 0.3429 45.8447 45.0692 0.0314 0.1291 0.2271 TEST: 2.8300 0.0042 0.0551 | 1.1647 1.1460 1.5917 | 0.3400 45.8332 49.6110 2.3677 10.9997 20.4895
lr at 22th epoch is 0.0001 for optimizer and 0.001 for film
current performance: -74.6986, best performance: -63.8238
Epoch: 0022 | TRAIN: 2.8180 0.0078 0.0491 | 0.9807 0.9807 0.3637 | 0.3384 45.4775 44.6556 0.0334 0.1322 0.2303 TEST: 3.0406 0.0042 0.0551 | 1.3569 1.3394 1.7817 | 0.3392 45.7471 49.5528 2.4776 11.1672 20.5017
lr at 23th epoch is 0.0001 for optimizer and 0.001 for film
current performance: -70.8108, best performance: -63.8238
Epoch: 0023 | TRAIN: 2.8792 0.0081 0.0496 | 1.0252 1.0252 0.3747 | 0.3432 45.9707 45.2536 0.0288 0.1237 0.2182 TEST: 2.7697 0.0042 0.0551 | 1.2593 1.2412 1.6861 | 0.3433 46.0642 49.8255 2.6868 11.6048 20.5406
lr at 24th epoch is 0.0001 for optimizer and 0.001 for film
current performance: -68.3203, best performance: -63.8238
Epoch: 0024 | TRAIN: 2.8490 0.0082 0.0492 | 1.0017 1.0017 0.3748 | 0.3374 45.3622 44.5048 0.0341 0.1347 0.2336 TEST: 3.1443 0.0042 0.0551 | 1.2318 1.2136 1.6543 | 0.3312 44.8940 48.9942 2.7860 12.3981 23.6078
lr at 25th epoch is 0.0001 for optimizer and 0.001 for film
current performance: -64.4182, best performance: -63.8238
Epoch: 0025 | TRAIN: 2.8831 0.0096 0.0528 | 1.0275 1.0275 0.3770 | 0.3402 45.6791 44.6059 0.0299 0.1275 0.2262 TEST: 3.2173 0.0042 0.0551 | 1.1073 1.0884 1.5319 | 0.3458 46.2542 50.0277 2.5509 11.3898 20.4670
lr at 26th epoch is 0.0001 for optimizer and 0.001 for film
current performance: -68.3022, best performance: -63.8238
Epoch: 0026 | TRAIN: 2.8833 0.0082 0.0504 | 1.0006 1.0006 0.3667 | 0.3417 45.7606 44.9854 0.0312 0.1298 0.2284 TEST: 2.9420 0.0042 0.0551 | 1.2069 1.1885 1.6361 | 0.3434 45.8577 49.8634 3.4895 13.0943 21.9849
lr at 27th epoch is 0.0001 for optimizer and 0.001 for film
current performance: -69.7428, best performance: -63.8238
Epoch: 0027 | TRAIN: 2.8451 0.0091 0.0530 | 0.9940 0.9940 0.3710 | 0.3420 45.8020 45.0855 0.0324 0.1308 0.2255 TEST: 3.0365 0.0042 0.0551 | 1.2509 1.2329 1.6733 | 0.3357 45.4274 49.3246 2.2819 10.9340 21.4017
lr at 28th epoch is 0.0001 for optimizer and 0.001 for film
current performance: -72.5149, best performance: -63.8238
Epoch: 0028 | TRAIN: 2.8922 0.0083 0.0501 | 0.9950 0.9950 0.3687 | 0.3405 45.7167 45.0019 0.0311 0.1280 0.2253 TEST: 2.8059 0.0042 0.0551 | 1.2892 1.2713 1.7116 | 0.3507 46.4290 50.3596 3.4496 13.1650 22.1264
lr at 29th epoch is 0.0001 for optimizer and 0.001 for film
current performance: -71.4820, best performance: -63.8238
Epoch: 0029 | TRAIN: 2.8336 0.0080 0.0492 | 1.0115 1.0115 0.3700 | 0.3391 45.6086 44.7047 0.0309 0.1274 0.2256 TEST: 2.7129 0.0042 0.0551 | 1.3026 1.2848 1.7255 | 0.3318 44.9723 49.0347 2.5840 12.1355 23.4964
lr at 30th epoch is 0.0001 for optimizer and 0.0005 for film
current performance: -63.9984, best performance: -63.8238
Epoch: 0030 | TRAIN: 2.8627 0.0080 0.0494 | 1.0028 1.0028 0.3675 | 0.3375 45.4392 44.5600 0.0311 0.1310 0.2316 TEST: 3.0123 0.0042 0.0551 | 1.1204 1.1016 1.5449 | 0.3364 45.3628 49.3353 3.2664 12.6184 21.7369
lr at 31th epoch is 0.0001 for optimizer and 0.0005 for film
current performance: -65.2256, best performance: -63.8238
Epoch: 0031 | TRAIN: 2.8490 0.0081 0.0501 | 1.0101 1.0101 0.3722 | 0.3370 45.3004 44.1590 0.0356 0.1368 0.2342 TEST: 2.9747 0.0042 0.0551 | 1.1613 1.1427 1.5868 | 0.3321 44.8664 49.0948 2.9283 12.8455 24.3933
lr at 32th epoch is 0.0001 for optimizer and 0.0005 for film
current performance: -66.6832, best performance: -63.8238
Epoch: 0032 | TRAIN: 2.8255 0.0081 0.0490 | 0.9952 0.9952 0.3667 | 0.3357 45.2477 44.1451 0.0337 0.1339 0.2325 TEST: 2.4930 0.0043 0.0554 | 1.2018 1.1834 1.6262 | 0.3295 44.6006 48.8793 3.4596 13.4745 24.5562
lr at 33th epoch is 0.0001 for optimizer and 0.0005 for film
current performance: -65.0526, best performance: -63.8238
Epoch: 0033 | TRAIN: 2.8230 0.0078 0.0496 | 0.9910 0.9910 0.3705 | 0.3357 45.1877 44.2484 0.0357 0.1387 0.2372 TEST: 2.8721 0.0042 0.0551 | 1.1482 1.1296 1.5737 | 0.3354 45.2220 49.2567 3.6593 13.3515 22.3899
lr at 34th epoch is 0.0001 for optimizer and 0.0005 for film
current performance: -67.4298, best performance: -63.8238
Epoch: 0034 | TRAIN: 2.8441 0.0082 0.0501 | 1.0234 1.0234 0.3737 | 0.3361 45.2543 44.3254 0.0360 0.1365 0.2338 TEST: 2.9523 0.0042 0.0551 | 1.2157 1.1974 1.6354 | 0.3292 44.7213 48.7900 3.3760 13.2036 23.4497
lr at 35th epoch is 0.0001 for optimizer and 0.0005 for film
current performance: -78.6445, best performance: -63.8238
Epoch: 0035 | TRAIN: 2.8671 0.0077 0.0479 | 1.0063 1.0063 0.3726 | 0.3365 45.2750 44.1458 0.0326 0.1362 0.2386 TEST: 2.7151 0.0042 0.0551 | 1.4300 1.4128 1.8389 | 0.3449 46.4425 49.9427 1.7876 9.3232 18.2524
lr at 36th epoch is 0.0001 for optimizer and 0.0005 for film
current performance: -66.4854, best performance: -63.8238
Epoch: 0036 | TRAIN: 2.7893 0.0085 0.0491 | 1.0444 1.0444 0.3787 | 0.3346 45.1688 44.2526 0.0339 0.1359 0.2361 TEST: 2.9849 0.0042 0.0551 | 1.1895 1.1710 1.6121 | 0.3313 44.8979 49.0028 2.7839 12.2889 23.5425
lr at 37th epoch is 0.0001 for optimizer and 0.0005 for film
current performance: -72.1470, best performance: -63.8238
Epoch: 0037 | TRAIN: 2.8460 0.0078 0.0500 | 1.0031 1.0031 0.3718 | 0.3342 45.0715 43.9643 0.0364 0.1371 0.2379 TEST: 2.6383 0.0042 0.0552 | 1.3199 1.3022 1.7436 | 0.3321 44.8929 48.9664 4.0958 14.0654 23.1512
lr at 38th epoch is 0.0001 for optimizer and 0.0005 for film
current performance: -64.7889, best performance: -63.8238
Epoch: 0038 | TRAIN: 2.8344 0.0081 0.0508 | 1.0092 1.0092 0.3727 | 0.3332 45.0328 43.7867 0.0348 0.1360 0.2357 TEST: 2.7806 0.0042 0.0551 | 1.1408 1.1221 1.5598 | 0.3335 45.2750 49.1035 2.7040 11.3855 20.8664
lr at 39th epoch is 0.0001 for optimizer and 0.0005 for film
current performance: -65.1254, best performance: -63.8238
Epoch: 0039 | TRAIN: 2.8041 0.0083 0.0509 | 0.9733 0.9733 0.3621 | 0.3320 44.9669 43.8329 0.0359 0.1353 0.2325 TEST: 3.0040 0.0042 0.0551 | 1.1618 1.1433 1.5807 | 0.3300 44.7527 48.8423 3.6243 13.3950 23.0987
lr at 40th epoch is 0.0001 for optimizer and 0.0005 for film
current performance: -72.6044, best performance: -63.8238
Epoch: 0040 | TRAIN: 2.8228 0.0079 0.0503 | 1.0039 1.0039 0.3712 | 0.3346 45.1457 44.1105 0.0346 0.1357 0.2361 TEST: 3.0014 0.0042 0.0551 | 1.3237 1.3061 1.7387 | 0.3327 45.1552 49.0097 3.1957 12.4211 21.4903
lr at 41th epoch is 0.0001 for optimizer and 0.0005 for film
current performance: -65.3551, best performance: -63.8238
Epoch: 0041 | TRAIN: 2.8342 0.0079 0.0504 | 0.9966 0.9966 0.3694 | 0.3338 45.1178 44.2265 0.0347 0.1357 0.2341 TEST: 2.7904 0.0042 0.0551 | 1.1630 1.1445 1.5852 | 0.3335 44.9147 49.0536 4.7326 15.0064 23.5825
lr at 42th epoch is 0.0001 for optimizer and 0.0005 for film
current performance: -70.3849, best performance: -63.8238
Epoch: 0042 | TRAIN: 2.8015 0.0080 0.0512 | 1.0144 1.0144 0.3716 | 0.3322 44.9429 43.9634 0.0359 0.1392 0.2381 TEST: 2.9123 0.0042 0.0551 | 1.2769 1.2590 1.6985 | 0.3303 44.9885 48.7969 3.2221 12.5114 21.6906
lr at 43th epoch is 0.0001 for optimizer and 0.0005 for film
current performance: -65.0178, best performance: -63.8238
Epoch: 0043 | TRAIN: 2.8483 0.0076 0.0490 | 0.9416 0.9416 0.3573 | 0.3336 45.0639 43.9663 0.0348 0.1360 0.2347 TEST: 2.6514 0.0042 0.0551 | 1.1547 1.1361 1.5740 | 0.3321 44.9357 48.9964 3.7674 13.4534 22.6227
lr at 44th epoch is 0.0001 for optimizer and 0.0005 for film
current performance: -61.9682, best performance: -63.8238
Epoch: 0044 | TRAIN: 2.7763 0.0077 0.0493 | 0.9940 0.9940 0.3694 | 0.3324 45.0115 44.1099 0.0348 0.1372 0.2350 TEST: 3.1772 0.0042 0.0551 | 1.1095 1.0906 1.5286 | 0.3226 43.9569 48.2778 4.5623 15.1141 25.5886
lr at 45th epoch is 0.0001 for optimizer and 0.0005 for film
current performance: -66.6460, best performance: -61.9682
Epoch: 0045 | TRAIN: 2.8208 0.0076 0.0490 | 0.9734 0.9734 0.3624 | 0.3328 44.9105 43.8100 0.0370 0.1410 0.2439 TEST: 2.6325 0.0042 0.0551 | 1.2033 1.1850 1.6218 | 0.3265 44.4990 48.5309 4.0093 13.7855 22.9595
lr at 46th epoch is 0.0001 for optimizer and 0.0005 for film
current performance: -65.5786, best performance: -61.9682
Epoch: 0046 | TRAIN: 2.7877 0.0074 0.0475 | 0.9720 0.9720 0.3635 | 0.3279 44.5769 43.4461 0.0379 0.1421 0.2427 TEST: 2.7328 0.0042 0.0551 | 1.1763 1.1579 1.5966 | 0.3269 44.5935 48.5613 3.6416 13.2014 22.5835
lr at 47th epoch is 0.0001 for optimizer and 0.0005 for film
current performance: -66.9775, best performance: -61.9682
Epoch: 0047 | TRAIN: 2.7688 0.0079 0.0485 | 0.9700 0.9700 0.3608 | 0.3304 44.7810 43.4057 0.0352 0.1375 0.2409 TEST: 2.8426 0.0042 0.0551 | 1.2144 1.1962 1.6329 | 0.3255 44.3629 48.4775 4.0363 13.8694 23.5792
lr at 48th epoch is 0.0001 for optimizer and 0.0005 for film
current performance: -65.2522, best performance: -61.9682
Epoch: 0048 | TRAIN: 2.8021 0.0077 0.0490 | 1.0081 1.0081 0.3684 | 0.3292 44.6679 43.5959 0.0389 0.1417 0.2412 TEST: 2.7808 0.0042 0.0551 | 1.1699 1.1514 1.5908 | 0.3259 44.5528 48.4758 3.5527 13.0302 22.4836
lr at 49th epoch is 0.0001 for optimizer and 0.0005 for film
current performance: -65.4288, best performance: -61.9682
Epoch: 0049 | TRAIN: 2.8024 0.0080 0.0488 | 0.9773 0.9773 0.3618 | 0.3298 44.7658 43.7681 0.0377 0.1387 0.2368 TEST: 2.7957 0.0042 0.0551 | 1.1644 1.1459 1.5815 | 0.3307 44.9231 48.8276 3.9287 13.3702 22.0060
lr at 50th epoch is 0.0001 for optimizer and 0.0005 for film
current performance: -66.2494, best performance: -61.9682
Epoch: 0050 | TRAIN: 2.7813 0.0074 0.0483 | 1.0063 1.0063 0.3669 | 0.3281 44.5948 43.7579 0.0395 0.1442 0.2423 TEST: 2.8076 0.0042 0.0551 | 1.2182 1.2000 1.6350 | 0.3199 43.5565 48.1627 4.4090 15.9927 28.2535
lr at 51th epoch is 0.0001 for optimizer and 0.0005 for film
current performance: -69.9574, best performance: -61.9682
Epoch: 0051 | TRAIN: 2.8131 0.0078 0.0481 | 0.9976 0.9976 0.3692 | 0.3271 44.4679 43.3868 0.0399 0.1444 0.2471 TEST: 2.6292 0.0042 0.0551 | 1.2795 1.2616 1.6959 | 0.3269 44.5007 48.5982 3.8924 13.5539 23.1983
lr at 52th epoch is 0.0001 for optimizer and 0.0005 for film
current performance: -69.1385, best performance: -61.9682
Epoch: 0052 | TRAIN: 2.7740 0.0089 0.0521 | 0.9704 0.9704 0.3648 | 0.3286 44.6665 43.4940 0.0367 0.1388 0.2395 TEST: 2.7682 0.0042 0.0551 | 1.2660 1.2482 1.6792 | 0.3249 44.2854 48.4414 4.0024 13.9833 24.0943
lr at 53th epoch is 0.0001 for optimizer and 0.0005 for film
current performance: -71.1029, best performance: -61.9682
Epoch: 0053 | TRAIN: 2.7896 0.0079 0.0495 | 0.9687 0.9687 0.3610 | 0.3283 44.5572 43.5405 0.0405 0.1459 0.2450 TEST: 3.0246 0.0042 0.0551 | 1.2811 1.2633 1.6976 | 0.3391 45.4680 49.7237 1.8075 11.3974 24.2133
lr at 54th epoch is 0.0001 for optimizer and 0.0005 for film
current performance: -68.7550, best performance: -61.9682
Epoch: 0054 | TRAIN: 2.8022 0.0076 0.0491 | 1.0120 1.0120 0.3730 | 0.3311 44.8824 43.7105 0.0341 0.1347 0.2385 TEST: 2.6683 0.0042 0.0551 | 1.2469 1.2287 1.6719 | 0.3290 44.6977 48.7257 3.9950 13.7592 22.9391
lr at 55th epoch is 0.0001 for optimizer and 0.0005 for film
current performance: -65.6535, best performance: -61.9682
Epoch: 0055 | TRAIN: 2.7665 0.0078 0.0486 | 1.0187 1.0187 0.3661 | 0.3280 44.5862 43.5809 0.0397 0.1435 0.2421 TEST: 2.7242 0.0042 0.0551 | 1.1807 1.1622 1.6044 | 0.3270 44.4915 48.5601 4.3563 14.4238 23.4379
lr at 56th epoch is 0.0001 for optimizer and 0.0005 for film
current performance: -70.0097, best performance: -61.9682
Epoch: 0056 | TRAIN: 2.8032 0.0079 0.0492 | 0.9698 0.9698 0.3647 | 0.3306 44.8017 43.7296 0.0362 0.1392 0.2417 TEST: 2.6038 0.0042 0.0551 | 1.2942 1.2763 1.7140 | 0.3207 43.9757 48.1292 3.5609 13.6571 25.0760
lr at 57th epoch is 0.0001 for optimizer and 0.0005 for film
current performance: -61.2491, best performance: -61.9682
Epoch: 0057 | TRAIN: 2.7583 0.0072 0.0464 | 0.9865 0.9865 0.3727 | 0.3281 44.5748 43.4179 0.0386 0.1431 0.2436 TEST: 3.1171 0.0042 0.0551 | 1.0765 1.0575 1.4929 | 0.3278 44.6008 48.6300 3.9567 13.8963 23.2010
lr at 58th epoch is 0.0001 for optimizer and 0.0005 for film
current performance: -63.5957, best performance: -61.2491
Epoch: 0058 | TRAIN: 2.8464 0.0085 0.0521 | 0.9419 0.9419 0.3572 | 0.3324 44.8949 43.7889 0.0376 0.1413 0.2425 TEST: 2.7206 0.0042 0.0551 | 1.1197 1.1009 1.5413 | 0.3323 45.0240 48.9739 3.6475 13.3801 22.4036
lr at 59th epoch is 0.0001 for optimizer and 0.0005 for film
current performance: -65.7696, best performance: -61.2491
Epoch: 0059 | TRAIN: 2.8128 0.0082 0.0501 | 0.9850 0.9850 0.3616 | 0.3291 44.6734 43.4558 0.0377 0.1414 0.2411 TEST: 2.5142 0.0043 0.0553 | 1.1886 1.1701 1.6127 | 0.3242 44.2933 48.3510 4.0336 13.9695 23.5008
lr at 60th epoch is 0.0001 for optimizer and 0.00025 for film
current performance: -64.1847, best performance: -61.2491
Epoch: 0060 | TRAIN: 2.7552 0.0084 0.0507 | 0.9512 0.9512 0.3626 | 0.3288 44.6406 43.4930 0.0377 0.1410 0.2415 TEST: 2.8478 0.0042 0.0551 | 1.1465 1.1278 1.5668 | 0.3272 44.5063 48.6191 3.8611 13.8357 23.6727
lr at 61th epoch is 0.0001 for optimizer and 0.00025 for film
current performance: -66.7559, best performance: -61.2491
Epoch: 0061 | TRAIN: 2.7877 0.0080 0.0505 | 0.9602 0.9602 0.3580 | 0.3296 44.6892 43.5244 0.0376 0.1412 0.2439 TEST: 2.7747 0.0042 0.0551 | 1.2088 1.1905 1.6310 | 0.3254 44.3840 48.4430 4.0572 14.0330 23.5649
lr at 62th epoch is 0.0001 for optimizer and 0.00025 for film
current performance: -67.1753, best performance: -61.2491
Epoch: 0062 | TRAIN: 2.7884 0.0074 0.0474 | 0.9531 0.9531 0.3571 | 0.3304 44.7605 43.5603 0.0374 0.1403 0.2410 TEST: 2.9880 0.0042 0.0551 | 1.2141 1.1957 1.6360 | 0.3271 44.5591 48.6086 3.5238 13.2335 23.2250
lr at 63th epoch is 0.0001 for optimizer and 0.00025 for film
current performance: -70.4598, best performance: -61.2491
Epoch: 0063 | TRAIN: 2.7590 0.0082 0.0504 | 0.9755 0.9755 0.3605 | 0.3297 44.7286 43.6812 0.0374 0.1409 0.2410 TEST: 2.9131 0.0042 0.0551 | 1.2819 1.2640 1.7004 | 0.3297 44.8602 48.7756 3.4077 12.8958 22.1756
lr at 64th epoch is 0.0001 for optimizer and 0.00025 for film
current performance: -63.9984, best performance: -61.2491
Epoch: 0064 | TRAIN: 2.7850 0.0076 0.0485 | 0.9634 0.9634 0.3587 | 0.3276 44.5101 43.2696 0.0382 0.1435 0.2480 TEST: 2.9272 0.0042 0.0551 | 1.1448 1.1261 1.5646 | 0.3250 44.4070 48.4086 3.7995 13.5784 23.2266
lr at 65th epoch is 0.0001 for optimizer and 0.00025 for film
current performance: -66.3066, best performance: -61.2491
Epoch: 0065 | TRAIN: 2.7771 0.0087 0.0512 | 0.9790 0.9790 0.3627 | 0.3277 44.5454 43.3289 0.0375 0.1412 0.2451 TEST: 2.9265 0.0042 0.0551 | 1.1942 1.1758 1.6164 | 0.3273 44.5521 48.5892 4.0754 13.9501 23.1567
lr at 66th epoch is 0.0001 for optimizer and 0.00025 for film
current performance: -68.0539, best performance: -61.2491
Epoch: 0066 | TRAIN: 2.7634 0.0077 0.0491 | 0.9763 0.9763 0.3636 | 0.3297 44.7120 43.8076 0.0386 0.1419 0.2425 TEST: 2.9836 0.0042 0.0551 | 1.2262 1.2080 1.6484 | 0.3295 44.8735 48.8044 2.7786 11.9507 22.3367
lr at 67th epoch is 0.0001 for optimizer and 0.00025 for film
current performance: -67.0330, best performance: -61.2491
Epoch: 0067 | TRAIN: 2.8040 0.0075 0.0484 | 0.9617 0.9617 0.3583 | 0.3287 44.6263 43.3718 0.0375 0.1411 0.2439 TEST: 2.5712 0.0042 0.0551 | 1.2184 1.2001 1.6406 | 0.3232 44.2609 48.2653 3.8109 13.6314 23.3946
lr at 68th epoch is 0.0001 for optimizer and 0.00025 for film
current performance: -65.4862, best performance: -61.2491
Epoch: 0068 | TRAIN: 2.7581 0.0080 0.0496 | 0.9858 0.9858 0.3641 | 0.3275 44.5608 43.4772 0.0372 0.1415 0.2435 TEST: 2.7430 0.0042 0.0551 | 1.1776 1.1591 1.5987 | 0.3261 44.4614 48.5250 3.7497 13.6070 23.3971
lr at 69th epoch is 0.0001 for optimizer and 0.00025 for film
current performance: -65.7680, best performance: -61.2491
Epoch: 0069 | TRAIN: 2.7904 0.0077 0.0488 | 0.9599 0.9599 0.3616 | 0.3286 44.6418 43.4467 0.0373 0.1411 0.2424 TEST: 2.8554 0.0042 0.0551 | 1.1818 1.1634 1.6044 | 0.3266 44.5506 48.6029 2.7843 12.4802 24.0064
lr at 70th epoch is 0.0001 for optimizer and 0.00025 for film
current performance: -65.4070, best performance: -61.2491
Epoch: 0070 | TRAIN: 2.7611 0.0076 0.0488 | 0.9910 0.9910 0.3638 | 0.3297 44.7337 43.5179 0.0370 0.1394 0.2396 TEST: 2.8612 0.0042 0.0551 | 1.1694 1.1508 1.5915 | 0.3306 44.7128 48.8386 4.6208 14.8257 23.4978
lr at 71th epoch is 0.0001 for optimizer and 0.00025 for film
current performance: -66.8123, best performance: -61.2491
Epoch: 0071 | TRAIN: 2.7628 0.0084 0.0507 | 0.9818 0.9818 0.3634 | 0.3291 44.6603 43.5543 0.0380 0.1417 0.2418 TEST: 2.8126 0.0042 0.0551 | 1.2244 1.2062 1.6459 | 0.3206 43.8230 48.1291 4.1886 14.9144 26.0274
lr at 72th epoch is 0.0001 for optimizer and 0.00025 for film
current performance: -65.0861, best performance: -61.2491
Epoch: 0072 | TRAIN: 2.7771 0.0075 0.0485 | 0.9945 0.9945 0.3713 | 0.3293 44.6475 43.3538 0.0379 0.1413 0.2453 TEST: 2.7200 0.0042 0.0551 | 1.1559 1.1373 1.5771 | 0.3301 44.9516 48.8739 2.4259 11.4287 22.4995
lr at 73th epoch is 0.0001 for optimizer and 0.00025 for film
current performance: -64.6765, best performance: -61.2491
Epoch: 0073 | TRAIN: 2.7835 0.0077 0.0480 | 0.9595 0.9595 0.3619 | 0.3265 44.4803 43.3834 0.0383 0.1431 0.2437 TEST: 2.4968 0.0049 0.0573 | 1.1643 1.1457 1.5853 | 0.3252 44.3320 48.4394 4.1521 14.1935 23.6769
lr at 74th epoch is 0.0001 for optimizer and 0.00025 for film
current performance: -69.2017, best performance: -61.2491
Epoch: 0074 | TRAIN: 2.7208 0.0080 0.0510 | 0.9546 0.9546 0.3569 | 0.3272 44.5235 43.3918 0.0388 0.1425 0.2431 TEST: 2.6929 0.0043 0.0552 | 1.2769 1.2590 1.6935 | 0.3198 43.9225 47.9991 4.1992 14.3868 24.1764
lr at 75th epoch is 0.0001 for optimizer and 0.00025 for film
current performance: -66.8842, best performance: -61.2491
Epoch: 0075 | TRAIN: 2.8097 0.0084 0.0509 | 0.9772 0.9772 0.3597 | 0.3282 44.5953 43.4612 0.0374 0.1425 0.2437 TEST: 2.5973 0.0042 0.0551 | 1.2019 1.1835 1.6237 | 0.3284 44.7715 48.7163 2.8596 12.1464 22.5138
lr at 76th epoch is 0.0001 for optimizer and 0.00025 for film
current performance: -67.8288, best performance: -61.2491
Epoch: 0076 | TRAIN: 2.7536 0.0075 0.0484 | 0.9637 0.9637 0.3622 | 0.3278 44.5344 43.2384 0.0371 0.1419 0.2478 TEST: 2.5338 0.0048 0.0570 | 1.2350 1.2168 1.6542 | 0.3264 44.3916 48.6191 3.3466 13.4514 24.8876
lr at 77th epoch is 0.0001 for optimizer and 0.00025 for film
current performance: -64.5888, best performance: -61.2491
Epoch: 0077 | TRAIN: 2.7409 0.0081 0.0492 | 0.9923 0.9923 0.3683 | 0.3284 44.5382 43.1729 0.0372 0.1429 0.2504 TEST: 2.8255 0.0042 0.0551 | 1.1544 1.1358 1.5765 | 0.3284 44.5602 48.6623 4.5693 14.8365 23.6240
lr at 78th epoch is 0.0001 for optimizer and 0.00025 for film
current performance: -65.5892, best performance: -61.2491
Epoch: 0078 | TRAIN: 2.7500 0.0083 0.0495 | 0.9507 0.9507 0.3594 | 0.3279 44.5820 43.7039 0.0391 0.1435 0.2427 TEST: 2.8263 0.0042 0.0551 | 1.1876 1.1692 1.6101 | 0.3230 44.1632 48.2578 4.1968 14.3373 24.1394
lr at 79th epoch is 0.0001 for optimizer and 0.00025 for film
current performance: -69.4724, best performance: -61.2491
Epoch: 0079 | TRAIN: 2.7536 0.0084 0.0508 | 0.9691 0.9691 0.3610 | 0.3306 44.7835 43.6422 0.0362 0.1390 0.2428 TEST: 2.7784 0.0042 0.0551 | 1.2757 1.2578 1.6941 | 0.3228 44.2127 48.2763 3.5321 13.3014 23.9884
lr at 80th epoch is 0.0001 for optimizer and 0.00025 for film
current performance: -64.1800, best performance: -61.2491
Epoch: 0080 | TRAIN: 2.7775 0.0091 0.0519 | 0.9848 0.9848 0.3634 | 0.3277 44.5367 43.2403 0.0375 0.1413 0.2461 TEST: 2.7627 0.0042 0.0551 | 1.1524 1.1337 1.5746 | 0.3244 44.2740 48.4046 3.8578 13.8449 24.1469
lr at 81th epoch is 0.0001 for optimizer and 0.00025 for film
current performance: -66.2501, best performance: -61.2491
Epoch: 0081 | TRAIN: 2.7526 0.0081 0.0504 | 0.9546 0.9546 0.3611 | 0.3284 44.6212 43.5098 0.0379 0.1405 0.2418 TEST: 2.8891 0.0042 0.0551 | 1.2076 1.1893 1.6281 | 0.3218 43.9743 48.2544 3.7965 14.1910 25.6032
lr at 82th epoch is 0.0001 for optimizer and 0.00025 for film
current performance: -67.1400, best performance: -61.2491
Epoch: 0082 | TRAIN: 2.7783 0.0077 0.0507 | 0.9735 0.9735 0.3596 | 0.3257 44.3497 43.0258 0.0384 0.1444 0.2511 TEST: 2.6021 0.0090 0.0575 | 1.2316 1.2134 1.6535 | 0.3253 44.3911 48.4803 3.6061 13.4294 23.7449
lr at 83th epoch is 0.0001 for optimizer and 0.00025 for film
current performance: -65.4415, best performance: -61.2491
Epoch: 0083 | TRAIN: 2.7315 0.0090 0.0514 | 0.9912 0.9912 0.3668 | 0.3263 44.3842 43.1174 0.0392 0.1454 0.2512 TEST: 2.8607 0.0042 0.0551 | 1.1779 1.1595 1.5996 | 0.3257 44.4080 48.4964 3.9530 13.8550 23.5762
lr at 84th epoch is 0.0001 for optimizer and 0.00025 for film
current performance: -64.1107, best performance: -61.2491
Epoch: 0084 | TRAIN: 2.7779 0.0080 0.0489 | 0.9898 0.9898 0.3674 | 0.3289 44.5753 43.0601 0.0382 0.1428 0.2488 TEST: 2.9712 0.0042 0.0551 | 1.1507 1.1321 1.5730 | 0.3250 44.2729 48.4963 3.4831 13.6395 24.9781
lr at 85th epoch is 0.0001 for optimizer and 0.00025 for film
current performance: -65.7831, best performance: -61.2491
Epoch: 0085 | TRAIN: 2.7643 0.0076 0.0498 | 0.9897 0.9897 0.3631 | 0.3281 44.4875 43.3599 0.0407 0.1473 0.2510 TEST: 2.7160 0.0042 0.0551 | 1.1936 1.1752 1.6143 | 0.3225 44.1011 48.2489 3.9259 14.0287 24.4896
lr at 86th epoch is 0.0001 for optimizer and 0.00025 for film
current performance: -67.8215, best performance: -61.2491
Epoch: 0086 | TRAIN: 2.7715 0.0083 0.0518 | 0.9868 0.9868 0.3665 | 0.3266 44.4055 43.1084 0.0387 0.1444 0.2511 TEST: 2.8413 0.0042 0.0551 | 1.2450 1.2268 1.6670 | 0.3211 43.9293 48.1728 3.8865 14.1772 25.3964
lr at 87th epoch is 0.0001 for optimizer and 0.00025 for film
current performance: -66.8236, best performance: -61.2491
Epoch: 0087 | TRAIN: 2.7737 0.0072 0.0472 | 0.9965 0.9965 0.3656 | 0.3283 44.5847 43.2038 0.0374 0.1410 0.2454 TEST: 2.8682 0.0042 0.0551 | 1.2033 1.1850 1.6238 | 0.3275 44.6606 48.5947 3.5909 13.1967 22.5164
lr at 88th epoch is 0.0001 for optimizer and 0.00025 for film
current performance: -68.2447, best performance: -61.2491
Epoch: 0088 | TRAIN: 2.7714 0.0081 0.0486 | 1.0000 1.0000 0.3673 | 0.3279 44.5890 43.7279 0.0381 0.1421 0.2424 TEST: 2.7148 0.0042 0.0551 | 1.2418 1.2237 1.6620 | 0.3257 44.4338 48.4933 3.7040 13.5321 23.4798
lr at 89th epoch is 0.0001 for optimizer and 0.00025 for film
current performance: -68.8640, best performance: -61.2491
Epoch: 0089 | TRAIN: 2.7210 0.0083 0.0503 | 0.9715 0.9715 0.3656 | 0.3277 44.5452 43.3195 0.0370 0.1409 0.2472 TEST: 2.9426 0.0042 0.0551 | 1.2558 1.2378 1.6759 | 0.3262 44.4426 48.5159 3.9637 13.8768 23.4650
lr at 90th epoch is 0.0001 for optimizer and 0.000125 for film
current performance: -65.9722, best performance: -61.2491
Epoch: 0090 | TRAIN: 2.7729 0.0081 0.0503 | 0.9683 0.9683 0.3585 | 0.3263 44.3911 42.9656 0.0384 0.1437 0.2500 TEST: 2.6511 0.0042 0.0551 | 1.2054 1.1870 1.6247 | 0.3196 43.8115 48.0024 4.4101 14.8201 24.9811
lr at 91th epoch is 0.0001 for optimizer and 0.000125 for film
current performance: -65.5230, best performance: -61.2491
Epoch: 0091 | TRAIN: 2.7604 0.0082 0.0495 | 0.9743 0.9743 0.3579 | 0.3285 44.6031 43.6126 0.0390 0.1434 0.2437 TEST: 2.8341 0.0042 0.0551 | 1.1860 1.1676 1.6078 | 0.3216 44.1657 48.1347 3.6933 13.4272 23.3665
lr at 92th epoch is 0.0001 for optimizer and 0.000125 for film
current performance: -69.1257, best performance: -61.2491
Epoch: 0092 | TRAIN: 2.7498 0.0084 0.0516 | 0.9746 0.9746 0.3649 | 0.3240 44.2018 42.9604 0.0390 0.1471 0.2542 TEST: 2.8447 0.0042 0.0551 | 1.2606 1.2425 1.6815 | 0.3260 44.4943 48.5477 3.2059 12.7807 23.4301
lr at 93th epoch is 0.0001 for optimizer and 0.000125 for film
current performance: -69.6060, best performance: -61.2491
Epoch: 0093 | TRAIN: 2.7500 0.0079 0.0509 | 0.9567 0.9567 0.3561 | 0.3288 44.6590 43.4773 0.0368 0.1392 0.2418 TEST: 2.7828 0.0042 0.0551 | 1.2854 1.2675 1.7036 | 0.3212 43.9554 48.2056 3.4683 13.8126 25.7940
lr at 94th epoch is 0.0001 for optimizer and 0.000125 for film
current performance: -65.9674, best performance: -61.2491
Epoch: 0094 | TRAIN: 2.7470 0.0083 0.0511 | 0.9633 0.9633 0.3586 | 0.3256 44.4097 43.1780 0.0380 0.1408 0.2437 TEST: 3.1065 0.0042 0.0551 | 1.1765 1.1580 1.5987 | 0.3304 44.9400 48.8107 3.5542 12.9974 21.9914
lr at 95th epoch is 0.0001 for optimizer and 0.000125 for film
current performance: -64.3524, best performance: -61.2491
Epoch: 0095 | TRAIN: 2.7526 0.0079 0.0498 | 0.9668 0.9668 0.3624 | 0.3290 44.7346 43.7419 0.0368 0.1376 0.2358 TEST: 2.7689 0.0042 0.0551 | 1.1600 1.1414 1.5795 | 0.3223 44.1283 48.2141 3.8911 14.0616 24.5498
lr at 96th epoch is 0.0001 for optimizer and 0.000125 for film
current performance: -68.9584, best performance: -61.2491
Epoch: 0096 | TRAIN: 2.7343 0.0083 0.0501 | 0.9567 0.9567 0.3596 | 0.3273 44.5283 43.5214 0.0384 0.1424 0.2443 TEST: 2.7311 0.0042 0.0551 | 1.2614 1.2433 1.6812 | 0.3234 44.3112 48.3054 3.5737 13.1599 23.0835
lr at 97th epoch is 0.0001 for optimizer and 0.000125 for film
current performance: -68.2800, best performance: -61.2491
Epoch: 0097 | TRAIN: 2.7236 0.0078 0.0501 | 0.9897 0.9897 0.3646 | 0.3258 44.4187 43.3836 0.0391 0.1427 0.2430 TEST: 2.8408 0.0042 0.0551 | 1.2457 1.2275 1.6659 | 0.3238 44.3157 48.3216 3.6980 13.4737 23.3595
lr at 98th epoch is 0.0001 for optimizer and 0.000125 for film
current performance: -63.3930, best performance: -61.2491
Epoch: 0098 | TRAIN: 2.7434 0.0086 0.0525 | 0.9965 0.9965 0.3698 | 0.3260 44.4392 43.2992 0.0381 0.1414 0.2446 TEST: 2.8478 0.0042 0.0551 | 1.1407 1.1220 1.5597 | 0.3219 44.0203 48.1776 4.4230 14.9667 24.6444
lr at 99th epoch is 0.0001 for optimizer and 0.000125 for film
current performance: -65.9523, best performance: -61.2491
Epoch: 0099 | TRAIN: 2.7449 0.0081 0.0488 | 0.9679 0.9679 0.3594 | 0.3262 44.4111 43.4292 0.0393 0.1445 0.2484 TEST: 2.8007 0.0042 0.0551 | 1.1893 1.1709 1.6107 | 0.3253 44.4239 48.4353 3.9436 13.8372 23.2149
lr at 100th epoch is 5e-05 for optimizer and 0.000125 for film
current performance: -66.7120, best performance: -61.2491
Epoch: 0100 | TRAIN: 2.7067 0.0078 0.0485 | 0.9987 0.9987 0.3645 | 0.3262 44.3761 43.2472 0.0395 0.1455 0.2516 TEST: 2.7643 0.0042 0.0551 | 1.2145 1.1962 1.6353 | 0.3220 44.1212 48.1867 3.9213 13.9189 23.9852
lr at 101th epoch is 5e-05 for optimizer and 0.000125 for film
current performance: -67.3365, best performance: -61.2491
Epoch: 0101 | TRAIN: 2.7213 0.0075 0.0489 | 0.9578 0.9578 0.3637 | 0.3277 44.5365 43.3916 0.0383 0.1425 0.2466 TEST: 2.7773 0.0042 0.0551 | 1.2312 1.2130 1.6517 | 0.3217 44.0312 48.2631 2.8681 13.6150 26.1701
lr at 102th epoch is 5e-05 for optimizer and 0.000125 for film
current performance: -65.6247, best performance: -61.2491
Epoch: 0102 | TRAIN: 2.7043 0.0079 0.0504 | 0.9882 0.9882 0.3635 | 0.3251 44.3110 42.8803 0.0377 0.1420 0.2522 TEST: 2.7615 0.0042 0.0551 | 1.2024 1.1840 1.6242 | 0.3174 43.6169 47.8556 4.2563 14.8205 25.8469
lr at 103th epoch is 5e-05 for optimizer and 0.000125 for film
current performance: -66.7712, best performance: -61.2491
Epoch: 0103 | TRAIN: 2.7227 0.0078 0.0496 | 0.9581 0.9581 0.3607 | 0.3239 44.1921 42.8899 0.0391 0.1447 0.2543 TEST: 2.7317 0.0042 0.0551 | 1.2279 1.2096 1.6488 | 0.3177 43.6516 47.9046 3.8783 14.3736 26.0818
lr at 104th epoch is 5e-05 for optimizer and 0.000125 for film
current performance: -66.6829, best performance: -61.2491
Epoch: 0104 | TRAIN: 2.7334 0.0085 0.0504 | 0.9594 0.9594 0.3583 | 0.3230 44.1247 42.7917 0.0396 0.1459 0.2543 TEST: 2.6768 0.0042 0.0551 | 1.2160 1.1978 1.6378 | 0.3213 44.0352 48.1677 3.7438 13.7029 24.4447
lr at 105th epoch is 5e-05 for optimizer and 0.000125 for film
current performance: -66.9295, best performance: -61.2491
Epoch: 0105 | TRAIN: 2.6976 0.0074 0.0481 | 0.9685 0.9685 0.3592 | 0.3241 44.2475 43.0738 0.0399 0.1451 0.2487 TEST: 2.8655 0.0042 0.0551 | 1.2232 1.2050 1.6453 | 0.3205 43.9757 48.0921 3.8444 13.8815 24.5217
lr at 106th epoch is 5e-05 for optimizer and 0.000125 for film
current performance: -66.2290, best performance: -61.2491
Epoch: 0106 | TRAIN: 2.7407 0.0077 0.0492 | 0.9768 0.9768 0.3602 | 0.3252 44.3447 43.1514 0.0394 0.1435 0.2476 TEST: 2.7473 0.0042 0.0551 | 1.2070 1.1886 1.6286 | 0.3202 43.9820 48.0695 3.6286 13.5169 24.4015
lr at 107th epoch is 5e-05 for optimizer and 0.000125 for film
current performance: -64.7426, best performance: -61.2491
Epoch: 0107 | TRAIN: 2.7186 0.0083 0.0496 | 0.9717 0.9717 0.3581 | 0.3245 44.2635 43.0022 0.0386 0.1439 0.2523 TEST: 2.6313 0.0044 0.0556 | 1.1787 1.1602 1.5995 | 0.3185 43.7618 47.9506 3.8885 14.1947 25.4637
lr at 108th epoch is 5e-05 for optimizer and 0.000125 for film
current performance: -64.8232, best performance: -61.2491
Epoch: 0108 | TRAIN: 2.7093 0.0082 0.0495 | 0.9714 0.9714 0.3617 | 0.3234 44.1656 42.9120 0.0393 0.1450 0.2533 TEST: 2.8584 0.0042 0.0551 | 1.1751 1.1566 1.5952 | 0.3209 43.9628 48.1297 4.0009 14.2630 24.9468
lr at 109th epoch is 5e-05 for optimizer and 0.000125 for film
current performance: -66.2952, best performance: -61.2491
Epoch: 0109 | TRAIN: 2.7292 0.0082 0.0504 | 0.9943 0.9943 0.3663 | 0.3241 44.2330 42.9065 0.0389 0.1438 0.2523 TEST: 2.6834 0.0042 0.0551 | 1.2170 1.1987 1.6370 | 0.3183 43.6474 47.9517 4.0993 14.8038 26.3479
lr at 110th epoch is 5e-05 for optimizer and 0.000125 for film
current performance: -64.6629, best performance: -61.2491
Epoch: 0110 | TRAIN: 2.6816 0.0074 0.0479 | 0.9666 0.9666 0.3600 | 0.3253 44.3005 43.0367 0.0398 0.1450 0.2519 TEST: 2.7987 0.0042 0.0551 | 1.1768 1.1583 1.5970 | 0.3179 43.7518 47.8760 3.8791 14.1398 25.1560
lr at 111th epoch is 5e-05 for optimizer and 0.000125 for film
current performance: -63.5235, best performance: -61.2491
Epoch: 0111 | TRAIN: 2.7168 0.0072 0.0471 | 0.9892 0.9892 0.3674 | 0.3241 44.2238 43.0987 0.0402 0.1464 0.2508 TEST: 2.8575 0.0042 0.0551 | 1.1399 1.1212 1.5595 | 0.3223 44.1682 48.1887 4.0335 14.0291 23.7422
lr at 112th epoch is 5e-05 for optimizer and 0.000125 for film
current performance: -66.7507, best performance: -61.2491
Epoch: 0112 | TRAIN: 2.7283 0.0078 0.0497 | 0.9533 0.9533 0.3583 | 0.3258 44.3672 43.2863 0.0387 0.1442 0.2507 TEST: 2.7053 0.0042 0.0551 | 1.2102 1.1919 1.6303 | 0.3241 44.3258 48.3455 3.8408 13.6704 23.3392
lr at 113th epoch is 5e-05 for optimizer and 0.000125 for film
current performance: -66.2032, best performance: -61.2491
Epoch: 0113 | TRAIN: 2.7139 0.0079 0.0491 | 0.9848 0.9848 0.3620 | 0.3220 44.0626 42.8531 0.0398 0.1455 0.2535 TEST: 2.7725 0.0042 0.0551 | 1.2022 1.1839 1.6231 | 0.3226 44.1440 48.2393 4.0876 14.0927 23.9415
lr at 114th epoch is 5e-05 for optimizer and 0.000125 for film
current performance: -64.9650, best performance: -61.2491
Epoch: 0114 | TRAIN: 2.7247 0.0077 0.0480 | 0.9640 0.9640 0.3598 | 0.3244 44.2776 43.1567 0.0392 0.1438 0.2474 TEST: 2.7363 0.0042 0.0551 | 1.1846 1.1661 1.6056 | 0.3175 43.7192 47.8487 3.9022 14.2055 25.2173
lr at 115th epoch is 5e-05 for optimizer and 0.000125 for film
current performance: -67.2868, best performance: -61.2491
Epoch: 0115 | TRAIN: 2.6990 0.0073 0.0462 | 0.9819 0.9819 0.3623 | 0.3233 44.1772 42.9809 0.0395 0.1452 0.2513 TEST: 2.8101 0.0042 0.0551 | 1.2186 1.2003 1.6395 | 0.3259 44.4806 48.4759 3.9628 13.7934 23.0618
lr at 116th epoch is 5e-05 for optimizer and 0.000125 for film
current performance: -65.2052, best performance: -61.2491
Epoch: 0116 | TRAIN: 2.7200 0.0079 0.0500 | 0.9600 0.9600 0.3583 | 0.3235 44.2664 43.2678 0.0381 0.1409 0.2449 TEST: 2.7226 0.0042 0.0551 | 1.1862 1.1678 1.6061 | 0.3201 43.8713 48.0746 3.9851 14.3665 25.3632
lr at 117th epoch is 5e-05 for optimizer and 0.000125 for film
current performance: -67.0174, best performance: -61.2491
Epoch: 0117 | TRAIN: 2.6974 0.0084 0.0505 | 0.9617 0.9617 0.3643 | 0.3231 44.1064 42.8137 0.0385 0.1470 0.2604 TEST: 2.6706 0.0043 0.0552 | 1.2287 1.2105 1.6475 | 0.3193 43.8421 47.9875 4.0125 14.2960 25.0727
lr at 118th epoch is 5e-05 for optimizer and 0.000125 for film
current performance: -66.8683, best performance: -61.2491
Epoch: 0118 | TRAIN: 2.7037 0.0076 0.0483 | 0.9613 0.9613 0.3611 | 0.3243 44.2326 43.1740 0.0400 0.1469 0.2532 TEST: 2.6046 0.0042 0.0552 | 1.2316 1.2134 1.6512 | 0.3172 43.5945 47.8530 3.9943 14.7087 26.2678
lr at 119th epoch is 5e-05 for optimizer and 0.000125 for film
current performance: -68.3881, best performance: -61.2491
Epoch: 0119 | TRAIN: 2.6915 0.0079 0.0491 | 1.0249 1.0249 0.3717 | 0.3226 44.0818 42.8133 0.0394 0.1465 0.2583 TEST: 2.6256 0.0043 0.0553 | 1.2547 1.2367 1.6748 | 0.3216 44.0609 48.1663 4.0608 14.1726 24.3190
lr at 120th epoch is 5e-05 for optimizer and 6.25e-05 for film
current performance: -65.3553, best performance: -61.2491
Epoch: 0120 | TRAIN: 2.7021 0.0075 0.0473 | 0.9855 0.9855 0.3603 | 0.3205 43.8704 42.5591 0.0402 0.1511 0.2652 TEST: 2.6763 0.0043 0.0554 | 1.1883 1.1698 1.6085 | 0.3200 43.9349 48.0500 3.8020 13.9713 24.7844
lr at 121th epoch is 5e-05 for optimizer and 6.25e-05 for film
current performance: -65.9509, best performance: -61.2491
Epoch: 0121 | TRAIN: 2.6775 0.0079 0.0493 | 0.9563 0.9563 0.3608 | 0.3248 44.3090 43.1511 0.0387 0.1432 0.2499 TEST: 2.7207 0.0043 0.0552 | 1.2109 1.1926 1.6289 | 0.3173 43.5767 47.8684 4.0997 14.9272 26.4234
lr at 122th epoch is 5e-05 for optimizer and 6.25e-05 for film
current performance: -65.7648, best performance: -61.2491
Epoch: 0122 | TRAIN: 2.7305 0.0081 0.0510 | 0.9575 0.9575 0.3612 | 0.3242 44.2749 43.1002 0.0374 0.1419 0.2495 TEST: 2.6342 0.0046 0.0562 | 1.1962 1.1778 1.6163 | 0.3203 44.0216 48.0432 3.9175 13.8606 23.8389
lr at 123th epoch is 5e-05 for optimizer and 6.25e-05 for film
current performance: -69.5655, best performance: -61.2491
Epoch: 0123 | TRAIN: 2.6779 0.0089 0.0523 | 0.9558 0.9558 0.3563 | 0.3248 44.3194 43.0786 0.0372 0.1419 0.2509 TEST: 2.7362 0.0042 0.0551 | 1.2810 1.2630 1.6990 | 0.3215 44.0911 48.1894 3.4426 13.3182 24.4272
lr at 124th epoch is 5e-05 for optimizer and 6.25e-05 for film
current performance: -67.7126, best performance: -61.2491
Epoch: 0124 | TRAIN: 2.6885 0.0083 0.0502 | 0.9863 0.9863 0.3668 | 0.3241 44.2291 42.9850 0.0378 0.1443 0.2546 TEST: 2.7353 0.0042 0.0551 | 1.2375 1.2193 1.6565 | 0.3220 44.1248 48.1823 3.9763 13.9258 23.8398
lr at 125th epoch is 5e-05 for optimizer and 6.25e-05 for film
current performance: -68.3740, best performance: -61.2491
Epoch: 0125 | TRAIN: 2.6985 0.0093 0.0529 | 0.9917 0.9917 0.3630 | 0.3248 44.3223 43.2865 0.0384 0.1430 0.2492 TEST: 2.6899 0.0042 0.0551 | 1.2572 1.2392 1.6759 | 0.3200 43.9471 48.0838 3.4006 13.4639 24.9719
lr at 126th epoch is 5e-05 for optimizer and 6.25e-05 for film
current performance: -66.4070, best performance: -61.2491
Epoch: 0126 | TRAIN: 2.7104 0.0079 0.0508 | 0.9820 0.9820 0.3609 | 0.3225 44.1409 42.8518 0.0373 0.1421 0.2523 TEST: 2.6875 0.0042 0.0551 | 1.2117 1.1934 1.6327 | 0.3193 43.9558 47.9890 3.5844 13.3851 24.0422
lr at 127th epoch is 5e-05 for optimizer and 6.25e-05 for film
current performance: -67.2880, best performance: -61.2491
Epoch: 0127 | TRAIN: 2.6873 0.0076 0.0489 | 0.9649 0.9649 0.3619 | 0.3229 44.1041 42.7654 0.0381 0.1455 0.2590 TEST: 2.7605 0.0042 0.0551 | 1.2359 1.2178 1.6551 | 0.3187 43.8011 47.9540 3.9084 14.1314 25.0389
lr at 128th epoch is 5e-05 for optimizer and 6.25e-05 for film
current performance: -64.3002, best performance: -61.2491
Epoch: 0128 | TRAIN: 2.6862 0.0077 0.0486 | 0.9822 0.9822 0.3651 | 0.3212 43.9399 42.5865 0.0396 0.1493 0.2623 TEST: 3.0223 0.0042 0.0551 | 1.1596 1.1410 1.5799 | 0.3218 44.0964 48.1925 3.8175 13.8506 24.1970
lr at 129th epoch is 5e-05 for optimizer and 6.25e-05 for film
current performance: -65.2243, best performance: -61.2491
Epoch: 0129 | TRAIN: 2.7050 0.0077 0.0487 | 0.9754 0.9754 0.3654 | 0.3231 44.1119 42.9614 0.0401 0.1496 0.2575 TEST: 2.6645 0.0042 0.0551 | 1.1955 1.1771 1.6159 | 0.3157 43.5234 47.7044 4.1394 14.6797 25.7687
lr at 130th epoch is 5e-05 for optimizer and 6.25e-05 for film
current performance: -64.8047, best performance: -61.2491
Epoch: 0130 | TRAIN: 2.6710 0.0091 0.0527 | 0.9667 0.9667 0.3533 | 0.3248 44.2911 43.1498 0.0388 0.1451 0.2525 TEST: 2.8013 0.0042 0.0551 | 1.1819 1.1635 1.6022 | 0.3166 43.6770 47.7892 3.6952 13.9444 25.2595
lr at 131th epoch is 5e-05 for optimizer and 6.25e-05 for film
current performance: -67.5482, best performance: -61.2491
Epoch: 0131 | TRAIN: 2.7227 0.0082 0.0500 | 0.9809 0.9809 0.3657 | 0.3202 43.9745 42.9018 0.0401 0.1453 0.2505 TEST: 2.6397 0.0043 0.0552 | 1.2402 1.2221 1.6600 | 0.3190 43.8683 47.9774 3.6300 13.8035 24.9617
lr at 132th epoch is 5e-05 for optimizer and 6.25e-05 for film
current performance: -65.4528, best performance: -61.2491
Epoch: 0132 | TRAIN: 2.6911 0.0079 0.0488 | 0.9815 0.9815 0.3619 | 0.3211 43.9285 42.6307 0.0402 0.1505 0.2621 TEST: 2.6694 0.0043 0.0553 | 1.2007 1.1823 1.6217 | 0.3157 43.5306 47.6912 4.2642 14.8720 25.7536
lr at 133th epoch is 5e-05 for optimizer and 6.25e-05 for film
current performance: -66.5911, best performance: -61.2491
Epoch: 0133 | TRAIN: 2.6936 0.0082 0.0497 | 0.9825 0.9825 0.3601 | 0.3188 43.8197 42.5990 0.0395 0.1475 0.2582 TEST: 2.6123 0.0046 0.0562 | 1.2205 1.2023 1.6415 | 0.3191 43.8130 48.0159 3.5528 14.1181 25.8057
lr at 134th epoch is 5e-05 for optimizer and 6.25e-05 for film
current performance: -67.3893, best performance: -61.2491
Epoch: 0134 | TRAIN: 2.7179 0.0084 0.0516 | 0.9600 0.9600 0.3644 | 0.3231 44.0957 42.8661 0.0387 0.1486 0.2622 TEST: 2.7555 0.0042 0.0551 | 1.2324 1.2142 1.6517 | 0.3212 44.0310 48.1937 3.3186 13.4369 25.0732
lr at 135th epoch is 5e-05 for optimizer and 6.25e-05 for film
current performance: -65.3601, best performance: -61.2491
Epoch: 0135 | TRAIN: 2.6670 0.0091 0.0507 | 0.9771 0.9771 0.3609 | 0.3226 44.0942 42.9386 0.0391 0.1470 0.2566 TEST: 2.6316 0.0043 0.0553 | 1.2000 1.1817 1.6194 | 0.3157 43.4746 47.7454 3.8203 14.8038 26.7437
lr at 136th epoch is 5e-05 for optimizer and 6.25e-05 for film
current performance: -66.6602, best performance: -61.2491
Epoch: 0136 | TRAIN: 2.6746 0.0090 0.0524 | 0.9759 0.9759 0.3604 | 0.3219 44.0975 42.9903 0.0384 0.1436 0.2526 TEST: 2.6261 0.0043 0.0553 | 1.2188 1.2005 1.6387 | 0.3197 43.9124 48.0059 4.0211 14.1671 24.5112
lr at 137th epoch is 5e-05 for optimizer and 6.25e-05 for film
current performance: -63.6032, best performance: -61.2491
Epoch: 0137 | TRAIN: 2.7039 0.0086 0.0500 | 0.9854 0.9854 0.3615 | 0.3214 44.0012 42.7991 0.0401 0.1476 0.2564 TEST: 2.6285 0.0043 0.0552 | 1.1617 1.1431 1.5827 | 0.3143 43.3890 47.6041 4.0948 14.8776 26.2834
lr at 138th epoch is 5e-05 for optimizer and 6.25e-05 for film
current performance: -66.3648, best performance: -61.2491
Epoch: 0138 | TRAIN: 2.6583 0.0086 0.0506 | 0.9393 0.9393 0.3535 | 0.3197 43.8253 42.4954 0.0406 0.1504 0.2626 TEST: 2.6958 0.0044 0.0556 | 1.2243 1.2061 1.6443 | 0.3154 43.4406 47.7001 4.2722 15.0945 26.3401
lr at 139th epoch is 5e-05 for optimizer and 6.25e-05 for film
current performance: -66.2794, best performance: -61.2491
Epoch: 0139 | TRAIN: 2.6967 0.0075 0.0487 | 0.9800 0.9800 0.3676 | 0.3213 43.9240 42.4669 0.0394 0.1510 0.2652 TEST: 2.6735 0.0045 0.0561 | 1.2180 1.1997 1.6368 | 0.3165 43.6280 47.7858 3.8225 14.1762 25.4496
lr at 140th epoch is 5e-05 for optimizer and 6.25e-05 for film
current performance: -63.7675, best performance: -61.2491
Epoch: 0140 | TRAIN: 2.6585 0.0083 0.0500 | 0.9739 0.9739 0.3589 | 0.3207 43.9399 42.6888 0.0399 0.1485 0.2579 TEST: 2.7329 0.0043 0.0554 | 1.1742 1.1557 1.5958 | 0.3108 43.0519 47.3486 4.0835 15.3398 27.5021
lr at 141th epoch is 5e-05 for optimizer and 6.25e-05 for film
current performance: -67.6816, best performance: -61.2491
Epoch: 0141 | TRAIN: 2.6971 0.0093 0.0521 | 0.9464 0.9464 0.3570 | 0.3190 43.8304 42.6556 0.0389 0.1472 0.2593 TEST: 2.7664 0.0043 0.0555 | 1.2386 1.2205 1.6590 | 0.3213 44.0629 48.1254 4.1089 14.2795 24.1215
lr at 142th epoch is 5e-05 for optimizer and 6.25e-05 for film
current performance: -65.2109, best performance: -61.2491
Epoch: 0142 | TRAIN: 2.6594 0.0085 0.0509 | 1.0068 1.0068 0.3699 | 0.3192 43.7916 42.4772 0.0400 0.1502 0.2636 TEST: 2.7578 0.0043 0.0553 | 1.1864 1.1680 1.6073 | 0.3192 43.8743 47.9656 4.0643 14.2681 24.6076
lr at 143th epoch is 5e-05 for optimizer and 6.25e-05 for film
current performance: -65.9174, best performance: -61.2491
Epoch: 0143 | TRAIN: 2.7081 0.0089 0.0526 | 0.9652 0.9652 0.3559 | 0.3212 44.0356 42.9089 0.0385 0.1440 0.2532 TEST: 2.5775 0.0046 0.0564 | 1.2069 1.1886 1.6275 | 0.3179 43.7463 47.8897 3.8319 14.1246 25.1938
lr at 144th epoch is 5e-05 for optimizer and 6.25e-05 for film
current performance: -66.5969, best performance: -61.2491
Epoch: 0144 | TRAIN: 2.6521 0.0096 0.0534 | 0.9606 0.9606 0.3576 | 0.3198 43.8988 42.7245 0.0394 0.1473 0.2578 TEST: 2.7047 0.0043 0.0555 | 1.2246 1.2064 1.6436 | 0.3171 43.6322 47.8364 4.0110 14.5322 25.7346
lr at 145th epoch is 5e-05 for optimizer and 6.25e-05 for film
current performance: -66.1446, best performance: -61.2491
Epoch: 0145 | TRAIN: 2.6695 0.0096 0.0521 | 0.9638 0.9638 0.3626 | 0.3188 43.8005 42.6043 0.0395 0.1494 0.2619 TEST: 2.7663 0.0042 0.0551 | 1.2133 1.1950 1.6334 | 0.3169 43.6563 47.8253 3.7779 14.2348 25.6660
lr at 146th epoch is 5e-05 for optimizer and 6.25e-05 for film
current performance: -68.4711, best performance: -61.2491
Epoch: 0146 | TRAIN: 2.6945 0.0093 0.0532 | 0.9661 0.9661 0.3611 | 0.3198 43.8405 42.5713 0.0391 0.1501 0.2644 TEST: 2.6943 0.0046 0.0563 | 1.2553 1.2372 1.6746 | 0.3225 44.1507 48.2095 4.1008 14.1605 23.9761
lr at 147th epoch is 5e-05 for optimizer and 6.25e-05 for film
current performance: -66.8294, best performance: -61.2491
Epoch: 0147 | TRAIN: 2.6904 0.0089 0.0511 | 0.9757 0.9757 0.3642 | 0.3202 43.9038 42.6739 0.0395 0.1481 0.2597 TEST: 2.5811 0.0048 0.0567 | 1.2356 1.2174 1.6547 | 0.3150 43.4603 47.6674 3.8728 14.6964 26.3427
lr at 148th epoch is 5e-05 for optimizer and 6.25e-05 for film
current performance: -65.0936, best performance: -61.2491
Epoch: 0148 | TRAIN: 2.6569 0.0086 0.0504 | 0.9760 0.9760 0.3610 | 0.3194 43.7897 42.5156 0.0409 0.1517 0.2648 TEST: 2.7658 0.0042 0.0551 | 1.2105 1.1922 1.6306 | 0.3101 42.8163 47.3366 4.3189 17.0693 29.3869
lr at 149th epoch is 5e-05 for optimizer and 6.25e-05 for film
current performance: -65.2815, best performance: -61.2491
Epoch: 0149 | TRAIN: 2.6949 0.0080 0.0499 | 0.9776 0.9776 0.3614 | 0.3202 43.9233 42.8254 0.0389 0.1483 0.2586 TEST: 2.5156 0.0048 0.0568 | 1.1936 1.1752 1.6141 | 0.3170 43.7109 47.7913 4.0693 14.3125 24.6574
lr at 150th epoch is 5e-05 for optimizer and 3.125e-05 for film
current performance: -63.9548, best performance: -61.2491
Epoch: 0150 | TRAIN: 2.6390 0.0092 0.0513 | 0.9804 0.9804 0.3656 | 0.3187 43.7792 42.4651 0.0394 0.1491 0.2628 TEST: 2.7681 0.0048 0.0569 | 1.1703 1.1518 1.5897 | 0.3142 43.4284 47.5640 4.2807 14.9619 25.7053
lr at 151th epoch is 5e-05 for optimizer and 3.125e-05 for film
current performance: -63.9773, best performance: -61.2491
Epoch: 0151 | TRAIN: 2.6698 0.0092 0.0530 | 0.9481 0.9481 0.3560 | 0.3192 43.8108 42.5332 0.0403 0.1493 0.2604 TEST: 2.7872 0.0044 0.0555 | 1.1729 1.1543 1.5927 | 0.3137 43.3003 47.5561 4.3604 15.3578 26.7012
lr at 152th epoch is 5e-05 for optimizer and 3.125e-05 for film
current performance: -62.1770, best performance: -61.2491
Epoch: 0152 | TRAIN: 2.6819 0.0092 0.0532 | 0.9552 0.9552 0.3598 | 0.3185 43.6968 42.4035 0.0408 0.1533 0.2681 TEST: 2.7950 0.0043 0.0555 | 1.1371 1.1184 1.5554 | 0.3119 43.0762 47.4720 3.8901 15.7776 28.3277
lr at 153th epoch is 5e-05 for optimizer and 3.125e-05 for film
current performance: -64.1829, best performance: -61.2491
Epoch: 0153 | TRAIN: 2.6744 0.0098 0.0539 | 0.9536 0.9536 0.3573 | 0.3196 43.8167 42.4984 0.0402 0.1500 0.2636 TEST: 2.6895 0.0044 0.0556 | 1.1697 1.1511 1.5886 | 0.3161 43.6126 47.7414 3.9051 14.1631 25.2086
lr at 154th epoch is 5e-05 for optimizer and 3.125e-05 for film
current performance: -65.2220, best performance: -61.2491
Epoch: 0154 | TRAIN: 2.6452 0.0095 0.0537 | 0.9651 0.9651 0.3603 | 0.3192 43.8052 42.5522 0.0406 0.1506 0.2616 TEST: 2.7616 0.0043 0.0554 | 1.1984 1.1800 1.6166 | 0.3144 43.4192 47.6375 3.7334 14.6184 26.5363
lr at 155th epoch is 5e-05 for optimizer and 3.125e-05 for film
current performance: -64.8876, best performance: -61.2491
Epoch: 0155 | TRAIN: 2.6738 0.0084 0.0503 | 1.0014 1.0014 0.3661 | 0.3186 43.7849 42.4491 0.0383 0.1473 0.2619 TEST: 2.6835 0.0050 0.0577 | 1.1910 1.1726 1.6104 | 0.3147 43.4866 47.6159 3.9240 14.4811 25.7641
lr at 156th epoch is 5e-05 for optimizer and 3.125e-05 for film
current performance: -64.5373, best performance: -61.2491
Epoch: 0156 | TRAIN: 2.7072 0.0099 0.0550 | 0.9512 0.9512 0.3553 | 0.3191 43.8141 42.6411 0.0407 0.1513 0.2605 TEST: 2.5630 0.0134 0.0855 | 1.2019 1.1836 1.6221 | 0.3172 43.7022 47.8314 3.8367 14.1954 25.2449
lr at 157th epoch is 5e-05 for optimizer and 3.125e-05 for film
current performance: -66.4419, best performance: -61.2491
Epoch: 0157 | TRAIN: 2.6548 0.0100 0.0530 | 0.9607 0.9607 0.3546 | 0.3181 43.6993 42.3610 0.0399 0.1520 0.2658 TEST: 2.5717 0.0095 0.0724 | 1.2336 1.2154 1.6525 | 0.3175 43.7314 47.8518 3.7734 14.1295 25.1666
lr at 158th epoch is 5e-05 for optimizer and 3.125e-05 for film
current performance: -66.3068, best performance: -61.2491
Epoch: 0158 | TRAIN: 2.6582 0.0095 0.0545 | 0.9752 0.9752 0.3665 | 0.3183 43.7653 42.4079 0.0399 0.1488 0.2610 TEST: 2.5267 0.0070 0.0642 | 1.2221 1.2038 1.6414 | 0.3185 43.7778 47.9132 4.3243 14.7760 24.9828
lr at 159th epoch is 5e-05 for optimizer and 3.125e-05 for film
current performance: -65.2675, best performance: -61.2491
Epoch: 0159 | TRAIN: 2.6641 0.0085 0.0496 | 0.9500 0.9500 0.3588 | 0.3161 43.5129 42.1696 0.0405 0.1552 0.2718 TEST: 2.6098 0.0045 0.0559 | 1.1975 1.1792 1.6170 | 0.3158 43.5090 47.7117 4.3073 15.0732 25.8954
lr at 160th epoch is 5e-05 for optimizer and 3.125e-05 for film
current performance: -65.1418, best performance: -61.2491
Epoch: 0160 | TRAIN: 2.6813 0.0086 0.0513 | 0.9708 0.9708 0.3660 | 0.3179 43.6770 42.4643 0.0413 0.1540 0.2668 TEST: 2.6463 0.0045 0.0559 | 1.1927 1.1743 1.6103 | 0.3163 43.5855 47.7955 3.5483 14.1956 26.2157
lr at 161th epoch is 5e-05 for optimizer and 3.125e-05 for film
current performance: -64.9512, best performance: -61.2491
Epoch: 0161 | TRAIN: 2.6438 0.0095 0.0535 | 0.9660 0.9660 0.3623 | 0.3184 43.7081 42.2485 0.0393 0.1515 0.2687 TEST: 2.7535 0.0043 0.0554 | 1.1825 1.1641 1.5999 | 0.3178 43.7947 47.8392 4.0830 14.2443 24.3731
lr at 162th epoch is 5e-05 for optimizer and 3.125e-05 for film
current performance: -65.2036, best performance: -61.2491
Epoch: 0162 | TRAIN: 2.6747 0.0087 0.0516 | 0.9402 0.9402 0.3516 | 0.3193 43.8726 42.6147 0.0391 0.1459 0.2559 TEST: 2.6200 0.0080 0.0676 | 1.1995 1.1811 1.6172 | 0.3175 43.7833 47.8240 3.9416 14.0284 24.3261
lr at 163th epoch is 5e-05 for optimizer and 3.125e-05 for film
current performance: -63.0471, best performance: -61.2491
Epoch: 0163 | TRAIN: 2.6586 0.0105 0.0547 | 0.9841 0.9841 0.3669 | 0.3165 43.6092 42.4010 0.0399 0.1511 0.2655 TEST: 2.8297 0.0042 0.0551 | 1.1623 1.1437 1.5809 | 0.3089 42.8630 47.2077 4.1097 15.9152 28.2470
lr at 164th epoch is 5e-05 for optimizer and 3.125e-05 for film
current performance: -67.5850, best performance: -61.2491
Epoch: 0164 | TRAIN: 2.6622 0.0092 0.0519 | 0.9640 0.9640 0.3581 | 0.3159 43.5392 42.2688 0.0402 0.1525 0.2675 TEST: 2.6835 0.0042 0.0551 | 1.2460 1.2280 1.6626 | 0.3172 43.6716 47.8156 4.1362 14.5621 25.2164
lr at 165th epoch is 5e-05 for optimizer and 3.125e-05 for film
current performance: -66.3350, best performance: -61.2491
Epoch: 0165 | TRAIN: 2.6784 0.0098 0.0540 | 1.0084 1.0084 0.3657 | 0.3201 43.8806 42.8205 0.0407 0.1507 0.2608 TEST: 2.6698 0.0046 0.0563 | 1.2103 1.1919 1.6298 | 0.3192 43.9873 47.9870 3.2715 13.0514 24.0640
lr at 166th epoch is 5e-05 for optimizer and 3.125e-05 for film
current performance: -66.1370, best performance: -61.2491
Epoch: 0166 | TRAIN: 2.6875 0.0090 0.0527 | 0.9974 0.9974 0.3667 | 0.3177 43.7197 42.6009 0.0402 0.1501 0.2617 TEST: 2.5871 0.0055 0.0594 | 1.2173 1.1991 1.6367 | 0.3168 43.6399 47.7762 4.2070 14.6930 25.3064
lr at 167th epoch is 5e-05 for optimizer and 3.125e-05 for film
current performance: -66.0548, best performance: -61.2491
Epoch: 0167 | TRAIN: 2.6485 0.0089 0.0505 | 0.9815 0.9815 0.3624 | 0.3174 43.6963 42.5451 0.0402 0.1496 0.2610 TEST: 2.7602 0.0042 0.0552 | 1.2215 1.2032 1.6402 | 0.3127 43.2555 47.5047 3.9642 14.9443 26.7213
lr at 168th epoch is 5e-05 for optimizer and 3.125e-05 for film
current performance: -65.7287, best performance: -61.2491
Epoch: 0168 | TRAIN: 2.6682 0.0085 0.0510 | 0.9870 0.9870 0.3642 | 0.3188 43.7716 42.5617 0.0393 0.1506 0.2643 TEST: 2.7379 0.0043 0.0552 | 1.2113 1.1930 1.6303 | 0.3140 43.3639 47.6253 3.6279 14.6650 26.8877
lr at 169th epoch is 5e-05 for optimizer and 3.125e-05 for film
current performance: -66.4189, best performance: -61.2491
Epoch: 0169 | TRAIN: 2.6534 0.0092 0.0513 | 0.9563 0.9563 0.3528 | 0.3154 43.4612 42.1589 0.0409 0.1565 0.2721 TEST: 2.6486 0.0045 0.0559 | 1.2194 1.2012 1.6393 | 0.3172 43.6884 47.8143 3.9976 14.4472 25.2845
lr at 170th epoch is 5e-05 for optimizer and 3.125e-05 for film
current performance: -63.3488, best performance: -61.2491
Epoch: 0170 | TRAIN: 2.6484 0.0091 0.0518 | 0.9979 0.9979 0.3606 | 0.3173 43.6266 42.2366 0.0412 0.1538 0.2666 TEST: 2.7298 0.0043 0.0554 | 1.1638 1.1452 1.5841 | 0.3110 43.0870 47.3325 4.3763 15.5330 27.0660
lr at 171th epoch is 5e-05 for optimizer and 3.125e-05 for film
current performance: -63.4968, best performance: -61.2491
Epoch: 0171 | TRAIN: 2.6660 0.0083 0.0513 | 0.9620 0.9620 0.3570 | 0.3168 43.5578 42.1217 0.0404 0.1542 0.2725 TEST: 2.7740 0.0042 0.0551 | 1.1667 1.1482 1.5846 | 0.3115 43.0934 47.3995 4.2741 15.7217 27.3725
lr at 172th epoch is 5e-05 for optimizer and 3.125e-05 for film
current performance: -66.9322, best performance: -61.2491
Epoch: 0172 | TRAIN: 2.6534 0.0086 0.0498 | 0.9579 0.9579 0.3640 | 0.3163 43.5206 42.0767 0.0413 0.1550 0.2709 TEST: 2.7599 0.0043 0.0553 | 1.2520 1.2339 1.6691 | 0.3094 42.8569 47.2932 3.7590 16.1004 28.9884
lr at 173th epoch is 5e-05 for optimizer and 3.125e-05 for film
current performance: -64.7591, best performance: -61.2491
Epoch: 0173 | TRAIN: 2.6596 0.0090 0.0520 | 0.9686 0.9686 0.3609 | 0.3161 43.5106 42.2952 0.0403 0.1553 0.2720 TEST: 2.6966 0.0044 0.0558 | 1.1994 1.1811 1.6177 | 0.3102 42.9722 47.2992 4.2172 15.8914 27.9771
lr at 174th epoch is 5e-05 for optimizer and 3.125e-05 for film
current performance: -67.2245, best performance: -61.2491
Epoch: 0174 | TRAIN: 2.6550 0.0091 0.0527 | 0.9863 0.9863 0.3609 | 0.3175 43.6916 42.3647 0.0395 0.1501 0.2638 TEST: 2.5914 0.0043 0.0552 | 1.2468 1.2287 1.6652 | 0.3130 43.3223 47.5032 3.9041 14.8233 26.4225
lr at 175th epoch is 5e-05 for optimizer and 3.125e-05 for film
current performance: -63.6143, best performance: -61.2491
Epoch: 0175 | TRAIN: 2.6784 0.0090 0.0515 | 0.9846 0.9846 0.3617 | 0.3176 43.6098 42.1530 0.0406 0.1551 0.2720 TEST: 2.5797 0.0045 0.0558 | 1.1800 1.1615 1.6000 | 0.3080 42.7022 47.1520 4.2566 16.6612 29.1522
lr at 176th epoch is 5e-05 for optimizer and 3.125e-05 for film
current performance: -65.2635, best performance: -61.2491
Epoch: 0176 | TRAIN: 2.6544 0.0093 0.0523 | 0.9746 0.9746 0.3588 | 0.3162 43.5493 42.3753 0.0412 0.1539 0.2678 TEST: 2.6794 0.0043 0.0553 | 1.1935 1.1751 1.6119 | 0.3167 43.6434 47.7395 4.4568 15.0072 25.0118
lr at 177th epoch is 5e-05 for optimizer and 3.125e-05 for film
current performance: -64.9834, best performance: -61.2491
Epoch: 0177 | TRAIN: 2.6471 0.0091 0.0520 | 0.9768 0.9768 0.3627 | 0.3165 43.5830 42.2860 0.0407 0.1528 0.2659 TEST: 2.7622 0.0043 0.0553 | 1.1947 1.1763 1.6140 | 0.3133 43.3423 47.5246 3.9318 14.6765 26.1511
lr at 178th epoch is 5e-05 for optimizer and 3.125e-05 for film
current performance: -64.2505, best performance: -61.2491
Epoch: 0178 | TRAIN: 2.6556 0.0095 0.0536 | 0.9669 0.9669 0.3625 | 0.3167 43.5655 42.2558 0.0420 0.1550 0.2675 TEST: 2.6707 0.0046 0.0563 | 1.1991 1.1807 1.6176 | 0.3070 42.5437 47.0971 4.3658 17.3002 29.9224
lr at 179th epoch is 5e-05 for optimizer and 3.125e-05 for film
current performance: -66.2480, best performance: -61.2491
Epoch: 0179 | TRAIN: 2.6656 0.0085 0.0506 | 0.9489 0.9489 0.3567 | 0.3170 43.6484 42.4245 0.0406 0.1504 0.2623 TEST: 2.5609 0.0045 0.0559 | 1.2244 1.2061 1.6424 | 0.3135 43.3453 47.5624 3.8402 14.7658 26.4995
lr at 180th epoch is 5e-05 for optimizer and 1.5625e-05 for film
current performance: -65.8398, best performance: -61.2491
Epoch: 0180 | TRAIN: 2.6367 0.0106 0.0560 | 0.9854 0.9854 0.3648 | 0.3160 43.5562 42.1886 0.0413 0.1516 0.2654 TEST: 2.6740 0.0042 0.0551 | 1.2170 1.1988 1.6364 | 0.3123 43.2344 47.4535 4.0504 15.0195 26.6350
lr at 181th epoch is 5e-05 for optimizer and 1.5625e-05 for film
current performance: -63.5802, best performance: -61.2491
Epoch: 0181 | TRAIN: 2.6534 0.0083 0.0504 | 0.9669 0.9669 0.3572 | 0.3140 43.3785 41.9595 0.0403 0.1537 0.2705 TEST: 2.7103 0.0042 0.0551 | 1.1603 1.1417 1.5795 | 0.3138 43.4213 47.5485 3.9586 14.4025 25.6395
lr at 182th epoch is 5e-05 for optimizer and 1.5625e-05 for film
current performance: -65.7340, best performance: -61.2491
Epoch: 0182 | TRAIN: 2.6571 0.0096 0.0539 | 0.9722 0.9722 0.3629 | 0.3169 43.6143 42.2066 0.0390 0.1519 0.2677 TEST: 2.7063 0.0043 0.0553 | 1.2138 1.1955 1.6326 | 0.3124 43.2748 47.4756 3.7264 14.6443 26.5711
lr at 183th epoch is 5e-05 for optimizer and 1.5625e-05 for film
current performance: -65.8915, best performance: -61.2491
Epoch: 0183 | TRAIN: 2.6545 0.0094 0.0531 | 0.9673 0.9673 0.3618 | 0.3168 43.6384 42.4017 0.0399 0.1500 0.2625 TEST: 2.7770 0.0042 0.0551 | 1.2160 1.1978 1.6341 | 0.3142 43.3202 47.6038 4.4098 15.4793 26.7496
lr at 184th epoch is 5e-05 for optimizer and 1.5625e-05 for film
current performance: -64.6598, best performance: -61.2491
Epoch: 0184 | TRAIN: 2.6754 0.0084 0.0509 | 1.0040 1.0040 0.3675 | 0.3147 43.3879 42.0557 0.0413 0.1572 0.2729 TEST: 2.4763 0.0115 0.0790 | 1.2108 1.1925 1.6307 | 0.3124 43.2494 47.4619 3.9860 14.9494 26.6376
lr at 185th epoch is 5e-05 for optimizer and 1.5625e-05 for film
current performance: -66.0018, best performance: -61.2491
Epoch: 0185 | TRAIN: 2.6635 0.0108 0.0577 | 0.9873 0.9873 0.3635 | 0.3156 43.5707 42.3812 0.0409 0.1516 0.2609 TEST: 2.4918 0.0093 0.0717 | 1.2314 1.2132 1.6506 | 0.3139 43.3979 47.5854 3.8562 14.5639 26.1504
lr at 186th epoch is 5e-05 for optimizer and 1.5625e-05 for film
current performance: -64.9207, best performance: -61.2491
Epoch: 0186 | TRAIN: 2.6281 0.0098 0.0535 | 0.9730 0.9730 0.3592 | 0.3178 43.6725 42.5053 0.0418 0.1533 0.2645 TEST: 2.8226 0.0042 0.0551 | 1.1927 1.1743 1.6126 | 0.3137 43.3594 47.5725 3.7752 14.6739 26.5885
lr at 187th epoch is 5e-05 for optimizer and 1.5625e-05 for film
current performance: -63.7864, best performance: -61.2491
Epoch: 0187 | TRAIN: 2.6722 0.0082 0.0493 | 0.9619 0.9619 0.3578 | 0.3153 43.3978 41.9336 0.0416 0.1586 0.2767 TEST: 2.6254 0.0052 0.0582 | 1.1678 1.1493 1.5873 | 0.3140 43.4197 47.5855 3.9166 14.4976 25.8038
lr at 188th epoch is 5e-05 for optimizer and 1.5625e-05 for film
current performance: -65.7560, best performance: -61.2491
Epoch: 0188 | TRAIN: 2.6493 0.0096 0.0536 | 0.9688 0.9688 0.3662 | 0.3139 43.3675 41.9916 0.0408 0.1541 0.2709 TEST: 2.6779 0.0044 0.0556 | 1.2109 1.1926 1.6296 | 0.3141 43.4157 47.5699 4.2465 14.8965 25.7123
lr at 189th epoch is 5e-05 for optimizer and 1.5625e-05 for film
current performance: -66.4662, best performance: -61.2491
Epoch: 0189 | TRAIN: 2.6523 0.0097 0.0534 | 0.9633 0.9633 0.3597 | 0.3147 43.4482 42.0699 0.0404 0.1531 0.2682 TEST: 2.8470 0.0042 0.0551 | 1.2273 1.2091 1.6461 | 0.3135 43.3955 47.5081 4.0090 14.5866 25.7122
lr at 190th epoch is 5e-05 for optimizer and 1.5625e-05 for film
current performance: -63.4359, best performance: -61.2491
Epoch: 0190 | TRAIN: 2.6726 0.0086 0.0506 | 0.9849 0.9849 0.3635 | 0.3134 43.3583 41.9774 0.0394 0.1527 0.2690 TEST: 2.6192 0.0055 0.0593 | 1.1657 1.1472 1.5851 | 0.3119 43.2239 47.4230 3.9034 14.7976 26.5509
lr at 191th epoch is 5e-05 for optimizer and 1.5625e-05 for film
current performance: -64.8107, best performance: -61.2491
Epoch: 0191 | TRAIN: 2.6336 0.0101 0.0542 | 0.9671 0.9671 0.3551 | 0.3153 43.5254 42.4665 0.0402 0.1525 0.2652 TEST: 2.7226 0.0043 0.0553 | 1.2017 1.1834 1.6217 | 0.3094 42.9116 47.2295 4.2753 15.8229 27.8728
lr at 192th epoch is 5e-05 for optimizer and 1.5625e-05 for film
current performance: -63.6428, best performance: -61.2491
Epoch: 0192 | TRAIN: 2.6670 0.0087 0.0505 | 0.9698 0.9698 0.3628 | 0.3151 43.4672 42.1687 0.0410 0.1533 0.2685 TEST: 2.6886 0.0073 0.0653 | 1.1716 1.1531 1.5922 | 0.3138 43.3882 47.5621 3.9672 14.5777 26.0926
lr at 193th epoch is 5e-05 for optimizer and 1.5625e-05 for film
current performance: -64.8355, best performance: -61.2491
Epoch: 0193 | TRAIN: 2.6416 0.0096 0.0545 | 0.9438 0.9438 0.3577 | 0.3152 43.4985 42.3062 0.0404 0.1526 0.2681 TEST: 2.6692 0.0044 0.0557 | 1.1862 1.1678 1.6058 | 0.3160 43.5556 47.7410 4.1060 14.8330 25.8619
lr at 194th epoch is 5e-05 for optimizer and 1.5625e-05 for film
current performance: -64.0890, best performance: -61.2491
Epoch: 0194 | TRAIN: 2.6381 0.0101 0.0540 | 0.9715 0.9715 0.3645 | 0.3169 43.6063 42.2984 0.0405 0.1536 0.2671 TEST: 2.7387 0.0043 0.0553 | 1.1762 1.1577 1.5963 | 0.3121 43.2616 47.4331 3.9171 14.5924 26.2620
lr at 195th epoch is 5e-05 for optimizer and 1.5625e-05 for film
current performance: -65.4499, best performance: -61.2491
Epoch: 0195 | TRAIN: 2.6364 0.0090 0.0515 | 0.9609 0.9609 0.3611 | 0.3148 43.4491 42.1035 0.0401 0.1535 0.2694 TEST: 2.5914 0.0079 0.0671 | 1.2200 1.2018 1.6393 | 0.3113 43.1855 47.3575 4.1133 14.9269 26.2931
lr at 196th epoch is 5e-05 for optimizer and 1.5625e-05 for film
current performance: -64.3275, best performance: -61.2491
Epoch: 0196 | TRAIN: 2.6255 0.0107 0.0558 | 0.9360 0.9360 0.3533 | 0.3149 43.4116 41.9922 0.0421 0.1570 0.2716 TEST: 2.8251 0.0043 0.0553 | 1.1852 1.1668 1.6041 | 0.3102 43.1233 47.2601 3.9448 14.7506 26.4759
lr at 197th epoch is 5e-05 for optimizer and 1.5625e-05 for film
current performance: -63.0251, best performance: -61.2491
Epoch: 0197 | TRAIN: 2.6753 0.0104 0.0552 | 0.9725 0.9725 0.3614 | 0.3125 43.1797 41.6786 0.0409 0.1601 0.2827 TEST: 2.5686 0.0058 0.0604 | 1.1705 1.1520 1.5886 | 0.3089 42.7051 47.2507 4.3767 17.0905 29.8025
lr at 198th epoch is 5e-05 for optimizer and 1.5625e-05 for film
current performance: -62.1828, best performance: -61.2491
Epoch: 0198 | TRAIN: 2.6390 0.0100 0.0540 | 0.9454 0.9454 0.3589 | 0.3169 43.5556 42.1801 0.0400 0.1555 0.2745 TEST: 2.7534 0.0043 0.0553 | 1.1454 1.1268 1.5631 | 0.3084 42.7470 47.1672 4.3483 16.5570 28.8986
lr at 199th epoch is 5e-05 for optimizer and 1.5625e-05 for film
current performance: -64.0189, best performance: -61.2491
Epoch: 0199 | TRAIN: 2.6292 0.0092 0.0524 | 0.9511 0.9511 0.3559 | 0.3134 43.3072 41.8976 0.0407 0.1564 0.2753 TEST: 2.6484 0.0044 0.0555 | 1.1841 1.1656 1.6026 | 0.3094 42.8969 47.2357 4.3581 16.0062 28.0114
Epoch: 0057 | TRAIN: 2.7583 0.0072 0.0464 | 0.9865 0.9865 0.3727 | 0.3281 44.5748 43.4179 0.0386 0.1431 0.2436 TEST: 3.1171 0.0042 0.0551 | 1.0765 1.0575 1.4929 | 0.3278 44.6008 48.6300 3.9567 13.8963 23.2010
