
CommandNotFoundError: Your shell has not been properly configured to use 'conda activate'.
To initialize your shell, run

    $ conda init <SHELL_NAME>

Currently supported shells are:
  - bash
  - fish
  - tcsh
  - xonsh
  - zsh
  - powershell

See 'conda init --help' for more information and options.

IMPORTANT: You may need to close and restart your shell after running 'conda init'.


/scratch_tmp/grp/grv_shi/k21220263/MTPSL/nyu_mtl_xtc.py:105: FutureWarning: You are using `torch.load` with `weights_only=False` (the current default value), which uses the default pickle module implicitly. It is possible to construct malicious pickle data which will execute arbitrary code during unpickling (See https://github.com/pytorch/pytorch/blob/main/SECURITY.md#untrusted-models for more details). In a future release, the default value for `weights_only` will be flipped to `True`. This limits the functions that could be executed during unpickling. Arbitrary objects will no longer be allowed to be loaded via this mode unless they are explicitly allowlisted by the user via `torch.serialization.add_safe_globals`. We recommend you start setting `weights_only=True` for any use case where you don't have full control of the loaded file. Please open an issue on GitHub for any issues related to this experimental feature.
  labels_weights = torch.load('{}onelabel.pth'.format(opt.labelroot))['labels_weights'].float().cuda()
Parameter Space: ABS: 42884943.0, REL: 1.7167

LOSS FORMAT: SEMANTIC_LOSS MEAN_IOU PIX_ACC | DEPTH_LOSS ABS_ERR ROOT_MSE | NORMAL_LOSS MEAN MED <11.25 <22.5 <30

lr at 0th epoch is 0.0001 for optimizer
current performance: -69.9520, best performance: -100.0000
Epoch: 0000 | TRAIN: 4.5922 0.0191 0.0821 | 1.5440 1.5440 0.7816 | 0.3567 46.5530 45.3800 0.0331 0.1407 0.2443 TEST: 3.1236 0.0050 0.0575 | 1.3120 1.2965 1.6973 | 0.3167 43.2179 47.8949 4.8742 17.5167 29.0970
lr at 1th epoch is 0.0001 for optimizer
current performance: -53.3769, best performance: -69.9520
Epoch: 0001 | TRAIN: 3.0500 0.0177 0.0750 | 0.9337 0.9337 0.4535 | 0.3277 44.1929 42.6467 0.0416 0.1637 0.2785 TEST: 2.1977 0.0542 0.2597 | 1.0682 1.0505 1.4535 | 0.3164 43.5288 47.6769 4.8867 16.3415 26.2534
lr at 2th epoch is 0.0001 for optimizer
current performance: -49.7516, best performance: -53.3769
Epoch: 0002 | TRAIN: 2.9322 0.0188 0.0762 | 0.9439 0.9439 0.4620 | 0.3251 43.9820 42.6492 0.0447 0.1666 0.2794 TEST: 3.1246 0.0042 0.0551 | 0.8638 0.8478 1.1599 | 0.3046 42.4016 46.9059 4.4961 17.1670 29.4996
lr at 3th epoch is 0.0001 for optimizer
current performance: -56.2158, best performance: -49.7516
Epoch: 0003 | TRAIN: 2.9567 0.0214 0.0819 | 0.9263 0.9263 0.4521 | 0.3150 43.1118 41.5225 0.0458 0.1796 0.2987 TEST: 2.9424 0.0042 0.0551 | 0.9877 0.9711 1.3610 | 0.3152 43.4268 47.6814 4.4087 15.3848 25.9115
lr at 4th epoch is 0.0001 for optimizer
current performance: -47.4324, best performance: -49.7516
Epoch: 0004 | TRAIN: 2.9966 0.0228 0.0849 | 0.8873 0.8873 0.4375 | 0.3136 42.8991 41.2031 0.0496 0.1854 0.3040 TEST: 2.7352 0.0045 0.0561 | 0.8355 0.8189 1.1528 | 0.2978 41.4664 46.3906 5.7993 20.9045 33.4826
lr at 5th epoch is 0.0001 for optimizer
current performance: -43.7496, best performance: -47.4324
Epoch: 0005 | TRAIN: 2.7902 0.0211 0.0773 | 0.8502 0.8502 0.4123 | 0.3037 42.0082 40.2503 0.0559 0.2003 0.3230 TEST: 2.1642 0.0772 0.2426 | 0.9664 0.9548 1.1940 | 0.3125 41.2218 48.0414 10.8718 28.2672 38.6992
lr at 6th epoch is 0.0001 for optimizer
current performance: -43.4590, best performance: -43.7496
Epoch: 0006 | TRAIN: 2.8220 0.0263 0.0841 | 0.8451 0.8451 0.4070 | 0.2939 41.1670 39.3585 0.0596 0.2129 0.3375 TEST: 2.7813 0.0077 0.0563 | 0.8236 0.8081 1.1435 | 0.2691 38.6689 44.0151 8.6388 26.0510 38.6949
lr at 7th epoch is 0.0001 for optimizer
current performance: -41.7900, best performance: -43.4590
Epoch: 0007 | TRAIN: 2.7440 0.0296 0.0899 | 0.8037 0.8037 0.3983 | 0.2775 39.4993 37.3323 0.0775 0.2480 0.3762 TEST: 2.6955 0.0211 0.1017 | 0.8235 0.8075 1.1561 | 0.2676 38.7340 43.8497 7.7049 25.1692 38.0388
lr at 8th epoch is 0.0001 for optimizer
current performance: -37.3732, best performance: -41.7900
Epoch: 0008 | TRAIN: 2.7212 0.0386 0.1092 | 0.7414 0.7414 0.3592 | 0.2698 38.8427 36.4841 0.0795 0.2566 0.3880 TEST: 2.6556 0.0123 0.0643 | 0.7093 0.6991 0.9462 | 0.2553 37.9569 42.6918 7.0787 25.0443 38.8702
lr at 9th epoch is 0.0001 for optimizer
current performance: -40.9008, best performance: -37.3732
Epoch: 0009 | TRAIN: 2.6247 0.0412 0.1081 | 0.7022 0.7022 0.3402 | 0.2574 37.6226 35.0024 0.0913 0.2819 0.4143 TEST: 2.4544 0.0194 0.0695 | 0.8733 0.8687 1.0857 | 0.2343 35.3449 40.9429 12.1564 32.3081 45.2039
lr at 10th epoch is 0.0001 for optimizer
current performance: -27.5731, best performance: -37.3732
Epoch: 0010 | TRAIN: 2.5960 0.0397 0.1042 | 0.7192 0.7192 0.3486 | 0.2478 36.7792 34.0135 0.0954 0.2930 0.4297 TEST: 2.1338 0.0798 0.2004 | 0.7616 0.7467 1.0830 | 0.2300 35.0372 40.5947 11.3841 32.5221 46.3146
lr at 11th epoch is 0.0001 for optimizer
current performance: -31.7536, best performance: -27.5731
Epoch: 0011 | TRAIN: 2.5078 0.0427 0.1106 | 0.6537 0.6537 0.3196 | 0.2442 36.3346 33.2700 0.1022 0.3060 0.4442 TEST: 2.4486 0.0378 0.0998 | 0.7472 0.7388 0.9906 | 0.2261 34.2783 40.2857 13.4351 35.4089 48.4304
lr at 12th epoch is 0.0001 for optimizer
current performance: -28.7576, best performance: -27.5731
Epoch: 0012 | TRAIN: 2.5091 0.0498 0.1235 | 0.6391 0.6391 0.3094 | 0.2366 35.5608 32.5225 0.1135 0.3225 0.4574 TEST: 3.0144 0.0104 0.0591 | 0.6077 0.5969 0.8632 | 0.2200 33.9485 39.6573 13.1039 34.7230 48.5076
lr at 13th epoch is 0.0001 for optimizer
current performance: -24.2584, best performance: -27.5731
Epoch: 0013 | TRAIN: 2.4838 0.0511 0.1241 | 0.6084 0.6084 0.2931 | 0.2256 34.5141 31.3604 0.1226 0.3419 0.4790 TEST: 2.1099 0.0914 0.1279 | 0.7472 0.7384 0.9882 | 0.2177 33.7020 39.5062 13.1704 35.7717 49.4129
lr at 14th epoch is 0.0001 for optimizer
current performance: -29.5658, best performance: -24.2584
Epoch: 0014 | TRAIN: 2.4410 0.0520 0.1283 | 0.5947 0.5947 0.2878 | 0.2270 34.6011 31.2623 0.1220 0.3420 0.4790 TEST: 3.4647 0.0047 0.0557 | 0.6395 0.6299 0.8620 | 0.2079 32.7404 38.5281 14.3346 37.5457 51.1224
lr at 15th epoch is 0.0001 for optimizer
current performance: -25.6612, best performance: -24.2584
Epoch: 0015 | TRAIN: 2.4479 0.0569 0.1358 | 0.5619 0.5619 0.2764 | 0.2219 34.1595 30.8142 0.1248 0.3490 0.4871 TEST: 2.7554 0.0441 0.0932 | 0.5765 0.5674 0.8094 | 0.2438 36.1874 42.0254 9.4248 31.7281 45.9014
lr at 16th epoch is 0.0001 for optimizer
current performance: -12.0028, best performance: -24.2584
Epoch: 0016 | TRAIN: 2.4785 0.0609 0.1464 | 0.5514 0.5514 0.2679 | 0.2202 33.9604 30.5531 0.1297 0.3530 0.4899 TEST: 2.1109 0.1150 0.2048 | 0.5565 0.5477 0.7777 | 0.2089 32.8001 38.6343 14.2218 37.7879 51.2107
lr at 17th epoch is 0.0001 for optimizer
current performance: -27.8594, best performance: -12.0028
Epoch: 0017 | TRAIN: 2.4291 0.0648 0.1515 | 0.5448 0.5448 0.2593 | 0.2154 33.5030 29.9820 0.1320 0.3613 0.5019 TEST: 3.0403 0.0144 0.0607 | 0.6343 0.6231 0.8878 | 0.2077 32.5755 38.5537 14.7601 38.5382 51.8819
lr at 18th epoch is 0.0001 for optimizer
current performance: -25.4216, best performance: -12.0028
Epoch: 0018 | TRAIN: 2.4239 0.0652 0.1531 | 0.5244 0.5244 0.2510 | 0.2106 32.9548 29.2972 0.1422 0.3747 0.5134 TEST: 2.9274 0.0313 0.0620 | 0.6333 0.6252 0.8597 | 0.2026 32.2432 37.9930 15.2489 38.2625 51.8363
lr at 19th epoch is 0.0001 for optimizer
current performance: -16.2874, best performance: -12.0028
Epoch: 0019 | TRAIN: 2.4567 0.0714 0.1593 | 0.4950 0.4950 0.2405 | 0.2131 33.2747 29.8005 0.1353 0.3645 0.5049 TEST: 2.4559 0.0807 0.1169 | 0.5774 0.5697 0.7992 | 0.1988 31.8554 37.6322 15.5660 38.9036 52.6643
lr at 20th epoch is 0.0001 for optimizer
current performance: -9.1628, best performance: -12.0028
Epoch: 0020 | TRAIN: 2.4460 0.0738 0.1715 | 0.5064 0.5064 0.2424 | 0.2085 32.7311 29.1338 0.1458 0.3793 0.5178 TEST: 2.2744 0.1382 0.2438 | 0.5625 0.5556 0.7733 | 0.2111 32.5988 39.0333 14.7889 40.2504 53.6322
lr at 21th epoch is 0.0001 for optimizer
current performance: -17.7647, best performance: -9.1628
Epoch: 0021 | TRAIN: 2.5102 0.0811 0.1855 | 0.4871 0.4871 0.2344 | 0.2096 32.8710 29.1410 0.1413 0.3766 0.5162 TEST: 2.5876 0.0648 0.1118 | 0.5771 0.5692 0.8019 | 0.1981 31.3771 37.6373 18.0430 41.1579 54.0056
lr at 22th epoch is 0.0001 for optimizer
current performance: -27.0204, best performance: -9.1628
Epoch: 0022 | TRAIN: 2.6115 0.0826 0.1939 | 0.4713 0.4713 0.2257 | 0.2090 32.7992 29.1048 0.1436 0.3780 0.5162 TEST: 3.2958 0.0139 0.0674 | 0.5977 0.5865 0.8470 | 0.2125 33.1851 38.9535 14.3019 36.2981 49.8902
lr at 23th epoch is 0.0001 for optimizer
current performance: -18.9768, best performance: -9.1628
Epoch: 0023 | TRAIN: 2.6368 0.0831 0.1976 | 0.4713 0.4713 0.2296 | 0.2062 32.5299 28.7544 0.1448 0.3834 0.5237 TEST: 2.8996 0.0613 0.1220 | 0.5662 0.5586 0.7811 | 0.2038 32.4739 38.1183 13.5681 37.8562 51.9620
lr at 24th epoch is 0.0001 for optimizer
current performance: -19.3266, best performance: -9.1628
Epoch: 0024 | TRAIN: 2.8393 0.0931 0.2137 | 0.4729 0.4729 0.2265 | 0.2074 32.5998 28.8482 0.1473 0.3835 0.5223 TEST: 2.9233 0.0668 0.1726 | 0.6060 0.5992 0.8177 | 0.1999 31.8507 37.7644 16.0410 39.5071 52.9093
lr at 25th epoch is 0.0001 for optimizer
current performance: -19.8240, best performance: -9.1628
Epoch: 0025 | TRAIN: 2.7737 0.0955 0.2210 | 0.4710 0.4710 0.2305 | 0.2037 32.2567 28.4502 0.1488 0.3889 0.5301 TEST: 2.6792 0.0768 0.1427 | 0.6273 0.6168 0.8614 | 0.2101 32.7627 38.7943 14.2546 38.6151 52.1230
lr at 26th epoch is 0.0001 for optimizer
current performance: -21.3520, best performance: -9.1628
Epoch: 0026 | TRAIN: 2.8657 0.0981 0.2292 | 0.4513 0.4513 0.2182 | 0.2055 32.4430 28.6269 0.1460 0.3851 0.5269 TEST: 3.7317 0.0528 0.1333 | 0.6263 0.6202 0.8225 | 0.1966 31.2407 37.4984 17.7607 41.6696 54.7640
lr at 27th epoch is 0.0001 for optimizer
current performance: -20.3610, best performance: -9.1628
Epoch: 0027 | TRAIN: 3.0451 0.0951 0.2268 | 0.4457 0.4457 0.2152 | 0.2044 32.3221 28.4710 0.1492 0.3884 0.5280 TEST: 3.6720 0.0384 0.0969 | 0.5522 0.5439 0.7769 | 0.1976 31.6667 37.5217 16.1712 39.5413 53.1621
lr at 28th epoch is 0.0001 for optimizer
current performance: -6.6192, best performance: -9.1628
Epoch: 0028 | TRAIN: 3.1841 0.0999 0.2374 | 0.4455 0.4455 0.2113 | 0.2026 32.1434 28.2731 0.1497 0.3921 0.5324 TEST: 2.3658 0.1402 0.2721 | 0.5385 0.5296 0.7654 | 0.1967 31.5472 37.4322 15.9916 40.0350 53.7623
lr at 29th epoch is 0.0001 for optimizer
current performance: -16.9537, best performance: -6.6192
Epoch: 0029 | TRAIN: 3.2941 0.1032 0.2418 | 0.4319 0.4319 0.2085 | 0.2027 32.1757 28.3868 0.1496 0.3902 0.5299 TEST: 3.6807 0.0704 0.1309 | 0.5647 0.5573 0.7703 | 0.1991 31.7531 37.7165 15.2849 39.9576 53.8933
lr at 30th epoch is 0.0001 for optimizer
current performance: -14.4313, best performance: -6.6192
Epoch: 0030 | TRAIN: 3.6231 0.1064 0.2540 | 0.4282 0.4282 0.2044 | 0.2007 31.8893 27.9050 0.1554 0.3992 0.5402 TEST: 4.1055 0.0767 0.1230 | 0.5344 0.5270 0.7429 | 0.1956 31.3907 37.3225 16.6166 40.1046 53.9265
lr at 31th epoch is 0.0001 for optimizer
current performance: -15.5745, best performance: -6.6192
Epoch: 0031 | TRAIN: 3.5413 0.1132 0.2578 | 0.4271 0.4271 0.2040 | 0.1992 31.8589 28.0132 0.1506 0.3954 0.5377 TEST: 4.1160 0.0654 0.1388 | 0.5372 0.5294 0.7428 | 0.1917 31.0278 36.9207 17.0238 40.8288 54.4807
lr at 32th epoch is 0.0001 for optimizer
current performance: -5.2367, best performance: -6.6192
Epoch: 0032 | TRAIN: 3.7687 0.1163 0.2640 | 0.4169 0.4169 0.2002 | 0.1972 31.5380 27.5589 0.1605 0.4068 0.5455 TEST: 2.9595 0.1620 0.2651 | 0.5640 0.5570 0.7630 | 0.2005 31.7400 37.8944 16.3027 40.4241 53.9004
lr at 33th epoch is 0.0001 for optimizer
current performance: -16.5481, best performance: -5.2367
Epoch: 0033 | TRAIN: 3.9914 0.1180 0.2687 | 0.4091 0.4091 0.1936 | 0.1955 31.3414 27.2427 0.1639 0.4108 0.5512 TEST: 4.0335 0.0669 0.1366 | 0.5534 0.5453 0.7807 | 0.1982 31.4566 37.6121 17.3959 40.6709 53.9604
lr at 34th epoch is 0.0001 for optimizer
current performance: -21.4784, best performance: -5.2367
Epoch: 0034 | TRAIN: 3.8820 0.1131 0.2640 | 0.4082 0.4082 0.1961 | 0.1974 31.5666 27.5843 0.1594 0.4046 0.5452 TEST: 4.9203 0.0442 0.1026 | 0.5957 0.5861 0.8294 | 0.1986 31.6996 37.6353 15.3993 40.0086 53.8501
lr at 35th epoch is 0.0001 for optimizer
current performance: -5.9120, best performance: -5.2367
Epoch: 0035 | TRAIN: 3.7795 0.1142 0.2602 | 0.4067 0.4067 0.1941 | 0.1983 31.6609 27.5552 0.1560 0.4041 0.5459 TEST: 3.1651 0.1495 0.2490 | 0.5644 0.5541 0.7933 | 0.1926 31.0244 37.0634 17.0421 41.4882 55.1194
lr at 36th epoch is 0.0001 for optimizer
current performance: -18.9424, best performance: -5.2367
Epoch: 0036 | TRAIN: 3.8245 0.1225 0.2728 | 0.4043 0.4043 0.1944 | 0.1956 31.4004 27.4646 0.1606 0.4065 0.5483 TEST: 4.9565 0.0374 0.1061 | 0.5244 0.5156 0.7339 | 0.1958 31.3705 37.3757 16.4771 40.6158 54.2621
lr at 37th epoch is 0.0001 for optimizer
current performance: -15.0007, best performance: -5.2367
Epoch: 0037 | TRAIN: 4.3226 0.1175 0.2700 | 0.3984 0.3984 0.1924 | 0.1944 31.2442 27.2555 0.1656 0.4106 0.5507 TEST: 4.2074 0.0842 0.1714 | 0.5645 0.5586 0.7652 | 0.1980 31.5285 37.6747 15.7630 41.0045 54.7502
lr at 38th epoch is 0.0001 for optimizer
current performance: -10.6214, best performance: -5.2367
Epoch: 0038 | TRAIN: 4.0000 0.1176 0.2692 | 0.3980 0.3980 0.1884 | 0.1942 31.2786 27.1970 0.1595 0.4095 0.5527 TEST: 3.7504 0.1066 0.2127 | 0.5480 0.5420 0.7717 | 0.1897 30.8055 36.7524 17.2344 41.5514 55.2218
lr at 39th epoch is 0.0001 for optimizer
current performance: -19.3267, best performance: -5.2367
Epoch: 0039 | TRAIN: 4.2606 0.1230 0.2738 | 0.4011 0.4011 0.1933 | 0.1941 31.2565 27.1945 0.1616 0.4104 0.5521 TEST: 5.7010 0.0599 0.1218 | 0.6220 0.6136 0.8636 | 0.1879 30.4904 36.6027 18.3473 42.3941 55.9460
lr at 40th epoch is 0.0001 for optimizer
current performance: -21.1228, best performance: -5.2367
Epoch: 0040 | TRAIN: 4.5015 0.1250 0.2818 | 0.3797 0.3797 0.1785 | 0.1904 30.8538 26.7551 0.1684 0.4189 0.5606 TEST: 6.5519 0.0232 0.0796 | 0.5423 0.5354 0.7394 | 0.1942 30.9293 37.3073 17.8853 42.7373 56.1166
lr at 41th epoch is 0.0001 for optimizer
current performance: -17.4796, best performance: -5.2367
Epoch: 0041 | TRAIN: 4.5698 0.1268 0.2834 | 0.3797 0.3797 0.1825 | 0.1909 30.9257 26.8408 0.1665 0.4175 0.5585 TEST: 6.2574 0.0338 0.0933 | 0.5001 0.4931 0.7014 | 0.1890 30.5131 36.7980 17.6402 43.3368 57.1244
lr at 42th epoch is 0.0001 for optimizer
current performance: -13.9685, best performance: -5.2367
Epoch: 0042 | TRAIN: 4.5051 0.1248 0.2789 | 0.3801 0.3801 0.1794 | 0.1926 31.0807 27.0042 0.1630 0.4161 0.5574 TEST: 5.0763 0.0725 0.1511 | 0.5390 0.5338 0.7376 | 0.1851 30.2184 36.3236 18.4522 43.2869 56.7510
lr at 43th epoch is 0.0001 for optimizer
current performance: -10.6571, best performance: -5.2367
Epoch: 0043 | TRAIN: 4.4554 0.1260 0.2815 | 0.3812 0.3812 0.1831 | 0.1874 30.4668 26.1568 0.1760 0.4323 0.5712 TEST: 4.1073 0.0878 0.1917 | 0.5097 0.5022 0.7186 | 0.1870 30.2257 36.6105 18.7096 44.0415 57.4572
lr at 44th epoch is 0.0001 for optimizer
current performance: -16.1776, best performance: -5.2367
Epoch: 0044 | TRAIN: 4.2483 0.1265 0.2818 | 0.3850 0.3850 0.1806 | 0.1907 30.8252 26.6124 0.1716 0.4223 0.5618 TEST: 4.5820 0.0537 0.1143 | 0.5046 0.4969 0.7031 | 0.1973 31.4837 37.5780 15.7539 40.7746 54.7587
lr at 45th epoch is 0.0001 for optimizer
current performance: -10.4321, best performance: -5.2367
Epoch: 0045 | TRAIN: 4.5747 0.1249 0.2823 | 0.3797 0.3797 0.1810 | 0.1905 30.8492 26.6824 0.1679 0.4205 0.5617 TEST: 4.3506 0.1029 0.1885 | 0.5327 0.5253 0.7396 | 0.1925 30.8623 37.1091 17.6459 42.3679 55.7997
lr at 46th epoch is 0.0001 for optimizer
current performance: -16.3873, best performance: -5.2367
Epoch: 0046 | TRAIN: 4.6533 0.1324 0.2855 | 0.3647 0.3647 0.1743 | 0.1891 30.6687 26.4998 0.1724 0.4262 0.5656 TEST: 5.1436 0.0573 0.1233 | 0.5429 0.5358 0.7621 | 0.1880 30.5777 36.5958 17.7887 42.0653 55.7394
lr at 47th epoch is 0.0001 for optimizer
current performance: -0.7941, best performance: -5.2367
Epoch: 0047 | TRAIN: 4.5461 0.1319 0.2875 | 0.3719 0.3719 0.1801 | 0.1913 30.8346 26.6169 0.1727 0.4246 0.5629 TEST: 3.3087 0.1695 0.2793 | 0.5110 0.5034 0.7163 | 0.1894 30.6927 36.7251 17.8904 42.1010 55.4543
lr at 48th epoch is 0.0001 for optimizer
current performance: -9.2324, best performance: -0.7941
Epoch: 0048 | TRAIN: 4.9632 0.1318 0.2902 | 0.3630 0.3630 0.1728 | 0.1865 30.3596 26.1462 0.1808 0.4319 0.5712 TEST: 4.6618 0.0973 0.1742 | 0.5077 0.5003 0.7167 | 0.1851 30.1065 36.3673 19.1831 43.7478 57.1689
lr at 49th epoch is 0.0001 for optimizer
current performance: -16.4307, best performance: -0.7941
Epoch: 0049 | TRAIN: 4.6224 0.1333 0.2913 | 0.3705 0.3705 0.1756 | 0.1876 30.5538 26.4710 0.1728 0.4253 0.5667 TEST: 4.9742 0.0791 0.1502 | 0.6216 0.6130 0.8498 | 0.1835 30.1176 36.1400 18.1372 43.3504 56.9961
lr at 50th epoch is 0.0001 for optimizer
current performance: -11.4080, best performance: -0.7941
Epoch: 0050 | TRAIN: 4.8971 0.1368 0.2928 | 0.3661 0.3661 0.1742 | 0.1859 30.2671 25.8606 0.1808 0.4365 0.5761 TEST: 4.8681 0.0885 0.1581 | 0.5285 0.5214 0.7273 | 0.1863 30.2352 36.4743 18.8940 43.7079 56.8878
lr at 51th epoch is 0.0001 for optimizer
current performance: -13.7852, best performance: -0.7941
Epoch: 0051 | TRAIN: 4.6729 0.1336 0.2913 | 0.3572 0.3572 0.1688 | 0.1856 30.3264 26.1221 0.1765 0.4320 0.5723 TEST: 5.0478 0.0622 0.1374 | 0.5068 0.4984 0.7194 | 0.1856 30.2494 36.3842 17.8663 43.3382 57.1686
lr at 52th epoch is 0.0001 for optimizer
current performance: -11.3082, best performance: -0.7941
Epoch: 0052 | TRAIN: 4.9053 0.1375 0.2921 | 0.3581 0.3581 0.1688 | 0.1863 30.3651 26.0390 0.1761 0.4328 0.5735 TEST: 5.2849 0.0788 0.1480 | 0.5012 0.4938 0.7021 | 0.1827 30.0979 36.0211 18.3381 42.7197 56.5637
lr at 53th epoch is 0.0001 for optimizer
current performance: -1.8269, best performance: -0.7941
Epoch: 0053 | TRAIN: 5.3331 0.1408 0.2984 | 0.3501 0.3501 0.1671 | 0.1837 30.0725 25.8099 0.1836 0.4384 0.5772 TEST: 3.6874 0.1598 0.2678 | 0.5125 0.5036 0.7172 | 0.1881 30.4972 36.6598 17.8686 42.7658 56.4785
lr at 54th epoch is 0.0001 for optimizer
current performance: -12.8698, best performance: -0.7941
Epoch: 0054 | TRAIN: 4.8634 0.1347 0.2898 | 0.3637 0.3637 0.1697 | 0.1855 30.3403 26.1352 0.1744 0.4302 0.5719 TEST: 4.4517 0.0947 0.1758 | 0.5728 0.5627 0.8016 | 0.1914 30.6616 37.0626 17.9017 43.4497 56.8680
lr at 55th epoch is 0.0001 for optimizer
current performance: -18.0602, best performance: -0.7941
Epoch: 0055 | TRAIN: 5.1612 0.1391 0.2968 | 0.3534 0.3534 0.1668 | 0.1845 30.1600 25.7481 0.1793 0.4381 0.5780 TEST: 6.2210 0.0368 0.0986 | 0.5229 0.5147 0.7282 | 0.1873 30.5427 36.5274 17.3915 42.0836 56.0244
lr at 56th epoch is 0.0001 for optimizer
current performance: -14.4532, best performance: -0.7941
Epoch: 0056 | TRAIN: 4.9853 0.1385 0.2929 | 0.3630 0.3630 0.1718 | 0.1835 30.0269 25.6599 0.1839 0.4415 0.5799 TEST: 5.6604 0.0597 0.1333 | 0.5258 0.5175 0.7322 | 0.1831 29.8188 36.1974 19.4520 44.8887 58.1989
lr at 57th epoch is 0.0001 for optimizer
current performance: -12.0990, best performance: -0.7941
Epoch: 0057 | TRAIN: 4.8436 0.1423 0.2952 | 0.3531 0.3531 0.1670 | 0.1840 30.0556 25.7243 0.1849 0.4411 0.5793 TEST: 4.8698 0.0755 0.1430 | 0.5105 0.5023 0.7170 | 0.1833 30.1049 36.0912 18.0847 43.0979 56.9286
lr at 58th epoch is 0.0001 for optimizer
current performance: -10.4861, best performance: -0.7941
Epoch: 0058 | TRAIN: 5.0829 0.1415 0.2976 | 0.3449 0.3449 0.1626 | 0.1802 29.6575 25.2255 0.1913 0.4483 0.5877 TEST: 5.2415 0.0793 0.1543 | 0.4917 0.4849 0.6906 | 0.1821 29.7705 36.0314 19.4839 44.3668 57.9055
lr at 59th epoch is 0.0001 for optimizer
current performance: -8.5675, best performance: -0.7941
Epoch: 0059 | TRAIN: 5.1368 0.1452 0.2995 | 0.3369 0.3369 0.1600 | 0.1800 29.6148 25.1727 0.1922 0.4511 0.5894 TEST: 3.9800 0.1038 0.1927 | 0.5134 0.5065 0.7068 | 0.1832 30.0132 36.0968 18.8304 43.4324 57.0129
lr at 60th epoch is 0.0001 for optimizer
current performance: -11.2271, best performance: -0.7941
Epoch: 0060 | TRAIN: 5.1509 0.1420 0.3006 | 0.3393 0.3393 0.1585 | 0.1794 29.5700 25.1143 0.1919 0.4514 0.5898 TEST: 5.9001 0.0723 0.1316 | 0.4957 0.4875 0.7020 | 0.1794 29.5325 35.7584 19.4803 45.0592 58.5176
lr at 61th epoch is 0.0001 for optimizer
current performance: -10.6202, best performance: -0.7941
Epoch: 0061 | TRAIN: 5.5590 0.1487 0.3036 | 0.3312 0.3312 0.1565 | 0.1799 29.6210 25.1879 0.1906 0.4514 0.5893 TEST: 5.2244 0.0833 0.1595 | 0.5023 0.4942 0.7148 | 0.1844 29.9855 36.2884 19.2832 44.1109 57.5426
lr at 62th epoch is 0.0001 for optimizer
current performance: -15.9929, best performance: -0.7941
Epoch: 0062 | TRAIN: 5.1163 0.1461 0.3020 | 0.3405 0.3405 0.1610 | 0.1796 29.5823 25.0408 0.1911 0.4531 0.5906 TEST: 6.9895 0.0403 0.1110 | 0.4975 0.4902 0.6929 | 0.1842 30.0378 36.2756 18.4306 44.2360 57.7306
lr at 63th epoch is 0.0001 for optimizer
current performance: -7.3795, best performance: -0.7941
Epoch: 0063 | TRAIN: 5.1939 0.1473 0.3055 | 0.3248 0.3248 0.1559 | 0.1785 29.4334 24.9402 0.1964 0.4568 0.5927 TEST: 4.5578 0.1124 0.1823 | 0.5209 0.5132 0.7368 | 0.1823 29.6689 36.1214 19.6718 45.3303 58.8773
lr at 64th epoch is 0.0001 for optimizer
current performance: -5.3785, best performance: -0.7941
Epoch: 0064 | TRAIN: 4.9311 0.1459 0.3013 | 0.3376 0.3376 0.1603 | 0.1793 29.5581 25.0806 0.1912 0.4522 0.5915 TEST: 4.4362 0.1189 0.2138 | 0.4926 0.4851 0.7066 | 0.1800 29.7085 35.7825 19.0784 44.1890 57.6876
lr at 65th epoch is 0.0001 for optimizer
current performance: -8.5368, best performance: -0.7941
Epoch: 0065 | TRAIN: 5.2537 0.1497 0.3065 | 0.3270 0.3270 0.1553 | 0.1780 29.4226 24.8824 0.1935 0.4553 0.5943 TEST: 4.4371 0.1072 0.1697 | 0.5247 0.5167 0.7414 | 0.1841 29.9826 36.2850 18.7051 44.7789 58.0189
lr at 66th epoch is 0.0001 for optimizer
current performance: -7.4407, best performance: -0.7941
Epoch: 0066 | TRAIN: 4.9255 0.1461 0.3026 | 0.3354 0.3354 0.1573 | 0.1777 29.3737 24.8460 0.1946 0.4580 0.5952 TEST: 4.9127 0.1007 0.1782 | 0.4886 0.4816 0.6989 | 0.1802 29.6165 35.8351 19.3631 44.7290 58.3754
lr at 67th epoch is 0.0001 for optimizer
current performance: -6.0413, best performance: -0.7941
Epoch: 0067 | TRAIN: 5.6964 0.1596 0.3144 | 0.3151 0.3151 0.1450 | 0.1720 28.7420 24.1333 0.2062 0.4712 0.6080 TEST: 4.8280 0.1064 0.1941 | 0.4845 0.4771 0.6854 | 0.1757 29.1762 35.3413 20.1247 45.4376 59.0543
lr at 68th epoch is 0.0001 for optimizer
current performance: -5.8546, best performance: -0.7941
Epoch: 0068 | TRAIN: 5.4332 0.1534 0.3081 | 0.3319 0.3319 0.1574 | 0.1762 29.2045 24.6335 0.1977 0.4611 0.5991 TEST: 4.6630 0.1068 0.1881 | 0.4814 0.4738 0.6936 | 0.1765 29.1943 35.4622 20.2054 45.7735 59.3072
lr at 69th epoch is 0.0001 for optimizer
current performance: -10.3375, best performance: -0.7941
Epoch: 0069 | TRAIN: 5.1045 0.1504 0.3042 | 0.3286 0.3286 0.1557 | 0.1766 29.2257 24.6414 0.1995 0.4615 0.5976 TEST: 5.1168 0.0824 0.1659 | 0.5008 0.4929 0.7166 | 0.1803 29.6772 35.8174 19.2862 44.2885 57.9801
lr at 70th epoch is 0.0001 for optimizer
current performance: -17.6126, best performance: -0.7941
Epoch: 0070 | TRAIN: 4.9079 0.1477 0.3012 | 0.3280 0.3280 0.1561 | 0.1789 29.4411 24.8613 0.1969 0.4572 0.5948 TEST: 7.4446 0.0306 0.0916 | 0.5086 0.5021 0.7097 | 0.1823 29.9117 36.0379 18.7752 43.8464 57.6144
lr at 71th epoch is 0.0001 for optimizer
current performance: -13.0984, best performance: -0.7941
Epoch: 0071 | TRAIN: 5.0562 0.1444 0.2993 | 0.3282 0.3282 0.1565 | 0.1761 29.1793 24.6358 0.1992 0.4610 0.5989 TEST: 6.0044 0.0593 0.1452 | 0.5045 0.4975 0.7099 | 0.1776 29.3249 35.5709 19.8302 45.3254 59.0227
lr at 72th epoch is 0.0001 for optimizer
current performance: -13.3690, best performance: -0.7941
Epoch: 0072 | TRAIN: 5.9414 0.1612 0.3132 | 0.3221 0.3221 0.1511 | 0.1727 28.7866 24.1060 0.2069 0.4718 0.6075 TEST: 6.5313 0.0465 0.1172 | 0.4836 0.4770 0.6832 | 0.1755 28.9036 35.4150 21.5561 46.9110 60.0745
lr at 73th epoch is 0.0001 for optimizer
current performance: -8.1322, best performance: -0.7941
Epoch: 0073 | TRAIN: 5.6738 0.1609 0.3152 | 0.3158 0.3158 0.1493 | 0.1724 28.7436 24.0376 0.2078 0.4727 0.6093 TEST: 5.2603 0.0998 0.1641 | 0.4943 0.4868 0.7071 | 0.1845 29.9286 36.3825 18.3337 45.2933 58.9462
lr at 74th epoch is 0.0001 for optimizer
current performance: -9.2829, best performance: -0.7941
Epoch: 0074 | TRAIN: 5.7860 0.1529 0.3114 | 0.3189 0.3189 0.1507 | 0.1767 29.2519 24.6708 0.1973 0.4602 0.5983 TEST: 4.9850 0.0878 0.1499 | 0.4979 0.4903 0.7069 | 0.1779 29.4543 35.5975 19.0414 45.0640 58.9119
lr at 75th epoch is 0.0001 for optimizer
current performance: -12.9805, best performance: -0.7941
Epoch: 0075 | TRAIN: 5.6226 0.1541 0.3124 | 0.3131 0.3131 0.1475 | 0.1737 28.8918 24.2673 0.2052 0.4688 0.6055 TEST: 5.1994 0.0886 0.1588 | 0.5724 0.5637 0.7964 | 0.1831 30.0127 36.1077 18.6523 43.4619 57.2319
lr at 76th epoch is 0.0001 for optimizer
current performance: -15.2166, best performance: -0.7941
Epoch: 0076 | TRAIN: 5.6023 0.1540 0.3121 | 0.3235 0.3235 0.1543 | 0.1750 29.0562 24.4318 0.2003 0.4655 0.6029 TEST: 7.0071 0.0424 0.1112 | 0.4879 0.4808 0.6853 | 0.1819 29.9392 35.9778 18.2363 43.8447 57.5862
lr at 77th epoch is 0.0001 for optimizer
current performance: -13.5236, best performance: -0.7941
Epoch: 0077 | TRAIN: 5.6595 0.1604 0.3152 | 0.3131 0.3131 0.1480 | 0.1729 28.8334 24.1462 0.2036 0.4698 0.6078 TEST: 5.2168 0.0596 0.1575 | 0.5146 0.5056 0.7232 | 0.1799 29.4308 35.8700 20.1277 45.8078 59.2055
lr at 78th epoch is 0.0001 for optimizer
current performance: -9.0629, best performance: -0.7941
Epoch: 0078 | TRAIN: 5.2741 0.1524 0.3094 | 0.3106 0.3106 0.1469 | 0.1728 28.8043 24.1537 0.2048 0.4720 0.6083 TEST: 5.4765 0.0833 0.1607 | 0.4867 0.4799 0.6858 | 0.1765 29.1445 35.4657 20.3978 46.1345 59.4584
lr at 79th epoch is 0.0001 for optimizer
current performance: -8.6245, best performance: -0.7941
Epoch: 0079 | TRAIN: 6.0096 0.1617 0.3131 | 0.3149 0.3149 0.1476 | 0.1718 28.6597 23.8757 0.2077 0.4770 0.6126 TEST: 5.5737 0.0869 0.1682 | 0.4942 0.4871 0.6982 | 0.1744 28.8822 35.2527 21.4779 46.3485 59.6532
lr at 80th epoch is 0.0001 for optimizer
current performance: -15.3168, best performance: -0.7941
Epoch: 0080 | TRAIN: 6.0851 0.1577 0.3155 | 0.3030 0.3030 0.1444 | 0.1694 28.4058 23.6472 0.2127 0.4815 0.6178 TEST: 7.0403 0.0340 0.1070 | 0.4856 0.4781 0.6933 | 0.1771 29.1719 35.5718 20.2856 46.3835 59.7140
lr at 81th epoch is 0.0001 for optimizer
current performance: -11.1845, best performance: -0.7941
Epoch: 0081 | TRAIN: 6.3581 0.1629 0.3181 | 0.2992 0.2992 0.1403 | 0.1675 28.2076 23.4909 0.2164 0.4844 0.6200 TEST: 5.7184 0.0700 0.1367 | 0.4918 0.4844 0.6965 | 0.1778 29.3482 35.5780 20.1564 45.1778 58.6513
lr at 82th epoch is 0.0001 for optimizer
current performance: -14.2278, best performance: -0.7941
Epoch: 0082 | TRAIN: 5.8337 0.1540 0.3133 | 0.3153 0.3153 0.1518 | 0.1756 29.1292 24.4679 0.1982 0.4638 0.6018 TEST: 6.9682 0.0438 0.1169 | 0.4828 0.4755 0.6819 | 0.1797 29.4203 35.8362 20.1591 45.7707 59.1152
lr at 83th epoch is 0.0001 for optimizer
current performance: -0.9897, best performance: -0.7941
Epoch: 0083 | TRAIN: 5.9229 0.1571 0.3128 | 0.3082 0.3082 0.1460 | 0.1711 28.5825 23.8078 0.2107 0.4777 0.6136 TEST: 3.9195 0.1470 0.2527 | 0.4865 0.4791 0.6899 | 0.1769 29.2263 35.5176 20.0562 45.8743 59.3177
lr at 84th epoch is 0.0001 for optimizer
current performance: -9.8712, best performance: -0.7941
Epoch: 0084 | TRAIN: 5.4607 0.1570 0.3153 | 0.2969 0.2969 0.1392 | 0.1705 28.5044 23.7918 0.2136 0.4798 0.6136 TEST: 5.7284 0.0720 0.1435 | 0.4816 0.4742 0.6915 | 0.1741 28.7832 35.2328 21.6932 47.0027 60.1091
lr at 85th epoch is 0.0001 for optimizer
current performance: 0.8216, best performance: -0.7941
Epoch: 0085 | TRAIN: 5.4487 0.1576 0.3094 | 0.3117 0.3117 0.1478 | 0.1733 28.8939 24.2336 0.2008 0.4690 0.6067 TEST: 3.2041 0.1683 0.2803 | 0.5026 0.4947 0.7126 | 0.1784 29.4278 35.6589 19.4200 45.3434 58.9557
lr at 86th epoch is 0.0001 for optimizer
current performance: -13.1484, best performance: 0.8216
Epoch: 0086 | TRAIN: 5.6407 0.1622 0.3195 | 0.2958 0.2958 0.1402 | 0.1684 28.2992 23.6227 0.2153 0.4816 0.6184 TEST: 6.9079 0.0444 0.1135 | 0.4775 0.4704 0.6736 | 0.1730 28.7074 35.1121 21.5299 47.0171 60.2688
lr at 87th epoch is 0.0001 for optimizer
current performance: -13.4746, best performance: 0.8216
Epoch: 0087 | TRAIN: 6.4584 0.1694 0.3214 | 0.2942 0.2942 0.1374 | 0.1655 27.9602 23.1118 0.2208 0.4918 0.6266 TEST: 6.9634 0.0462 0.1114 | 0.4831 0.4751 0.6822 | 0.1742 29.0249 35.1698 20.3743 45.5047 59.1778
lr at 88th epoch is 0.0001 for optimizer
current performance: -12.3069, best performance: 0.8216
Epoch: 0088 | TRAIN: 5.6603 0.1603 0.3181 | 0.3034 0.3034 0.1426 | 0.1684 28.2895 23.4929 0.2157 0.4836 0.6192 TEST: 6.1992 0.0515 0.1216 | 0.4816 0.4737 0.6892 | 0.1720 28.6475 34.9915 21.5258 46.9031 60.2745
lr at 89th epoch is 0.0001 for optimizer
current performance: -12.5985, best performance: 0.8216
Epoch: 0089 | TRAIN: 5.7471 0.1622 0.3140 | 0.3016 0.3016 0.1426 | 0.1697 28.4168 23.6189 0.2140 0.4815 0.6163 TEST: 6.8481 0.0515 0.1187 | 0.4857 0.4783 0.6847 | 0.1732 28.7252 35.1428 21.7414 46.8827 60.1782
lr at 90th epoch is 0.0001 for optimizer
current performance: -13.3311, best performance: 0.8216
Epoch: 0090 | TRAIN: 6.0518 0.1622 0.3177 | 0.2902 0.2902 0.1361 | 0.1675 28.1470 23.2665 0.2190 0.4879 0.6231 TEST: 6.6125 0.0421 0.1087 | 0.4768 0.4692 0.6859 | 0.1718 28.6582 34.9768 21.2773 46.9209 60.2964
lr at 91th epoch is 0.0001 for optimizer
current performance: -10.4558, best performance: 0.8216
Epoch: 0091 | TRAIN: 5.7998 0.1673 0.3205 | 0.2986 0.2986 0.1404 | 0.1669 28.1478 23.3209 0.2168 0.4863 0.6226 TEST: 5.7902 0.0726 0.1452 | 0.4948 0.4875 0.7061 | 0.1742 28.8686 35.2601 20.7047 47.0602 60.3675
lr at 92th epoch is 0.0001 for optimizer
current performance: -9.7494, best performance: 0.8216
Epoch: 0092 | TRAIN: 6.0996 0.1652 0.3183 | 0.2897 0.2897 0.1369 | 0.1686 28.2384 23.3086 0.2176 0.4887 0.6224 TEST: 6.4527 0.0715 0.1524 | 0.4811 0.4734 0.6808 | 0.1720 28.6563 34.9915 21.5359 46.8201 60.2103
lr at 93th epoch is 0.0001 for optimizer
current performance: -11.1768, best performance: 0.8216
Epoch: 0093 | TRAIN: 6.9511 0.1722 0.3222 | 0.2829 0.2829 0.1330 | 0.1663 28.0285 23.1184 0.2209 0.4917 0.6262 TEST: 7.4450 0.0583 0.1209 | 0.4880 0.4800 0.6991 | 0.1684 28.1639 34.6516 22.4398 48.5414 61.6601
lr at 94th epoch is 0.0001 for optimizer
current performance: -10.9202, best performance: 0.8216
Epoch: 0094 | TRAIN: 6.3182 0.1626 0.3137 | 0.2998 0.2998 0.1423 | 0.1688 28.3035 23.4848 0.2157 0.4853 0.6203 TEST: 4.5107 0.0825 0.1967 | 0.5117 0.5027 0.7323 | 0.1808 29.8386 35.8891 17.6779 44.4408 58.2080
lr at 95th epoch is 0.0001 for optimizer
current performance: -9.6908, best performance: 0.8216
Epoch: 0095 | TRAIN: 5.0917 0.1567 0.3122 | 0.3004 0.3004 0.1414 | 0.1707 28.5454 23.7933 0.2115 0.4774 0.6135 TEST: 5.0412 0.0750 0.1465 | 0.4863 0.4789 0.6893 | 0.1732 28.7930 35.1031 21.2411 46.6499 59.8712
lr at 96th epoch is 0.0001 for optimizer
current performance: -15.5058, best performance: 0.8216
Epoch: 0096 | TRAIN: 5.1977 0.1614 0.3163 | 0.3016 0.3016 0.1409 | 0.1717 28.6125 23.8902 0.2123 0.4782 0.6126 TEST: 7.4650 0.0303 0.0922 | 0.4903 0.4832 0.6888 | 0.1732 28.7180 35.1373 21.7319 46.9569 60.1757
lr at 97th epoch is 0.0001 for optimizer
current performance: -6.5844, best performance: 0.8216
Epoch: 0097 | TRAIN: 5.5805 0.1675 0.3173 | 0.2880 0.2880 0.1376 | 0.1657 28.0068 23.1105 0.2191 0.4904 0.6260 TEST: 5.1297 0.0938 0.1873 | 0.4775 0.4694 0.6858 | 0.1715 28.5173 34.9919 22.0064 47.5182 60.7556
lr at 98th epoch is 0.0001 for optimizer
current performance: -1.2261, best performance: 0.8216
Epoch: 0098 | TRAIN: 5.7749 0.1666 0.3223 | 0.2875 0.2875 0.1360 | 0.1633 27.6653 22.6543 0.2282 0.5004 0.6344 TEST: 4.5001 0.1415 0.2395 | 0.4834 0.4774 0.6809 | 0.1752 28.8702 35.3750 21.4058 47.0292 60.2554
lr at 99th epoch is 0.0001 for optimizer
current performance: -9.1398, best performance: 0.8216
Epoch: 0099 | TRAIN: 5.9230 0.1714 0.3222 | 0.2850 0.2850 0.1333 | 0.1635 27.6898 22.7489 0.2275 0.4999 0.6332 TEST: 6.7335 0.0743 0.1362 | 0.4673 0.4602 0.6674 | 0.1751 28.9344 35.3454 21.0781 46.7071 59.9188
lr at 100th epoch is 5e-05 for optimizer
current performance: -8.3031, best performance: 0.8216
Epoch: 0100 | TRAIN: 6.5153 0.1832 0.3259 | 0.2629 0.2629 0.1223 | 0.1585 27.0917 22.0555 0.2409 0.5142 0.6452 TEST: 5.7492 0.0720 0.1404 | 0.4644 0.4573 0.6641 | 0.1678 28.0260 34.6055 22.9342 49.0668 62.0531
lr at 101th epoch is 5e-05 for optimizer
current performance: -5.3532, best performance: 0.8216
Epoch: 0101 | TRAIN: 6.4000 0.1833 0.3284 | 0.2482 0.2482 0.1155 | 0.1590 27.1041 22.0644 0.2442 0.5138 0.6439 TEST: 6.1880 0.0921 0.1709 | 0.4583 0.4512 0.6595 | 0.1667 27.9277 34.4720 23.2337 49.2161 62.0503
lr at 102th epoch is 5e-05 for optimizer
current performance: -7.2440, best performance: 0.8216
Epoch: 0102 | TRAIN: 6.6489 0.1881 0.3304 | 0.2421 0.2421 0.1132 | 0.1566 26.8233 21.6860 0.2499 0.5208 0.6494 TEST: 6.3317 0.0770 0.1493 | 0.4609 0.4534 0.6615 | 0.1660 27.8005 34.4182 23.5336 49.5196 62.4755
lr at 103th epoch is 5e-05 for optimizer
current performance: -3.5872, best performance: 0.8216
Epoch: 0103 | TRAIN: 6.2862 0.1863 0.3287 | 0.2520 0.2520 0.1179 | 0.1559 26.7377 21.5218 0.2507 0.5242 0.6532 TEST: 5.3555 0.1071 0.1954 | 0.4634 0.4557 0.6689 | 0.1669 27.8849 34.5040 23.5901 49.3342 62.1644
lr at 104th epoch is 5e-05 for optimizer
current performance: -5.1772, best performance: 0.8216
Epoch: 0104 | TRAIN: 6.5545 0.1843 0.3274 | 0.2488 0.2488 0.1167 | 0.1553 26.7168 21.5543 0.2486 0.5236 0.6535 TEST: 6.1982 0.0953 0.1629 | 0.4624 0.4549 0.6675 | 0.1666 27.9818 34.4518 22.8252 48.8051 61.8898
lr at 105th epoch is 5e-05 for optimizer
current performance: -7.5174, best performance: 0.8216
Epoch: 0105 | TRAIN: 6.5642 0.1895 0.3311 | 0.2465 0.2465 0.1164 | 0.1561 26.8255 21.7257 0.2452 0.5209 0.6515 TEST: 6.8952 0.0750 0.1365 | 0.4582 0.4512 0.6586 | 0.1662 27.9034 34.3975 23.1890 48.9920 61.9780
lr at 106th epoch is 5e-05 for optimizer
current performance: -5.8152, best performance: 0.8216
Epoch: 0106 | TRAIN: 6.4610 0.1841 0.3273 | 0.2469 0.2469 0.1171 | 0.1564 26.7529 21.5142 0.2525 0.5248 0.6522 TEST: 6.2526 0.0867 0.1690 | 0.4563 0.4489 0.6575 | 0.1659 27.8038 34.4104 23.3976 49.6608 62.6211
lr at 107th epoch is 5e-05 for optimizer
current performance: -8.1164, best performance: 0.8216
Epoch: 0107 | TRAIN: 6.7641 0.1900 0.3323 | 0.2422 0.2422 0.1134 | 0.1549 26.6327 21.4905 0.2535 0.5255 0.6535 TEST: 6.6497 0.0692 0.1447 | 0.4587 0.4514 0.6576 | 0.1657 27.7736 34.3871 23.6666 49.5744 62.5138
lr at 108th epoch is 5e-05 for optimizer
current performance: -6.7745, best performance: 0.8216
Epoch: 0108 | TRAIN: 6.9412 0.1859 0.3335 | 0.2381 0.2381 0.1114 | 0.1534 26.4322 21.1973 0.2575 0.5315 0.6593 TEST: 6.6734 0.0806 0.1497 | 0.4603 0.4528 0.6651 | 0.1657 27.8138 34.3724 23.5961 49.1888 62.2294
lr at 109th epoch is 5e-05 for optimizer
current performance: -6.0387, best performance: 0.8216
Epoch: 0109 | TRAIN: 6.5832 0.1883 0.3320 | 0.2340 0.2340 0.1093 | 0.1537 26.4846 21.2648 0.2548 0.5305 0.6595 TEST: 6.2514 0.0833 0.1475 | 0.4532 0.4464 0.6493 | 0.1644 27.7104 34.2108 23.4195 49.3701 62.4886
lr at 110th epoch is 5e-05 for optimizer
current performance: -5.7314, best performance: 0.8216
Epoch: 0110 | TRAIN: 7.0016 0.1958 0.3340 | 0.2281 0.2281 0.1062 | 0.1509 26.1447 20.8627 0.2630 0.5393 0.6659 TEST: 6.2775 0.0850 0.1651 | 0.4560 0.4483 0.6612 | 0.1635 27.5572 34.1190 23.9464 49.7969 62.7968
lr at 111th epoch is 5e-05 for optimizer
current performance: -4.1579, best performance: 0.8216
Epoch: 0111 | TRAIN: 7.3169 0.1965 0.3336 | 0.2277 0.2277 0.1071 | 0.1503 26.0645 20.7221 0.2642 0.5412 0.6678 TEST: 6.5831 0.0979 0.1748 | 0.4539 0.4470 0.6475 | 0.1652 27.6754 34.3484 23.7628 50.0461 62.9635
lr at 112th epoch is 5e-05 for optimizer
current performance: -11.5094, best performance: 0.8216
Epoch: 0112 | TRAIN: 7.5992 0.1926 0.3355 | 0.2338 0.2338 0.1095 | 0.1507 26.1212 20.8744 0.2633 0.5391 0.6658 TEST: 8.7397 0.0381 0.1000 | 0.4530 0.4457 0.6521 | 0.1630 27.4713 34.1061 24.1204 50.4110 63.2478
lr at 113th epoch is 5e-05 for optimizer
current performance: -8.1961, best performance: 0.8216
Epoch: 0113 | TRAIN: 7.7120 0.1860 0.3316 | 0.2313 0.2313 0.1086 | 0.1516 26.2099 20.9213 0.2616 0.5382 0.6644 TEST: 7.7864 0.0660 0.1337 | 0.4543 0.4471 0.6506 | 0.1652 27.6470 34.3808 23.7814 50.5055 63.2327
lr at 114th epoch is 5e-05 for optimizer
current performance: -9.0498, best performance: 0.8216
Epoch: 0114 | TRAIN: 7.9818 0.1942 0.3347 | 0.2339 0.2339 0.1090 | 0.1506 26.1205 20.8514 0.2636 0.5395 0.6654 TEST: 8.1446 0.0583 0.1277 | 0.4592 0.4524 0.6502 | 0.1618 27.3214 33.9717 24.4741 50.5865 63.4801
lr at 115th epoch is 5e-05 for optimizer
current performance: -10.9077, best performance: 0.8216
Epoch: 0115 | TRAIN: 7.7616 0.1937 0.3347 | 0.2347 0.2347 0.1083 | 0.1496 25.9688 20.7020 0.2670 0.5432 0.6695 TEST: 9.0043 0.0445 0.1136 | 0.4587 0.4514 0.6580 | 0.1629 27.4382 34.0979 24.1746 50.6498 63.4578
lr at 116th epoch is 5e-05 for optimizer
current performance: -6.5372, best performance: 0.8216
Epoch: 0116 | TRAIN: 8.0990 0.1989 0.3351 | 0.2324 0.2324 0.1091 | 0.1491 25.9072 20.5972 0.2694 0.5446 0.6695 TEST: 7.4275 0.0745 0.1535 | 0.4496 0.4419 0.6491 | 0.1619 27.3306 33.9804 24.5750 50.5324 63.3783
lr at 117th epoch is 5e-05 for optimizer
current performance: -13.8372, best performance: 0.8216
Epoch: 0117 | TRAIN: 7.9949 0.1947 0.3360 | 0.2268 0.2268 0.1052 | 0.1458 25.5602 20.2237 0.2748 0.5516 0.6771 TEST: 9.8791 0.0217 0.0834 | 0.4615 0.4545 0.6571 | 0.1621 27.3402 34.0082 24.5363 50.5747 63.4237
lr at 118th epoch is 5e-05 for optimizer
current performance: -8.7456, best performance: 0.8216
Epoch: 0118 | TRAIN: 7.0205 0.1876 0.3321 | 0.2398 0.2398 0.1124 | 0.1498 26.0351 20.7685 0.2633 0.5418 0.6688 TEST: 7.1748 0.0589 0.1185 | 0.4508 0.4433 0.6487 | 0.1630 27.4690 34.1105 24.1695 50.3255 63.2322
lr at 119th epoch is 5e-05 for optimizer
current performance: -9.4381, best performance: 0.8216
Epoch: 0119 | TRAIN: 6.8714 0.1887 0.3314 | 0.2305 0.2305 0.1085 | 0.1512 26.1724 20.8981 0.2628 0.5382 0.6648 TEST: 7.8510 0.0523 0.1184 | 0.4492 0.4419 0.6451 | 0.1628 27.3854 34.0890 24.7276 50.4653 63.2626
lr at 120th epoch is 5e-05 for optimizer
current performance: -13.3030, best performance: 0.8216
Epoch: 0120 | TRAIN: 7.3361 0.1954 0.3364 | 0.2209 0.2209 0.1020 | 0.1486 25.8331 20.3939 0.2704 0.5481 0.6725 TEST: 9.4180 0.0254 0.0849 | 0.4562 0.4482 0.6554 | 0.1641 27.5311 34.2480 24.1482 50.5068 63.2979
lr at 121th epoch is 5e-05 for optimizer
current performance: -12.7072, best performance: 0.8216
Epoch: 0121 | TRAIN: 7.5126 0.1918 0.3321 | 0.2214 0.2214 0.1029 | 0.1481 25.7992 20.4280 0.2705 0.5474 0.6734 TEST: 8.3772 0.0307 0.0904 | 0.4591 0.4519 0.6569 | 0.1641 27.4630 34.2646 24.3859 50.9663 63.7093
lr at 122th epoch is 5e-05 for optimizer
current performance: -6.6751, best performance: 0.8216
Epoch: 0122 | TRAIN: 7.2809 0.1939 0.3360 | 0.2221 0.2221 0.1022 | 0.1462 25.5781 20.1619 0.2747 0.5524 0.6772 TEST: 6.8163 0.0798 0.1620 | 0.4611 0.4548 0.6518 | 0.1631 27.5592 34.0903 23.7306 49.7708 62.8770
lr at 123th epoch is 5e-05 for optimizer
current performance: -3.7233, best performance: 0.8216
Epoch: 0123 | TRAIN: 7.0264 0.1896 0.3308 | 0.2270 0.2270 0.1062 | 0.1480 25.7958 20.4443 0.2694 0.5484 0.6739 TEST: 5.7043 0.1022 0.1828 | 0.4627 0.4551 0.6634 | 0.1629 27.4624 34.0704 24.2461 50.1234 63.0531
lr at 124th epoch is 5e-05 for optimizer
current performance: 0.4189, best performance: 0.8216
Epoch: 0124 | TRAIN: 6.3473 0.1954 0.3351 | 0.2249 0.2249 0.1036 | 0.1481 25.7667 20.3988 0.2731 0.5483 0.6729 TEST: 5.0253 0.1320 0.2260 | 0.4548 0.4477 0.6495 | 0.1627 27.4456 34.0640 24.1208 50.2344 63.2143
lr at 125th epoch is 5e-05 for optimizer
current performance: -6.1274, best performance: 0.8216
Epoch: 0125 | TRAIN: 6.8242 0.1943 0.3380 | 0.2225 0.2225 0.1027 | 0.1462 25.5691 20.2015 0.2758 0.5529 0.6776 TEST: 6.7484 0.0760 0.1455 | 0.4429 0.4358 0.6407 | 0.1633 27.3667 34.1801 24.7902 50.8662 63.6613
lr at 126th epoch is 5e-05 for optimizer
current performance: -6.0363, best performance: 0.8216
Epoch: 0126 | TRAIN: 6.8105 0.1982 0.3369 | 0.2166 0.2166 0.1001 | 0.1459 25.5004 20.0120 0.2783 0.5563 0.6795 TEST: 6.0864 0.0846 0.1674 | 0.4617 0.4543 0.6675 | 0.1648 27.5499 34.3383 24.3473 50.4884 63.3058
lr at 127th epoch is 5e-05 for optimizer
current performance: -1.4619, best performance: 0.8216
Epoch: 0127 | TRAIN: 6.9153 0.1974 0.3359 | 0.2221 0.2221 0.1033 | 0.1456 25.5297 20.2020 0.2752 0.5534 0.6784 TEST: 5.6741 0.1162 0.2080 | 0.4542 0.4472 0.6479 | 0.1626 27.3496 34.0919 24.6352 50.7914 63.5976
lr at 128th epoch is 5e-05 for optimizer
current performance: -7.6012, best performance: 0.8216
Epoch: 0128 | TRAIN: 7.2774 0.1958 0.3349 | 0.2171 0.2171 0.1013 | 0.1462 25.5745 20.1401 0.2737 0.5543 0.6792 TEST: 7.4247 0.0639 0.1285 | 0.4433 0.4360 0.6413 | 0.1612 27.2961 33.8797 24.5203 50.3529 63.3527
lr at 129th epoch is 5e-05 for optimizer
current performance: -4.5341, best performance: 0.8216
Epoch: 0129 | TRAIN: 7.0323 0.1959 0.3371 | 0.2150 0.2150 0.1005 | 0.1454 25.4805 20.0139 0.2777 0.5553 0.6801 TEST: 6.7366 0.0887 0.1626 | 0.4467 0.4401 0.6454 | 0.1609 27.2218 33.8717 24.9292 50.6230 63.4837
lr at 130th epoch is 5e-05 for optimizer
current performance: -10.2169, best performance: 0.8216
Epoch: 0130 | TRAIN: 7.3780 0.1981 0.3372 | 0.2192 0.2192 0.1025 | 0.1456 25.4853 20.0557 0.2784 0.5550 0.6795 TEST: 8.9986 0.0465 0.1051 | 0.4524 0.4446 0.6579 | 0.1616 27.3131 33.9537 24.5593 50.5138 63.4196
lr at 131th epoch is 5e-05 for optimizer
current performance: -9.0112, best performance: 0.8216
Epoch: 0131 | TRAIN: 7.1376 0.1975 0.3342 | 0.2225 0.2225 0.1046 | 0.1459 25.5379 20.1502 0.2762 0.5536 0.6781 TEST: 7.7712 0.0516 0.1121 | 0.4442 0.4364 0.6403 | 0.1611 27.1321 33.9447 25.2719 51.3187 64.0547
lr at 132th epoch is 5e-05 for optimizer
current performance: -7.2343, best performance: 0.8216
Epoch: 0132 | TRAIN: 7.3597 0.1979 0.3371 | 0.2128 0.2128 0.0980 | 0.1433 25.2467 19.8359 0.2815 0.5598 0.6835 TEST: 7.1083 0.0639 0.1304 | 0.4422 0.4348 0.6404 | 0.1593 27.0119 33.7096 25.2438 51.3197 64.0723
lr at 133th epoch is 5e-05 for optimizer
current performance: -2.0891, best performance: 0.8216
Epoch: 0133 | TRAIN: 7.2198 0.2047 0.3401 | 0.2136 0.2136 0.0985 | 0.1429 25.1591 19.6851 0.2847 0.5638 0.6863 TEST: 6.0784 0.1059 0.1881 | 0.4446 0.4373 0.6382 | 0.1610 27.1082 33.9116 25.2537 51.4291 64.1690
lr at 134th epoch is 5e-05 for optimizer
current performance: -8.0117, best performance: 0.8216
Epoch: 0134 | TRAIN: 7.4267 0.1994 0.3373 | 0.2095 0.2095 0.0976 | 0.1446 25.3638 19.8619 0.2798 0.5589 0.6824 TEST: 7.8765 0.0615 0.1205 | 0.4518 0.4448 0.6455 | 0.1606 27.0433 33.8861 25.4377 51.6902 64.3154
lr at 135th epoch is 5e-05 for optimizer
current performance: -2.6968, best performance: 0.8216
Epoch: 0135 | TRAIN: 7.4858 0.1983 0.3359 | 0.2169 0.2169 0.1020 | 0.1439 25.2627 19.7689 0.2843 0.5604 0.6833 TEST: 6.5409 0.1026 0.1789 | 0.4484 0.4410 0.6491 | 0.1612 27.1370 33.9399 25.1323 51.3934 64.1482
lr at 136th epoch is 5e-05 for optimizer
current performance: -7.1628, best performance: 0.8216
Epoch: 0136 | TRAIN: 7.4005 0.1998 0.3372 | 0.2141 0.2141 0.0995 | 0.1438 25.2164 19.6854 0.2858 0.5633 0.6855 TEST: 7.6779 0.0665 0.1315 | 0.4475 0.4399 0.6474 | 0.1590 27.0427 33.6567 24.8166 51.2573 64.0690
lr at 137th epoch is 5e-05 for optimizer
current performance: -3.8658, best performance: 0.8216
Epoch: 0137 | TRAIN: 7.4777 0.2009 0.3343 | 0.2113 0.2113 0.0992 | 0.1430 25.1356 19.6825 0.2875 0.5644 0.6870 TEST: 6.5578 0.0919 0.1720 | 0.4482 0.4404 0.6518 | 0.1596 26.9771 33.7679 25.1705 51.8416 64.6130
lr at 138th epoch is 5e-05 for optimizer
current performance: -11.5939, best performance: 0.8216
Epoch: 0138 | TRAIN: 7.7592 0.2061 0.3405 | 0.2067 0.2067 0.0966 | 0.1423 25.0676 19.5942 0.2880 0.5658 0.6879 TEST: 9.1513 0.0363 0.0963 | 0.4622 0.4559 0.6515 | 0.1589 26.9445 33.6706 25.2353 51.6692 64.4094
lr at 139th epoch is 5e-05 for optimizer
current performance: -8.7588, best performance: 0.8216
Epoch: 0139 | TRAIN: 7.7518 0.2024 0.3406 | 0.2112 0.2112 0.0981 | 0.1415 24.9781 19.5091 0.2887 0.5682 0.6907 TEST: 8.3860 0.0514 0.1186 | 0.4433 0.4359 0.6421 | 0.1587 26.9092 33.6470 25.4785 51.6621 64.4011
lr at 140th epoch is 5e-05 for optimizer
current performance: -5.2048, best performance: 0.8216
Epoch: 0140 | TRAIN: 7.3435 0.1958 0.3353 | 0.2170 0.2170 0.0999 | 0.1421 25.0419 19.5088 0.2887 0.5673 0.6888 TEST: 6.4081 0.0846 0.1794 | 0.4551 0.4473 0.6661 | 0.1610 27.0724 33.9494 25.5567 51.6567 64.3274
lr at 141th epoch is 5e-05 for optimizer
current performance: -10.7148, best performance: 0.8216
Epoch: 0141 | TRAIN: 7.5874 0.1986 0.3387 | 0.2084 0.2084 0.0974 | 0.1411 24.8837 19.3116 0.2942 0.5712 0.6918 TEST: 9.2560 0.0351 0.0921 | 0.4434 0.4361 0.6366 | 0.1578 26.7829 33.5635 25.9098 52.0391 64.6710
lr at 142th epoch is 5e-05 for optimizer
current performance: -8.2107, best performance: 0.8216
Epoch: 0142 | TRAIN: 8.1815 0.2031 0.3381 | 0.2105 0.2105 0.0992 | 0.1417 24.9987 19.4649 0.2896 0.5671 0.6889 TEST: 8.0630 0.0555 0.1212 | 0.4453 0.4374 0.6523 | 0.1585 26.8224 33.6547 25.8084 52.1139 64.8007
lr at 143th epoch is 5e-05 for optimizer
current performance: -2.2239, best performance: 0.8216
Epoch: 0143 | TRAIN: 7.8748 0.2015 0.3382 | 0.2110 0.2110 0.0976 | 0.1404 24.8545 19.3899 0.2915 0.5709 0.6928 TEST: 6.8028 0.1032 0.1827 | 0.4445 0.4370 0.6463 | 0.1593 26.9307 33.7452 25.5928 51.8053 64.4902
lr at 144th epoch is 5e-05 for optimizer
current performance: -6.4522, best performance: 0.8216
Epoch: 0144 | TRAIN: 8.2125 0.2027 0.3372 | 0.2065 0.2065 0.0956 | 0.1402 24.8379 19.3970 0.2918 0.5704 0.6929 TEST: 7.6999 0.0700 0.1384 | 0.4461 0.4387 0.6460 | 0.1587 26.8603 33.6655 25.8033 51.8704 64.5257
lr at 145th epoch is 5e-05 for optimizer
current performance: -6.9577, best performance: 0.8216
Epoch: 0145 | TRAIN: 8.1278 0.1997 0.3388 | 0.2065 0.2065 0.0965 | 0.1424 25.0577 19.5703 0.2888 0.5670 0.6883 TEST: 7.7501 0.0674 0.1464 | 0.4489 0.4415 0.6438 | 0.1587 26.9029 33.6443 25.5617 51.6352 64.3183
lr at 146th epoch is 5e-05 for optimizer
current performance: -12.0069, best performance: 0.8216
Epoch: 0146 | TRAIN: 8.3045 0.1967 0.3377 | 0.2086 0.2086 0.0972 | 0.1411 24.9095 19.3983 0.2923 0.5704 0.6917 TEST: 10.7685 0.0270 0.0806 | 0.4455 0.4382 0.6441 | 0.1584 26.9303 33.5991 25.2199 51.4553 64.2777
lr at 147th epoch is 5e-05 for optimizer
current performance: -11.3464, best performance: 0.8216
Epoch: 0147 | TRAIN: 8.2478 0.1977 0.3383 | 0.2052 0.2052 0.0959 | 0.1406 24.8533 19.2775 0.2918 0.5724 0.6944 TEST: 9.5474 0.0341 0.0936 | 0.4493 0.4412 0.6583 | 0.1604 27.0358 33.8556 25.4466 51.6925 64.3069
lr at 148th epoch is 5e-05 for optimizer
current performance: -11.9118, best performance: 0.8216
Epoch: 0148 | TRAIN: 7.8622 0.2012 0.3401 | 0.2065 0.2065 0.0961 | 0.1399 24.7827 19.2281 0.2940 0.5729 0.6947 TEST: 9.5619 0.0315 0.0895 | 0.4537 0.4461 0.6535 | 0.1596 27.0566 33.7376 25.1894 51.2536 63.9693
lr at 149th epoch is 5e-05 for optimizer
current performance: -4.9494, best performance: 0.8216
Epoch: 0149 | TRAIN: 8.1787 0.1992 0.3414 | 0.2003 0.2003 0.0939 | 0.1396 24.7598 19.1836 0.2935 0.5739 0.6953 TEST: 7.3292 0.0805 0.1577 | 0.4413 0.4338 0.6388 | 0.1588 26.8959 33.6811 25.5030 51.9475 64.6333
lr at 150th epoch is 5e-05 for optimizer
current performance: -11.0939, best performance: 0.8216
Epoch: 0150 | TRAIN: 8.0594 0.2016 0.3383 | 0.2067 0.2067 0.0960 | 0.1401 24.7908 19.2453 0.2939 0.5737 0.6953 TEST: 9.2262 0.0353 0.0946 | 0.4426 0.4357 0.6373 | 0.1613 27.1617 33.9837 24.9326 51.6798 64.2727
lr at 151th epoch is 5e-05 for optimizer
current performance: -7.1952, best performance: 0.8216
Epoch: 0151 | TRAIN: 7.7330 0.2006 0.3386 | 0.2092 0.2092 0.0960 | 0.1405 24.8617 19.3841 0.2924 0.5701 0.6927 TEST: 7.5657 0.0655 0.1334 | 0.4465 0.4387 0.6459 | 0.1598 27.0063 33.7882 25.3251 51.5309 64.3468
lr at 152th epoch is 5e-05 for optimizer
current performance: -11.0351, best performance: 0.8216
Epoch: 0152 | TRAIN: 7.9264 0.2022 0.3413 | 0.2031 0.2031 0.0932 | 0.1395 24.7750 19.3417 0.2918 0.5724 0.6949 TEST: 10.3319 0.0322 0.0856 | 0.4426 0.4353 0.6395 | 0.1575 26.7699 33.5233 25.7793 52.0228 64.6844
lr at 153th epoch is 5e-05 for optimizer
current performance: -4.5582, best performance: 0.8216
Epoch: 0153 | TRAIN: 7.7454 0.2091 0.3414 | 0.1976 0.1976 0.0929 | 0.1373 24.4596 18.9232 0.3030 0.5800 0.7001 TEST: 7.1206 0.0850 0.1609 | 0.4486 0.4417 0.6357 | 0.1575 26.7610 33.5307 25.6690 52.1592 64.8791
lr at 154th epoch is 5e-05 for optimizer
current performance: -8.7545, best performance: 0.8216
Epoch: 0154 | TRAIN: 8.2494 0.2061 0.3413 | 0.1974 0.1974 0.0918 | 0.1382 24.5445 18.9447 0.2997 0.5810 0.7005 TEST: 9.0243 0.0486 0.1167 | 0.4386 0.4316 0.6369 | 0.1571 26.7499 33.4837 25.5911 52.1540 64.8196
lr at 155th epoch is 5e-05 for optimizer
current performance: -7.2949, best performance: 0.8216
Epoch: 0155 | TRAIN: 8.6588 0.2072 0.3400 | 0.1967 0.1967 0.0912 | 0.1377 24.5137 18.9115 0.2994 0.5812 0.7007 TEST: 8.2442 0.0609 0.1280 | 0.4451 0.4378 0.6434 | 0.1563 26.5991 33.4166 26.2167 52.6054 65.1862
lr at 156th epoch is 5e-05 for optimizer
current performance: -10.1912, best performance: 0.8216
Epoch: 0156 | TRAIN: 8.2955 0.2031 0.3418 | 0.1991 0.1991 0.0927 | 0.1380 24.5108 18.9440 0.3026 0.5792 0.6993 TEST: 9.8062 0.0417 0.0959 | 0.4523 0.4458 0.6439 | 0.1578 26.6900 33.6041 26.2532 52.7378 65.2096
lr at 157th epoch is 5e-05 for optimizer
current performance: -8.8427, best performance: 0.8216
Epoch: 0157 | TRAIN: 7.9885 0.1989 0.3390 | 0.2057 0.2057 0.0962 | 0.1376 24.4987 18.8308 0.3010 0.5809 0.7007 TEST: 8.7357 0.0546 0.1107 | 0.4494 0.4422 0.6558 | 0.1600 27.0966 33.7890 24.9619 51.3534 64.0649
lr at 158th epoch is 5e-05 for optimizer
current performance: -5.6472, best performance: 0.8216
Epoch: 0158 | TRAIN: 7.8394 0.2027 0.3402 | 0.2092 0.2092 0.0982 | 0.1382 24.6336 19.1621 0.2937 0.5755 0.6978 TEST: 6.9717 0.0801 0.1616 | 0.4576 0.4503 0.6621 | 0.1577 26.8409 33.5286 25.5286 51.7550 64.4560
lr at 159th epoch is 5e-05 for optimizer
current performance: -7.0699, best performance: 0.8216
Epoch: 0159 | TRAIN: 7.1987 0.1989 0.3380 | 0.2038 0.2038 0.0950 | 0.1383 24.6141 19.1639 0.2967 0.5756 0.6973 TEST: 7.2503 0.0646 0.1379 | 0.4428 0.4356 0.6406 | 0.1594 26.9084 33.7632 25.8383 52.0452 64.5989
lr at 160th epoch is 5e-05 for optimizer
current performance: 0.4099, best performance: 0.8216
Epoch: 0160 | TRAIN: 7.7233 0.2032 0.3385 | 0.1952 0.1952 0.0911 | 0.1389 24.6407 19.0265 0.2974 0.5778 0.6981 TEST: 5.7215 0.1235 0.2200 | 0.4469 0.4394 0.6465 | 0.1582 26.8033 33.6293 25.9171 52.1877 64.7836
lr at 161th epoch is 5e-05 for optimizer
current performance: -8.7822, best performance: 0.8216
Epoch: 0161 | TRAIN: 7.6699 0.2070 0.3396 | 0.2019 0.2019 0.0934 | 0.1374 24.5325 19.0457 0.2972 0.5778 0.6993 TEST: 8.0480 0.0518 0.1314 | 0.4488 0.4405 0.6530 | 0.1581 26.7954 33.6168 25.7210 52.1629 64.8333
lr at 162th epoch is 5e-05 for optimizer
current performance: -1.1458, best performance: 0.8216
Epoch: 0162 | TRAIN: 7.7204 0.2053 0.3389 | 0.1971 0.1971 0.0919 | 0.1385 24.5937 19.0190 0.2982 0.5790 0.6991 TEST: 5.7875 0.1073 0.1989 | 0.4382 0.4307 0.6392 | 0.1574 26.6802 33.5437 26.0596 52.5727 65.1277
lr at 163th epoch is 5e-05 for optimizer
current performance: -8.2152, best performance: 0.8216
Epoch: 0163 | TRAIN: 7.7055 0.2054 0.3397 | 0.1984 0.1984 0.0924 | 0.1371 24.4550 18.8856 0.3008 0.5809 0.7018 TEST: 8.0315 0.0538 0.1260 | 0.4450 0.4377 0.6353 | 0.1567 26.6193 33.4777 26.3269 52.5707 65.1403
lr at 164th epoch is 5e-05 for optimizer
current performance: -8.2208, best performance: 0.8216
Epoch: 0164 | TRAIN: 8.0275 0.2035 0.3418 | 0.1951 0.1951 0.0906 | 0.1365 24.3752 18.7982 0.3026 0.5829 0.7031 TEST: 8.6212 0.0532 0.1189 | 0.4433 0.4359 0.6384 | 0.1572 26.6331 33.5458 26.3508 52.8098 65.2749
lr at 165th epoch is 5e-05 for optimizer
current performance: -7.5536, best performance: 0.8216
Epoch: 0165 | TRAIN: 8.0173 0.2030 0.3401 | 0.1975 0.1975 0.0904 | 0.1352 24.2365 18.7594 0.3063 0.5843 0.7043 TEST: 7.3603 0.0612 0.1328 | 0.4484 0.4410 0.6426 | 0.1582 26.7521 33.6450 26.1029 52.3396 65.0012
lr at 166th epoch is 5e-05 for optimizer
current performance: -4.0435, best performance: 0.8216
Epoch: 0166 | TRAIN: 7.7296 0.2061 0.3414 | 0.1954 0.1954 0.0897 | 0.1357 24.3036 18.7836 0.3035 0.5836 0.7040 TEST: 6.4444 0.0857 0.1654 | 0.4474 0.4399 0.6473 | 0.1555 26.4405 33.3399 26.6412 53.1173 65.5528
lr at 167th epoch is 5e-05 for optimizer
current performance: -5.1897, best performance: 0.8216
Epoch: 0167 | TRAIN: 7.3794 0.2096 0.3413 | 0.1915 0.1915 0.0895 | 0.1353 24.1883 18.5521 0.3096 0.5880 0.7064 TEST: 6.9731 0.0767 0.1567 | 0.4461 0.4384 0.6477 | 0.1556 26.5037 33.3412 26.4084 52.9119 65.4185
lr at 168th epoch is 5e-05 for optimizer
current performance: -7.0580, best performance: 0.8216
Epoch: 0168 | TRAIN: 7.0374 0.2050 0.3396 | 0.1934 0.1934 0.0891 | 0.1349 24.1600 18.5199 0.3087 0.5877 0.7071 TEST: 7.4638 0.0616 0.1342 | 0.4467 0.4401 0.6360 | 0.1549 26.3833 33.2684 26.7707 53.3354 65.7131
lr at 169th epoch is 5e-05 for optimizer
current performance: -5.2250, best performance: 0.8216
Epoch: 0169 | TRAIN: 7.7964 0.2059 0.3402 | 0.1925 0.1925 0.0896 | 0.1345 24.1007 18.4426 0.3102 0.5908 0.7086 TEST: 7.2976 0.0729 0.1457 | 0.4399 0.4326 0.6370 | 0.1532 26.3229 33.0356 26.5069 52.9612 65.5078
lr at 170th epoch is 5e-05 for optimizer
current performance: -8.1460, best performance: 0.8216
Epoch: 0170 | TRAIN: 8.0653 0.2064 0.3410 | 0.1911 0.1911 0.0885 | 0.1354 24.1704 18.5078 0.3115 0.5888 0.7064 TEST: 8.6203 0.0523 0.1144 | 0.4436 0.4364 0.6391 | 0.1542 26.4335 33.1523 26.4882 52.5890 65.1592
lr at 171th epoch is 5e-05 for optimizer
current performance: -7.6575, best performance: 0.8216
Epoch: 0171 | TRAIN: 7.6236 0.2058 0.3417 | 0.1952 0.1952 0.0914 | 0.1347 24.1371 18.5168 0.3089 0.5891 0.7079 TEST: 7.9674 0.0563 0.1285 | 0.4452 0.4385 0.6378 | 0.1542 26.3750 33.1699 26.6554 52.9727 65.5264
lr at 172th epoch is 5e-05 for optimizer
current performance: -8.6620, best performance: 0.8216
Epoch: 0172 | TRAIN: 7.6710 0.2064 0.3406 | 0.1926 0.1926 0.0894 | 0.1354 24.2135 18.6220 0.3086 0.5872 0.7060 TEST: 8.6098 0.0485 0.1129 | 0.4439 0.4366 0.6355 | 0.1549 26.4542 33.2535 26.4749 52.7520 65.3417
lr at 173th epoch is 5e-05 for optimizer
current performance: -8.6360, best performance: 0.8216
Epoch: 0173 | TRAIN: 8.1329 0.2079 0.3422 | 0.1955 0.1955 0.0909 | 0.1358 24.2228 18.5593 0.3092 0.5881 0.7068 TEST: 8.3285 0.0489 0.1137 | 0.4431 0.4354 0.6453 | 0.1548 26.5191 33.2013 26.2475 52.2832 64.9222
lr at 174th epoch is 5e-05 for optimizer
current performance: -8.5903, best performance: 0.8216
Epoch: 0174 | TRAIN: 7.8497 0.2058 0.3399 | 0.1903 0.1903 0.0888 | 0.1349 24.1624 18.5355 0.3074 0.5893 0.7083 TEST: 9.0131 0.0475 0.1058 | 0.4431 0.4361 0.6382 | 0.1532 26.2897 33.0385 26.7680 53.0503 65.4922
lr at 175th epoch is 5e-05 for optimizer
current performance: -5.9199, best performance: 0.8216
Epoch: 0175 | TRAIN: 7.7864 0.2085 0.3405 | 0.1947 0.1947 0.0901 | 0.1351 24.1518 18.4914 0.3097 0.5900 0.7082 TEST: 7.5728 0.0699 0.1378 | 0.4437 0.4362 0.6430 | 0.1550 26.4623 33.2729 26.4326 52.9312 65.4235
lr at 176th epoch is 5e-05 for optimizer
current performance: -10.7851, best performance: 0.8216
Epoch: 0176 | TRAIN: 7.8280 0.2114 0.3424 | 0.1867 0.1867 0.0862 | 0.1325 23.8427 18.2079 0.3192 0.5955 0.7122 TEST: 9.7407 0.0317 0.0938 | 0.4428 0.4354 0.6372 | 0.1551 26.4827 33.2751 26.3996 52.6670 65.2842
lr at 177th epoch is 5e-05 for optimizer
current performance: -4.7144, best performance: 0.8216
Epoch: 0177 | TRAIN: 8.3717 0.2057 0.3398 | 0.1945 0.1945 0.0923 | 0.1355 24.2194 18.5687 0.3075 0.5873 0.7069 TEST: 7.9541 0.0764 0.1504 | 0.4369 0.4296 0.6324 | 0.1551 26.3843 33.3162 26.8973 53.3021 65.7546
lr at 178th epoch is 5e-05 for optimizer
current performance: -5.9281, best performance: 0.8216
Epoch: 0178 | TRAIN: 7.6832 0.2061 0.3396 | 0.1904 0.1904 0.0878 | 0.1329 23.9418 18.2564 0.3138 0.5921 0.7102 TEST: 7.5691 0.0686 0.1403 | 0.4433 0.4358 0.6369 | 0.1538 26.3287 33.1314 26.7959 52.9698 65.6036
lr at 179th epoch is 5e-05 for optimizer
current performance: -6.3932, best performance: 0.8216
Epoch: 0179 | TRAIN: 7.7604 0.2089 0.3422 | 0.1876 0.1876 0.0869 | 0.1325 23.8351 18.1976 0.3186 0.5960 0.7130 TEST: 8.0388 0.0633 0.1305 | 0.4405 0.4337 0.6303 | 0.1528 26.2308 33.0041 26.9486 53.1347 65.6796
lr at 180th epoch is 5e-05 for optimizer
current performance: -4.0416, best performance: 0.8216
Epoch: 0180 | TRAIN: 7.8770 0.2088 0.3415 | 0.1869 0.1869 0.0861 | 0.1319 23.8078 18.1532 0.3163 0.5973 0.7148 TEST: 6.9317 0.0818 0.1586 | 0.4392 0.4318 0.6346 | 0.1546 26.3129 33.2601 27.1059 53.5152 65.8630
lr at 181th epoch is 5e-05 for optimizer
current performance: -4.7400, best performance: 0.8216
Epoch: 0181 | TRAIN: 7.8723 0.2090 0.3406 | 0.1853 0.1853 0.0868 | 0.1322 23.8258 18.1751 0.3167 0.5967 0.7137 TEST: 7.2924 0.0762 0.1478 | 0.4420 0.4343 0.6383 | 0.1538 26.1962 33.1835 27.3044 53.9278 66.2436
lr at 182th epoch is 5e-05 for optimizer
current performance: -4.8840, best performance: 0.8216
Epoch: 0182 | TRAIN: 8.0632 0.2089 0.3418 | 0.1863 0.1863 0.0856 | 0.1302 23.5828 17.8715 0.3233 0.6014 0.7181 TEST: 7.3730 0.0763 0.1334 | 0.4444 0.4369 0.6447 | 0.1530 26.2416 33.0376 26.9608 53.3172 65.7142
lr at 183th epoch is 5e-05 for optimizer
current performance: -4.0417, best performance: 0.8216
Epoch: 0183 | TRAIN: 8.1858 0.2094 0.3453 | 0.1868 0.1868 0.0864 | 0.1302 23.6187 17.9958 0.3205 0.6001 0.7174 TEST: 7.6638 0.0807 0.1466 | 0.4381 0.4308 0.6352 | 0.1539 26.2214 33.1751 27.3031 53.6674 65.9895
lr at 184th epoch is 5e-05 for optimizer
current performance: -5.3354, best performance: 0.8216
Epoch: 0184 | TRAIN: 7.9389 0.2020 0.3404 | 0.1903 0.1903 0.0899 | 0.1352 24.1790 18.5198 0.3087 0.5879 0.7069 TEST: 7.6995 0.0770 0.1447 | 0.4472 0.4399 0.6454 | 0.1574 26.6065 33.5683 26.5849 52.9233 65.3791
lr at 185th epoch is 5e-05 for optimizer
current performance: -5.7886, best performance: 0.8216
Epoch: 0185 | TRAIN: 7.5615 0.2029 0.3386 | 0.2015 0.2015 0.0931 | 0.1350 24.2121 18.6573 0.3061 0.5861 0.7062 TEST: 7.2279 0.0721 0.1412 | 0.4473 0.4393 0.6511 | 0.1546 26.4820 33.1891 26.3814 52.4535 65.0341
lr at 186th epoch is 5e-05 for optimizer
current performance: -4.2532, best performance: 0.8216
Epoch: 0186 | TRAIN: 7.4722 0.2020 0.3415 | 0.1913 0.1913 0.0902 | 0.1355 24.1866 18.5084 0.3098 0.5889 0.7075 TEST: 6.6691 0.0803 0.1550 | 0.4360 0.4288 0.6288 | 0.1556 26.4522 33.3453 26.7081 52.9800 65.4882
lr at 187th epoch is 5e-05 for optimizer
current performance: 0.7576, best performance: 0.8216
Epoch: 0187 | TRAIN: 7.5754 0.2068 0.3413 | 0.1863 0.1863 0.0866 | 0.1328 23.8753 18.2636 0.3162 0.5949 0.7129 TEST: 5.5743 0.1199 0.2037 | 0.4377 0.4304 0.6340 | 0.1556 26.4218 33.3689 26.8036 53.3106 65.7576
lr at 188th epoch is 5e-05 for optimizer
current performance: -7.5367, best performance: 0.8216
Epoch: 0188 | TRAIN: 7.7108 0.2083 0.3460 | 0.1889 0.1889 0.0869 | 0.1330 23.8812 18.2185 0.3180 0.5952 0.7123 TEST: 8.2335 0.0533 0.1186 | 0.4333 0.4259 0.6252 | 0.1552 26.4061 33.3116 26.8424 53.1385 65.6160
lr at 189th epoch is 5e-05 for optimizer
current performance: -2.2727, best performance: 0.8216
Epoch: 0189 | TRAIN: 8.1952 0.2120 0.3440 | 0.1816 0.1816 0.0841 | 0.1311 23.6909 17.9935 0.3196 0.5997 0.7167 TEST: 6.7976 0.0948 0.1630 | 0.4355 0.4282 0.6290 | 0.1537 26.3502 33.1134 26.4228 52.9374 65.5976
lr at 190th epoch is 5e-05 for optimizer
current performance: -4.8414, best performance: 0.8216
Epoch: 0190 | TRAIN: 8.1157 0.2135 0.3439 | 0.1849 0.1849 0.0856 | 0.1310 23.6725 17.9980 0.3196 0.6015 0.7177 TEST: 7.5882 0.0749 0.1373 | 0.4381 0.4305 0.6373 | 0.1551 26.2894 33.3379 27.3311 53.8108 66.1000
lr at 191th epoch is 5e-05 for optimizer
current performance: -3.9370, best performance: 0.8216
Epoch: 0191 | TRAIN: 8.0723 0.2121 0.3430 | 0.1843 0.1843 0.0861 | 0.1325 23.8406 18.1887 0.3172 0.5966 0.7143 TEST: 7.0070 0.0816 0.1514 | 0.4359 0.4290 0.6291 | 0.1537 26.3055 33.1076 26.8901 53.0011 65.5765
lr at 192th epoch is 5e-05 for optimizer
current performance: -3.9531, best performance: 0.8216
Epoch: 0192 | TRAIN: 8.1543 0.2126 0.3437 | 0.1858 0.1858 0.0858 | 0.1302 23.5952 17.9320 0.3206 0.6020 0.7183 TEST: 6.9500 0.0831 0.1594 | 0.4454 0.4389 0.6336 | 0.1531 26.0995 33.1053 27.6856 54.0395 66.3472
lr at 193th epoch is 5e-05 for optimizer
current performance: -8.6544, best performance: 0.8216
Epoch: 0193 | TRAIN: 7.6010 0.2096 0.3440 | 0.1879 0.1879 0.0870 | 0.1304 23.5929 17.9124 0.3229 0.6029 0.7189 TEST: 8.7124 0.0411 0.1041 | 0.4288 0.4219 0.6198 | 0.1525 26.1740 32.9677 27.1488 53.3429 65.7895
lr at 194th epoch is 5e-05 for optimizer
current performance: 1.9466, best performance: 0.8216
Epoch: 0194 | TRAIN: 7.8062 0.2073 0.3431 | 0.1857 0.1857 0.0861 | 0.1319 23.7690 18.0463 0.3186 0.5995 0.7158 TEST: 5.1043 0.1295 0.2283 | 0.4393 0.4325 0.6294 | 0.1546 26.3720 33.2288 26.7318 53.1685 65.6395
lr at 195th epoch is 5e-05 for optimizer
current performance: -11.4290, best performance: 1.9466
Epoch: 0195 | TRAIN: 7.6519 0.2114 0.3413 | 0.1839 0.1839 0.0862 | 0.1308 23.6533 17.9634 0.3204 0.6013 0.7178 TEST: 9.5226 0.0251 0.0861 | 0.4434 0.4359 0.6483 | 0.1549 26.2855 33.3118 27.1792 53.8050 66.1802
lr at 196th epoch is 5e-05 for optimizer
current performance: -5.7815, best performance: 1.9466
Epoch: 0196 | TRAIN: 7.9816 0.2113 0.3432 | 0.1841 0.1841 0.0857 | 0.1308 23.5930 17.8239 0.3250 0.6038 0.7190 TEST: 7.7121 0.0654 0.1283 | 0.4349 0.4281 0.6244 | 0.1526 26.1335 33.0183 27.2156 53.8416 66.2034
lr at 197th epoch is 5e-05 for optimizer
current performance: -5.5208, best performance: 1.9466
Epoch: 0197 | TRAIN: 8.1600 0.2100 0.3421 | 0.1796 0.1796 0.0823 | 0.1284 23.3407 17.6321 0.3292 0.6085 0.7231 TEST: 7.9656 0.0664 0.1298 | 0.4344 0.4268 0.6363 | 0.1515 26.0595 32.8842 27.2196 53.7081 66.2130
lr at 198th epoch is 5e-05 for optimizer
current performance: -5.0348, best performance: 1.9466
Epoch: 0198 | TRAIN: 8.4345 0.2117 0.3483 | 0.1772 0.1772 0.0818 | 0.1290 23.4332 17.7578 0.3257 0.6055 0.7221 TEST: 8.0084 0.0690 0.1343 | 0.4313 0.4243 0.6196 | 0.1517 26.0183 32.9260 27.5269 54.0401 66.4287
lr at 199th epoch is 5e-05 for optimizer
current performance: -5.3822, best performance: 1.9466
Epoch: 0199 | TRAIN: 8.3018 0.2132 0.3446 | 0.1846 0.1846 0.0858 | 0.1294 23.5011 17.8659 0.3236 0.6032 0.7203 TEST: 7.3673 0.0707 0.1313 | 0.4385 0.4309 0.6323 | 0.1538 26.2713 33.1661 26.9178 53.4275 65.9808
Epoch: 0194 | TRAIN: 7.8062 0.2073 0.3431 | 0.1857 0.1857 0.0861 | 0.1319 23.7690 18.0463 0.3186 0.5995 0.7158 TEST: 5.1043 0.1295 0.2283 | 0.4393 0.4325 0.6294 | 0.1546 26.3720 33.2288 26.7318 53.1685 65.6395
