
CommandNotFoundError: Your shell has not been properly configured to use 'conda activate'.
To initialize your shell, run

    $ conda init <SHELL_NAME>

Currently supported shells are:
  - bash
  - fish
  - tcsh
  - xonsh
  - zsh
  - powershell

See 'conda init --help' for more information and options.

IMPORTANT: You may need to close and restart your shell after running 'conda init'.


/scratch_tmp/grp/grv_shi/k21220263/MTPSL/nyu_mtl_xtc.py:105: FutureWarning: You are using `torch.load` with `weights_only=False` (the current default value), which uses the default pickle module implicitly. It is possible to construct malicious pickle data which will execute arbitrary code during unpickling (See https://github.com/pytorch/pytorch/blob/main/SECURITY.md#untrusted-models for more details). In a future release, the default value for `weights_only` will be flipped to `True`. This limits the functions that could be executed during unpickling. Arbitrary objects will no longer be allowed to be loaded via this mode unless they are explicitly allowlisted by the user via `torch.serialization.add_safe_globals`. We recommend you start setting `weights_only=True` for any use case where you don't have full control of the loaded file. Please open an issue on GitHub for any issues related to this experimental feature.
  labels_weights = torch.load('{}onelabel.pth'.format(opt.labelroot))['labels_weights'].float().cuda()
Parameter Space: ABS: 45176549.0, REL: 1.8084

LOSS FORMAT: SEMANTIC_LOSS MEAN_IOU PIX_ACC | DEPTH_LOSS ABS_ERR ROOT_MSE | NORMAL_LOSS MEAN MED <11.25 <22.5 <30

lr at 0th epoch is 0.0001 for optimizer
current performance: -50.8651, best performance: -100.0000
Epoch: 0000 | TRAIN: 2.0202 0.0772 0.3132 | 0.9553 0.9553 0.4527 | 0.3737 47.8957 46.6624 0.0329 0.1245 0.2147 TEST: 1.8513 0.0918 0.3747 | 1.0772 1.0632 1.4237 | 0.3397 45.0938 49.8494 3.7074 14.1835 26.1418
lr at 1th epoch is 0.0001 for optimizer
current performance: -38.3358, best performance: -50.8651
Epoch: 0001 | TRAIN: 1.8199 0.1211 0.3821 | 0.8778 0.8778 0.4184 | 0.3371 44.8306 43.1125 0.0405 0.1607 0.2800 TEST: 1.7528 0.1010 0.3942 | 0.8550 0.8396 1.1626 | 0.3246 43.5610 48.6943 4.6101 18.8940 30.9226
lr at 2th epoch is 0.0001 for optimizer
current performance: -40.1994, best performance: -38.3358
Epoch: 0002 | TRAIN: 1.7905 0.1183 0.3877 | 0.8481 0.8481 0.4096 | 0.3304 44.1372 42.1590 0.0452 0.1814 0.3007 TEST: 1.7156 0.0913 0.4005 | 0.8676 0.8506 1.1987 | 0.3245 43.7041 48.5969 4.8022 17.8279 29.4484
lr at 3th epoch is 0.0001 for optimizer
current performance: -42.9161, best performance: -38.3358
Epoch: 0003 | TRAIN: 1.7435 0.1292 0.4037 | 0.8683 0.8683 0.4234 | 0.3272 43.6436 41.8322 0.0559 0.2005 0.3137 TEST: 1.7123 0.1068 0.4157 | 1.0095 0.9905 1.3940 | 0.3189 42.4828 48.3191 8.1722 23.0452 33.6296
lr at 4th epoch is 0.0001 for optimizer
current performance: -42.6757, best performance: -38.3358
Epoch: 0004 | TRAIN: 1.7177 0.1327 0.4127 | 0.8424 0.8424 0.3990 | 0.3234 43.2338 41.2252 0.0611 0.2090 0.3231 TEST: 1.6820 0.1187 0.4223 | 1.0366 1.0184 1.4227 | 0.3157 42.5487 48.0011 6.6924 20.9284 32.5609
lr at 5th epoch is 0.0001 for optimizer
current performance: -40.4764, best performance: -38.3358
Epoch: 0005 | TRAIN: 1.7025 0.1348 0.4144 | 0.8504 0.8504 0.4094 | 0.3184 42.8593 40.9308 0.0639 0.2100 0.3244 TEST: 1.6929 0.1146 0.4171 | 0.9695 0.9514 1.3242 | 0.3186 42.7001 48.2380 7.0176 21.5357 32.7630
lr at 6th epoch is 0.0001 for optimizer
current performance: -34.2874, best performance: -38.3358
Epoch: 0006 | TRAIN: 1.7040 0.1338 0.4196 | 0.8383 0.8383 0.3982 | 0.3207 42.8528 40.8130 0.0713 0.2193 0.3325 TEST: 1.7102 0.1176 0.4215 | 0.8245 0.8095 1.1123 | 0.3226 43.0040 48.5854 6.5809 21.8112 32.9193
lr at 7th epoch is 0.0001 for optimizer
current performance: -35.5872, best performance: -34.2874
Epoch: 0007 | TRAIN: 1.6840 0.1317 0.4182 | 0.8307 0.8307 0.4049 | 0.3165 42.6116 40.5628 0.0708 0.2164 0.3289 TEST: 1.6206 0.1176 0.4372 | 0.8965 0.8783 1.2489 | 0.3115 41.4883 47.8458 9.8914 25.9774 36.5821
lr at 8th epoch is 0.0001 for optimizer
current performance: -36.2649, best performance: -34.2874
Epoch: 0008 | TRAIN: 1.6656 0.1383 0.4247 | 0.8208 0.8208 0.3891 | 0.3149 42.4388 40.4352 0.0713 0.2225 0.3359 TEST: 1.6278 0.1173 0.4366 | 0.9063 0.8886 1.2576 | 0.3094 41.6605 47.5529 9.0341 24.0579 34.7784
lr at 9th epoch is 0.0001 for optimizer
current performance: -34.7880, best performance: -34.2874
Epoch: 0009 | TRAIN: 1.6455 0.1389 0.4354 | 0.8252 0.8252 0.4010 | 0.3117 42.0364 39.8721 0.0791 0.2316 0.3455 TEST: 1.6317 0.1252 0.4364 | 0.8635 0.8461 1.1959 | 0.3189 42.8949 48.2265 6.9290 20.7691 31.2796
lr at 10th epoch is 0.0001 for optimizer
current performance: -36.6623, best performance: -34.2874
Epoch: 0010 | TRAIN: 1.6798 0.1705 0.4350 | 0.8301 0.8301 0.3941 | 0.3126 42.1602 40.2098 0.0789 0.2279 0.3392 TEST: 1.6943 0.1194 0.4194 | 0.9081 0.8913 1.2373 | 0.3125 42.1601 47.7578 8.0670 22.0076 32.6998
lr at 11th epoch is 0.0001 for optimizer
current performance: -34.1002, best performance: -34.2874
Epoch: 0011 | TRAIN: 1.6794 0.1736 0.4368 | 0.7913 0.7913 0.3790 | 0.3106 41.9191 39.9162 0.0812 0.2361 0.3479 TEST: 1.7659 0.1056 0.4135 | 0.8242 0.8075 1.1497 | 0.3107 41.5299 47.7801 9.3885 25.6127 36.3591
lr at 12th epoch is 0.0001 for optimizer
current performance: -33.1317, best performance: -34.1002
Epoch: 0012 | TRAIN: 1.7064 0.1734 0.4278 | 0.7914 0.7914 0.3695 | 0.3138 42.2250 40.2650 0.0805 0.2288 0.3393 TEST: 1.6836 0.1185 0.4280 | 0.8368 0.8201 1.1536 | 0.3132 41.6511 47.9687 10.3709 25.0090 35.7470
lr at 13th epoch is 0.0001 for optimizer
current performance: -35.4566, best performance: -33.1317
Epoch: 0013 | TRAIN: 1.7150 0.1698 0.4305 | 0.7924 0.7924 0.3931 | 0.3115 42.0872 40.1442 0.0783 0.2272 0.3391 TEST: 1.7095 0.1148 0.4361 | 0.8773 0.8595 1.2380 | 0.3097 41.7871 47.5782 8.6725 22.9212 34.0400
lr at 14th epoch is 0.0001 for optimizer
current performance: -34.5912, best performance: -33.1317
Epoch: 0014 | TRAIN: 1.7040 0.1708 0.4334 | 0.7901 0.7901 0.3922 | 0.3103 41.9447 39.9057 0.0804 0.2317 0.3437 TEST: 1.8056 0.1171 0.4158 | 0.8662 0.8483 1.2124 | 0.3129 41.6966 47.9368 9.6527 25.1785 35.8971
lr at 15th epoch is 0.0001 for optimizer
current performance: -33.4149, best performance: -33.1317
Epoch: 0015 | TRAIN: 1.6910 0.1776 0.4362 | 0.7870 0.7870 0.3707 | 0.3086 41.7496 39.7829 0.0853 0.2365 0.3470 TEST: 1.6911 0.1111 0.4343 | 0.8305 0.8134 1.1668 | 0.3044 41.3110 47.1488 9.3124 23.6023 34.6670
lr at 16th epoch is 0.0001 for optimizer
current performance: -33.3845, best performance: -33.1317
Epoch: 0016 | TRAIN: 1.6888 0.1807 0.4396 | 0.7875 0.7875 0.3792 | 0.3082 41.6555 39.5567 0.0878 0.2401 0.3506 TEST: 1.7795 0.1104 0.4238 | 0.7996 0.7863 1.0681 | 0.3134 42.2578 47.8387 7.8277 22.2454 33.2174
lr at 17th epoch is 0.0001 for optimizer
current performance: -31.4043, best performance: -33.1317
Epoch: 0017 | TRAIN: 1.7106 0.1740 0.4296 | 0.8279 0.8279 0.3919 | 0.3091 41.7946 39.8154 0.0837 0.2360 0.3478 TEST: 1.6927 0.1180 0.4392 | 0.8138 0.7962 1.1465 | 0.3008 40.9654 46.8659 8.6684 24.8346 36.4917
lr at 18th epoch is 0.0001 for optimizer
current performance: -29.3238, best performance: -31.4043
Epoch: 0018 | TRAIN: 1.6944 0.1727 0.4362 | 0.8043 0.8043 0.3868 | 0.3078 41.6322 39.3746 0.0851 0.2412 0.3527 TEST: 1.7533 0.1215 0.4361 | 0.7785 0.7635 1.0736 | 0.3005 40.7627 46.8637 10.6571 25.6585 36.2181
lr at 19th epoch is 0.0001 for optimizer
current performance: -29.5525, best performance: -29.3238
Epoch: 0019 | TRAIN: 1.6888 0.1773 0.4406 | 0.7822 0.7822 0.3713 | 0.3057 41.3623 39.3121 0.0936 0.2470 0.3571 TEST: 1.6893 0.1253 0.4335 | 0.7834 0.7689 1.0699 | 0.3036 41.1967 47.0796 9.7651 23.9091 34.8116
lr at 20th epoch is 0.0001 for optimizer
current performance: -27.8510, best performance: -29.3238
Epoch: 0020 | TRAIN: 1.6799 0.1793 0.4425 | 0.7697 0.7697 0.3651 | 0.3074 41.6423 39.2789 0.0827 0.2385 0.3526 TEST: 1.6296 0.1293 0.4528 | 0.7747 0.7616 1.0585 | 0.2989 40.4116 46.7679 11.2152 27.3970 37.9502
lr at 21th epoch is 0.0001 for optimizer
current performance: -29.5349, best performance: -27.8510
Epoch: 0021 | TRAIN: 1.6689 0.1786 0.4446 | 0.7762 0.7762 0.3762 | 0.3050 41.2528 39.1579 0.0958 0.2505 0.3612 TEST: 1.6722 0.1282 0.4386 | 0.8017 0.7856 1.1133 | 0.3036 40.8603 47.1748 10.9586 26.1698 37.0850
lr at 22th epoch is 0.0001 for optimizer
current performance: -29.0964, best performance: -27.8510
Epoch: 0022 | TRAIN: 1.6691 0.1829 0.4446 | 0.7759 0.7759 0.3738 | 0.3058 41.4603 39.3850 0.0883 0.2421 0.3544 TEST: 1.7105 0.1265 0.4325 | 0.7866 0.7714 1.0898 | 0.3036 40.8222 47.1689 10.9857 26.0821 37.0346
lr at 23th epoch is 0.0001 for optimizer
current performance: -31.6243, best performance: -27.8510
Epoch: 0023 | TRAIN: 1.6651 0.1851 0.4490 | 0.7638 0.7638 0.3682 | 0.3059 41.3530 39.3066 0.0928 0.2503 0.3606 TEST: 1.6885 0.1283 0.4398 | 0.8459 0.8293 1.2057 | 0.3012 41.0570 46.8669 8.8961 24.3960 35.6867
lr at 24th epoch is 0.0001 for optimizer
current performance: -33.3260, best performance: -27.8510
Epoch: 0024 | TRAIN: 1.6561 0.1825 0.4456 | 0.7665 0.7665 0.3668 | 0.3025 41.0821 38.7488 0.0941 0.2506 0.3628 TEST: 1.7262 0.1193 0.4175 | 0.8640 0.8487 1.1817 | 0.3019 40.8008 47.0097 10.1756 25.9767 37.0032
lr at 25th epoch is 0.0001 for optimizer
current performance: -29.4255, best performance: -27.8510
Epoch: 0025 | TRAIN: 1.6346 0.1832 0.4529 | 0.7686 0.7686 0.3690 | 0.3055 41.3254 39.1687 0.0921 0.2486 0.3611 TEST: 1.6229 0.1340 0.4608 | 0.8284 0.8127 1.1585 | 0.2975 40.3780 46.6649 10.9754 26.7587 37.5959
lr at 26th epoch is 0.0001 for optimizer
current performance: -29.1854, best performance: -27.8510
Epoch: 0026 | TRAIN: 1.6590 0.1790 0.4462 | 0.7517 0.7517 0.3446 | 0.3031 41.1587 38.8088 0.0920 0.2486 0.3623 TEST: 1.6488 0.1226 0.4591 | 0.7985 0.7832 1.1073 | 0.2948 39.9926 46.4580 12.0637 27.7758 38.5441
lr at 27th epoch is 0.0001 for optimizer
current performance: -28.7340, best performance: -27.8510
Epoch: 0027 | TRAIN: 1.6488 0.1877 0.4518 | 0.7567 0.7567 0.3667 | 0.3033 41.0836 38.6516 0.0964 0.2545 0.3663 TEST: 1.6657 0.1243 0.4468 | 0.7678 0.7548 1.0448 | 0.2977 40.8870 46.5789 8.2657 23.7115 35.7207
lr at 28th epoch is 0.0001 for optimizer
current performance: -26.7514, best performance: -27.8510
Epoch: 0028 | TRAIN: 1.6336 0.1889 0.4601 | 0.7625 0.7625 0.3618 | 0.3007 40.8662 38.5682 0.0979 0.2554 0.3691 TEST: 1.6723 0.1296 0.4431 | 0.7564 0.7414 1.0520 | 0.2959 40.2312 46.5530 10.9557 26.8440 38.0604
lr at 29th epoch is 0.0001 for optimizer
current performance: -26.0432, best performance: -26.7514
Epoch: 0029 | TRAIN: 1.6411 0.1861 0.4540 | 0.7514 0.7514 0.3571 | 0.3002 40.8558 38.5842 0.0974 0.2548 0.3677 TEST: 1.6295 0.1361 0.4676 | 0.7613 0.7463 1.0546 | 0.2949 40.1581 46.4292 11.6484 26.9628 37.6667
lr at 30th epoch is 0.0001 for optimizer
current performance: -30.9642, best performance: -26.0432
Epoch: 0030 | TRAIN: 1.6155 0.1902 0.4646 | 0.7444 0.7444 0.3564 | 0.3009 40.8270 38.2969 0.1003 0.2602 0.3717 TEST: 1.6110 0.1381 0.4635 | 0.8682 0.8518 1.2134 | 0.2955 40.7105 46.3837 8.8474 24.2065 35.3423
lr at 31th epoch is 0.0001 for optimizer
current performance: -30.6330, best performance: -26.0432
Epoch: 0031 | TRAIN: 1.6419 0.1866 0.4557 | 0.7493 0.7493 0.3563 | 0.2989 40.6890 38.3242 0.1001 0.2592 0.3728 TEST: 1.6543 0.1248 0.4403 | 0.8294 0.8136 1.1428 | 0.2979 40.3662 46.7353 11.0654 26.9179 37.9867
lr at 32th epoch is 0.0001 for optimizer
current performance: -29.1359, best performance: -26.0432
Epoch: 0032 | TRAIN: 1.6305 0.1879 0.4603 | 0.7547 0.7547 0.3573 | 0.3007 40.9459 38.6785 0.0948 0.2505 0.3644 TEST: 1.6304 0.1238 0.4536 | 0.7972 0.7842 1.0938 | 0.2955 40.0549 46.5303 12.1810 28.0215 38.4575
lr at 33th epoch is 0.0001 for optimizer
current performance: -24.5125, best performance: -26.0432
Epoch: 0033 | TRAIN: 1.6198 0.1897 0.4599 | 0.7263 0.7263 0.3473 | 0.2970 40.4085 37.8937 0.1068 0.2676 0.3809 TEST: 1.5963 0.1420 0.4750 | 0.7529 0.7414 1.0080 | 0.2915 39.6445 46.1886 12.4806 28.4332 39.2897
lr at 34th epoch is 0.0001 for optimizer
current performance: -24.8450, best performance: -24.5125
Epoch: 0034 | TRAIN: 1.6025 0.1895 0.4688 | 0.7184 0.7184 0.3441 | 0.2971 40.4366 38.0679 0.1061 0.2676 0.3793 TEST: 1.6840 0.1336 0.4600 | 0.7398 0.7257 1.0354 | 0.2897 39.5885 46.0415 12.1874 28.4594 39.1858
lr at 35th epoch is 0.0001 for optimizer
current performance: -28.7873, best performance: -24.5125
Epoch: 0035 | TRAIN: 1.6247 0.1917 0.4619 | 0.7310 0.7310 0.3580 | 0.2960 40.4458 38.0166 0.1025 0.2618 0.3756 TEST: 1.6087 0.1394 0.4664 | 0.8295 0.8175 1.1144 | 0.2945 40.2376 46.3979 10.8035 26.4324 37.4611
lr at 36th epoch is 0.0001 for optimizer
current performance: -23.5879, best performance: -24.5125
Epoch: 0036 | TRAIN: 1.6127 0.1930 0.4643 | 0.7195 0.7195 0.3475 | 0.2956 40.4144 38.1754 0.1019 0.2640 0.3766 TEST: 1.5850 0.1394 0.4678 | 0.7291 0.7169 1.0143 | 0.2886 39.4655 45.9579 12.3899 28.3885 39.4811
lr at 37th epoch is 0.0001 for optimizer
current performance: -28.3299, best performance: -23.5879
Epoch: 0037 | TRAIN: 1.5974 0.1972 0.4737 | 0.7360 0.7360 0.3534 | 0.2937 40.1165 37.5378 0.1089 0.2731 0.3859 TEST: 1.5788 0.1415 0.4763 | 0.8457 0.8345 1.1598 | 0.2866 39.3939 45.7871 11.9944 28.1025 39.3213
lr at 38th epoch is 0.0001 for optimizer
current performance: -23.9069, best performance: -23.5879
Epoch: 0038 | TRAIN: 1.5949 0.1969 0.4722 | 0.7362 0.7362 0.3461 | 0.2929 40.0395 37.4281 0.1119 0.2737 0.3854 TEST: 1.5744 0.1443 0.4806 | 0.7459 0.7352 1.0075 | 0.2902 39.6019 46.0936 12.0614 28.6093 39.4671
lr at 39th epoch is 0.0001 for optimizer
current performance: -23.6070, best performance: -23.5879
Epoch: 0039 | TRAIN: 1.5749 0.1963 0.4765 | 0.7412 0.7412 0.3529 | 0.2936 40.1593 37.5952 0.1076 0.2700 0.3829 TEST: 1.6011 0.1426 0.4709 | 0.7459 0.7320 1.0495 | 0.2861 39.2679 45.7503 12.2902 28.7997 39.7818
lr at 40th epoch is 0.0001 for optimizer
current performance: -24.3504, best performance: -23.5879
Epoch: 0040 | TRAIN: 1.5896 0.1970 0.4745 | 0.7133 0.7133 0.3409 | 0.2920 39.9778 37.2804 0.1088 0.2750 0.3878 TEST: 1.6021 0.1365 0.4678 | 0.7322 0.7191 1.0091 | 0.2909 39.7324 46.1211 12.3263 27.8915 38.5532
lr at 41th epoch is 0.0001 for optimizer
current performance: -26.0296, best performance: -23.5879
Epoch: 0041 | TRAIN: 1.5790 0.1963 0.4754 | 0.7090 0.7090 0.3342 | 0.2927 40.0288 37.6455 0.1106 0.2736 0.3857 TEST: 1.6050 0.1410 0.4617 | 0.7802 0.7697 1.0367 | 0.2917 39.7927 46.1905 11.7275 28.0656 38.9650
lr at 42th epoch is 0.0001 for optimizer
current performance: -25.0927, best performance: -23.5879
Epoch: 0042 | TRAIN: 1.5711 0.1993 0.4819 | 0.7074 0.7074 0.3375 | 0.2889 39.6699 36.9844 0.1144 0.2801 0.3923 TEST: 1.5717 0.1436 0.4778 | 0.7569 0.7447 1.0494 | 0.2925 40.2183 46.1602 10.0824 25.8251 37.0429
lr at 43th epoch is 0.0001 for optimizer
current performance: -21.5869, best performance: -23.5879
Epoch: 0043 | TRAIN: 1.5677 0.1926 0.4819 | 0.7031 0.7031 0.3383 | 0.2886 39.6695 36.9458 0.1129 0.2787 0.3917 TEST: 1.5961 0.1445 0.4858 | 0.7076 0.6977 0.9704 | 0.2830 38.9980 45.4917 12.3729 29.3980 40.4273
lr at 44th epoch is 0.0001 for optimizer
current performance: -22.6280, best performance: -21.5869
Epoch: 0044 | TRAIN: 1.5714 0.2000 0.4812 | 0.6900 0.6900 0.3275 | 0.2885 39.6306 37.0193 0.1130 0.2814 0.3952 TEST: 1.5689 0.1436 0.4745 | 0.7316 0.7183 1.0217 | 0.2801 39.0264 45.2158 10.6452 28.3335 40.1378
lr at 45th epoch is 0.0001 for optimizer
current performance: -23.9045, best performance: -21.5869
Epoch: 0045 | TRAIN: 1.5550 0.2022 0.4833 | 0.6988 0.6988 0.3419 | 0.2883 39.7096 36.9452 0.1078 0.2767 0.3925 TEST: 1.5671 0.1432 0.4818 | 0.7613 0.7453 1.0870 | 0.2816 39.0808 45.3022 11.4423 27.9246 39.5051
lr at 46th epoch is 0.0001 for optimizer
current performance: -23.0768, best performance: -21.5869
Epoch: 0046 | TRAIN: 1.5672 0.1985 0.4830 | 0.6932 0.6932 0.3329 | 0.2867 39.5446 36.7950 0.1126 0.2789 0.3933 TEST: 1.6017 0.1428 0.4690 | 0.7411 0.7291 0.9974 | 0.2804 38.9185 45.2992 11.2302 29.1007 40.6736
lr at 47th epoch is 0.0001 for optimizer
current performance: -22.1396, best performance: -21.5869
Epoch: 0047 | TRAIN: 1.5540 0.2023 0.4870 | 0.6867 0.6867 0.3291 | 0.2888 39.6934 36.9724 0.1104 0.2784 0.3928 TEST: 1.6128 0.1427 0.4638 | 0.7158 0.7052 0.9736 | 0.2851 39.0016 45.7244 13.1385 29.9547 40.7999
lr at 48th epoch is 0.0001 for optimizer
current performance: -23.5230, best performance: -21.5869
Epoch: 0048 | TRAIN: 1.5571 0.1991 0.4863 | 0.6811 0.6811 0.3303 | 0.2842 39.3163 36.5202 0.1112 0.2836 0.3997 TEST: 1.5379 0.1375 0.4842 | 0.7325 0.7229 0.9940 | 0.2827 38.9568 45.4775 12.1591 29.5155 40.6221
lr at 49th epoch is 0.0001 for optimizer
current performance: -25.0276, best performance: -21.5869
Epoch: 0049 | TRAIN: 1.5587 0.2018 0.4820 | 0.6917 0.6917 0.3306 | 0.2851 39.3512 36.6458 0.1147 0.2837 0.3981 TEST: 1.6024 0.1418 0.4678 | 0.7925 0.7793 1.0926 | 0.2775 38.6049 45.0146 12.2252 29.4335 40.8099
lr at 50th epoch is 0.0001 for optimizer
current performance: -22.4428, best performance: -21.5869
Epoch: 0050 | TRAIN: 1.5418 0.2033 0.4907 | 0.6865 0.6865 0.3253 | 0.2855 39.3863 36.4289 0.1122 0.2839 0.4003 TEST: 1.6049 0.1426 0.4721 | 0.7334 0.7205 1.0145 | 0.2798 38.6549 45.2355 12.6345 30.0775 41.2188
lr at 51th epoch is 0.0001 for optimizer
current performance: -21.8932, best performance: -21.5869
Epoch: 0051 | TRAIN: 1.5254 0.1991 0.5006 | 0.7012 0.7012 0.3400 | 0.2805 38.9000 35.9932 0.1196 0.2931 0.4073 TEST: 1.6113 0.1446 0.4815 | 0.7261 0.7175 0.9813 | 0.2775 38.5180 45.0363 12.5207 30.0624 41.3023
lr at 52th epoch is 0.0001 for optimizer
current performance: -21.1186, best performance: -21.5869
Epoch: 0052 | TRAIN: 1.5436 0.2023 0.4929 | 0.6851 0.6851 0.3295 | 0.2796 38.8544 36.0219 0.1192 0.2912 0.4065 TEST: 1.5716 0.1449 0.4848 | 0.7207 0.7105 0.9642 | 0.2741 38.1196 44.7832 13.2403 31.0477 42.3023
lr at 53th epoch is 0.0001 for optimizer
current performance: -23.8028, best performance: -21.1186
Epoch: 0053 | TRAIN: 1.5301 0.2036 0.4947 | 0.6715 0.6715 0.3248 | 0.2816 39.0382 36.1830 0.1150 0.2907 0.4062 TEST: 1.5550 0.1454 0.4886 | 0.7975 0.7858 1.1026 | 0.2675 37.6681 44.1785 13.1716 31.3906 42.7761
lr at 54th epoch is 0.0001 for optimizer
current performance: -18.6713, best performance: -21.1186
Epoch: 0054 | TRAIN: 1.5254 0.1999 0.4966 | 0.6971 0.6971 0.3390 | 0.2756 38.5310 35.6662 0.1181 0.2960 0.4134 TEST: 1.5584 0.1524 0.4990 | 0.7038 0.6936 0.9575 | 0.2651 37.4337 43.9583 13.6400 31.5143 43.0975
lr at 55th epoch is 0.0001 for optimizer
current performance: -19.2298, best performance: -18.6713
Epoch: 0055 | TRAIN: 1.5291 0.2032 0.4986 | 0.6681 0.6681 0.3265 | 0.2761 38.5729 35.7935 0.1200 0.2940 0.4111 TEST: 1.5651 0.1505 0.4946 | 0.6998 0.6898 0.9557 | 0.2683 37.8712 44.1909 12.3158 30.6545 42.0960
lr at 56th epoch is 0.0001 for optimizer
current performance: -23.6098, best performance: -18.6713
Epoch: 0056 | TRAIN: 1.5338 0.2106 0.4964 | 0.6542 0.6542 0.3125 | 0.2736 38.3703 35.5020 0.1182 0.2967 0.4161 TEST: 1.5696 0.1437 0.4823 | 0.7944 0.7816 1.0889 | 0.2646 37.4593 43.9128 12.8585 31.3455 43.2542
lr at 57th epoch is 0.0001 for optimizer
current performance: -19.9797, best performance: -18.6713
Epoch: 0057 | TRAIN: 1.5230 0.2042 0.4968 | 0.6659 0.6659 0.3184 | 0.2703 38.0432 34.9950 0.1217 0.3031 0.4233 TEST: 1.5623 0.1509 0.4854 | 0.7270 0.7129 1.0072 | 0.2644 37.6963 43.7745 11.9426 29.6276 41.6920
lr at 58th epoch is 0.0001 for optimizer
current performance: -17.5833, best performance: -18.6713
Epoch: 0058 | TRAIN: 1.5190 0.2038 0.5032 | 0.6550 0.6550 0.3207 | 0.2717 38.1974 35.2932 0.1205 0.2989 0.4188 TEST: 1.5826 0.1523 0.4926 | 0.6938 0.6829 0.9469 | 0.2580 36.8590 43.2936 13.8960 32.0592 43.8420
lr at 59th epoch is 0.0001 for optimizer
current performance: -19.3385, best performance: -17.5833
Epoch: 0059 | TRAIN: 1.5203 0.2086 0.5029 | 0.6590 0.6590 0.3114 | 0.2688 37.8680 34.8410 0.1263 0.3078 0.4266 TEST: 1.5166 0.1498 0.4951 | 0.7092 0.6984 0.9786 | 0.2632 37.5432 43.6781 11.9966 30.4710 42.4475
lr at 60th epoch is 0.0001 for optimizer
current performance: -19.3439, best performance: -17.5833
Epoch: 0060 | TRAIN: 1.5063 0.2035 0.5066 | 0.6557 0.6557 0.3112 | 0.2633 37.4430 34.5575 0.1274 0.3111 0.4312 TEST: 1.5233 0.1522 0.4940 | 0.7409 0.7286 1.0339 | 0.2553 36.6524 43.0061 13.6627 32.4030 44.3563
lr at 61th epoch is 0.0001 for optimizer
current performance: -20.7283, best performance: -17.5833
Epoch: 0061 | TRAIN: 1.5036 0.1993 0.5057 | 0.6549 0.6549 0.3188 | 0.2627 37.4027 34.4677 0.1258 0.3112 0.4329 TEST: 1.6458 0.1438 0.4768 | 0.7244 0.7143 0.9791 | 0.2624 37.4952 43.6068 11.9625 30.4549 42.5144
lr at 62th epoch is 0.0001 for optimizer
current performance: -17.5792, best performance: -17.5833
Epoch: 0062 | TRAIN: 1.5110 0.1961 0.5064 | 0.6433 0.6433 0.3121 | 0.2604 37.1595 34.0810 0.1296 0.3161 0.4378 TEST: 1.5587 0.1490 0.4870 | 0.6951 0.6846 0.9541 | 0.2509 36.4042 42.5933 13.7075 32.0693 44.0801
lr at 63th epoch is 0.0001 for optimizer
current performance: -17.0990, best performance: -17.5792
Epoch: 0063 | TRAIN: 1.5068 0.2029 0.5029 | 0.6332 0.6332 0.3002 | 0.2616 37.3628 34.3960 0.1226 0.3094 0.4327 TEST: 1.5442 0.1526 0.4936 | 0.7021 0.6894 0.9834 | 0.2490 36.2020 42.4568 13.4654 32.6268 44.9990
lr at 64th epoch is 0.0001 for optimizer
current performance: -18.1810, best performance: -17.0990
Epoch: 0064 | TRAIN: 1.5195 0.1965 0.5053 | 0.6370 0.6370 0.3059 | 0.2607 37.2514 34.3672 0.1270 0.3127 0.4341 TEST: 1.5557 0.1566 0.5047 | 0.7361 0.7275 0.9872 | 0.2493 36.1539 42.4466 13.9453 33.0415 45.0128
lr at 65th epoch is 0.0001 for optimizer
current performance: -15.5338, best performance: -17.0990
Epoch: 0065 | TRAIN: 1.4801 0.1914 0.5128 | 0.6315 0.6315 0.3000 | 0.2558 36.7863 33.7345 0.1310 0.3206 0.4432 TEST: 1.5056 0.1630 0.5094 | 0.7092 0.6984 0.9710 | 0.2444 35.6422 42.0340 14.9165 33.9902 45.8365
lr at 66th epoch is 0.0001 for optimizer
current performance: -14.0351, best performance: -15.5338
Epoch: 0066 | TRAIN: 1.4702 0.1972 0.5180 | 0.6248 0.6248 0.3019 | 0.2528 36.5153 33.4951 0.1343 0.3239 0.4466 TEST: 1.5508 0.1661 0.4958 | 0.6825 0.6718 0.9500 | 0.2437 35.6838 41.9530 13.9726 33.4812 45.8821
lr at 67th epoch is 0.0001 for optimizer
current performance: -17.2020, best performance: -14.0351
Epoch: 0067 | TRAIN: 1.4715 0.1923 0.5216 | 0.6241 0.6241 0.2970 | 0.2535 36.5294 33.4543 0.1352 0.3264 0.4494 TEST: 1.6091 0.1556 0.4909 | 0.7082 0.6999 0.9571 | 0.2495 36.2373 42.4980 13.5668 32.6740 44.9102
lr at 68th epoch is 0.0001 for optimizer
current performance: -15.8447, best performance: -14.0351
Epoch: 0068 | TRAIN: 1.4794 0.1962 0.5210 | 0.6180 0.6180 0.2937 | 0.2554 36.6890 33.6807 0.1354 0.3245 0.4456 TEST: 1.5579 0.1583 0.4986 | 0.7014 0.6929 0.9482 | 0.2426 35.5873 41.8496 14.2123 33.6925 46.0111
lr at 69th epoch is 0.0001 for optimizer
current performance: -14.4178, best performance: -14.0351
Epoch: 0069 | TRAIN: 1.4899 0.1906 0.5173 | 0.6260 0.6260 0.2997 | 0.2558 36.7441 33.7975 0.1341 0.3218 0.4440 TEST: 1.5113 0.1647 0.5026 | 0.6953 0.6828 0.9680 | 0.2418 35.4384 41.7969 14.6653 34.2022 46.4125
lr at 70th epoch is 0.0001 for optimizer
current performance: -14.1113, best performance: -14.0351
Epoch: 0070 | TRAIN: 1.4523 0.1894 0.5252 | 0.6462 0.6462 0.3051 | 0.2500 36.1924 33.0849 0.1403 0.3311 0.4533 TEST: 1.5401 0.1698 0.4993 | 0.6914 0.6828 0.9372 | 0.2465 35.7505 42.2454 15.1609 34.0897 45.9142
lr at 71th epoch is 0.0001 for optimizer
current performance: -13.9561, best performance: -14.0351
Epoch: 0071 | TRAIN: 1.4832 0.1893 0.5160 | 0.6229 0.6229 0.2984 | 0.2561 36.7862 33.7649 0.1315 0.3224 0.4440 TEST: 1.5180 0.1647 0.5091 | 0.6800 0.6691 0.9421 | 0.2421 35.5497 41.8050 14.4248 33.6615 45.8956
lr at 72th epoch is 0.0001 for optimizer
current performance: -16.8314, best performance: -13.9561
Epoch: 0072 | TRAIN: 1.4612 0.1920 0.5249 | 0.6072 0.6072 0.2907 | 0.2490 36.2051 33.1348 0.1350 0.3278 0.4524 TEST: 1.6202 0.1617 0.4969 | 0.7460 0.7363 1.0113 | 0.2388 35.1784 41.5241 14.8620 34.6306 46.9129
lr at 73th epoch is 0.0001 for optimizer
current performance: -14.5896, best performance: -13.9561
Epoch: 0073 | TRAIN: 1.4650 0.1890 0.5273 | 0.6080 0.6080 0.2910 | 0.2508 36.3817 33.2955 0.1315 0.3250 0.4497 TEST: 1.6155 0.1714 0.4943 | 0.7256 0.7156 0.9791 | 0.2382 35.0831 41.4583 15.3352 34.8170 46.9533
lr at 74th epoch is 0.0001 for optimizer
current performance: -14.2445, best performance: -13.9561
Epoch: 0074 | TRAIN: 1.4607 0.1898 0.5318 | 0.6126 0.6126 0.2930 | 0.2493 36.1687 33.0303 0.1367 0.3313 0.4551 TEST: 1.5491 0.1768 0.5175 | 0.7278 0.7146 1.0144 | 0.2413 35.4345 41.7306 14.2318 34.3828 46.6575
lr at 75th epoch is 0.0001 for optimizer
current performance: -11.2950, best performance: -13.9561
Epoch: 0075 | TRAIN: 1.4568 0.1893 0.5300 | 0.6237 0.6237 0.2940 | 0.2504 36.2738 33.2525 0.1372 0.3290 0.4517 TEST: 1.5685 0.1849 0.5046 | 0.6838 0.6736 0.9290 | 0.2382 35.2957 41.4127 14.0244 33.6738 46.1927
lr at 76th epoch is 0.0001 for optimizer
current performance: -10.7812, best performance: -11.2950
Epoch: 0076 | TRAIN: 1.4541 0.1935 0.5380 | 0.5986 0.5986 0.2841 | 0.2494 36.2116 32.9575 0.1332 0.3300 0.4558 TEST: 1.5788 0.1984 0.5127 | 0.7087 0.7005 0.9556 | 0.2391 35.3468 41.4923 14.0614 33.8361 46.2671
lr at 77th epoch is 0.0001 for optimizer
current performance: -10.5781, best performance: -10.7812
Epoch: 0077 | TRAIN: 1.4742 0.1886 0.5319 | 0.6271 0.6271 0.3025 | 0.2498 36.2215 33.1103 0.1367 0.3297 0.4536 TEST: 1.5351 0.1996 0.5168 | 0.7117 0.7034 0.9580 | 0.2373 35.1902 41.3140 14.2888 34.0598 46.4172
lr at 78th epoch is 0.0001 for optimizer
current performance: -8.2420, best performance: -10.5781
Epoch: 0078 | TRAIN: 1.4664 0.1878 0.5326 | 0.5981 0.5981 0.2887 | 0.2499 36.1972 33.1017 0.1388 0.3305 0.4542 TEST: 1.5803 0.2024 0.5107 | 0.6777 0.6703 0.9197 | 0.2354 34.6910 41.2312 16.4112 35.9188 47.7455
lr at 79th epoch is 0.0001 for optimizer
current performance: -8.5587, best performance: -8.2420
Epoch: 0079 | TRAIN: 1.4528 0.1938 0.5426 | 0.6068 0.6068 0.2890 | 0.2457 35.8625 32.7503 0.1398 0.3340 0.4585 TEST: 1.6406 0.2036 0.5052 | 0.6819 0.6734 0.9301 | 0.2377 34.9913 41.4116 15.3151 34.9228 47.2425
lr at 80th epoch is 0.0001 for optimizer
current performance: -8.8580, best performance: -8.2420
Epoch: 0080 | TRAIN: 1.4347 0.1915 0.5443 | 0.6218 0.6218 0.2918 | 0.2444 35.7509 32.5549 0.1396 0.3366 0.4614 TEST: 1.5909 0.2111 0.5274 | 0.7005 0.6926 0.9619 | 0.2422 35.3860 41.8494 15.3639 34.5872 46.5498
lr at 81th epoch is 0.0001 for optimizer
current performance: -8.1313, best performance: -8.2420
Epoch: 0081 | TRAIN: 1.4484 0.1961 0.5440 | 0.6000 0.6000 0.2806 | 0.2466 35.9194 32.7379 0.1391 0.3341 0.4595 TEST: 1.5449 0.2140 0.5127 | 0.6991 0.6894 0.9754 | 0.2378 35.1866 41.3800 14.8156 33.9507 46.2137
lr at 82th epoch is 0.0001 for optimizer
current performance: -6.0978, best performance: -8.1313
Epoch: 0082 | TRAIN: 1.4496 0.1949 0.5451 | 0.5964 0.5964 0.2866 | 0.2452 35.8095 32.7615 0.1412 0.3351 0.4589 TEST: 1.5367 0.2200 0.5269 | 0.6859 0.6748 0.9517 | 0.2332 34.6107 41.0032 15.6227 35.5169 47.8538
lr at 83th epoch is 0.0001 for optimizer
current performance: -6.1296, best performance: -6.0978
Epoch: 0083 | TRAIN: 1.4224 0.1977 0.5569 | 0.6012 0.6012 0.2795 | 0.2448 35.7483 32.5839 0.1426 0.3364 0.4615 TEST: 1.5438 0.2148 0.5339 | 0.6747 0.6636 0.9333 | 0.2310 34.4791 40.7547 15.4605 35.5210 47.9174
lr at 84th epoch is 0.0001 for optimizer
current performance: -5.5381, best performance: -6.0978
Epoch: 0084 | TRAIN: 1.4421 0.1973 0.5514 | 0.6078 0.6078 0.2861 | 0.2436 35.6632 32.4797 0.1419 0.3374 0.4623 TEST: 1.5678 0.2181 0.5301 | 0.6729 0.6637 0.9363 | 0.2311 34.3224 40.8335 16.4097 36.3432 48.5136
lr at 85th epoch is 0.0001 for optimizer
current performance: -7.1772, best performance: -5.5381
Epoch: 0085 | TRAIN: 1.4521 0.1957 0.5510 | 0.5919 0.5919 0.2802 | 0.2444 35.6973 32.4935 0.1421 0.3385 0.4634 TEST: 1.5600 0.2173 0.5232 | 0.6885 0.6794 0.9377 | 0.2359 35.0942 41.1939 14.4048 34.0242 46.4298
lr at 86th epoch is 0.0001 for optimizer
current performance: -7.9812, best performance: -5.5381
Epoch: 0086 | TRAIN: 1.4351 0.1964 0.5561 | 0.6007 0.6007 0.2881 | 0.2445 35.6991 32.4783 0.1429 0.3387 0.4634 TEST: 1.6050 0.2032 0.5243 | 0.6857 0.6757 0.9349 | 0.2327 34.3368 41.0567 16.8726 36.9581 49.0012
lr at 87th epoch is 0.0001 for optimizer
current performance: -5.8358, best performance: -5.5381
Epoch: 0087 | TRAIN: 1.4251 0.1968 0.5602 | 0.5826 0.5826 0.2885 | 0.2404 35.2749 31.9849 0.1487 0.3474 0.4715 TEST: 1.5383 0.2220 0.5303 | 0.6828 0.6735 0.9323 | 0.2339 34.6505 41.0645 15.8621 35.6427 47.7654
lr at 88th epoch is 0.0001 for optimizer
current performance: -5.9997, best performance: -5.5381
Epoch: 0088 | TRAIN: 1.4228 0.1922 0.5598 | 0.5728 0.5728 0.2790 | 0.2423 35.5004 32.1975 0.1444 0.3419 0.4670 TEST: 1.5383 0.2263 0.5310 | 0.6996 0.6892 0.9713 | 0.2329 34.6839 40.9480 15.0108 35.1855 47.6847
lr at 89th epoch is 0.0001 for optimizer
current performance: -8.4347, best performance: -5.5381
Epoch: 0089 | TRAIN: 1.4287 0.1984 0.5593 | 0.5931 0.5931 0.2785 | 0.2415 35.4487 32.2901 0.1449 0.3417 0.4669 TEST: 1.5903 0.2190 0.5266 | 0.7251 0.7156 0.9728 | 0.2361 35.0114 41.2532 14.7829 34.3552 46.8729
lr at 90th epoch is 0.0001 for optimizer
current performance: -4.6802, best performance: -5.5381
Epoch: 0090 | TRAIN: 1.4189 0.1928 0.5581 | 0.5810 0.5810 0.2794 | 0.2413 35.4271 32.0860 0.1427 0.3427 0.4698 TEST: 1.6129 0.2280 0.5257 | 0.6669 0.6580 0.9110 | 0.2346 34.9020 41.0899 15.0701 34.5633 46.8175
lr at 91th epoch is 0.0001 for optimizer
current performance: -6.7518, best performance: -4.6802
Epoch: 0091 | TRAIN: 1.4302 0.1962 0.5587 | 0.5870 0.5870 0.2795 | 0.2403 35.3463 32.1000 0.1450 0.3429 0.4692 TEST: 1.6561 0.2200 0.5048 | 0.7006 0.6902 0.9783 | 0.2313 34.5948 40.8271 15.2162 34.8799 47.4562
lr at 92th epoch is 0.0001 for optimizer
current performance: -5.3268, best performance: -4.6802
Epoch: 0092 | TRAIN: 1.4258 0.1927 0.5663 | 0.5824 0.5824 0.2854 | 0.2430 35.5567 32.3324 0.1451 0.3407 0.4657 TEST: 1.6998 0.2263 0.5229 | 0.6836 0.6754 0.9320 | 0.2341 34.6182 41.1145 16.1324 35.8148 47.9217
lr at 93th epoch is 0.0001 for optimizer
current performance: -5.7163, best performance: -4.6802
Epoch: 0093 | TRAIN: 1.4577 0.1983 0.5620 | 0.5881 0.5881 0.2854 | 0.2430 35.5354 32.2581 0.1450 0.3418 0.4668 TEST: 1.6489 0.2275 0.5075 | 0.7039 0.6958 0.9649 | 0.2301 34.3111 40.7222 15.8861 35.9608 48.4466
lr at 94th epoch is 0.0001 for optimizer
current performance: -6.5179, best performance: -4.6802
Epoch: 0094 | TRAIN: 1.4418 0.1935 0.5643 | 0.5859 0.5859 0.2855 | 0.2416 35.4263 32.0905 0.1455 0.3439 0.4690 TEST: 1.5958 0.2232 0.5159 | 0.7121 0.7035 0.9654 | 0.2284 34.2376 40.5506 15.9072 35.9600 48.2627
lr at 95th epoch is 0.0001 for optimizer
current performance: -5.6005, best performance: -4.6802
Epoch: 0095 | TRAIN: 1.4100 0.2016 0.5738 | 0.5713 0.5713 0.2669 | 0.2402 35.2934 31.9437 0.1457 0.3460 0.4720 TEST: 1.6937 0.2250 0.5072 | 0.6765 0.6669 0.9389 | 0.2392 35.0431 41.6626 15.6035 35.3567 47.6093
lr at 96th epoch is 0.0001 for optimizer
current performance: -2.6547, best performance: -4.6802
Epoch: 0096 | TRAIN: 1.4167 0.1998 0.5751 | 0.5786 0.5786 0.2724 | 0.2376 35.0500 31.6238 0.1486 0.3496 0.4760 TEST: 1.6489 0.2411 0.5326 | 0.6735 0.6641 0.9227 | 0.2312 34.3496 40.8450 15.9667 36.4436 48.7588
lr at 97th epoch is 0.0001 for optimizer
current performance: -5.1844, best performance: -2.6547
Epoch: 0097 | TRAIN: 1.4313 0.1943 0.5737 | 0.5702 0.5702 0.2764 | 0.2389 35.1294 31.7324 0.1499 0.3497 0.4750 TEST: 1.6029 0.2287 0.5396 | 0.7029 0.6931 0.9729 | 0.2266 34.0682 40.3912 16.0081 36.0401 48.6389
lr at 98th epoch is 0.0001 for optimizer
current performance: -2.3983, best performance: -2.6547
Epoch: 0098 | TRAIN: 1.4302 0.1960 0.5740 | 0.5645 0.5645 0.2733 | 0.2370 35.0056 31.6012 0.1491 0.3500 0.4763 TEST: 1.5806 0.2430 0.5255 | 0.6757 0.6666 0.9252 | 0.2298 34.2370 40.7041 16.4171 36.4941 48.5753
lr at 99th epoch is 0.0001 for optimizer
current performance: -3.7272, best performance: -2.3983
Epoch: 0099 | TRAIN: 1.4367 0.1952 0.5714 | 0.5604 0.5604 0.2670 | 0.2392 35.1719 31.7900 0.1491 0.3484 0.4743 TEST: 1.6579 0.2265 0.5253 | 0.6563 0.6470 0.9008 | 0.2286 34.3040 40.5683 15.4776 35.5476 48.1353
lr at 100th epoch is 5e-05 for optimizer
current performance: -2.1377, best performance: -2.3983
Epoch: 0100 | TRAIN: 1.3664 0.2050 0.5954 | 0.5468 0.5468 0.2600 | 0.2353 34.7520 31.1681 0.1541 0.3583 0.4845 TEST: 1.6246 0.2455 0.5376 | 0.6809 0.6730 0.9198 | 0.2250 34.0446 40.2031 15.2302 35.9393 48.6553
lr at 101th epoch is 5e-05 for optimizer
current performance: 0.4402, best performance: -2.1377
Epoch: 0101 | TRAIN: 1.3706 0.2067 0.5976 | 0.5419 0.5419 0.2595 | 0.2305 34.3623 30.8290 0.1560 0.3612 0.4888 TEST: 1.5691 0.2517 0.5472 | 0.6523 0.6424 0.9064 | 0.2229 33.6249 40.0861 16.8518 37.2695 49.7036
lr at 102th epoch is 5e-05 for optimizer
current performance: -2.2703, best performance: 0.4402
Epoch: 0102 | TRAIN: 1.3965 0.2083 0.5970 | 0.5491 0.5491 0.2647 | 0.2333 34.5777 30.9805 0.1556 0.3600 0.4866 TEST: 1.6288 0.2496 0.5455 | 0.7008 0.6919 0.9603 | 0.2256 33.8964 40.3066 16.3271 36.7857 49.2851
lr at 103th epoch is 5e-05 for optimizer
current performance: -1.2563, best performance: 0.4402
Epoch: 0103 | TRAIN: 1.3929 0.2105 0.6026 | 0.5348 0.5348 0.2522 | 0.2308 34.3908 30.8403 0.1557 0.3612 0.4889 TEST: 1.6316 0.2473 0.5377 | 0.6749 0.6649 0.9330 | 0.2247 33.7735 40.2308 16.8952 37.1151 49.3418
lr at 104th epoch is 5e-05 for optimizer
current performance: 0.0775, best performance: 0.4402
Epoch: 0104 | TRAIN: 1.3825 0.2135 0.6082 | 0.5436 0.5436 0.2562 | 0.2321 34.4318 30.8003 0.1588 0.3642 0.4898 TEST: 1.6647 0.2533 0.5435 | 0.6639 0.6549 0.9102 | 0.2230 33.6566 40.0721 16.4874 37.2562 49.7924
lr at 105th epoch is 5e-05 for optimizer
current performance: 0.0313, best performance: 0.4402
Epoch: 0105 | TRAIN: 1.3960 0.2143 0.6051 | 0.5351 0.5351 0.2571 | 0.2296 34.2330 30.5429 0.1586 0.3667 0.4936 TEST: 1.6637 0.2578 0.5429 | 0.6778 0.6676 0.9363 | 0.2244 33.7171 40.2052 16.7088 37.2695 49.7353
lr at 106th epoch is 5e-05 for optimizer
current performance: 0.2811, best performance: 0.4402
Epoch: 0106 | TRAIN: 1.4242 0.2143 0.6055 | 0.5366 0.5366 0.2568 | 0.2336 34.6106 31.1416 0.1564 0.3591 0.4848 TEST: 1.7209 0.2532 0.5355 | 0.6645 0.6547 0.9255 | 0.2221 33.4622 40.0213 17.2542 37.7478 50.2206
lr at 107th epoch is 5e-05 for optimizer
current performance: -0.0091, best performance: 0.4402
Epoch: 0107 | TRAIN: 1.4140 0.2095 0.6024 | 0.5393 0.5393 0.2585 | 0.2323 34.4991 30.9748 0.1563 0.3605 0.4877 TEST: 1.6850 0.2468 0.5411 | 0.6534 0.6448 0.8935 | 0.2210 33.3710 39.8879 17.4362 37.8914 50.2373
lr at 108th epoch is 5e-05 for optimizer
current performance: -1.0615, best performance: 0.4402
Epoch: 0108 | TRAIN: 1.3945 0.2120 0.6080 | 0.5275 0.5275 0.2495 | 0.2296 34.2753 30.7678 0.1579 0.3631 0.4903 TEST: 1.6912 0.2452 0.5265 | 0.6701 0.6592 0.9334 | 0.2232 33.5697 40.1032 17.3102 37.6458 49.9015
lr at 109th epoch is 5e-05 for optimizer
current performance: 0.2690, best performance: 0.4402
Epoch: 0109 | TRAIN: 1.4187 0.2140 0.6057 | 0.5393 0.5393 0.2591 | 0.2302 34.3192 30.7582 0.1575 0.3633 0.4903 TEST: 1.8224 0.2484 0.5292 | 0.6495 0.6397 0.8982 | 0.2215 33.5003 39.9430 16.8569 37.5539 50.0438
lr at 110th epoch is 5e-05 for optimizer
current performance: 1.6283, best performance: 0.4402
Epoch: 0110 | TRAIN: 1.4181 0.2126 0.6112 | 0.5304 0.5304 0.2568 | 0.2296 34.2302 30.6274 0.1602 0.3655 0.4924 TEST: 1.6773 0.2563 0.5462 | 0.6472 0.6384 0.8857 | 0.2189 33.2380 39.6741 17.3195 37.8098 50.3628
lr at 111th epoch is 5e-05 for optimizer
current performance: 1.8580, best performance: 1.6283
Epoch: 0111 | TRAIN: 1.4251 0.2160 0.6109 | 0.5238 0.5238 0.2478 | 0.2283 34.1460 30.5236 0.1583 0.3670 0.4948 TEST: 1.7381 0.2658 0.5460 | 0.6710 0.6622 0.9192 | 0.2192 33.2022 39.7269 17.5230 38.2966 50.6630
lr at 112th epoch is 5e-05 for optimizer
current performance: -1.2529, best performance: 1.8580
Epoch: 0112 | TRAIN: 1.4174 0.2148 0.6108 | 0.5205 0.5205 0.2480 | 0.2293 34.1885 30.5807 0.1602 0.3672 0.4945 TEST: 1.7246 0.2514 0.5407 | 0.6946 0.6832 0.9688 | 0.2210 33.5249 39.8700 16.3130 37.1848 49.9445
lr at 113th epoch is 5e-05 for optimizer
current performance: 0.8741, best performance: 1.8580
Epoch: 0113 | TRAIN: 1.4188 0.2130 0.6137 | 0.5250 0.5250 0.2557 | 0.2291 34.2106 30.6357 0.1583 0.3650 0.4925 TEST: 1.7733 0.2538 0.5297 | 0.6576 0.6482 0.9067 | 0.2196 33.2521 39.7921 17.2555 38.1273 50.6810
lr at 114th epoch is 5e-05 for optimizer
current performance: 1.1604, best performance: 1.8580
Epoch: 0114 | TRAIN: 1.4324 0.2146 0.6062 | 0.5265 0.5265 0.2480 | 0.2320 34.4648 30.7741 0.1552 0.3624 0.4904 TEST: 1.7826 0.2566 0.5390 | 0.6556 0.6465 0.8921 | 0.2210 33.3784 39.9049 17.2664 37.8930 50.3640
lr at 115th epoch is 5e-05 for optimizer
current performance: -0.4734, best performance: 1.8580
Epoch: 0115 | TRAIN: 1.4211 0.2178 0.6133 | 0.5206 0.5206 0.2506 | 0.2303 34.2874 30.6627 0.1596 0.3648 0.4921 TEST: 1.7679 0.2494 0.5449 | 0.6728 0.6622 0.9305 | 0.2202 33.4160 39.7881 16.6326 37.4399 50.1188
lr at 116th epoch is 5e-05 for optimizer
current performance: -0.6269, best performance: 1.8580
Epoch: 0116 | TRAIN: 1.4431 0.2215 0.6183 | 0.5203 0.5203 0.2496 | 0.2287 34.1789 30.5433 0.1573 0.3661 0.4938 TEST: 1.7928 0.2467 0.5295 | 0.6631 0.6534 0.9118 | 0.2229 33.5843 40.0931 16.9298 37.4945 49.9917
lr at 117th epoch is 5e-05 for optimizer
current performance: 0.3148, best performance: 1.8580
Epoch: 0117 | TRAIN: 1.4381 0.2181 0.6134 | 0.5211 0.5211 0.2484 | 0.2312 34.3907 30.7650 0.1569 0.3629 0.4905 TEST: 1.8049 0.2555 0.5363 | 0.6715 0.6610 0.9255 | 0.2219 33.4534 40.0131 17.0857 37.9194 50.4097
lr at 118th epoch is 5e-05 for optimizer
current performance: 0.1730, best performance: 1.8580
Epoch: 0118 | TRAIN: 1.4181 0.2194 0.6186 | 0.5290 0.5290 0.2532 | 0.2288 34.1261 30.3331 0.1600 0.3700 0.4976 TEST: 1.7908 0.2502 0.5346 | 0.6604 0.6503 0.9124 | 0.2220 33.3837 40.0127 17.5832 38.1282 50.4727
lr at 119th epoch is 5e-05 for optimizer
current performance: 0.5630, best performance: 1.8580
Epoch: 0119 | TRAIN: 1.4324 0.2186 0.6179 | 0.5178 0.5178 0.2469 | 0.2261 33.9379 30.2656 0.1600 0.3696 0.4983 TEST: 1.8262 0.2607 0.5296 | 0.6817 0.6721 0.9348 | 0.2211 33.3938 39.9193 17.2378 37.8362 50.2717
lr at 120th epoch is 5e-05 for optimizer
current performance: 1.8909, best performance: 1.8580
Epoch: 0120 | TRAIN: 1.4343 0.2155 0.6168 | 0.5266 0.5266 0.2537 | 0.2260 33.9068 30.1964 0.1606 0.3716 0.5001 TEST: 1.8094 0.2576 0.5426 | 0.6473 0.6377 0.8935 | 0.2201 33.1787 39.8708 17.7568 38.7966 51.1820
lr at 121th epoch is 5e-05 for optimizer
current performance: 1.3228, best performance: 1.8909
Epoch: 0121 | TRAIN: 1.4261 0.2204 0.6192 | 0.5239 0.5239 0.2469 | 0.2264 33.9576 30.2397 0.1599 0.3695 0.4987 TEST: 1.7567 0.2552 0.5428 | 0.6494 0.6408 0.8850 | 0.2199 33.2992 39.7944 16.9634 38.1521 50.7088
lr at 122th epoch is 5e-05 for optimizer
current performance: -2.5355, best performance: 1.8909
Epoch: 0122 | TRAIN: 1.4351 0.2192 0.6227 | 0.5132 0.5132 0.2450 | 0.2292 34.2086 30.5617 0.1586 0.3652 0.4932 TEST: 1.8827 0.2451 0.5231 | 0.7083 0.6984 0.9703 | 0.2203 33.3695 39.8151 17.0293 37.5537 50.1817
lr at 123th epoch is 5e-05 for optimizer
current performance: 0.9692, best performance: 1.8909
Epoch: 0123 | TRAIN: 1.4561 0.2201 0.6177 | 0.5238 0.5238 0.2490 | 0.2273 33.9849 30.2948 0.1626 0.3712 0.4986 TEST: 1.8313 0.2591 0.5269 | 0.6673 0.6581 0.9098 | 0.2207 33.3904 39.8937 16.9153 37.9055 50.4542
lr at 124th epoch is 5e-05 for optimizer
current performance: -3.0041, best performance: 1.8909
Epoch: 0124 | TRAIN: 1.3923 0.2227 0.6278 | 0.5334 0.5334 0.2494 | 0.2254 33.8494 30.1319 0.1606 0.3722 0.5014 TEST: 1.8290 0.2476 0.5359 | 0.7344 0.7226 1.0297 | 0.2195 33.1375 39.7994 17.7112 38.7173 51.1704
lr at 125th epoch is 5e-05 for optimizer
current performance: 0.9680, best performance: 1.8909
Epoch: 0125 | TRAIN: 1.4441 0.2203 0.6184 | 0.5185 0.5185 0.2464 | 0.2255 33.8392 30.1095 0.1628 0.3730 0.5013 TEST: 1.8204 0.2511 0.5430 | 0.6530 0.6443 0.8953 | 0.2168 33.0075 39.4798 17.4571 38.5862 51.0078
lr at 126th epoch is 5e-05 for optimizer
current performance: 0.4027, best performance: 1.8909
Epoch: 0126 | TRAIN: 1.4469 0.2244 0.6238 | 0.5186 0.5186 0.2462 | 0.2245 33.7143 29.9742 0.1652 0.3762 0.5043 TEST: 1.8201 0.2469 0.5410 | 0.6515 0.6419 0.8981 | 0.2191 33.1225 39.7617 17.7525 38.8250 51.0977
lr at 127th epoch is 5e-05 for optimizer
current performance: -2.4077, best performance: 1.8909
Epoch: 0127 | TRAIN: 1.4544 0.2266 0.6298 | 0.5134 0.5134 0.2458 | 0.2256 33.8314 30.0692 0.1632 0.3736 0.5017 TEST: 1.8963 0.2454 0.5264 | 0.6959 0.6864 0.9491 | 0.2241 33.7514 40.1645 16.2789 36.9288 49.6606
lr at 128th epoch is 5e-05 for optimizer
current performance: -1.3401, best performance: 1.8909
Epoch: 0128 | TRAIN: 1.4332 0.2309 0.6329 | 0.5204 0.5204 0.2415 | 0.2238 33.6705 29.9379 0.1653 0.3757 0.5037 TEST: 1.8797 0.2462 0.5329 | 0.6842 0.6737 0.9537 | 0.2207 33.3783 39.8873 16.8892 37.8140 50.5023
lr at 129th epoch is 5e-05 for optimizer
current performance: 0.2880, best performance: 1.8909
Epoch: 0129 | TRAIN: 1.4529 0.2249 0.6253 | 0.5181 0.5181 0.2489 | 0.2260 33.8708 30.1393 0.1636 0.3728 0.5004 TEST: 1.8682 0.2551 0.5460 | 0.6724 0.6626 0.9360 | 0.2217 33.3647 39.9984 17.4613 38.2394 50.6853
lr at 130th epoch is 5e-05 for optimizer
current performance: -0.6992, best performance: 1.8909
Epoch: 0130 | TRAIN: 1.4735 0.2245 0.6210 | 0.5107 0.5107 0.2481 | 0.2272 34.0407 30.3924 0.1591 0.3679 0.4963 TEST: 1.8669 0.2548 0.5325 | 0.6960 0.6866 0.9618 | 0.2193 33.2811 39.7264 17.0358 37.9289 50.4728
lr at 131th epoch is 5e-05 for optimizer
current performance: 1.7698, best performance: 1.8909
Epoch: 0131 | TRAIN: 1.4382 0.2263 0.6294 | 0.5183 0.5183 0.2493 | 0.2253 33.8719 30.1594 0.1587 0.3721 0.5016 TEST: 1.8969 0.2622 0.5303 | 0.6580 0.6493 0.9052 | 0.2200 33.3667 39.7952 16.8458 37.6922 50.2647
lr at 132th epoch is 5e-05 for optimizer
current performance: 1.6270, best performance: 1.8909
Epoch: 0132 | TRAIN: 1.4363 0.2290 0.6334 | 0.5046 0.5046 0.2388 | 0.2231 33.5604 29.6870 0.1666 0.3799 0.5082 TEST: 1.9142 0.2658 0.5360 | 0.6726 0.6619 0.9377 | 0.2220 33.4185 40.0206 17.1000 38.1262 50.6407
lr at 133th epoch is 5e-05 for optimizer
current performance: 0.4806, best performance: 1.8909
Epoch: 0133 | TRAIN: 1.4624 0.2310 0.6310 | 0.5218 0.5218 0.2509 | 0.2248 33.7162 29.8734 0.1654 0.3772 0.5049 TEST: 1.9027 0.2515 0.5367 | 0.6654 0.6542 0.9237 | 0.2186 33.0994 39.6868 17.4943 38.5711 51.1262
lr at 134th epoch is 5e-05 for optimizer
current performance: 0.8789, best performance: 1.8909
Epoch: 0134 | TRAIN: 1.4740 0.2282 0.6277 | 0.5097 0.5097 0.2456 | 0.2254 33.7736 29.9467 0.1659 0.3769 0.5035 TEST: 1.9210 0.2609 0.5288 | 0.6797 0.6706 0.9419 | 0.2188 33.1862 39.6982 17.3001 38.3471 50.8127
lr at 135th epoch is 5e-05 for optimizer
current performance: 0.8895, best performance: 1.8909
Epoch: 0135 | TRAIN: 1.4752 0.2295 0.6326 | 0.5122 0.5122 0.2415 | 0.2232 33.5923 29.8290 0.1662 0.3783 0.5070 TEST: 1.8376 0.2605 0.5466 | 0.6862 0.6751 0.9552 | 0.2162 32.9623 39.4370 17.3742 38.5290 51.1770
lr at 136th epoch is 5e-05 for optimizer
current performance: 1.5724, best performance: 1.8909
Epoch: 0136 | TRAIN: 1.4849 0.2284 0.6294 | 0.5146 0.5146 0.2466 | 0.2261 33.8782 30.0684 0.1617 0.3732 0.5021 TEST: 1.9905 0.2556 0.5331 | 0.6546 0.6445 0.9111 | 0.2161 32.9680 39.4293 17.4909 38.4495 50.9993
lr at 137th epoch is 5e-05 for optimizer
current performance: 2.7349, best performance: 1.8909
Epoch: 0137 | TRAIN: 1.4843 0.2280 0.6276 | 0.5086 0.5086 0.2448 | 0.2239 33.6185 29.7292 0.1664 0.3791 0.5078 TEST: 1.9462 0.2637 0.5324 | 0.6459 0.6376 0.8836 | 0.2185 33.1184 39.6817 17.5975 38.4436 50.9069
lr at 138th epoch is 5e-05 for optimizer
current performance: -0.5466, best performance: 2.7349
Epoch: 0138 | TRAIN: 1.4815 0.2282 0.6323 | 0.5218 0.5218 0.2490 | 0.2249 33.6968 29.8321 0.1672 0.3785 0.5065 TEST: 1.8989 0.2529 0.5330 | 0.6873 0.6779 0.9520 | 0.2204 33.2720 39.8969 17.4472 38.4401 50.8667
lr at 139th epoch is 5e-05 for optimizer
current performance: 1.7255, best performance: 2.7349
Epoch: 0139 | TRAIN: 1.4598 0.2293 0.6355 | 0.5114 0.5114 0.2375 | 0.2237 33.6218 29.7680 0.1649 0.3787 0.5077 TEST: 1.9279 0.2580 0.5420 | 0.6507 0.6420 0.8876 | 0.2184 33.2112 39.6617 16.8090 38.0641 50.8522
lr at 140th epoch is 5e-05 for optimizer
current performance: 2.0472, best performance: 2.7349
Epoch: 0140 | TRAIN: 1.4857 0.2318 0.6363 | 0.5068 0.5068 0.2455 | 0.2239 33.6505 29.8123 0.1648 0.3779 0.5064 TEST: 1.9500 0.2613 0.5392 | 0.6545 0.6446 0.9091 | 0.2200 33.2017 39.8545 17.5495 38.6768 51.0728
lr at 141th epoch is 5e-05 for optimizer
current performance: -0.6751, best performance: 2.7349
Epoch: 0141 | TRAIN: 1.4864 0.2317 0.6343 | 0.5067 0.5067 0.2392 | 0.2230 33.5858 29.7485 0.1650 0.3782 0.5078 TEST: 2.0466 0.2528 0.5262 | 0.6798 0.6687 0.9342 | 0.2232 33.7368 40.0935 15.8194 36.8807 49.7407
lr at 142th epoch is 5e-05 for optimizer
current performance: 0.0483, best performance: 2.7349
Epoch: 0142 | TRAIN: 1.4536 0.2323 0.6379 | 0.5144 0.5144 0.2445 | 0.2238 33.6581 29.8424 0.1643 0.3768 0.5054 TEST: 1.9913 0.2530 0.5349 | 0.6644 0.6544 0.9200 | 0.2266 33.6653 40.5350 17.5661 38.4075 50.6396
lr at 143th epoch is 5e-05 for optimizer
current performance: 0.1172, best performance: 2.7349
Epoch: 0143 | TRAIN: 1.5003 0.2293 0.6347 | 0.5052 0.5052 0.2411 | 0.2247 33.6897 29.8377 0.1665 0.3784 0.5059 TEST: 1.9878 0.2555 0.5306 | 0.6818 0.6716 0.9489 | 0.2190 33.2144 39.7399 16.8354 38.3637 51.0714
lr at 144th epoch is 5e-05 for optimizer
current performance: 0.4115, best performance: 2.7349
Epoch: 0144 | TRAIN: 1.4589 0.2272 0.6349 | 0.5048 0.5048 0.2371 | 0.2211 33.3770 29.4900 0.1679 0.3833 0.5120 TEST: 2.0244 0.2619 0.5458 | 0.6903 0.6810 0.9524 | 0.2204 33.3161 39.8739 17.0626 38.1232 50.7615
lr at 145th epoch is 5e-05 for optimizer
current performance: 3.2030, best performance: 2.7349
Epoch: 0145 | TRAIN: 1.5052 0.2356 0.6387 | 0.5095 0.5095 0.2410 | 0.2194 33.1626 29.2138 0.1730 0.3887 0.5162 TEST: 1.9597 0.2636 0.5416 | 0.6365 0.6281 0.8729 | 0.2168 33.0562 39.4766 17.2124 38.1017 50.7682
lr at 146th epoch is 5e-05 for optimizer
current performance: 2.4446, best performance: 3.2030
Epoch: 0146 | TRAIN: 1.5059 0.2331 0.6318 | 0.5108 0.5108 0.2419 | 0.2228 33.5176 29.6595 0.1683 0.3811 0.5093 TEST: 1.9653 0.2634 0.5441 | 0.6500 0.6411 0.8944 | 0.2195 33.2104 39.7959 17.2367 38.3681 50.9651
lr at 147th epoch is 5e-05 for optimizer
current performance: 0.8967, best performance: 3.2030
Epoch: 0147 | TRAIN: 1.4796 0.2323 0.6351 | 0.5135 0.5135 0.2425 | 0.2216 33.3597 29.3773 0.1713 0.3854 0.5136 TEST: 1.9990 0.2554 0.5355 | 0.6679 0.6584 0.9363 | 0.2191 33.0131 39.8009 18.4625 39.1369 51.4186
lr at 148th epoch is 5e-05 for optimizer
current performance: 0.7230, best performance: 3.2030
Epoch: 0148 | TRAIN: 1.5071 0.2352 0.6355 | 0.5108 0.5108 0.2423 | 0.2223 33.4525 29.5644 0.1694 0.3830 0.5111 TEST: 2.0920 0.2614 0.5303 | 0.6663 0.6577 0.9004 | 0.2252 33.8865 40.2972 15.7589 36.8061 49.6281
lr at 149th epoch is 5e-05 for optimizer
current performance: 2.4421, best performance: 3.2030
Epoch: 0149 | TRAIN: 1.5176 0.2361 0.6356 | 0.5023 0.5023 0.2416 | 0.2223 33.4693 29.5757 0.1687 0.3812 0.5099 TEST: 1.9389 0.2586 0.5491 | 0.6466 0.6368 0.8935 | 0.2164 32.8306 39.4987 18.1590 39.3143 51.7250
lr at 150th epoch is 5e-05 for optimizer
current performance: 1.3402, best performance: 3.2030
Epoch: 0150 | TRAIN: 1.4919 0.2370 0.6369 | 0.5146 0.5146 0.2427 | 0.2208 33.3407 29.4282 0.1692 0.3843 0.5128 TEST: 1.9213 0.2572 0.5323 | 0.6561 0.6465 0.9151 | 0.2204 33.2921 39.9010 17.2293 38.3782 50.8974
lr at 151th epoch is 5e-05 for optimizer
current performance: 2.2532, best performance: 3.2030
Epoch: 0151 | TRAIN: 1.4974 0.2402 0.6408 | 0.5118 0.5118 0.2429 | 0.2205 33.2738 29.2645 0.1704 0.3863 0.5155 TEST: 1.9824 0.2600 0.5462 | 0.6550 0.6460 0.8965 | 0.2155 32.8017 39.4092 17.9456 39.1642 51.6656
lr at 152th epoch is 5e-05 for optimizer
current performance: 2.4085, best performance: 3.2030
Epoch: 0152 | TRAIN: 1.5042 0.2370 0.6396 | 0.5082 0.5082 0.2451 | 0.2199 33.2336 29.2273 0.1700 0.3866 0.5160 TEST: 1.9294 0.2630 0.5357 | 0.6499 0.6414 0.8861 | 0.2189 33.1928 39.7069 17.2405 38.2757 50.8079
lr at 153th epoch is 5e-05 for optimizer
current performance: 2.1936, best performance: 3.2030
Epoch: 0153 | TRAIN: 1.5025 0.2391 0.6446 | 0.5025 0.5025 0.2351 | 0.2209 33.2963 29.3509 0.1719 0.3859 0.5139 TEST: 1.9938 0.2684 0.5497 | 0.6785 0.6681 0.9416 | 0.2172 32.9668 39.5918 17.5627 38.9136 51.5508
lr at 154th epoch is 5e-05 for optimizer
current performance: 1.0799, best performance: 3.2030
Epoch: 0154 | TRAIN: 1.5255 0.2360 0.6395 | 0.5114 0.5114 0.2393 | 0.2237 33.6085 29.7255 0.1653 0.3797 0.5085 TEST: 1.9695 0.2620 0.5338 | 0.6880 0.6771 0.9572 | 0.2159 32.8781 39.4203 17.7566 38.8367 51.3646
lr at 155th epoch is 5e-05 for optimizer
current performance: 0.7562, best performance: 3.2030
Epoch: 0155 | TRAIN: 1.5329 0.2401 0.6448 | 0.5068 0.5068 0.2337 | 0.2181 33.0623 29.1249 0.1729 0.3899 0.5187 TEST: 1.9766 0.2598 0.5362 | 0.6864 0.6756 0.9556 | 0.2173 32.9792 39.5550 17.6327 38.7433 51.2992
lr at 156th epoch is 5e-05 for optimizer
current performance: 3.3417, best performance: 3.2030
Epoch: 0156 | TRAIN: 1.5070 0.2375 0.6393 | 0.5081 0.5081 0.2384 | 0.2196 33.2482 29.3327 0.1685 0.3848 0.5145 TEST: 1.9641 0.2722 0.5454 | 0.6634 0.6538 0.9133 | 0.2163 32.9281 39.4674 17.6837 38.7442 51.2540
lr at 157th epoch is 5e-05 for optimizer
current performance: 1.5224, best performance: 3.3417
Epoch: 0157 | TRAIN: 1.5056 0.2381 0.6467 | 0.4988 0.4988 0.2404 | 0.2189 33.0622 29.0001 0.1770 0.3922 0.5188 TEST: 2.0199 0.2603 0.5306 | 0.6561 0.6464 0.9089 | 0.2230 33.4798 40.1348 16.9522 38.1640 50.7903
lr at 158th epoch is 5e-05 for optimizer
current performance: -0.2189, best performance: 3.3417
Epoch: 0158 | TRAIN: 1.5458 0.2352 0.6408 | 0.5070 0.5070 0.2396 | 0.2203 33.2718 29.3053 0.1705 0.3854 0.5140 TEST: 2.0528 0.2512 0.5382 | 0.6804 0.6707 0.9406 | 0.2189 33.0555 39.7504 17.8451 38.9477 51.4513
lr at 159th epoch is 5e-05 for optimizer
current performance: -1.5958, best performance: 3.3417
Epoch: 0159 | TRAIN: 1.5347 0.2395 0.6439 | 0.5023 0.5023 0.2348 | 0.2193 33.1697 29.1858 0.1714 0.3880 0.5166 TEST: 1.9223 0.2594 0.5377 | 0.7410 0.7309 1.0171 | 0.2168 32.8967 39.5590 17.9694 39.1040 51.5845
lr at 160th epoch is 5e-05 for optimizer
current performance: 4.3433, best performance: 3.3417
Epoch: 0160 | TRAIN: 1.5073 0.2372 0.6383 | 0.5108 0.5108 0.2386 | 0.2207 33.2751 29.2360 0.1701 0.3879 0.5169 TEST: 1.9659 0.2764 0.5420 | 0.6456 0.6369 0.8894 | 0.2198 33.1684 39.8322 17.6592 38.6424 51.1082
lr at 161th epoch is 5e-05 for optimizer
current performance: 3.3592, best performance: 4.3433
Epoch: 0161 | TRAIN: 1.5110 0.2409 0.6467 | 0.5002 0.5002 0.2409 | 0.2194 33.1315 29.2039 0.1752 0.3898 0.5169 TEST: 2.0472 0.2660 0.5379 | 0.6492 0.6390 0.8973 | 0.2152 32.7670 39.3936 17.9250 39.3559 51.8677
lr at 162th epoch is 5e-05 for optimizer
current performance: 2.6053, best performance: 4.3433
Epoch: 0162 | TRAIN: 1.5470 0.2433 0.6440 | 0.4894 0.4894 0.2315 | 0.2193 33.1553 29.1185 0.1720 0.3877 0.5175 TEST: 2.0802 0.2617 0.5373 | 0.6530 0.6432 0.9096 | 0.2160 32.7906 39.4879 17.9730 39.5029 52.0568
lr at 163th epoch is 5e-05 for optimizer
current performance: -0.3632, best performance: 4.3433
Epoch: 0163 | TRAIN: 1.5022 0.2426 0.6486 | 0.4988 0.4988 0.2356 | 0.2191 33.1196 29.0755 0.1727 0.3902 0.5191 TEST: 2.0320 0.2512 0.5247 | 0.6853 0.6754 0.9603 | 0.2181 33.0090 39.6603 17.7914 38.8681 51.3770
lr at 164th epoch is 5e-05 for optimizer
current performance: 2.4574, best performance: 4.3433
Epoch: 0164 | TRAIN: 1.5175 0.2436 0.6460 | 0.4988 0.4988 0.2378 | 0.2187 33.0843 29.0151 0.1729 0.3902 0.5195 TEST: 2.0514 0.2657 0.5425 | 0.6614 0.6531 0.8914 | 0.2154 32.9991 39.3662 16.6577 38.2745 51.1383
lr at 165th epoch is 5e-05 for optimizer
current performance: 1.2956, best performance: 4.3433
Epoch: 0165 | TRAIN: 1.5731 0.2408 0.6414 | 0.4936 0.4936 0.2338 | 0.2192 33.1377 29.1501 0.1719 0.3899 0.5186 TEST: 2.1075 0.2539 0.5278 | 0.6574 0.6474 0.9052 | 0.2168 32.9053 39.5540 17.8996 39.0845 51.5667
lr at 166th epoch is 5e-05 for optimizer
current performance: 1.8739, best performance: 4.3433
Epoch: 0166 | TRAIN: 1.5628 0.2411 0.6428 | 0.5061 0.5061 0.2395 | 0.2200 33.2203 29.2185 0.1710 0.3878 0.5162 TEST: 1.9932 0.2612 0.5345 | 0.6622 0.6518 0.9233 | 0.2184 33.0600 39.6874 17.6697 38.7056 51.2389
lr at 167th epoch is 5e-05 for optimizer
current performance: 1.6333, best performance: 4.3433
Epoch: 0167 | TRAIN: 1.5238 0.2448 0.6493 | 0.4920 0.4920 0.2297 | 0.2195 33.1225 29.0017 0.1747 0.3909 0.5194 TEST: 2.0125 0.2617 0.5360 | 0.6731 0.6629 0.9321 | 0.2160 32.9019 39.4433 17.2711 38.8080 51.6463
lr at 168th epoch is 5e-05 for optimizer
current performance: 2.3355, best performance: 4.3433
Epoch: 0168 | TRAIN: 1.5338 0.2471 0.6491 | 0.4935 0.4935 0.2323 | 0.2192 33.0709 28.9288 0.1757 0.3931 0.5213 TEST: 2.1037 0.2583 0.5326 | 0.6450 0.6352 0.8947 | 0.2175 32.9567 39.5994 17.9567 38.9714 51.4509
lr at 169th epoch is 5e-05 for optimizer
current performance: -0.1793, best performance: 4.3433
Epoch: 0169 | TRAIN: 1.5896 0.2379 0.6382 | 0.4986 0.4986 0.2370 | 0.2206 33.2331 29.2106 0.1742 0.3886 0.5161 TEST: 2.0970 0.2526 0.5183 | 0.6821 0.6720 0.9467 | 0.2191 33.1323 39.7509 17.5249 38.7020 51.2337
lr at 170th epoch is 5e-05 for optimizer
current performance: 2.0126, best performance: 4.3433
Epoch: 0170 | TRAIN: 1.5506 0.2458 0.6500 | 0.4977 0.4977 0.2319 | 0.2175 32.9412 28.8568 0.1762 0.3939 0.5223 TEST: 1.9897 0.2603 0.5311 | 0.6490 0.6397 0.8983 | 0.2201 33.2956 39.8535 17.1169 38.2174 50.7542
lr at 171th epoch is 5e-05 for optimizer
current performance: 2.5536, best performance: 4.3433
Epoch: 0171 | TRAIN: 1.5307 0.2457 0.6480 | 0.4992 0.4992 0.2356 | 0.2176 32.9801 28.9455 0.1750 0.3918 0.5209 TEST: 2.0817 0.2691 0.5439 | 0.6744 0.6643 0.9396 | 0.2164 32.8690 39.5156 17.7314 39.2492 51.7904
lr at 172th epoch is 5e-05 for optimizer
current performance: -0.8029, best performance: 4.3433
Epoch: 0172 | TRAIN: 1.5679 0.2403 0.6429 | 0.4955 0.4955 0.2385 | 0.2172 32.8506 28.6556 0.1799 0.3979 0.5257 TEST: 2.0610 0.2543 0.5375 | 0.7068 0.6961 0.9906 | 0.2180 32.9506 39.6808 18.0731 39.2111 51.6568
lr at 173th epoch is 5e-05 for optimizer
current performance: 3.5954, best performance: 4.3433
Epoch: 0173 | TRAIN: 1.5656 0.2471 0.6516 | 0.5007 0.5007 0.2390 | 0.2155 32.6944 28.5226 0.1811 0.4005 0.5282 TEST: 2.1007 0.2727 0.5511 | 0.6578 0.6479 0.9127 | 0.2182 32.9892 39.7215 18.0338 39.1347 51.5471
lr at 174th epoch is 5e-05 for optimizer
current performance: 1.0812, best performance: 4.3433
Epoch: 0174 | TRAIN: 1.6054 0.2452 0.6432 | 0.5058 0.5058 0.2412 | 0.2195 33.1306 29.0198 0.1733 0.3913 0.5198 TEST: 2.1137 0.2681 0.5334 | 0.7060 0.6957 0.9704 | 0.2157 32.8523 39.4615 17.4673 39.1065 51.8365
lr at 175th epoch is 5e-05 for optimizer
current performance: 2.9390, best performance: 4.3433
Epoch: 0175 | TRAIN: 1.5698 0.2432 0.6485 | 0.4883 0.4883 0.2338 | 0.2211 33.2244 29.0870 0.1751 0.3912 0.5185 TEST: 2.2397 0.2598 0.5359 | 0.6401 0.6311 0.8798 | 0.2165 32.7492 39.5609 18.2502 40.0467 52.4248
lr at 176th epoch is 5e-05 for optimizer
current performance: 3.6745, best performance: 4.3433
Epoch: 0176 | TRAIN: 1.5647 0.2490 0.6528 | 0.4937 0.4937 0.2334 | 0.2167 32.8380 28.5726 0.1765 0.3980 0.5273 TEST: 2.1376 0.2663 0.5389 | 0.6392 0.6296 0.8907 | 0.2156 32.8904 39.4444 17.0522 39.0500 51.8567
lr at 177th epoch is 5e-05 for optimizer
current performance: 2.9545, best performance: 4.3433
Epoch: 0177 | TRAIN: 1.6357 0.2488 0.6490 | 0.4820 0.4820 0.2285 | 0.2161 32.7805 28.6532 0.1779 0.3978 0.5273 TEST: 2.1753 0.2610 0.5464 | 0.6476 0.6382 0.8994 | 0.2132 32.5885 39.1920 18.0816 39.5669 52.1500
lr at 178th epoch is 5e-05 for optimizer
current performance: 3.1312, best performance: 4.3433
Epoch: 0178 | TRAIN: 1.6094 0.2446 0.6440 | 0.4879 0.4879 0.2296 | 0.2153 32.7094 28.5442 0.1798 0.3991 0.5277 TEST: 2.1340 0.2742 0.5406 | 0.6756 0.6645 0.9456 | 0.2188 32.9283 39.8119 18.2796 39.7343 52.1081
lr at 179th epoch is 5e-05 for optimizer
current performance: 1.8235, best performance: 4.3433
Epoch: 0179 | TRAIN: 1.6240 0.2477 0.6498 | 0.4894 0.4894 0.2346 | 0.2186 33.0379 28.8844 0.1747 0.3929 0.5220 TEST: 2.2591 0.2609 0.5279 | 0.6622 0.6527 0.9163 | 0.2184 33.0342 39.7520 18.0101 39.1182 51.4070
lr at 180th epoch is 5e-05 for optimizer
current performance: 1.1628, best performance: 4.3433
Epoch: 0180 | TRAIN: 1.5858 0.2467 0.6539 | 0.4965 0.4965 0.2323 | 0.2157 32.7830 28.6865 0.1768 0.3965 0.5253 TEST: 2.1030 0.2631 0.5419 | 0.6929 0.6812 0.9746 | 0.2167 32.7722 39.5901 18.3438 39.8015 52.2272
lr at 181th epoch is 5e-05 for optimizer
current performance: 2.6402, best performance: 4.3433
Epoch: 0181 | TRAIN: 1.6058 0.2456 0.6487 | 0.4876 0.4876 0.2314 | 0.2177 32.9322 28.6938 0.1751 0.3959 0.5250 TEST: 2.1525 0.2685 0.5341 | 0.6707 0.6601 0.9377 | 0.2160 32.8899 39.4513 17.4987 38.9723 51.5547
lr at 182th epoch is 5e-05 for optimizer
current performance: 0.4280, best performance: 4.3433
Epoch: 0182 | TRAIN: 1.5817 0.2468 0.6522 | 0.4903 0.4903 0.2307 | 0.2163 32.8414 28.6680 0.1749 0.3955 0.5255 TEST: 2.2391 0.2569 0.5320 | 0.6663 0.6574 0.9224 | 0.2241 33.6453 40.2564 16.6558 37.6517 50.3284
lr at 183th epoch is 5e-05 for optimizer
current performance: 2.3005, best performance: 4.3433
Epoch: 0183 | TRAIN: 1.5843 0.2462 0.6515 | 0.4963 0.4963 0.2334 | 0.2161 32.7570 28.5188 0.1796 0.3999 0.5282 TEST: 2.1676 0.2695 0.5383 | 0.6807 0.6695 0.9464 | 0.2169 32.9382 39.5715 17.6907 38.9545 51.5539
lr at 184th epoch is 5e-05 for optimizer
current performance: -0.3329, best performance: 4.3433
Epoch: 0184 | TRAIN: 1.5989 0.2493 0.6505 | 0.4862 0.4862 0.2315 | 0.2179 32.8621 28.5167 0.1816 0.4009 0.5276 TEST: 2.2870 0.2412 0.5068 | 0.6611 0.6511 0.9068 | 0.2170 32.7768 39.6092 18.4781 39.8251 52.2308
lr at 185th epoch is 5e-05 for optimizer
current performance: 2.8198, best performance: 4.3433
Epoch: 0185 | TRAIN: 1.6251 0.2491 0.6482 | 0.5023 0.5023 0.2335 | 0.2162 32.7882 28.6010 0.1784 0.3976 0.5268 TEST: 2.3235 0.2615 0.5316 | 0.6517 0.6433 0.8950 | 0.2141 32.5685 39.2904 18.5510 39.8788 52.3401
lr at 186th epoch is 5e-05 for optimizer
current performance: 2.2973, best performance: 4.3433
Epoch: 0186 | TRAIN: 1.6128 0.2505 0.6534 | 0.4969 0.4969 0.2321 | 0.2159 32.8084 28.6934 0.1750 0.3960 0.5257 TEST: 2.2147 0.2640 0.5402 | 0.6624 0.6524 0.9064 | 0.2178 32.9772 39.6653 17.5642 39.1175 51.7851
lr at 187th epoch is 5e-05 for optimizer
current performance: 3.2368, best performance: 4.3433
Epoch: 0187 | TRAIN: 1.5964 0.2500 0.6522 | 0.4973 0.4973 0.2323 | 0.2171 32.8362 28.6302 0.1790 0.3977 0.5263 TEST: 2.2709 0.2630 0.5351 | 0.6438 0.6342 0.8838 | 0.2145 32.7291 39.2826 17.8086 39.0963 51.7474
lr at 188th epoch is 5e-05 for optimizer
current performance: 1.3546, best performance: 4.3433
Epoch: 0188 | TRAIN: 1.6455 0.2492 0.6472 | 0.4890 0.4890 0.2323 | 0.2175 32.8998 28.8094 0.1781 0.3959 0.5243 TEST: 2.2022 0.2581 0.5389 | 0.6718 0.6614 0.9322 | 0.2167 32.7994 39.5659 18.2672 39.6989 52.0808
lr at 189th epoch is 5e-05 for optimizer
current performance: 3.1081, best performance: 4.3433
Epoch: 0189 | TRAIN: 1.5956 0.2520 0.6549 | 0.4860 0.4860 0.2290 | 0.2138 32.5580 28.3616 0.1813 0.4015 0.5306 TEST: 2.2731 0.2685 0.5389 | 0.6573 0.6471 0.9094 | 0.2183 32.9762 39.7271 17.6353 39.3385 51.9560
lr at 190th epoch is 5e-05 for optimizer
current performance: 4.2700, best performance: 4.3433
Epoch: 0190 | TRAIN: 1.6417 0.2504 0.6523 | 0.4956 0.4956 0.2370 | 0.2159 32.7011 28.4179 0.1811 0.4019 0.5300 TEST: 2.2930 0.2716 0.5393 | 0.6441 0.6365 0.8746 | 0.2156 32.6957 39.4741 18.3861 39.8976 52.2834
lr at 191th epoch is 5e-05 for optimizer
current performance: 1.5211, best performance: 4.3433
Epoch: 0191 | TRAIN: 1.6596 0.2501 0.6488 | 0.4989 0.4989 0.2386 | 0.2162 32.7386 28.4242 0.1803 0.4008 0.5288 TEST: 2.2115 0.2568 0.5345 | 0.6637 0.6543 0.9212 | 0.2160 32.7699 39.5094 17.9994 39.6636 52.2080
lr at 192th epoch is 5e-05 for optimizer
current performance: 1.5725, best performance: 4.3433
Epoch: 0192 | TRAIN: 1.6118 0.2570 0.6554 | 0.4836 0.4836 0.2308 | 0.2156 32.7145 28.4740 0.1791 0.3997 0.5292 TEST: 2.1951 0.2629 0.5430 | 0.6816 0.6705 0.9610 | 0.2165 32.7988 39.5402 18.1962 39.5492 51.9888
lr at 193th epoch is 5e-05 for optimizer
current performance: 2.5738, best performance: 4.3433
Epoch: 0193 | TRAIN: 1.6261 0.2563 0.6606 | 0.4878 0.4878 0.2309 | 0.2162 32.7891 28.6849 0.1786 0.3984 0.5267 TEST: 2.3554 0.2582 0.5367 | 0.6350 0.6255 0.8720 | 0.2201 33.1111 39.8832 17.9451 39.0430 51.5306
lr at 194th epoch is 5e-05 for optimizer
current performance: 3.1658, best performance: 4.3433
Epoch: 0194 | TRAIN: 1.6315 0.2521 0.6522 | 0.4788 0.4788 0.2287 | 0.2129 32.4269 28.1031 0.1837 0.4063 0.5353 TEST: 2.2822 0.2666 0.5365 | 0.6438 0.6347 0.8791 | 0.2205 33.1785 39.9320 17.4293 38.9966 51.6296
lr at 195th epoch is 5e-05 for optimizer
current performance: 3.4960, best performance: 4.3433
Epoch: 0195 | TRAIN: 1.6598 0.2559 0.6596 | 0.4848 0.4848 0.2239 | 0.2130 32.3835 27.9601 0.1854 0.4089 0.5376 TEST: 2.3362 0.2653 0.5372 | 0.6422 0.6324 0.8879 | 0.2159 32.8200 39.4836 17.6567 39.3462 52.0465
lr at 196th epoch is 5e-05 for optimizer
current performance: 1.8469, best performance: 4.3433
Epoch: 0196 | TRAIN: 1.6361 0.2462 0.6478 | 0.4949 0.4949 0.2328 | 0.2163 32.7795 28.5725 0.1780 0.3995 0.5277 TEST: 2.1398 0.2654 0.5415 | 0.6809 0.6693 0.9501 | 0.2170 32.8824 39.5869 17.9140 39.4132 51.9157
lr at 197th epoch is 5e-05 for optimizer
current performance: 1.8237, best performance: 4.3433
Epoch: 0197 | TRAIN: 1.6097 0.2478 0.6528 | 0.4860 0.4860 0.2284 | 0.2153 32.6361 28.3079 0.1819 0.4027 0.5318 TEST: 2.2168 0.2577 0.5384 | 0.6583 0.6477 0.9210 | 0.2163 32.8579 39.5060 17.7692 39.2277 51.8664
lr at 198th epoch is 5e-05 for optimizer
current performance: 3.9461, best performance: 4.3433
Epoch: 0198 | TRAIN: 1.6136 0.2540 0.6595 | 0.4890 0.4890 0.2284 | 0.2139 32.5838 28.3521 0.1792 0.4019 0.5315 TEST: 2.2164 0.2776 0.5415 | 0.6680 0.6583 0.9261 | 0.2166 32.8239 39.5739 17.9399 39.5758 52.1240
lr at 199th epoch is 5e-05 for optimizer
current performance: 3.6742, best performance: 4.3433
Epoch: 0199 | TRAIN: 1.6409 0.2552 0.6581 | 0.4859 0.4859 0.2280 | 0.2142 32.5439 28.2002 0.1823 0.4053 0.5338 TEST: 2.2480 0.2686 0.5356 | 0.6461 0.6357 0.8951 | 0.2163 32.9172 39.5155 17.3562 39.0380 51.7911
lr at 200th epoch is 2.5e-05 for optimizer
current performance: 4.9612, best performance: 4.3433
Epoch: 0200 | TRAIN: 1.6270 0.2571 0.6616 | 0.4687 0.4687 0.2236 | 0.2087 32.0260 27.6215 0.1870 0.4136 0.5434 TEST: 2.3458 0.2747 0.5391 | 0.6401 0.6307 0.8782 | 0.2144 32.6463 39.3347 18.0375 39.7576 52.3424
lr at 201th epoch is 2.5e-05 for optimizer
current performance: 4.4232, best performance: 4.9612
Epoch: 0201 | TRAIN: 1.6743 0.2599 0.6636 | 0.4633 0.4633 0.2201 | 0.2100 32.1449 27.7832 0.1866 0.4115 0.5405 TEST: 2.2798 0.2719 0.5466 | 0.6412 0.6310 0.8897 | 0.2158 32.8033 39.4524 17.7854 39.2931 51.9467
lr at 202th epoch is 2.5e-05 for optimizer
current performance: 5.5429, best performance: 4.9612
Epoch: 0202 | TRAIN: 1.6620 0.2570 0.6589 | 0.4609 0.4609 0.2213 | 0.2126 32.3145 27.8336 0.1878 0.4118 0.5395 TEST: 2.3039 0.2744 0.5407 | 0.6295 0.6204 0.8668 | 0.2120 32.4886 39.1016 17.8601 39.8448 52.6172
lr at 203th epoch is 2.5e-05 for optimizer
current performance: 5.2583, best performance: 5.5429
Epoch: 0203 | TRAIN: 1.6724 0.2653 0.6693 | 0.4595 0.4595 0.2190 | 0.2099 32.1112 27.6413 0.1867 0.4130 0.5427 TEST: 2.3922 0.2735 0.5412 | 0.6356 0.6264 0.8732 | 0.2130 32.4075 39.2229 18.6406 40.5023 53.0549
lr at 204th epoch is 2.5e-05 for optimizer
current performance: 5.3052, best performance: 5.5429
Epoch: 0204 | TRAIN: 1.6638 0.2600 0.6615 | 0.4679 0.4679 0.2187 | 0.2113 32.2313 27.8103 0.1873 0.4120 0.5404 TEST: 2.3404 0.2738 0.5433 | 0.6309 0.6214 0.8658 | 0.2137 32.5941 39.2655 17.9667 39.8689 52.4695
lr at 205th epoch is 2.5e-05 for optimizer
current performance: 4.2894, best performance: 5.5429
Epoch: 0205 | TRAIN: 1.6842 0.2635 0.6634 | 0.4671 0.4671 0.2174 | 0.2101 32.1138 27.7332 0.1887 0.4144 0.5418 TEST: 2.3463 0.2753 0.5407 | 0.6612 0.6510 0.9188 | 0.2139 32.5388 39.3119 18.2177 40.2512 52.8551
lr at 206th epoch is 2.5e-05 for optimizer
current performance: 3.6434, best performance: 5.5429
Epoch: 0206 | TRAIN: 1.7155 0.2633 0.6627 | 0.4642 0.4642 0.2186 | 0.2109 32.2235 27.7846 0.1848 0.4110 0.5403 TEST: 2.4142 0.2652 0.5320 | 0.6475 0.6376 0.8984 | 0.2132 32.4737 39.2337 18.4811 40.2273 52.7677
lr at 207th epoch is 2.5e-05 for optimizer
current performance: 4.8339, best performance: 5.5429
Epoch: 0207 | TRAIN: 1.7009 0.2634 0.6647 | 0.4754 0.4754 0.2253 | 0.2095 32.0674 27.6343 0.1884 0.4147 0.5432 TEST: 2.4449 0.2725 0.5324 | 0.6374 0.6289 0.8723 | 0.2143 32.5803 39.3364 18.1767 40.0706 52.6518
lr at 208th epoch is 2.5e-05 for optimizer
current performance: 4.4156, best performance: 5.5429
Epoch: 0208 | TRAIN: 1.6563 0.2596 0.6651 | 0.4688 0.4688 0.2195 | 0.2080 31.9221 27.4680 0.1909 0.4167 0.5451 TEST: 2.3519 0.2704 0.5398 | 0.6435 0.6334 0.8900 | 0.2139 32.5457 39.2959 18.2816 40.0732 52.6674
lr at 209th epoch is 2.5e-05 for optimizer
current performance: 2.9325, best performance: 5.5429
Epoch: 0209 | TRAIN: 1.6890 0.2550 0.6635 | 0.4634 0.4634 0.2208 | 0.2106 32.1475 27.6289 0.1887 0.4136 0.5421 TEST: 2.3715 0.2658 0.5380 | 0.6585 0.6489 0.9104 | 0.2161 32.7511 39.5325 18.1691 39.8418 52.3352
lr at 210th epoch is 2.5e-05 for optimizer
current performance: 3.9590, best performance: 5.5429
Epoch: 0210 | TRAIN: 1.7404 0.2578 0.6587 | 0.4662 0.4662 0.2236 | 0.2102 32.1196 27.6312 0.1875 0.4144 0.5436 TEST: 2.3275 0.2686 0.5378 | 0.6510 0.6398 0.9125 | 0.2137 32.4944 39.2888 18.4570 40.2134 52.8002
lr at 211th epoch is 2.5e-05 for optimizer
current performance: 4.5801, best performance: 5.5429
Epoch: 0211 | TRAIN: 1.6910 0.2588 0.6616 | 0.4631 0.4631 0.2194 | 0.2098 32.0904 27.6049 0.1876 0.4132 0.5429 TEST: 2.3070 0.2717 0.5443 | 0.6435 0.6336 0.8850 | 0.2150 32.5313 39.4454 18.8518 40.5880 52.9288
lr at 212th epoch is 2.5e-05 for optimizer
current performance: 3.4175, best performance: 5.5429
Epoch: 0212 | TRAIN: 1.7290 0.2619 0.6613 | 0.4612 0.4612 0.2195 | 0.2097 32.0422 27.5428 0.1888 0.4171 0.5459 TEST: 2.3824 0.2676 0.5422 | 0.6598 0.6488 0.9193 | 0.2140 32.5225 39.3270 18.4823 40.2524 52.7515
lr at 213th epoch is 2.5e-05 for optimizer
current performance: 3.2635, best performance: 5.5429
Epoch: 0213 | TRAIN: 1.7121 0.2656 0.6686 | 0.4575 0.4575 0.2177 | 0.2089 31.9882 27.5420 0.1898 0.4165 0.5458 TEST: 2.3151 0.2711 0.5453 | 0.6707 0.6593 0.9369 | 0.2164 32.6575 39.5779 18.5681 40.2934 52.7635
lr at 214th epoch is 2.5e-05 for optimizer
current performance: 4.6246, best performance: 5.5429
Epoch: 0214 | TRAIN: 1.7209 0.2632 0.6667 | 0.4642 0.4642 0.2178 | 0.2089 31.9747 27.4520 0.1895 0.4169 0.5469 TEST: 2.4096 0.2709 0.5400 | 0.6397 0.6301 0.8881 | 0.2138 32.5365 39.3006 18.3303 40.1562 52.7139
lr at 215th epoch is 2.5e-05 for optimizer
current performance: 4.6636, best performance: 5.5429
Epoch: 0215 | TRAIN: 1.7334 0.2593 0.6631 | 0.4638 0.4638 0.2191 | 0.2107 32.1228 27.5907 0.1899 0.4162 0.5442 TEST: 2.4352 0.2705 0.5389 | 0.6389 0.6298 0.8870 | 0.2132 32.4702 39.2372 18.4537 40.2660 52.7968
lr at 216th epoch is 2.5e-05 for optimizer
current performance: 5.8509, best performance: 5.5429
Epoch: 0216 | TRAIN: 1.7364 0.2615 0.6653 | 0.4717 0.4717 0.2223 | 0.2091 32.0044 27.4976 0.1894 0.4162 0.5452 TEST: 2.3550 0.2748 0.5490 | 0.6277 0.6190 0.8629 | 0.2118 32.3212 39.1073 18.7112 40.5175 53.0674
lr at 217th epoch is 2.5e-05 for optimizer
current performance: 4.1224, best performance: 5.8509
Epoch: 0217 | TRAIN: 1.7639 0.2636 0.6613 | 0.4609 0.4609 0.2180 | 0.2099 32.0547 27.6173 0.1900 0.4166 0.5448 TEST: 2.3200 0.2718 0.5473 | 0.6600 0.6498 0.9120 | 0.2116 32.3274 39.0881 18.5347 40.4930 53.1018
lr at 218th epoch is 2.5e-05 for optimizer
current performance: 4.8126, best performance: 5.8509
Epoch: 0218 | TRAIN: 1.7238 0.2625 0.6648 | 0.4594 0.4594 0.2163 | 0.2077 31.8506 27.3872 0.1924 0.4197 0.5484 TEST: 2.3699 0.2745 0.5472 | 0.6479 0.6374 0.9033 | 0.2142 32.5019 39.3606 18.6611 40.4020 52.8953
lr at 219th epoch is 2.5e-05 for optimizer
current performance: 4.7844, best performance: 5.8509
Epoch: 0219 | TRAIN: 1.7338 0.2626 0.6671 | 0.4750 0.4750 0.2246 | 0.2100 32.0313 27.4521 0.1915 0.4185 0.5463 TEST: 2.4518 0.2714 0.5361 | 0.6379 0.6281 0.8839 | 0.2137 32.5277 39.2854 18.3739 40.1377 52.6754
lr at 220th epoch is 2.5e-05 for optimizer
current performance: 5.2927, best performance: 5.8509
Epoch: 0220 | TRAIN: 1.7619 0.2671 0.6682 | 0.4699 0.4699 0.2134 | 0.2072 31.7954 27.2678 0.1926 0.4218 0.5509 TEST: 2.5133 0.2722 0.5377 | 0.6389 0.6283 0.8923 | 0.2105 32.1556 38.9886 19.1487 40.9976 53.4012
lr at 221th epoch is 2.5e-05 for optimizer
current performance: 4.2593, best performance: 5.8509
Epoch: 0221 | TRAIN: 1.7532 0.2669 0.6703 | 0.4630 0.4630 0.2159 | 0.2061 31.6916 27.1621 0.1945 0.4224 0.5516 TEST: 2.4332 0.2720 0.5395 | 0.6513 0.6403 0.9107 | 0.2143 32.6040 39.3449 17.9797 39.9774 52.6971
lr at 222th epoch is 2.5e-05 for optimizer
current performance: 4.5356, best performance: 5.8509
Epoch: 0222 | TRAIN: 1.7841 0.2659 0.6663 | 0.4568 0.4568 0.2168 | 0.2073 31.8198 27.2587 0.1916 0.4209 0.5497 TEST: 2.5113 0.2724 0.5303 | 0.6499 0.6402 0.8966 | 0.2125 32.3992 39.1981 18.5862 40.4749 53.0326
lr at 223th epoch is 2.5e-05 for optimizer
current performance: 4.1208, best performance: 5.8509
Epoch: 0223 | TRAIN: 1.7520 0.2614 0.6674 | 0.4677 0.4677 0.2230 | 0.2064 31.7604 27.2467 0.1914 0.4204 0.5499 TEST: 2.4637 0.2668 0.5327 | 0.6445 0.6347 0.8964 | 0.2119 32.3404 39.1157 18.5158 40.5531 53.1601
lr at 224th epoch is 2.5e-05 for optimizer
current performance: 4.6335, best performance: 5.8509
Epoch: 0224 | TRAIN: 1.7810 0.2610 0.6655 | 0.4625 0.4625 0.2182 | 0.2093 32.0168 27.5048 0.1891 0.4173 0.5461 TEST: 2.4207 0.2733 0.5456 | 0.6551 0.6452 0.9057 | 0.2118 32.2160 39.1531 19.0855 41.1991 53.6859
lr at 225th epoch is 2.5e-05 for optimizer
current performance: 3.4198, best performance: 5.8509
Epoch: 0225 | TRAIN: 1.7536 0.2664 0.6691 | 0.4633 0.4633 0.2183 | 0.2081 31.8516 27.2438 0.1925 0.4220 0.5506 TEST: 2.5346 0.2675 0.5364 | 0.6605 0.6518 0.9118 | 0.2132 32.3953 39.2776 18.8240 40.7029 53.1671
lr at 226th epoch is 2.5e-05 for optimizer
current performance: 4.2722, best performance: 5.8509
Epoch: 0226 | TRAIN: 1.8073 0.2622 0.6648 | 0.4640 0.4640 0.2184 | 0.2070 31.7750 27.2018 0.1927 0.4225 0.5512 TEST: 2.4543 0.2719 0.5441 | 0.6497 0.6400 0.8991 | 0.2142 32.5850 39.3234 18.0614 39.9918 52.6458
lr at 227th epoch is 2.5e-05 for optimizer
current performance: 4.1838, best performance: 5.8509
Epoch: 0227 | TRAIN: 1.7840 0.2630 0.6629 | 0.4572 0.4572 0.2161 | 0.2073 31.7882 27.2643 0.1940 0.4218 0.5503 TEST: 2.5037 0.2658 0.5404 | 0.6386 0.6284 0.8876 | 0.2128 32.4177 39.2116 18.6984 40.4314 52.8575
lr at 228th epoch is 2.5e-05 for optimizer
current performance: 4.1763, best performance: 5.8509
Epoch: 0228 | TRAIN: 1.7366 0.2616 0.6685 | 0.4556 0.4556 0.2140 | 0.2089 31.9783 27.5059 0.1893 0.4173 0.5466 TEST: 2.5030 0.2659 0.5340 | 0.6404 0.6302 0.8937 | 0.2135 32.3673 39.3024 19.0172 40.9132 53.3132
lr at 229th epoch is 2.5e-05 for optimizer
current performance: 5.0773, best performance: 5.8509
Epoch: 0229 | TRAIN: 1.7725 0.2617 0.6654 | 0.4557 0.4557 0.2162 | 0.2089 31.9689 27.4388 0.1902 0.4175 0.5467 TEST: 2.4712 0.2708 0.5413 | 0.6311 0.6213 0.8757 | 0.2131 32.4616 39.2407 18.1795 40.3212 53.0568
lr at 230th epoch is 2.5e-05 for optimizer
current performance: 3.9475, best performance: 5.8509
Epoch: 0230 | TRAIN: 1.7709 0.2630 0.6676 | 0.4676 0.4676 0.2197 | 0.2083 31.8670 27.2698 0.1921 0.4218 0.5511 TEST: 2.3952 0.2746 0.5487 | 0.6740 0.6626 0.9368 | 0.2122 32.3087 39.1790 18.7864 40.8803 53.4089
lr at 231th epoch is 2.5e-05 for optimizer
current performance: 4.3586, best performance: 5.8509
Epoch: 0231 | TRAIN: 1.7322 0.2629 0.6682 | 0.4553 0.4553 0.2163 | 0.2066 31.7562 27.2451 0.1924 0.4219 0.5509 TEST: 2.4441 0.2739 0.5444 | 0.6578 0.6475 0.9157 | 0.2138 32.4442 39.3333 18.5632 40.7441 53.2987
lr at 232th epoch is 2.5e-05 for optimizer
current performance: 5.1184, best performance: 5.8509
Epoch: 0232 | TRAIN: 1.7552 0.2657 0.6695 | 0.4615 0.4615 0.2226 | 0.2096 31.9941 27.4709 0.1925 0.4181 0.5462 TEST: 2.4165 0.2751 0.5488 | 0.6424 0.6318 0.8976 | 0.2146 32.5129 39.4194 18.7015 40.5718 53.0299
lr at 233th epoch is 2.5e-05 for optimizer
current performance: 4.7239, best performance: 5.8509
Epoch: 0233 | TRAIN: 1.7837 0.2645 0.6688 | 0.4604 0.4604 0.2190 | 0.2092 31.9239 27.2514 0.1928 0.4222 0.5501 TEST: 2.5273 0.2730 0.5415 | 0.6433 0.6333 0.8980 | 0.2150 32.5726 39.4397 18.3863 40.2825 52.9072
lr at 234th epoch is 2.5e-05 for optimizer
current performance: 4.7992, best performance: 5.8509
Epoch: 0234 | TRAIN: 1.8022 0.2652 0.6660 | 0.4571 0.4571 0.2170 | 0.2080 31.8454 27.1898 0.1919 0.4216 0.5512 TEST: 2.4688 0.2711 0.5424 | 0.6383 0.6287 0.8854 | 0.2138 32.4649 39.3307 18.5725 40.5356 53.0917
lr at 235th epoch is 2.5e-05 for optimizer
current performance: 4.8799, best performance: 5.8509
Epoch: 0235 | TRAIN: 1.7762 0.2704 0.6745 | 0.4562 0.4562 0.2107 | 0.2070 31.7249 27.1553 0.1952 0.4246 0.5528 TEST: 2.4984 0.2690 0.5478 | 0.6359 0.6258 0.8796 | 0.2115 32.2618 39.0671 18.7708 40.7677 53.2974
lr at 236th epoch is 2.5e-05 for optimizer
current performance: 4.5627, best performance: 5.8509
Epoch: 0236 | TRAIN: 1.8022 0.2695 0.6680 | 0.4608 0.4608 0.2142 | 0.2057 31.6461 27.0565 0.1942 0.4250 0.5539 TEST: 2.5147 0.2710 0.5339 | 0.6481 0.6382 0.9029 | 0.2119 32.2880 39.1381 18.5925 40.8310 53.5046
lr at 237th epoch is 2.5e-05 for optimizer
current performance: 4.0616, best performance: 5.8509
Epoch: 0237 | TRAIN: 1.8152 0.2656 0.6658 | 0.4662 0.4662 0.2188 | 0.2092 31.9954 27.5189 0.1909 0.4169 0.5456 TEST: 2.5704 0.2714 0.5387 | 0.6526 0.6426 0.8985 | 0.2148 32.6167 39.3929 18.2520 39.9932 52.5864
lr at 238th epoch is 2.5e-05 for optimizer
current performance: 5.7502, best performance: 5.8509
Epoch: 0238 | TRAIN: 1.7935 0.2655 0.6728 | 0.4601 0.4601 0.2115 | 0.2050 31.5297 26.9341 0.1979 0.4271 0.5560 TEST: 2.3996 0.2801 0.5477 | 0.6410 0.6307 0.8899 | 0.2139 32.5576 39.3195 18.1314 40.1326 52.7562
lr at 239th epoch is 2.5e-05 for optimizer
current performance: 4.3181, best performance: 5.8509
Epoch: 0239 | TRAIN: 1.7989 0.2670 0.6687 | 0.4630 0.4630 0.2156 | 0.2082 31.8209 27.1410 0.1943 0.4242 0.5526 TEST: 2.5892 0.2709 0.5399 | 0.6470 0.6369 0.9010 | 0.2150 32.5566 39.4492 18.5599 40.4593 52.9651
lr at 240th epoch is 2.5e-05 for optimizer
current performance: 4.5190, best performance: 5.8509
Epoch: 0240 | TRAIN: 1.8086 0.2655 0.6685 | 0.4624 0.4624 0.2160 | 0.2058 31.6351 26.9721 0.1945 0.4258 0.5548 TEST: 2.4844 0.2722 0.5422 | 0.6520 0.6421 0.9126 | 0.2122 32.3187 39.1712 18.7889 40.7736 53.2695
lr at 241th epoch is 2.5e-05 for optimizer
current performance: 4.3726, best performance: 5.8509
Epoch: 0241 | TRAIN: 1.8124 0.2625 0.6650 | 0.4625 0.4625 0.2202 | 0.2059 31.6382 27.0084 0.1952 0.4263 0.5546 TEST: 2.4499 0.2767 0.5425 | 0.6689 0.6577 0.9290 | 0.2128 32.3629 39.2096 18.8262 40.5968 53.1006
lr at 242th epoch is 2.5e-05 for optimizer
current performance: 4.5623, best performance: 5.8509
Epoch: 0242 | TRAIN: 1.7725 0.2616 0.6682 | 0.4549 0.4549 0.2133 | 0.2051 31.5577 26.9329 0.1970 0.4269 0.5553 TEST: 2.4782 0.2770 0.5474 | 0.6618 0.6513 0.9250 | 0.2134 32.4708 39.2757 18.4480 40.3204 52.9154
lr at 243th epoch is 2.5e-05 for optimizer
current performance: 4.7743, best performance: 5.8509
Epoch: 0243 | TRAIN: 1.8286 0.2702 0.6689 | 0.4523 0.4523 0.2092 | 0.2063 31.6792 27.1207 0.1956 0.4244 0.5528 TEST: 2.5513 0.2734 0.5410 | 0.6427 0.6329 0.8910 | 0.2140 32.5902 39.3355 17.9950 40.0329 52.6909
lr at 244th epoch is 2.5e-05 for optimizer
current performance: 5.0942, best performance: 5.8509
Epoch: 0244 | TRAIN: 1.8205 0.2664 0.6685 | 0.4693 0.4693 0.2220 | 0.2066 31.6838 27.0735 0.1959 0.4252 0.5535 TEST: 2.5543 0.2752 0.5409 | 0.6475 0.6372 0.8960 | 0.2126 32.3382 39.2322 18.6609 40.8570 53.4742
lr at 245th epoch is 2.5e-05 for optimizer
current performance: 6.0761, best performance: 5.8509
Epoch: 0245 | TRAIN: 1.8727 0.2718 0.6664 | 0.4572 0.4572 0.2111 | 0.2048 31.4799 26.7603 0.1990 0.4303 0.5582 TEST: 2.5727 0.2777 0.5455 | 0.6323 0.6223 0.8826 | 0.2126 32.3174 39.2138 18.8934 40.8541 53.3082
lr at 246th epoch is 2.5e-05 for optimizer
current performance: 4.1605, best performance: 6.0761
Epoch: 0246 | TRAIN: 1.8636 0.2658 0.6690 | 0.4569 0.4569 0.2129 | 0.2051 31.5706 27.0754 0.1961 0.4259 0.5545 TEST: 2.4265 0.2741 0.5461 | 0.6645 0.6536 0.9318 | 0.2135 32.4080 39.2982 18.6823 40.6616 53.2103
lr at 247th epoch is 2.5e-05 for optimizer
current performance: 3.9858, best performance: 6.0761
Epoch: 0247 | TRAIN: 1.8648 0.2673 0.6662 | 0.4588 0.4588 0.2147 | 0.2060 31.6148 26.9210 0.1957 0.4277 0.5568 TEST: 2.5317 0.2688 0.5446 | 0.6523 0.6418 0.9051 | 0.2127 32.4187 39.2024 18.3853 40.4044 53.0303
lr at 248th epoch is 2.5e-05 for optimizer
current performance: 4.5971, best performance: 6.0761
Epoch: 0248 | TRAIN: 1.8731 0.2645 0.6666 | 0.4625 0.4625 0.2188 | 0.2057 31.6351 27.0618 0.1944 0.4250 0.5541 TEST: 2.6051 0.2724 0.5352 | 0.6479 0.6379 0.8984 | 0.2135 32.4347 39.3112 18.4873 40.5991 53.2432
lr at 249th epoch is 2.5e-05 for optimizer
current performance: 5.7972, best performance: 6.0761
Epoch: 0249 | TRAIN: 1.8773 0.2677 0.6668 | 0.4572 0.4572 0.2141 | 0.2055 31.6096 26.9979 0.1942 0.4265 0.5557 TEST: 2.5603 0.2777 0.5442 | 0.6355 0.6251 0.8837 | 0.2137 32.4658 39.3232 18.5522 40.4307 53.0258
lr at 250th epoch is 2.5e-05 for optimizer
current performance: 2.7906, best performance: 6.0761
Epoch: 0250 | TRAIN: 1.8416 0.2705 0.6705 | 0.4550 0.4550 0.2200 | 0.2063 31.6081 26.8830 0.1981 0.4283 0.5563 TEST: 2.6529 0.2596 0.5253 | 0.6492 0.6387 0.8988 | 0.2151 32.5601 39.4888 18.5695 40.5084 53.0133
lr at 251th epoch is 2.5e-05 for optimizer
current performance: 3.6047, best performance: 6.0761
Epoch: 0251 | TRAIN: 1.8317 0.2706 0.6704 | 0.4580 0.4580 0.2117 | 0.2043 31.4660 26.7874 0.1981 0.4297 0.5583 TEST: 2.5003 0.2709 0.5387 | 0.6592 0.6480 0.9253 | 0.2160 32.7630 39.5248 17.7789 39.7462 52.4843
lr at 252th epoch is 2.5e-05 for optimizer
current performance: 3.9260, best performance: 6.0761
Epoch: 0252 | TRAIN: 1.8689 0.2624 0.6650 | 0.4700 0.4700 0.2180 | 0.2048 31.4394 26.6148 0.2014 0.4328 0.5600 TEST: 2.6012 0.2718 0.5389 | 0.6571 0.6465 0.9103 | 0.2158 32.6381 39.5286 18.4057 40.2067 52.7810
lr at 253th epoch is 2.5e-05 for optimizer
current performance: 5.5358, best performance: 6.0761
Epoch: 0253 | TRAIN: 1.8210 0.2658 0.6716 | 0.4546 0.4546 0.2157 | 0.2054 31.5657 26.8876 0.1968 0.4279 0.5562 TEST: 2.5041 0.2749 0.5480 | 0.6332 0.6233 0.8771 | 0.2128 32.4452 39.2066 18.2547 40.3379 53.0027
lr at 254th epoch is 2.5e-05 for optimizer
current performance: 4.4188, best performance: 6.0761
Epoch: 0254 | TRAIN: 1.8624 0.2724 0.6721 | 0.4616 0.4616 0.2151 | 0.2049 31.5281 26.8756 0.1964 0.4289 0.5568 TEST: 2.5366 0.2727 0.5428 | 0.6532 0.6424 0.9133 | 0.2137 32.4538 39.3307 18.3586 40.6373 53.2835
lr at 255th epoch is 2.5e-05 for optimizer
current performance: 3.6950, best performance: 6.0761
Epoch: 0255 | TRAIN: 1.8352 0.2659 0.6717 | 0.4583 0.4583 0.2151 | 0.2069 31.7315 27.0892 0.1939 0.4245 0.5534 TEST: 2.6499 0.2657 0.5370 | 0.6443 0.6334 0.9024 | 0.2154 32.6442 39.4664 18.1003 40.1515 52.7787
lr at 256th epoch is 2.5e-05 for optimizer
current performance: 4.1535, best performance: 6.0761
Epoch: 0256 | TRAIN: 1.8742 0.2704 0.6735 | 0.4524 0.4524 0.2143 | 0.2033 31.3435 26.6379 0.2006 0.4330 0.5609 TEST: 2.7181 0.2654 0.5360 | 0.6372 0.6274 0.8817 | 0.2144 32.4353 39.4199 18.9636 40.9695 53.3301
lr at 257th epoch is 2.5e-05 for optimizer
current performance: 5.9752, best performance: 6.0761
Epoch: 0257 | TRAIN: 1.8906 0.2664 0.6664 | 0.4596 0.4596 0.2165 | 0.2044 31.4941 26.9509 0.1970 0.4274 0.5565 TEST: 2.6206 0.2767 0.5457 | 0.6310 0.6214 0.8762 | 0.2127 32.3281 39.2386 18.9528 40.8353 53.3013
lr at 258th epoch is 2.5e-05 for optimizer
current performance: 5.7700, best performance: 6.0761
Epoch: 0258 | TRAIN: 1.8635 0.2672 0.6712 | 0.4500 0.4500 0.2129 | 0.2067 31.6768 27.0293 0.1967 0.4265 0.5541 TEST: 2.6447 0.2779 0.5496 | 0.6387 0.6289 0.8892 | 0.2127 32.3635 39.2084 18.7334 40.6481 53.1684
lr at 259th epoch is 2.5e-05 for optimizer
current performance: 6.4423, best performance: 6.0761
Epoch: 0259 | TRAIN: 1.8822 0.2726 0.6750 | 0.4474 0.4474 0.2106 | 0.2049 31.4909 26.8297 0.1988 0.4304 0.5583 TEST: 2.6269 0.2834 0.5509 | 0.6351 0.6254 0.8799 | 0.2146 32.5265 39.3915 18.4818 40.3915 52.9283
lr at 260th epoch is 2.5e-05 for optimizer
current performance: 6.1994, best performance: 6.4423
Epoch: 0260 | TRAIN: 1.8507 0.2756 0.6738 | 0.4564 0.4564 0.2099 | 0.2016 31.1859 26.4736 0.2017 0.4353 0.5640 TEST: 2.6271 0.2809 0.5471 | 0.6313 0.6215 0.8714 | 0.2147 32.6119 39.3937 18.0428 39.9615 52.7107
lr at 261th epoch is 2.5e-05 for optimizer
current performance: 3.2259, best performance: 6.4423
Epoch: 0261 | TRAIN: 1.9018 0.2723 0.6701 | 0.4524 0.4524 0.2107 | 0.2055 31.5839 26.8909 0.1957 0.4277 0.5567 TEST: 2.5640 0.2735 0.5435 | 0.6743 0.6629 0.9474 | 0.2171 32.8301 39.6368 17.8432 39.7644 52.3769
lr at 262th epoch is 2.5e-05 for optimizer
current performance: 3.4780, best performance: 6.4423
Epoch: 0262 | TRAIN: 1.8874 0.2737 0.6693 | 0.4541 0.4541 0.2112 | 0.2055 31.5590 26.8102 0.1975 0.4287 0.5570 TEST: 2.4918 0.2753 0.5466 | 0.6756 0.6656 0.9271 | 0.2159 32.6989 39.5094 18.1854 39.9521 52.5375
lr at 263th epoch is 2.5e-05 for optimizer
current performance: 4.6682, best performance: 6.4423
Epoch: 0263 | TRAIN: 1.9230 0.2691 0.6646 | 0.4569 0.4569 0.2136 | 0.2068 31.6618 27.0090 0.1968 0.4277 0.5558 TEST: 2.6189 0.2731 0.5416 | 0.6502 0.6399 0.8995 | 0.2127 32.3744 39.1918 18.5968 40.5204 53.1318
lr at 264th epoch is 2.5e-05 for optimizer
current performance: 4.5893, best performance: 6.4423
Epoch: 0264 | TRAIN: 1.8742 0.2649 0.6692 | 0.4490 0.4490 0.2113 | 0.2037 31.4126 26.7359 0.1969 0.4306 0.5601 TEST: 2.6073 0.2732 0.5412 | 0.6497 0.6399 0.8957 | 0.2139 32.4524 39.3590 18.6833 40.6674 53.1890
lr at 265th epoch is 2.5e-05 for optimizer
current performance: 5.9126, best performance: 6.4423
Epoch: 0265 | TRAIN: 1.8765 0.2707 0.6697 | 0.4557 0.4557 0.2162 | 0.2062 31.6105 26.9198 0.1971 0.4280 0.5568 TEST: 2.5408 0.2759 0.5404 | 0.6306 0.6207 0.8764 | 0.2122 32.3227 39.1764 18.6306 40.7635 53.3693
lr at 266th epoch is 2.5e-05 for optimizer
current performance: 5.4635, best performance: 6.4423
Epoch: 0266 | TRAIN: 1.8891 0.2688 0.6725 | 0.4600 0.4600 0.2137 | 0.2025 31.3747 26.7859 0.1942 0.4292 0.5594 TEST: 2.6020 0.2801 0.5440 | 0.6541 0.6434 0.9134 | 0.2123 32.3314 39.1727 18.6743 40.7251 53.2788
lr at 267th epoch is 2.5e-05 for optimizer
current performance: 5.4474, best performance: 6.4423
Epoch: 0267 | TRAIN: 1.8841 0.2707 0.6680 | 0.4561 0.4561 0.2113 | 0.2048 31.4667 26.7764 0.1997 0.4308 0.5589 TEST: 2.5464 0.2744 0.5436 | 0.6381 0.6286 0.8814 | 0.2119 32.2655 39.1502 18.9005 40.9206 53.4724
lr at 268th epoch is 2.5e-05 for optimizer
current performance: 6.0441, best performance: 6.4423
Epoch: 0268 | TRAIN: 1.8888 0.2701 0.6694 | 0.4540 0.4540 0.2107 | 0.2030 31.3193 26.6919 0.2004 0.4329 0.5610 TEST: 2.5952 0.2783 0.5412 | 0.6366 0.6272 0.8760 | 0.2108 32.2282 39.0102 18.5534 40.6888 53.4049
lr at 269th epoch is 2.5e-05 for optimizer
current performance: 4.6008, best performance: 6.4423
Epoch: 0269 | TRAIN: 1.9138 0.2774 0.6709 | 0.4538 0.4538 0.2114 | 0.2028 31.2815 26.6042 0.2017 0.4345 0.5626 TEST: 2.5653 0.2730 0.5488 | 0.6514 0.6408 0.9064 | 0.2144 32.3866 39.4212 19.1999 41.0736 53.4630
lr at 270th epoch is 2.5e-05 for optimizer
current performance: 3.4011, best performance: 6.4423
Epoch: 0270 | TRAIN: 1.8795 0.2749 0.6717 | 0.4537 0.4537 0.2124 | 0.2053 31.5185 26.8847 0.1991 0.4304 0.5577 TEST: 2.5367 0.2762 0.5429 | 0.6848 0.6728 0.9617 | 0.2151 32.5863 39.4339 18.4415 40.2669 52.7938
lr at 271th epoch is 2.5e-05 for optimizer
current performance: 4.8908, best performance: 6.4423
Epoch: 0271 | TRAIN: 1.8634 0.2707 0.6704 | 0.4515 0.4515 0.2146 | 0.2051 31.5453 26.9517 0.1979 0.4274 0.5553 TEST: 2.6077 0.2708 0.5489 | 0.6418 0.6315 0.8910 | 0.2119 32.2308 39.1583 19.1414 41.0614 53.4967
lr at 272th epoch is 2.5e-05 for optimizer
current performance: 3.8546, best performance: 6.4423
Epoch: 0272 | TRAIN: 1.8773 0.2704 0.6728 | 0.4475 0.4475 0.2126 | 0.2055 31.4825 26.6731 0.2010 0.4336 0.5603 TEST: 2.6779 0.2660 0.5388 | 0.6514 0.6414 0.9004 | 0.2129 32.2347 39.2662 19.4054 41.4292 53.7346
lr at 273th epoch is 2.5e-05 for optimizer
current performance: 3.9238, best performance: 6.4423
Epoch: 0273 | TRAIN: 1.9330 0.2738 0.6698 | 0.4502 0.4502 0.2140 | 0.2025 31.2792 26.5901 0.2009 0.4337 0.5620 TEST: 2.6987 0.2692 0.5449 | 0.6552 0.6445 0.9104 | 0.2142 32.4188 39.3839 18.9694 40.8616 53.2726
lr at 274th epoch is 2.5e-05 for optimizer
current performance: 4.5020, best performance: 6.4423
Epoch: 0274 | TRAIN: 1.9130 0.2699 0.6731 | 0.4500 0.4500 0.2088 | 0.2048 31.4537 26.7369 0.2002 0.4323 0.5596 TEST: 2.6468 0.2737 0.5419 | 0.6522 0.6422 0.9015 | 0.2140 32.5047 39.3491 18.3662 40.3705 53.0150
lr at 275th epoch is 2.5e-05 for optimizer
current performance: 4.5302, best performance: 6.4423
Epoch: 0275 | TRAIN: 1.8868 0.2743 0.6727 | 0.4564 0.4564 0.2135 | 0.2031 31.2856 26.5290 0.2022 0.4349 0.5628 TEST: 2.7083 0.2756 0.5395 | 0.6463 0.6360 0.8995 | 0.2206 32.9401 40.0583 18.4884 40.3222 52.7478
lr at 276th epoch is 2.5e-05 for optimizer
current performance: 2.9873, best performance: 6.4423
Epoch: 0276 | TRAIN: 1.9229 0.2697 0.6709 | 0.4520 0.4520 0.2119 | 0.2047 31.4459 26.7571 0.2006 0.4320 0.5596 TEST: 2.6843 0.2664 0.5350 | 0.6652 0.6539 0.9287 | 0.2155 32.5726 39.5183 18.7788 40.5280 52.9142
lr at 277th epoch is 2.5e-05 for optimizer
current performance: 4.8264, best performance: 6.4423
Epoch: 0277 | TRAIN: 1.9179 0.2692 0.6722 | 0.4534 0.4534 0.2118 | 0.2015 31.1464 26.4080 0.2042 0.4373 0.5644 TEST: 2.6826 0.2712 0.5387 | 0.6453 0.6345 0.8956 | 0.2119 32.2223 39.1542 19.1539 41.1190 53.5755
lr at 278th epoch is 2.5e-05 for optimizer
current performance: 6.0003, best performance: 6.4423
Epoch: 0278 | TRAIN: 1.9010 0.2695 0.6713 | 0.4536 0.4536 0.2108 | 0.2019 31.1516 26.3374 0.2042 0.4382 0.5663 TEST: 2.6360 0.2784 0.5531 | 0.6367 0.6263 0.8840 | 0.2115 32.3064 39.0865 18.4441 40.5954 53.2905
lr at 279th epoch is 2.5e-05 for optimizer
current performance: 6.4265, best performance: 6.4423
Epoch: 0279 | TRAIN: 1.9013 0.2699 0.6713 | 0.4470 0.4470 0.2087 | 0.2034 31.3436 26.5901 0.2006 0.4336 0.5613 TEST: 2.7040 0.2773 0.5404 | 0.6274 0.6175 0.8700 | 0.2111 32.1439 39.0720 19.2319 41.2642 53.7366
lr at 280th epoch is 2.5e-05 for optimizer
current performance: 2.9642, best performance: 6.4423
Epoch: 0280 | TRAIN: 1.9191 0.2751 0.6702 | 0.4505 0.4505 0.2120 | 0.2046 31.4568 26.6649 0.1988 0.4310 0.5595 TEST: 2.7226 0.2631 0.5326 | 0.6543 0.6445 0.9047 | 0.2148 32.5850 39.4374 18.2929 40.2751 52.8948
lr at 281th epoch is 2.5e-05 for optimizer
current performance: 2.2400, best performance: 6.4423
Epoch: 0281 | TRAIN: 1.9601 0.2678 0.6686 | 0.4602 0.4602 0.2137 | 0.2042 31.4217 26.6202 0.1987 0.4324 0.5608 TEST: 2.6313 0.2638 0.5287 | 0.6736 0.6628 0.9406 | 0.2157 32.6055 39.5277 18.4013 40.4336 52.9945
lr at 282th epoch is 2.5e-05 for optimizer
current performance: 3.6416, best performance: 6.4423
Epoch: 0282 | TRAIN: 1.9358 0.2769 0.6712 | 0.4487 0.4487 0.2077 | 0.2028 31.2984 26.5712 0.1997 0.4342 0.5630 TEST: 2.6871 0.2697 0.5338 | 0.6632 0.6520 0.9246 | 0.2139 32.4401 39.3588 18.6630 40.6472 53.2228
lr at 283th epoch is 2.5e-05 for optimizer
current performance: 5.4014, best performance: 6.4423
Epoch: 0283 | TRAIN: 1.9326 0.2747 0.6718 | 0.4579 0.4579 0.2122 | 0.2007 31.1040 26.4371 0.2033 0.4366 0.5647 TEST: 2.7762 0.2752 0.5419 | 0.6396 0.6291 0.8893 | 0.2141 32.3739 39.4095 19.0576 41.1118 53.5462
lr at 284th epoch is 2.5e-05 for optimizer
current performance: 4.2586, best performance: 6.4423
Epoch: 0284 | TRAIN: 1.9378 0.2728 0.6725 | 0.4506 0.4506 0.2138 | 0.2019 31.2012 26.4150 0.2017 0.4357 0.5641 TEST: 2.7591 0.2729 0.5427 | 0.6596 0.6490 0.9174 | 0.2132 32.3663 39.2737 18.8670 40.7197 53.2506
lr at 285th epoch is 2.5e-05 for optimizer
current performance: 3.7820, best performance: 6.4423
Epoch: 0285 | TRAIN: 1.9204 0.2726 0.6736 | 0.4543 0.4543 0.2117 | 0.2040 31.3992 26.6619 0.1989 0.4327 0.5610 TEST: 2.6040 0.2723 0.5402 | 0.6705 0.6596 0.9360 | 0.2122 32.3133 39.1623 18.5755 40.7483 53.4324
lr at 286th epoch is 2.5e-05 for optimizer
current performance: 4.2200, best performance: 6.4423
Epoch: 0286 | TRAIN: 1.9839 0.2756 0.6687 | 0.4490 0.4490 0.2089 | 0.2045 31.4000 26.6013 0.2014 0.4352 0.5620 TEST: 2.7600 0.2693 0.5403 | 0.6465 0.6363 0.8945 | 0.2141 32.4754 39.3627 18.5112 40.5478 53.1476
lr at 287th epoch is 2.5e-05 for optimizer
current performance: 4.9015, best performance: 6.4423
Epoch: 0287 | TRAIN: 1.9391 0.2708 0.6733 | 0.4482 0.4482 0.2115 | 0.2023 31.2002 26.3442 0.2032 0.4378 0.5656 TEST: 2.6268 0.2779 0.5472 | 0.6537 0.6439 0.8982 | 0.2152 32.5620 39.4852 18.5727 40.5048 53.0240
lr at 288th epoch is 2.5e-05 for optimizer
current performance: 4.2321, best performance: 6.4423
Epoch: 0288 | TRAIN: 1.9664 0.2714 0.6704 | 0.4562 0.4562 0.2109 | 0.2043 31.3840 26.6144 0.2019 0.4348 0.5618 TEST: 2.6038 0.2696 0.5433 | 0.6527 0.6423 0.9027 | 0.2128 32.2665 39.2374 19.2990 41.0378 53.4352
lr at 289th epoch is 2.5e-05 for optimizer
current performance: 6.9834, best performance: 6.4423
Epoch: 0289 | TRAIN: 1.9536 0.2724 0.6705 | 0.4443 0.4443 0.2076 | 0.2016 31.1350 26.4065 0.2054 0.4378 0.5649 TEST: 2.6986 0.2826 0.5494 | 0.6283 0.6181 0.8744 | 0.2116 32.2308 39.1256 18.7538 41.0461 53.6818
lr at 290th epoch is 2.5e-05 for optimizer
current performance: 5.8221, best performance: 6.9834
Epoch: 0290 | TRAIN: 1.9950 0.2749 0.6690 | 0.4482 0.4482 0.2083 | 0.2013 31.0845 26.2450 0.2055 0.4400 0.5677 TEST: 2.7463 0.2789 0.5469 | 0.6370 0.6267 0.8838 | 0.2142 32.5169 39.3656 18.4094 40.3744 52.9927
lr at 291th epoch is 2.5e-05 for optimizer
current performance: 5.5210, best performance: 6.9834
Epoch: 0291 | TRAIN: 1.9724 0.2673 0.6701 | 0.4468 0.4468 0.2050 | 0.2014 31.0999 26.3601 0.2055 0.4386 0.5669 TEST: 2.6822 0.2769 0.5440 | 0.6447 0.6350 0.8918 | 0.2108 32.2263 39.0173 18.5614 40.7742 53.4268
lr at 292th epoch is 2.5e-05 for optimizer
current performance: 6.1056, best performance: 6.9834
Epoch: 0292 | TRAIN: 1.9709 0.2726 0.6706 | 0.4533 0.4533 0.2136 | 0.2019 31.1398 26.3320 0.2050 0.4386 0.5664 TEST: 2.7183 0.2824 0.5451 | 0.6393 0.6292 0.8852 | 0.2149 32.5632 39.4353 18.2880 40.3569 52.9617
lr at 293th epoch is 2.5e-05 for optimizer
current performance: 4.4394, best performance: 6.9834
Epoch: 0293 | TRAIN: 1.9852 0.2737 0.6715 | 0.4527 0.4527 0.2114 | 0.2031 31.3378 26.5841 0.1982 0.4337 0.5622 TEST: 2.7429 0.2722 0.5379 | 0.6507 0.6402 0.9078 | 0.2140 32.4632 39.3692 18.5362 40.5740 53.1905
lr at 294th epoch is 2.5e-05 for optimizer
current performance: 2.7648, best performance: 6.9834
Epoch: 0294 | TRAIN: 1.9031 0.2799 0.6797 | 0.4450 0.4450 0.2078 | 0.2014 31.0880 26.1554 0.2041 0.4411 0.5693 TEST: 2.5812 0.2724 0.5479 | 0.6891 0.6779 0.9520 | 0.2148 32.5233 39.4497 18.5588 40.5981 53.1256
lr at 295th epoch is 2.5e-05 for optimizer
current performance: 5.3425, best performance: 6.9834
Epoch: 0295 | TRAIN: 1.9858 0.2778 0.6755 | 0.4528 0.4528 0.2151 | 0.2012 31.1420 26.4358 0.2014 0.4369 0.5657 TEST: 2.7063 0.2759 0.5380 | 0.6422 0.6323 0.8878 | 0.2125 32.3797 39.1916 18.4210 40.5655 53.2022
lr at 296th epoch is 2.5e-05 for optimizer
current performance: 4.9265, best performance: 6.9834
Epoch: 0296 | TRAIN: 1.9402 0.2754 0.6743 | 0.4526 0.4526 0.2064 | 0.2010 31.1267 26.3494 0.2010 0.4379 0.5668 TEST: 2.7040 0.2778 0.5456 | 0.6559 0.6456 0.9109 | 0.2141 32.4575 39.3852 18.5718 40.6479 53.2709
lr at 297th epoch is 2.5e-05 for optimizer
current performance: 5.0595, best performance: 6.9834
Epoch: 0297 | TRAIN: 1.9794 0.2787 0.6718 | 0.4427 0.4427 0.2088 | 0.2015 31.1241 26.3443 0.2048 0.4379 0.5659 TEST: 2.7641 0.2765 0.5358 | 0.6544 0.6440 0.9097 | 0.2120 32.2538 39.1625 18.9113 40.9319 53.5021
lr at 298th epoch is 2.5e-05 for optimizer
current performance: 5.0795, best performance: 6.9834
Epoch: 0298 | TRAIN: 1.9943 0.2749 0.6715 | 0.4407 0.4407 0.2050 | 0.2042 31.3411 26.5887 0.2038 0.4360 0.5628 TEST: 2.7116 0.2722 0.5450 | 0.6380 0.6282 0.8798 | 0.2135 32.3568 39.3124 19.1223 40.8888 53.2859
lr at 299th epoch is 2.5e-05 for optimizer
current performance: 5.0902, best performance: 6.9834
Epoch: 0299 | TRAIN: 1.9463 0.2710 0.6712 | 0.4480 0.4480 0.2129 | 0.2033 31.2890 26.4893 0.2028 0.4355 0.5634 TEST: 2.6964 0.2735 0.5422 | 0.6459 0.6354 0.8994 | 0.2122 32.2096 39.1976 19.1626 41.2741 53.7736
Epoch: 0289 | TRAIN: 1.9536 0.2724 0.6705 | 0.4443 0.4443 0.2076 | 0.2016 31.1350 26.4065 0.2054 0.4378 0.5649 TEST: 2.6986 0.2826 0.5494 | 0.6283 0.6181 0.8744 | 0.2116 32.2308 39.1256 18.7538 41.0461 53.6818
