
CommandNotFoundError: Your shell has not been properly configured to use 'conda activate'.
To initialize your shell, run

    $ conda init <SHELL_NAME>

Currently supported shells are:
  - bash
  - fish
  - tcsh
  - xonsh
  - zsh
  - powershell

See 'conda init --help' for more information and options.

IMPORTANT: You may need to close and restart your shell after running 'conda init'.


/scratch_tmp/grp/grv_shi/k21220263/MTPSL/nyu_mtl_xtc.py:107: FutureWarning: You are using `torch.load` with `weights_only=False` (the current default value), which uses the default pickle module implicitly. It is possible to construct malicious pickle data which will execute arbitrary code during unpickling (See https://github.com/pytorch/pytorch/blob/main/SECURITY.md#untrusted-models for more details). In a future release, the default value for `weights_only` will be flipped to `True`. This limits the functions that could be executed during unpickling. Arbitrary objects will no longer be allowed to be loaded via this mode unless they are explicitly allowlisted by the user via `torch.serialization.add_safe_globals`. We recommend you start setting `weights_only=True` for any use case where you don't have full control of the loaded file. Please open an issue on GitHub for any issues related to this experimental feature.
  labels_weights = torch.load('{}onelabel.pth'.format(opt.labelroot))['labels_weights'].float().cuda()
Parameter Space: ABS: 35796798.0, REL: 1.4330

LOSS FORMAT: SEMANTIC_LOSS MEAN_IOU PIX_ACC | DEPTH_LOSS ABS_ERR ROOT_MSE | NORMAL_LOSS MEAN MED <11.25 <22.5 <30

lr at 0th epoch is 0.0001 for optimizer and 0.001 for film
current performance: -116.3945, best performance: -100.0000
Epoch: 0000 | TRAIN: 3.3082 0.0705 0.2584 | 2.7694 2.7694 1.4327 | 0.3748 47.7893 46.3190 0.0336 0.1365 0.2367 TEST: 1.9855 0.0889 0.3633 | 2.9092 2.6124 2.8842 | 0.3220 43.4896 48.4634 4.7471 18.0142 29.6823
lr at 1th epoch is 0.0001 for optimizer and 0.001 for film
current performance: -114.8170, best performance: -100.0000
Epoch: 0001 | TRAIN: 2.1320 0.0896 0.3101 | 1.1367 1.1367 0.5777 | 0.3342 44.5714 43.1148 0.0441 0.1689 0.2801 TEST: 2.2793 0.0360 0.1883 | 2.7458 2.4682 2.7549 | 0.3092 41.6019 47.6081 7.5120 24.9519 36.5131
lr at 2th epoch is 0.0001 for optimizer and 0.001 for film
current performance: -94.5938, best performance: -100.0000
Epoch: 0002 | TRAIN: 2.0326 0.1072 0.3532 | 1.3070 1.3070 0.6187 | 0.3250 43.6643 41.9634 0.0502 0.1863 0.3014 TEST: 1.9303 0.0852 0.3957 | 2.2256 2.1309 2.4089 | 0.3042 42.1609 46.9364 4.7546 18.3981 31.0295
lr at 3th epoch is 0.0001 for optimizer and 0.001 for film
current performance: -45.0328, best performance: -94.5938
Epoch: 0003 | TRAIN: 1.9742 0.1116 0.3606 | 1.1606 1.1606 0.5903 | 0.3170 43.0121 41.1650 0.0523 0.1926 0.3128 TEST: 2.1754 0.0759 0.2805 | 0.9726 0.9555 1.3428 | 0.3217 42.1950 48.8396 8.0770 26.1062 37.6289
lr at 4th epoch is 0.0001 for optimizer and 0.001 for film
current performance: -33.7681, best performance: -45.0328
Epoch: 0004 | TRAIN: 1.8178 0.1291 0.3950 | 1.0320 1.0320 0.5146 | 0.3042 41.8598 39.8138 0.0606 0.2124 0.3348 TEST: 1.8716 0.1355 0.3490 | 0.9544 0.9411 1.2434 | 0.2779 39.4612 44.7931 8.0385 25.1476 37.3811
lr at 5th epoch is 0.0001 for optimizer and 0.001 for film
current performance: -39.3446, best performance: -33.7681
Epoch: 0005 | TRAIN: 1.7549 0.1494 0.4245 | 1.0531 1.0531 0.5240 | 0.2939 40.9064 38.6056 0.0669 0.2292 0.3536 TEST: 1.6243 0.1696 0.4638 | 1.1953 1.1818 1.5719 | 0.2741 39.0333 44.5063 8.6692 25.7886 38.2423
lr at 6th epoch is 0.0001 for optimizer and 0.001 for film
current performance: -31.9440, best performance: -33.7681
Epoch: 0006 | TRAIN: 1.8211 0.1400 0.4071 | 1.0598 1.0598 0.5189 | 0.2969 41.0696 38.8209 0.0709 0.2303 0.3521 TEST: 1.7432 0.1854 0.4073 | 1.0891 1.0789 1.3111 | 0.2696 38.1855 44.2130 11.3521 29.1293 40.8793
lr at 7th epoch is 0.0001 for optimizer and 0.001 for film
current performance: -35.7086, best performance: -31.9440
Epoch: 0007 | TRAIN: 1.6490 0.1634 0.4529 | 1.0149 1.0149 0.4900 | 0.2790 39.4672 36.9835 0.0815 0.2570 0.3834 TEST: 1.6525 0.1840 0.4241 | 1.1271 1.1294 1.3814 | 0.2872 39.4610 45.8125 10.3139 29.1243 40.4057
lr at 8th epoch is 0.0001 for optimizer and 0.001 for film
current performance: -38.9496, best performance: -31.9440
Epoch: 0008 | TRAIN: 1.6711 0.1784 0.4721 | 0.9681 0.9681 0.4839 | 0.2774 39.2373 36.6553 0.0843 0.2644 0.3917 TEST: 1.4206 0.2187 0.5199 | 1.3730 1.3597 1.7449 | 0.2546 37.3964 42.8205 9.1937 28.1108 41.5517
lr at 9th epoch is 0.0001 for optimizer and 0.001 for film
current performance: -13.5675, best performance: -31.9440
Epoch: 0009 | TRAIN: 1.4864 0.1917 0.5070 | 0.8789 0.8789 0.4304 | 0.2679 38.4668 35.6712 0.0872 0.2722 0.4022 TEST: 1.5199 0.2446 0.5017 | 0.8786 0.8652 1.1357 | 0.2526 36.7606 42.7519 12.0669 30.9343 43.3189
lr at 10th epoch is 0.0001 for optimizer and 0.001 for film
current performance: -18.2968, best performance: -13.5675
Epoch: 0010 | TRAIN: 1.5026 0.2033 0.5183 | 0.8658 0.8658 0.4168 | 0.2711 38.7234 36.0049 0.0867 0.2690 0.3989 TEST: 1.4121 0.2234 0.5290 | 0.9276 0.9128 1.2079 | 0.2501 36.7292 42.4595 10.9239 30.0313 43.0680
lr at 11th epoch is 0.0001 for optimizer and 0.001 for film
current performance: -16.7033, best performance: -13.5675
Epoch: 0011 | TRAIN: 1.4755 0.2063 0.5252 | 0.8602 0.8602 0.4387 | 0.2657 38.3092 35.6219 0.0863 0.2735 0.4049 TEST: 1.5052 0.2526 0.5064 | 0.9890 0.9731 1.3124 | 0.2457 36.3065 42.0802 11.3726 30.7153 43.7636
lr at 12th epoch is 0.0001 for optimizer and 0.001 for film
current performance: -18.1800, best performance: -13.5675
Epoch: 0012 | TRAIN: 1.4073 0.2154 0.5449 | 0.8180 0.8180 0.4074 | 0.2628 37.9266 34.9433 0.0921 0.2832 0.4164 TEST: 1.5926 0.2537 0.5141 | 0.9595 0.9504 1.2297 | 0.2672 38.6506 43.9448 7.5807 25.9783 39.4797
lr at 13th epoch is 0.0001 for optimizer and 0.001 for film
current performance: -4.0730, best performance: -13.5675
Epoch: 0013 | TRAIN: 1.3380 0.2291 0.5619 | 0.7886 0.7886 0.3839 | 0.2570 37.3923 34.5339 0.0994 0.2936 0.4235 TEST: 1.3452 0.2654 0.5663 | 0.7267 0.7185 0.9276 | 0.2438 36.3064 41.8585 10.9898 30.2345 43.3243
lr at 14th epoch is 0.0001 for optimizer and 0.001 for film
current performance: -6.4456, best performance: -4.0730
Epoch: 0014 | TRAIN: 1.3767 0.2263 0.5632 | 0.7677 0.7677 0.3736 | 0.2535 37.0900 34.0664 0.1004 0.2975 0.4301 TEST: 1.3437 0.2918 0.5760 | 0.8885 0.8711 1.1970 | 0.2360 35.5437 41.1463 11.9148 31.3628 44.6942
lr at 15th epoch is 0.0001 for optimizer and 0.001 for film
current performance: -2.0571, best performance: -4.0730
Epoch: 0015 | TRAIN: 1.3399 0.2365 0.5774 | 0.7925 0.7925 0.3971 | 0.2499 36.7679 33.7421 0.1023 0.3014 0.4364 TEST: 1.4385 0.2595 0.5553 | 0.6346 0.6253 0.8553 | 0.2578 37.4449 43.2945 8.4168 29.9187 43.6662
lr at 16th epoch is 0.0001 for optimizer and 0.001 for film
current performance: 2.3561, best performance: -2.0571
Epoch: 0016 | TRAIN: 1.2868 0.2427 0.5906 | 0.7075 0.7075 0.3481 | 0.2447 36.2532 33.1967 0.1077 0.3127 0.4466 TEST: 1.3301 0.3117 0.5585 | 0.7516 0.7466 0.9655 | 0.2279 34.7396 40.3863 12.9869 33.0731 46.2231
lr at 17th epoch is 0.0001 for optimizer and 0.001 for film
current performance: 9.5594, best performance: 2.3561
Epoch: 0017 | TRAIN: 1.2415 0.2611 0.6136 | 0.6760 0.6760 0.3309 | 0.2410 35.8837 32.6640 0.1126 0.3182 0.4543 TEST: 1.2807 0.3292 0.5984 | 0.6424 0.6319 0.8919 | 0.2305 34.7359 40.7443 13.7932 34.3060 47.1230
lr at 18th epoch is 0.0001 for optimizer and 0.001 for film
current performance: 3.6395, best performance: 9.5594
Epoch: 0018 | TRAIN: 1.1965 0.2648 0.6254 | 0.7086 0.7086 0.3430 | 0.2382 35.6224 32.3642 0.1135 0.3241 0.4608 TEST: 1.4344 0.3073 0.5621 | 0.7272 0.7190 0.9918 | 0.2230 34.1519 40.0086 13.6358 34.7710 48.0562
lr at 19th epoch is 0.0001 for optimizer and 0.001 for film
current performance: 8.3679, best performance: 9.5594
Epoch: 0019 | TRAIN: 1.2652 0.2560 0.6104 | 0.6654 0.6654 0.3185 | 0.2409 35.8891 32.7087 0.1113 0.3188 0.4544 TEST: 1.2681 0.3202 0.6125 | 0.6459 0.6356 0.8829 | 0.2270 34.6327 40.3605 12.7766 33.1446 46.7220
lr at 20th epoch is 0.0001 for optimizer and 0.001 for film
current performance: 1.7131, best performance: 9.5594
Epoch: 0020 | TRAIN: 1.2585 0.2624 0.6165 | 0.6187 0.6187 0.2994 | 0.2358 35.3756 32.0893 0.1185 0.3286 0.4648 TEST: 1.5577 0.2526 0.5647 | 0.6058 0.5955 0.8393 | 0.2248 34.4052 40.1294 13.2225 33.8752 47.1826
lr at 21th epoch is 0.0001 for optimizer and 0.001 for film
current performance: 4.3600, best performance: 9.5594
Epoch: 0021 | TRAIN: 1.1896 0.2818 0.6400 | 0.6629 0.6629 0.3201 | 0.2296 34.7841 31.4954 0.1258 0.3394 0.4745 TEST: 1.3973 0.3136 0.5660 | 0.7108 0.7019 0.9832 | 0.2313 34.9004 40.7661 13.1085 33.3458 46.5086
lr at 22th epoch is 0.0001 for optimizer and 0.001 for film
current performance: 13.3567, best performance: 9.5594
Epoch: 0022 | TRAIN: 1.1540 0.2854 0.6469 | 0.6213 0.6213 0.2964 | 0.2294 34.7361 31.3483 0.1245 0.3418 0.4787 TEST: 1.2677 0.3585 0.6215 | 0.6762 0.6647 0.9205 | 0.2141 33.3978 39.1405 13.4960 36.1144 49.7862
lr at 23th epoch is 0.0001 for optimizer and 0.001 for film
current performance: 5.2096, best performance: 13.3567
Epoch: 0023 | TRAIN: 1.2964 0.2641 0.6200 | 0.6746 0.6746 0.3272 | 0.2329 35.0627 31.7094 0.1233 0.3364 0.4708 TEST: 1.4080 0.3059 0.5921 | 0.6917 0.6854 0.9179 | 0.2202 33.8865 39.8247 13.4996 35.4919 49.0634
lr at 24th epoch is 0.0001 for optimizer and 0.001 for film
current performance: 10.8078, best performance: 13.3567
Epoch: 0024 | TRAIN: 1.0743 0.2993 0.6692 | 0.5715 0.5715 0.2687 | 0.2215 34.0101 30.5517 0.1320 0.3536 0.4917 TEST: 1.3651 0.3458 0.6242 | 0.7039 0.6970 0.9033 | 0.2124 32.9830 39.0123 15.3023 37.7934 50.6501
lr at 25th epoch is 0.0001 for optimizer and 0.001 for film
current performance: 16.7788, best performance: 13.3567
Epoch: 0025 | TRAIN: 1.1059 0.2968 0.6699 | 0.5883 0.5883 0.2748 | 0.2252 34.3654 30.9636 0.1283 0.3483 0.4843 TEST: 1.3112 0.3655 0.6086 | 0.6275 0.6188 0.8552 | 0.2103 32.9071 38.7740 14.9186 37.0312 50.6051
lr at 26th epoch is 0.0001 for optimizer and 0.001 for film
current performance: 16.6801, best performance: 16.7788
Epoch: 0026 | TRAIN: 1.0903 0.3090 0.6760 | 0.5709 0.5709 0.2739 | 0.2193 33.8097 30.3892 0.1327 0.3573 0.4965 TEST: 1.2172 0.3734 0.6390 | 0.6453 0.6370 0.8871 | 0.2132 33.2010 39.0872 14.4334 36.6484 50.1328
lr at 27th epoch is 0.0001 for optimizer and 0.001 for film
current performance: 18.3769, best performance: 16.7788
Epoch: 0027 | TRAIN: 1.0790 0.3094 0.6823 | 0.5649 0.5649 0.2643 | 0.2184 33.6159 29.8796 0.1391 0.3647 0.5013 TEST: 1.2647 0.3707 0.6346 | 0.5943 0.5859 0.8289 | 0.2168 33.3557 39.5042 13.9412 37.5222 51.0997
lr at 28th epoch is 0.0001 for optimizer and 0.001 for film
current performance: 10.8670, best performance: 18.3769
Epoch: 0028 | TRAIN: 1.2228 0.2858 0.6482 | 0.5742 0.5742 0.2752 | 0.2299 34.6780 31.0350 0.1272 0.3477 0.4855 TEST: 1.5711 0.3139 0.6085 | 0.5909 0.5850 0.8037 | 0.2180 33.6221 39.5318 13.6714 36.3200 49.8010
lr at 29th epoch is 0.0001 for optimizer and 0.001 for film
current performance: 19.1593, best performance: 18.3769
Epoch: 0029 | TRAIN: 1.1209 0.3082 0.6754 | 0.5409 0.5409 0.2517 | 0.2175 33.5795 29.9106 0.1356 0.3651 0.5035 TEST: 1.3309 0.3620 0.6289 | 0.5687 0.5621 0.7760 | 0.2087 32.5668 38.6854 15.8121 38.4977 51.8312
lr at 30th epoch is 0.0001 for optimizer and 0.0005 for film
current performance: 16.7164, best performance: 19.1593
Epoch: 0030 | TRAIN: 1.0949 0.3220 0.6928 | 0.5485 0.5485 0.2615 | 0.2176 33.4746 29.7617 0.1427 0.3710 0.5066 TEST: 1.4297 0.3499 0.6159 | 0.5864 0.5783 0.8055 | 0.2094 32.7506 38.7158 15.1542 37.6336 51.1716
lr at 31th epoch is 0.0001 for optimizer and 0.0005 for film
current performance: 22.9001, best performance: 19.1593
Epoch: 0031 | TRAIN: 1.1055 0.3127 0.6808 | 0.5569 0.5569 0.2627 | 0.2181 33.5626 29.9068 0.1405 0.3669 0.5040 TEST: 1.3300 0.3739 0.6300 | 0.5384 0.5308 0.7550 | 0.2003 31.7846 37.8622 16.5893 39.6394 53.1462
lr at 32th epoch is 0.0001 for optimizer and 0.0005 for film
current performance: 12.9399, best performance: 22.9001
Epoch: 0032 | TRAIN: 1.0994 0.3262 0.6859 | 0.5225 0.5225 0.2503 | 0.2151 33.2879 29.6424 0.1429 0.3703 0.5083 TEST: 1.4968 0.3307 0.6153 | 0.5998 0.5898 0.8188 | 0.2162 33.4907 39.3683 14.2563 36.2763 49.4905
lr at 33th epoch is 0.0001 for optimizer and 0.0005 for film
current performance: 19.8820, best performance: 22.9001
Epoch: 0033 | TRAIN: 1.0917 0.3166 0.6884 | 0.5160 0.5160 0.2393 | 0.2127 33.0818 29.4390 0.1437 0.3744 0.5121 TEST: 1.3061 0.3602 0.6396 | 0.5661 0.5587 0.7738 | 0.1994 31.8427 37.7099 15.8033 39.1174 52.8491
lr at 34th epoch is 0.0001 for optimizer and 0.0005 for film
current performance: 14.2022, best performance: 22.9001
Epoch: 0034 | TRAIN: 1.1297 0.3133 0.6812 | 0.5173 0.5173 0.2431 | 0.2119 32.9790 29.1282 0.1440 0.3788 0.5161 TEST: 1.5575 0.3263 0.5904 | 0.5880 0.5781 0.8133 | 0.2045 32.3113 38.1883 15.8198 38.1189 51.6204
lr at 35th epoch is 0.0001 for optimizer and 0.0005 for film
current performance: 19.4438, best performance: 22.9001
Epoch: 0035 | TRAIN: 1.0018 0.3312 0.7068 | 0.5045 0.5045 0.2392 | 0.2077 32.5734 28.8220 0.1519 0.3838 0.5220 TEST: 1.2584 0.3761 0.6454 | 0.6137 0.6078 0.8226 | 0.2028 32.1532 38.0972 15.8713 38.6237 52.1531
lr at 36th epoch is 0.0001 for optimizer and 0.0005 for film
current performance: 19.9437, best performance: 22.9001
Epoch: 0036 | TRAIN: 1.0214 0.3387 0.7065 | 0.4935 0.4935 0.2342 | 0.2053 32.2150 28.2852 0.1604 0.3953 0.5318 TEST: 1.3329 0.3624 0.6275 | 0.5818 0.5713 0.8128 | 0.1971 31.5463 37.5068 16.4425 40.1530 53.7086
lr at 37th epoch is 0.0001 for optimizer and 0.0005 for film
current performance: 19.3966, best performance: 22.9001
Epoch: 0037 | TRAIN: 1.0573 0.3349 0.7015 | 0.5094 0.5094 0.2350 | 0.2030 32.0508 28.1289 0.1577 0.3986 0.5358 TEST: 1.3702 0.3687 0.6377 | 0.6024 0.5961 0.8025 | 0.2004 31.8049 37.8424 16.9615 39.4634 52.7253
lr at 38th epoch is 0.0001 for optimizer and 0.0005 for film
current performance: 22.4904, best performance: 22.9001
Epoch: 0038 | TRAIN: 1.0208 0.3359 0.7092 | 0.5127 0.5127 0.2459 | 0.2052 32.1834 28.0792 0.1582 0.3979 0.5355 TEST: 1.2547 0.3906 0.6451 | 0.5856 0.5777 0.7829 | 0.2019 32.2500 37.9011 14.7004 37.7245 51.7193
lr at 39th epoch is 0.0001 for optimizer and 0.0005 for film
current performance: 16.3685, best performance: 22.9001
Epoch: 0039 | TRAIN: 1.0819 0.3349 0.7002 | 0.5325 0.5325 0.2510 | 0.2101 32.7363 28.8226 0.1495 0.3859 0.5226 TEST: 1.4144 0.3296 0.6355 | 0.5505 0.5426 0.7568 | 0.2034 32.1131 38.1660 15.8026 38.9176 52.7490
lr at 40th epoch is 0.0001 for optimizer and 0.0005 for film
current performance: 19.8543, best performance: 22.9001
Epoch: 0040 | TRAIN: 1.0201 0.3391 0.7088 | 0.4823 0.4823 0.2284 | 0.2041 32.1140 28.0907 0.1588 0.3985 0.5356 TEST: 1.4407 0.3506 0.6432 | 0.5574 0.5485 0.7784 | 0.1946 31.1635 37.2942 17.3588 41.2325 54.7134
lr at 41th epoch is 0.0001 for optimizer and 0.0005 for film
current performance: 20.7578, best performance: 22.9001
Epoch: 0041 | TRAIN: 1.0051 0.3478 0.7161 | 0.4961 0.4961 0.2304 | 0.2034 32.0320 27.9899 0.1607 0.3999 0.5374 TEST: 1.3365 0.3713 0.6420 | 0.5762 0.5703 0.7890 | 0.2027 31.8763 38.1142 16.9783 39.9897 53.4076
lr at 42th epoch is 0.0001 for optimizer and 0.0005 for film
current performance: 20.7414, best performance: 22.9001
Epoch: 0042 | TRAIN: 1.0029 0.3442 0.7133 | 0.4741 0.4741 0.2237 | 0.2020 31.8794 27.8575 0.1644 0.4024 0.5382 TEST: 1.3167 0.3727 0.6427 | 0.5875 0.5777 0.8026 | 0.1992 31.7709 37.7250 16.4138 39.3914 53.0360
lr at 43th epoch is 0.0001 for optimizer and 0.0005 for film
current performance: 24.8679, best performance: 22.9001
Epoch: 0043 | TRAIN: 1.0084 0.3490 0.7144 | 0.4865 0.4865 0.2290 | 0.2026 31.9643 27.9270 0.1609 0.3999 0.5390 TEST: 1.2625 0.3831 0.6478 | 0.5463 0.5368 0.7806 | 0.1921 30.8335 37.0553 18.4641 41.9760 55.2729
lr at 44th epoch is 0.0001 for optimizer and 0.0005 for film
current performance: 21.7298, best performance: 24.8679
Epoch: 0044 | TRAIN: 0.9844 0.3515 0.7167 | 0.4769 0.4769 0.2230 | 0.2030 31.9520 27.9242 0.1641 0.4031 0.5389 TEST: 1.3511 0.3674 0.6321 | 0.5570 0.5489 0.7696 | 0.1966 31.3845 37.5172 17.2144 40.6426 54.1033
lr at 45th epoch is 0.0001 for optimizer and 0.0005 for film
current performance: 23.0766, best performance: 24.8679
Epoch: 0045 | TRAIN: 0.9758 0.3608 0.7300 | 0.4760 0.4760 0.2201 | 0.1977 31.4006 27.2745 0.1728 0.4136 0.5493 TEST: 1.3714 0.3673 0.6564 | 0.5309 0.5231 0.7306 | 0.1933 31.1619 37.1437 16.8411 40.8237 54.5553
lr at 46th epoch is 0.0001 for optimizer and 0.0005 for film
current performance: 19.4502, best performance: 24.8679
Epoch: 0046 | TRAIN: 1.0495 0.3476 0.7137 | 0.4785 0.4785 0.2248 | 0.1999 31.6615 27.6050 0.1678 0.4074 0.5434 TEST: 1.4031 0.3584 0.6146 | 0.5831 0.5723 0.8304 | 0.1986 31.5000 37.7592 16.9208 41.0488 54.4342
lr at 47th epoch is 0.0001 for optimizer and 0.0005 for film
current performance: 18.2396, best performance: 24.8679
Epoch: 0047 | TRAIN: 1.0562 0.3421 0.7069 | 0.4903 0.4903 0.2288 | 0.2017 31.8932 27.8408 0.1603 0.4006 0.5405 TEST: 1.4481 0.3480 0.6184 | 0.5941 0.5824 0.8308 | 0.1927 30.9969 37.1073 17.2648 41.6476 55.2868
lr at 48th epoch is 0.0001 for optimizer and 0.0005 for film
current performance: 22.7775, best performance: 24.8679
Epoch: 0048 | TRAIN: 1.0995 0.3353 0.7004 | 0.4817 0.4817 0.2268 | 0.2044 32.1721 28.1480 0.1561 0.3960 0.5343 TEST: 1.3461 0.3761 0.6489 | 0.5520 0.5429 0.7824 | 0.1978 31.6743 37.5514 15.8852 39.0646 53.2258
lr at 49th epoch is 0.0001 for optimizer and 0.0005 for film
current performance: 27.3477, best performance: 24.8679
Epoch: 0049 | TRAIN: 0.9902 0.3572 0.7226 | 0.4574 0.4574 0.2176 | 0.1978 31.4825 27.3117 0.1662 0.4113 0.5486 TEST: 1.2998 0.3919 0.6574 | 0.5117 0.5027 0.7266 | 0.1928 30.9396 37.1630 17.8596 41.8742 55.3573
lr at 50th epoch is 0.0001 for optimizer and 0.0005 for film
current performance: 24.7770, best performance: 27.3477
Epoch: 0050 | TRAIN: 0.9616 0.3764 0.7342 | 0.4519 0.4519 0.2095 | 0.1946 31.0534 26.8395 0.1771 0.4227 0.5585 TEST: 1.3899 0.3798 0.6481 | 0.5429 0.5349 0.7399 | 0.1897 30.6148 36.8029 18.2610 42.5550 55.9358
lr at 51th epoch is 0.0001 for optimizer and 0.0005 for film
current performance: 24.3180, best performance: 27.3477
Epoch: 0051 | TRAIN: 0.9682 0.3704 0.7337 | 0.4500 0.4500 0.2106 | 0.1942 31.1233 26.9648 0.1711 0.4162 0.5559 TEST: 1.3659 0.3675 0.6592 | 0.5148 0.5061 0.7228 | 0.1890 30.7265 36.6938 17.6014 41.2500 55.1562
lr at 52th epoch is 0.0001 for optimizer and 0.0005 for film
current performance: 23.3657, best performance: 27.3477
Epoch: 0052 | TRAIN: 0.9638 0.3639 0.7318 | 0.4551 0.4551 0.2117 | 0.1932 30.9785 26.8040 0.1736 0.4215 0.5609 TEST: 1.4045 0.3755 0.6511 | 0.5565 0.5471 0.7584 | 0.1925 30.9160 37.0733 17.5254 41.8784 55.4853
lr at 53th epoch is 0.0001 for optimizer and 0.0005 for film
current performance: 22.0512, best performance: 27.3477
Epoch: 0053 | TRAIN: 1.0524 0.3568 0.7206 | 0.4552 0.4552 0.2129 | 0.1952 31.1555 26.9304 0.1731 0.4189 0.5573 TEST: 1.4482 0.3666 0.6460 | 0.5227 0.5143 0.7337 | 0.2050 32.3568 38.3178 15.0271 38.3824 52.2477
lr at 54th epoch is 0.0001 for optimizer and 0.0005 for film
current performance: 26.6962, best performance: 27.3477
Epoch: 0054 | TRAIN: 1.0502 0.3468 0.7145 | 0.4639 0.4639 0.2175 | 0.1947 31.1127 26.9255 0.1730 0.4206 0.5577 TEST: 1.3709 0.3876 0.6445 | 0.5251 0.5176 0.7345 | 0.1886 30.4541 36.7391 18.5719 42.7922 56.4423
lr at 55th epoch is 0.0001 for optimizer and 0.0005 for film
current performance: 30.3047, best performance: 27.3477
Epoch: 0055 | TRAIN: 0.9382 0.3779 0.7373 | 0.4544 0.4544 0.2103 | 0.1928 30.8812 26.6011 0.1778 0.4266 0.5623 TEST: 1.2676 0.4146 0.6680 | 0.5248 0.5163 0.7375 | 0.1866 30.3541 36.4759 18.2983 42.7411 56.4748
lr at 56th epoch is 0.0001 for optimizer and 0.0005 for film
current performance: 18.3115, best performance: 30.3047
Epoch: 0056 | TRAIN: 0.9691 0.3770 0.7395 | 0.4497 0.4497 0.2114 | 0.1901 30.6020 26.2988 0.1827 0.4308 0.5674 TEST: 1.5391 0.3455 0.6435 | 0.5896 0.5842 0.7945 | 0.1896 30.5745 36.8160 18.5109 42.5976 56.0054
lr at 57th epoch is 0.0001 for optimizer and 0.0005 for film
current performance: 27.9494, best performance: 30.3047
Epoch: 0057 | TRAIN: 0.9552 0.3691 0.7395 | 0.4556 0.4556 0.2099 | 0.1915 30.7584 26.5226 0.1795 0.4273 0.5647 TEST: 1.3168 0.4057 0.6608 | 0.5613 0.5511 0.7863 | 0.1852 30.1064 36.4002 18.7646 43.8447 57.3845
lr at 58th epoch is 0.0001 for optimizer and 0.0005 for film
current performance: 18.4485, best performance: 30.3047
Epoch: 0058 | TRAIN: 1.0379 0.3569 0.7218 | 0.4514 0.4514 0.2067 | 0.1941 31.0254 26.6928 0.1747 0.4235 0.5613 TEST: 1.4418 0.3446 0.6299 | 0.5836 0.5770 0.7875 | 0.1897 30.6287 36.8456 18.1455 42.2901 55.9838
lr at 59th epoch is 0.0001 for optimizer and 0.0005 for film
current performance: 30.5957, best performance: 30.3047
Epoch: 0059 | TRAIN: 0.9674 0.3663 0.7341 | 0.4554 0.4554 0.2056 | 0.1923 30.8285 26.6142 0.1793 0.4259 0.5638 TEST: 1.2653 0.4150 0.6628 | 0.5279 0.5200 0.7318 | 0.1838 30.0014 36.2201 19.2377 43.5331 57.1256
lr at 60th epoch is 0.0001 for optimizer and 0.00025 for film
current performance: 25.8928, best performance: 30.5957
Epoch: 0060 | TRAIN: 0.9261 0.3806 0.7424 | 0.4415 0.4415 0.2045 | 0.1884 30.4380 26.1535 0.1838 0.4342 0.5712 TEST: 1.2778 0.3957 0.6603 | 0.5693 0.5604 0.7892 | 0.1872 30.4454 36.5671 17.7212 42.6438 56.5709
lr at 61th epoch is 0.0001 for optimizer and 0.00025 for film
current performance: 18.8874, best performance: 30.5957
Epoch: 0061 | TRAIN: 1.0078 0.3620 0.7275 | 0.4506 0.4506 0.2049 | 0.1925 30.8298 26.4970 0.1788 0.4287 0.5649 TEST: 1.4926 0.3555 0.6390 | 0.6101 0.6049 0.8099 | 0.1878 30.3965 36.6047 18.7678 42.8240 56.3313
lr at 62th epoch is 0.0001 for optimizer and 0.00025 for film
current performance: 27.1934, best performance: 30.5957
Epoch: 0062 | TRAIN: 0.9785 0.3723 0.7339 | 0.4464 0.4464 0.2120 | 0.1902 30.5195 26.0437 0.1854 0.4372 0.5731 TEST: 1.3182 0.3964 0.6659 | 0.5418 0.5355 0.7433 | 0.1872 30.3195 36.5414 18.8008 43.1231 56.6163
lr at 63th epoch is 0.0001 for optimizer and 0.00025 for film
current performance: 28.0454, best performance: 30.5957
Epoch: 0063 | TRAIN: 0.9616 0.3723 0.7380 | 0.4264 0.4264 0.1975 | 0.1901 30.5173 26.0316 0.1855 0.4375 0.5732 TEST: 1.3692 0.3993 0.6604 | 0.5449 0.5344 0.7843 | 0.1837 29.9221 36.2330 19.4877 44.1067 57.5663
lr at 64th epoch is 0.0001 for optimizer and 0.00025 for film
current performance: 28.8563, best performance: 30.5957
Epoch: 0064 | TRAIN: 0.9244 0.3887 0.7513 | 0.4325 0.4325 0.1992 | 0.1847 29.9559 25.4380 0.1931 0.4491 0.5844 TEST: 1.3235 0.4009 0.6663 | 0.5260 0.5187 0.7288 | 0.1849 29.9895 36.3693 19.5439 44.2563 57.6930
lr at 65th epoch is 0.0001 for optimizer and 0.00025 for film
current performance: 27.3856, best performance: 30.5957
Epoch: 0065 | TRAIN: 0.9814 0.3732 0.7379 | 0.4467 0.4467 0.2081 | 0.1873 30.2525 25.7302 0.1860 0.4431 0.5797 TEST: 1.3872 0.3949 0.6597 | 0.5317 0.5238 0.7575 | 0.1882 30.4271 36.6655 18.8286 42.6301 56.2549
lr at 66th epoch is 0.0001 for optimizer and 0.00025 for film
current performance: 27.0559, best performance: 30.5957
Epoch: 0066 | TRAIN: 0.9932 0.3803 0.7388 | 0.4534 0.4534 0.2056 | 0.1860 30.1011 25.5387 0.1895 0.4456 0.5826 TEST: 1.4234 0.3877 0.6511 | 0.5293 0.5224 0.7230 | 0.1827 29.9579 36.1197 18.5723 44.0712 57.6030
lr at 67th epoch is 0.0001 for optimizer and 0.00025 for film
current performance: 29.4041, best performance: 30.5957
Epoch: 0067 | TRAIN: 1.0057 0.3717 0.7371 | 0.4341 0.4341 0.2018 | 0.1875 30.2728 25.8970 0.1892 0.4409 0.5759 TEST: 1.3516 0.3966 0.6599 | 0.5113 0.5026 0.7234 | 0.1808 29.6270 35.9339 20.0138 44.7234 58.1113
lr at 68th epoch is 0.0001 for optimizer and 0.00025 for film
current performance: 28.3938, best performance: 30.5957
Epoch: 0068 | TRAIN: 0.9883 0.3770 0.7372 | 0.4426 0.4426 0.2061 | 0.1898 30.4991 26.0634 0.1860 0.4354 0.5725 TEST: 1.4295 0.3871 0.6596 | 0.5110 0.5030 0.7141 | 0.1796 29.4387 35.8140 20.5054 45.3837 58.5955
lr at 69th epoch is 0.0001 for optimizer and 0.00025 for film
current performance: 26.6329, best performance: 30.5957
Epoch: 0069 | TRAIN: 1.0365 0.3688 0.7292 | 0.4375 0.4375 0.2043 | 0.1906 30.6047 26.2766 0.1838 0.4341 0.5696 TEST: 1.3595 0.3847 0.6568 | 0.5241 0.5149 0.7384 | 0.1855 30.2800 36.3547 18.5939 42.4409 56.2153
lr at 70th epoch is 0.0001 for optimizer and 0.00025 for film
current performance: 29.9256, best performance: 30.5957
Epoch: 0070 | TRAIN: 0.9481 0.3766 0.7409 | 0.4256 0.4256 0.1954 | 0.1890 30.4287 25.9876 0.1857 0.4379 0.5739 TEST: 1.2446 0.4082 0.6674 | 0.5202 0.5108 0.7407 | 0.1861 30.1797 36.4969 18.4315 43.9023 57.5691
lr at 71th epoch is 0.0001 for optimizer and 0.00025 for film
current performance: 29.6588, best performance: 30.5957
Epoch: 0071 | TRAIN: 0.9130 0.3824 0.7528 | 0.4369 0.4369 0.2046 | 0.1845 29.9264 25.3848 0.1963 0.4492 0.5831 TEST: 1.2918 0.4052 0.6663 | 0.5227 0.5144 0.7248 | 0.1840 29.9306 36.2672 19.8005 43.9693 57.4862
lr at 72th epoch is 0.0001 for optimizer and 0.00025 for film
current performance: 30.6859, best performance: 30.5957
Epoch: 0072 | TRAIN: 0.9152 0.3998 0.7557 | 0.4199 0.4199 0.1934 | 0.1839 29.8177 25.2895 0.2006 0.4516 0.5858 TEST: 1.3045 0.4083 0.6670 | 0.5032 0.4948 0.7046 | 0.1870 30.1243 36.6015 20.0067 44.1007 57.3276
lr at 73th epoch is 0.0001 for optimizer and 0.00025 for film
current performance: 23.8247, best performance: 30.6859
Epoch: 0073 | TRAIN: 0.9764 0.3812 0.7461 | 0.4260 0.4260 0.1957 | 0.1831 29.7171 25.0070 0.2004 0.4561 0.5907 TEST: 1.4579 0.3852 0.6586 | 0.5944 0.5834 0.8225 | 0.1863 30.1979 36.4636 18.8826 43.5512 57.0179
lr at 74th epoch is 0.0001 for optimizer and 0.00025 for film
current performance: 30.0090, best performance: 30.6859
Epoch: 0074 | TRAIN: 0.9799 0.3896 0.7478 | 0.4312 0.4312 0.2002 | 0.1822 29.6747 25.1147 0.2000 0.4542 0.5893 TEST: 1.3736 0.4119 0.6639 | 0.5478 0.5370 0.7824 | 0.1795 29.5080 35.7965 19.9950 44.8802 58.4647
lr at 75th epoch is 0.0001 for optimizer and 0.00025 for film
current performance: 27.6679, best performance: 30.6859
Epoch: 0075 | TRAIN: 1.0014 0.3750 0.7395 | 0.4235 0.4235 0.1974 | 0.1847 29.9387 25.3466 0.1947 0.4501 0.5850 TEST: 1.3378 0.3974 0.6623 | 0.5493 0.5395 0.7779 | 0.1843 29.8493 36.3478 19.8394 44.9305 58.2831
lr at 76th epoch is 0.0001 for optimizer and 0.00025 for film
current performance: 27.2754, best performance: 30.6859
Epoch: 0076 | TRAIN: 0.9531 0.3882 0.7480 | 0.4171 0.4171 0.1893 | 0.1826 29.7099 25.1087 0.1984 0.4545 0.5891 TEST: 1.4099 0.3932 0.6563 | 0.5515 0.5419 0.7801 | 0.1813 29.6318 35.9773 20.1879 44.6671 58.1164
lr at 77th epoch is 0.0001 for optimizer and 0.00025 for film
current performance: 27.0065, best performance: 30.6859
Epoch: 0077 | TRAIN: 0.9780 0.3927 0.7493 | 0.4279 0.4279 0.1948 | 0.1815 29.5586 24.8772 0.2029 0.4585 0.5925 TEST: 1.3977 0.3931 0.6651 | 0.5584 0.5497 0.7843 | 0.1816 29.5520 36.0747 20.6984 45.1131 58.5400
lr at 78th epoch is 0.0001 for optimizer and 0.00025 for film
current performance: 27.3158, best performance: 30.6859
Epoch: 0078 | TRAIN: 0.9594 0.3934 0.7521 | 0.4108 0.4108 0.1861 | 0.1812 29.4970 24.8185 0.2056 0.4604 0.5945 TEST: 1.3244 0.3952 0.6607 | 0.5655 0.5546 0.8061 | 0.1783 29.3289 35.6772 20.4842 45.3501 58.7884
lr at 79th epoch is 0.0001 for optimizer and 0.00025 for film
current performance: 29.8687, best performance: 30.6859
Epoch: 0079 | TRAIN: 0.9425 0.3881 0.7517 | 0.4273 0.4273 0.1963 | 0.1809 29.5439 24.9334 0.2021 0.4579 0.5915 TEST: 1.3339 0.4003 0.6622 | 0.5142 0.5064 0.7164 | 0.1808 29.4928 35.9731 20.7892 45.2885 58.4870
lr at 80th epoch is 0.0001 for optimizer and 0.00025 for film
current performance: 30.5156, best performance: 30.6859
Epoch: 0080 | TRAIN: 0.9615 0.3874 0.7524 | 0.4109 0.4109 0.1909 | 0.1803 29.4186 24.6382 0.2046 0.4640 0.5972 TEST: 1.3755 0.4100 0.6640 | 0.5273 0.5186 0.7302 | 0.1799 29.5474 35.8569 19.4876 44.9435 58.6443
lr at 81th epoch is 0.0001 for optimizer and 0.00025 for film
current performance: 28.2922, best performance: 30.6859
Epoch: 0081 | TRAIN: 1.0331 0.3734 0.7362 | 0.4302 0.4302 0.1966 | 0.1848 29.9440 25.3293 0.1941 0.4502 0.5851 TEST: 1.3740 0.3946 0.6662 | 0.5243 0.5151 0.7356 | 0.1845 29.9150 36.3099 19.8837 44.3512 57.7377
lr at 82th epoch is 0.0001 for optimizer and 0.00025 for film
current performance: 31.6885, best performance: 30.6859
Epoch: 0082 | TRAIN: 0.9756 0.3896 0.7495 | 0.4152 0.4152 0.1903 | 0.1803 29.3986 24.6889 0.2071 0.4626 0.5962 TEST: 1.3517 0.4061 0.6756 | 0.4959 0.4873 0.7068 | 0.1781 29.2660 35.6698 20.7296 45.6242 59.0293
lr at 83th epoch is 0.0001 for optimizer and 0.00025 for film
current performance: 30.6507, best performance: 31.6885
Epoch: 0083 | TRAIN: 0.9219 0.3963 0.7596 | 0.4136 0.4136 0.1883 | 0.1781 29.1637 24.4220 0.2109 0.4677 0.6011 TEST: 1.3836 0.4087 0.6670 | 0.5185 0.5115 0.7198 | 0.1802 29.5488 35.8667 20.0682 44.8237 58.2982
lr at 84th epoch is 0.0001 for optimizer and 0.00025 for film
current performance: 29.0798, best performance: 31.6885
Epoch: 0084 | TRAIN: 0.9383 0.3870 0.7516 | 0.4016 0.4016 0.1863 | 0.1787 29.2614 24.6571 0.2090 0.4645 0.5972 TEST: 1.3938 0.3909 0.6575 | 0.5077 0.4991 0.7119 | 0.1802 29.4029 35.9011 20.7724 45.5917 58.8901
lr at 85th epoch is 0.0001 for optimizer and 0.00025 for film
current performance: 28.5094, best performance: 31.6885
Epoch: 0085 | TRAIN: 0.9507 0.3968 0.7582 | 0.4189 0.4189 0.1923 | 0.1769 29.0233 24.2212 0.2132 0.4721 0.6044 TEST: 1.4484 0.4122 0.6629 | 0.5779 0.5709 0.7898 | 0.1822 29.5664 36.1863 20.1169 46.0090 59.2116
lr at 86th epoch is 0.0001 for optimizer and 0.00025 for film
current performance: 28.7655, best performance: 31.6885
Epoch: 0086 | TRAIN: 0.9591 0.3934 0.7557 | 0.4162 0.4162 0.1900 | 0.1796 29.3737 24.8137 0.2064 0.4604 0.5949 TEST: 1.3828 0.4000 0.6656 | 0.5383 0.5291 0.7677 | 0.1796 29.5631 35.7916 19.9217 44.3770 57.9549
lr at 87th epoch is 0.0001 for optimizer and 0.00025 for film
current performance: 30.7472, best performance: 31.6885
Epoch: 0087 | TRAIN: 0.9292 0.3998 0.7594 | 0.4029 0.4029 0.1842 | 0.1814 29.5048 24.8563 0.2060 0.4598 0.5940 TEST: 1.3886 0.4062 0.6668 | 0.5188 0.5116 0.7226 | 0.1782 29.1716 35.7078 21.0957 46.4166 59.5573
lr at 88th epoch is 0.0001 for optimizer and 0.00025 for film
current performance: 32.6424, best performance: 31.6885
Epoch: 0088 | TRAIN: 0.9356 0.3979 0.7583 | 0.4023 0.4023 0.1836 | 0.1772 29.0492 24.2952 0.2145 0.4709 0.6028 TEST: 1.3548 0.4143 0.6739 | 0.5000 0.4927 0.7009 | 0.1765 29.1340 35.4916 20.9166 45.7312 59.1420
lr at 89th epoch is 0.0001 for optimizer and 0.00025 for film
current performance: 30.4146, best performance: 32.6424
Epoch: 0089 | TRAIN: 0.9356 0.4003 0.7555 | 0.4107 0.4107 0.1900 | 0.1775 29.1351 24.4823 0.2116 0.4659 0.5994 TEST: 1.3760 0.4116 0.6706 | 0.5450 0.5355 0.7570 | 0.1776 29.1700 35.5986 21.2628 45.7633 59.0137
lr at 90th epoch is 0.0001 for optimizer and 0.000125 for film
current performance: 31.0714, best performance: 32.6424
Epoch: 0090 | TRAIN: 0.9767 0.3868 0.7472 | 0.4032 0.4032 0.1838 | 0.1784 29.1675 24.3649 0.2111 0.4698 0.6024 TEST: 1.3622 0.4132 0.6720 | 0.5392 0.5287 0.7808 | 0.1769 29.0205 35.5720 21.5789 46.6702 59.7702
lr at 91th epoch is 0.0001 for optimizer and 0.000125 for film
current performance: 28.6530, best performance: 32.6424
Epoch: 0091 | TRAIN: 0.9687 0.3902 0.7477 | 0.4261 0.4261 0.1949 | 0.1773 29.0486 24.3274 0.2135 0.4717 0.6037 TEST: 1.4908 0.3860 0.6477 | 0.5032 0.4948 0.7117 | 0.1785 29.3906 35.6859 20.4227 44.9460 58.5110
lr at 92th epoch is 0.0001 for optimizer and 0.000125 for film
current performance: 31.3553, best performance: 32.6424
Epoch: 0092 | TRAIN: 0.9292 0.3967 0.7563 | 0.4181 0.4181 0.1902 | 0.1789 29.2794 24.6720 0.2081 0.4645 0.5975 TEST: 1.3933 0.4063 0.6631 | 0.5079 0.5001 0.7093 | 0.1761 29.0793 35.4714 21.1008 45.8178 59.2377
lr at 93th epoch is 0.0001 for optimizer and 0.000125 for film
current performance: 31.0720, best performance: 32.6424
Epoch: 0093 | TRAIN: 0.9403 0.3854 0.7540 | 0.4002 0.4002 0.1846 | 0.1778 29.1366 24.4648 0.2123 0.4670 0.5996 TEST: 1.4021 0.4049 0.6657 | 0.5119 0.5028 0.7151 | 0.1763 29.0755 35.4549 21.5031 45.6076 59.0006
lr at 94th epoch is 0.0001 for optimizer and 0.000125 for film
current performance: 27.6338, best performance: 32.6424
Epoch: 0094 | TRAIN: 0.9481 0.3944 0.7585 | 0.4011 0.4011 0.1811 | 0.1744 28.7399 24.0156 0.2198 0.4765 0.6093 TEST: 1.4313 0.3910 0.6675 | 0.5450 0.5352 0.7733 | 0.1805 29.3134 35.9744 21.6133 46.1501 59.1916
lr at 95th epoch is 0.0001 for optimizer and 0.000125 for film
current performance: 31.6280, best performance: 32.6424
Epoch: 0095 | TRAIN: 0.9386 0.4018 0.7555 | 0.3965 0.3965 0.1809 | 0.1765 28.9586 24.2754 0.2152 0.4727 0.6058 TEST: 1.3878 0.4058 0.6735 | 0.4984 0.4899 0.7087 | 0.1772 29.1763 35.5687 20.9956 45.7829 59.0072
lr at 96th epoch is 0.0001 for optimizer and 0.000125 for film
current performance: 29.6033, best performance: 32.6424
Epoch: 0096 | TRAIN: 0.9525 0.3985 0.7558 | 0.3925 0.3925 0.1779 | 0.1760 28.9659 24.3160 0.2131 0.4715 0.6048 TEST: 1.4210 0.3952 0.6596 | 0.5019 0.4956 0.7007 | 0.1796 29.5608 35.7703 20.1192 44.2939 57.8829
lr at 97th epoch is 0.0001 for optimizer and 0.000125 for film
current performance: 30.7757, best performance: 32.6424
Epoch: 0097 | TRAIN: 0.9611 0.4046 0.7607 | 0.4033 0.4033 0.1826 | 0.1759 28.9193 24.2108 0.2165 0.4725 0.6049 TEST: 1.4446 0.4014 0.6668 | 0.5008 0.4918 0.7126 | 0.1797 29.3655 35.8624 20.6638 45.6643 59.1150
lr at 98th epoch is 0.0001 for optimizer and 0.000125 for film
current performance: 31.9410, best performance: 32.6424
Epoch: 0098 | TRAIN: 0.9494 0.4035 0.7592 | 0.4015 0.4015 0.1859 | 0.1755 28.8226 23.9660 0.2183 0.4781 0.6091 TEST: 1.4078 0.4108 0.6662 | 0.5139 0.5040 0.7446 | 0.1749 28.9295 35.3292 21.6857 46.0675 59.3696
lr at 99th epoch is 0.0001 for optimizer and 0.000125 for film
current performance: 29.1513, best performance: 32.6424
Epoch: 0099 | TRAIN: 0.9604 0.3927 0.7523 | 0.3986 0.3986 0.1840 | 0.1754 28.8171 24.0170 0.2191 0.4773 0.6088 TEST: 1.4055 0.3918 0.6689 | 0.5089 0.5002 0.7154 | 0.1799 29.4035 35.9017 20.6678 45.7231 58.9988
lr at 100th epoch is 5e-05 for optimizer and 0.000125 for film
current performance: 34.1398, best performance: 32.6424
Epoch: 0100 | TRAIN: 0.9199 0.4178 0.7663 | 0.3697 0.3697 0.1738 | 0.1715 28.3622 23.5684 0.2297 0.4865 0.6168 TEST: 1.3489 0.4206 0.6811 | 0.5001 0.4914 0.7071 | 0.1729 28.5634 35.1713 22.6045 47.4030 60.5482
lr at 101th epoch is 5e-05 for optimizer and 0.000125 for film
current performance: 34.9473, best performance: 34.1398
Epoch: 0101 | TRAIN: 0.8865 0.4243 0.7709 | 0.3701 0.3701 0.1679 | 0.1680 27.9534 22.9274 0.2375 0.4970 0.6256 TEST: 1.3034 0.4243 0.6820 | 0.4909 0.4817 0.7117 | 0.1722 28.6361 35.0196 22.0095 46.5984 59.9989
lr at 102th epoch is 5e-05 for optimizer and 0.000125 for film
current performance: 34.8850, best performance: 34.9473
Epoch: 0102 | TRAIN: 0.8615 0.4246 0.7752 | 0.3548 0.3548 0.1624 | 0.1683 28.0004 23.0659 0.2362 0.4960 0.6252 TEST: 1.3484 0.4198 0.6801 | 0.4849 0.4759 0.6976 | 0.1715 28.3952 35.0276 22.9049 47.8999 61.0177
lr at 103th epoch is 5e-05 for optimizer and 0.000125 for film
current performance: 35.1892, best performance: 34.9473
Epoch: 0103 | TRAIN: 0.8889 0.4282 0.7741 | 0.3602 0.3602 0.1655 | 0.1675 27.8859 22.9277 0.2395 0.4980 0.6273 TEST: 1.3603 0.4222 0.6810 | 0.4886 0.4804 0.6898 | 0.1697 28.2321 34.8292 22.9025 48.3538 61.4185
lr at 104th epoch is 5e-05 for optimizer and 0.000125 for film
current performance: 33.7344, best performance: 35.1892
Epoch: 0104 | TRAIN: 0.8971 0.4220 0.7743 | 0.3652 0.3652 0.1674 | 0.1667 27.7893 22.7314 0.2406 0.5018 0.6299 TEST: 1.3827 0.4189 0.6798 | 0.4978 0.4892 0.7067 | 0.1744 28.8098 35.3000 21.7704 46.6491 59.9407
lr at 105th epoch is 5e-05 for optimizer and 0.000125 for film
current performance: 33.4729, best performance: 35.1892
Epoch: 0105 | TRAIN: 0.8847 0.4279 0.7775 | 0.3559 0.3559 0.1666 | 0.1660 27.7120 22.7001 0.2419 0.5032 0.6311 TEST: 1.4203 0.4056 0.6759 | 0.4820 0.4746 0.6756 | 0.1685 28.0869 34.6778 23.3883 48.3481 61.4527
lr at 106th epoch is 5e-05 for optimizer and 0.000125 for film
current performance: 35.4061, best performance: 35.1892
Epoch: 0106 | TRAIN: 0.8990 0.4250 0.7768 | 0.3667 0.3667 0.1645 | 0.1665 27.7929 22.8105 0.2400 0.4994 0.6289 TEST: 1.3453 0.4185 0.6776 | 0.4749 0.4668 0.6773 | 0.1688 28.1366 34.7393 23.1323 48.3199 61.4501
lr at 107th epoch is 5e-05 for optimizer and 0.000125 for film
current performance: 34.7267, best performance: 35.4061
Epoch: 0107 | TRAIN: 0.8775 0.4234 0.7784 | 0.3679 0.3679 0.1633 | 0.1654 27.6552 22.6118 0.2444 0.5032 0.6311 TEST: 1.3870 0.4177 0.6851 | 0.4839 0.4752 0.6960 | 0.1710 28.3315 34.9723 23.0215 48.3046 61.2220
lr at 108th epoch is 5e-05 for optimizer and 0.000125 for film
current performance: 34.8730, best performance: 35.4061
Epoch: 0108 | TRAIN: 0.8822 0.4249 0.7793 | 0.3625 0.3625 0.1626 | 0.1673 27.8353 22.7727 0.2401 0.5011 0.6294 TEST: 1.3681 0.4179 0.6871 | 0.4788 0.4705 0.6839 | 0.1704 28.3977 34.8581 22.4928 47.4141 60.6512
lr at 109th epoch is 5e-05 for optimizer and 0.000125 for film
current performance: 36.1616, best performance: 35.4061
Epoch: 0109 | TRAIN: 0.9003 0.4303 0.7797 | 0.3626 0.3626 0.1651 | 0.1667 27.8065 22.8727 0.2405 0.4993 0.6283 TEST: 1.4134 0.4258 0.6798 | 0.4815 0.4725 0.6871 | 0.1689 28.0737 34.7457 23.5570 48.6286 61.6439
lr at 110th epoch is 5e-05 for optimizer and 0.000125 for film
current performance: 33.6275, best performance: 36.1616
Epoch: 0110 | TRAIN: 0.9092 0.4287 0.7784 | 0.3623 0.3623 0.1636 | 0.1657 27.6780 22.6630 0.2427 0.5031 0.6320 TEST: 1.4141 0.4143 0.6766 | 0.4958 0.4867 0.7126 | 0.1707 28.4827 34.8784 22.1179 47.1302 60.3857
lr at 111th epoch is 5e-05 for optimizer and 0.000125 for film
current performance: 36.3145, best performance: 36.1616
Epoch: 0111 | TRAIN: 0.8976 0.4276 0.7768 | 0.3589 0.3589 0.1632 | 0.1667 27.7976 22.8275 0.2408 0.5002 0.6285 TEST: 1.3900 0.4267 0.6828 | 0.4797 0.4713 0.6834 | 0.1688 28.0874 34.7402 23.5069 48.5153 61.5572
lr at 112th epoch is 5e-05 for optimizer and 0.000125 for film
current performance: 34.9522, best performance: 36.3145
Epoch: 0112 | TRAIN: 0.9344 0.4213 0.7769 | 0.3602 0.3602 0.1675 | 0.1672 27.8459 22.8859 0.2388 0.4995 0.6295 TEST: 1.3844 0.4197 0.6810 | 0.4840 0.4753 0.6860 | 0.1710 28.3517 34.9762 22.9383 47.9123 61.0251
lr at 113th epoch is 5e-05 for optimizer and 0.000125 for film
current performance: 35.5257, best performance: 36.3145
Epoch: 0113 | TRAIN: 0.8973 0.4239 0.7793 | 0.3612 0.3612 0.1663 | 0.1670 27.8177 22.8223 0.2404 0.4999 0.6295 TEST: 1.3618 0.4301 0.6846 | 0.5074 0.4964 0.7355 | 0.1703 28.2032 34.9175 23.2938 48.4708 61.5401
lr at 114th epoch is 5e-05 for optimizer and 0.000125 for film
current performance: 34.9279, best performance: 36.3145
Epoch: 0114 | TRAIN: 0.9015 0.4313 0.7790 | 0.3554 0.3554 0.1628 | 0.1649 27.5738 22.4836 0.2453 0.5071 0.6347 TEST: 1.3940 0.4207 0.6847 | 0.4881 0.4812 0.6818 | 0.1699 28.2613 34.8273 23.0921 47.9525 61.0233
lr at 115th epoch is 5e-05 for optimizer and 0.000125 for film
current performance: 35.0975, best performance: 36.3145
Epoch: 0115 | TRAIN: 0.8667 0.4356 0.7833 | 0.3576 0.3576 0.1620 | 0.1642 27.4590 22.3460 0.2482 0.5108 0.6380 TEST: 1.3713 0.4203 0.6866 | 0.4829 0.4749 0.6757 | 0.1703 28.3060 34.8819 23.0485 47.9509 60.9733
lr at 116th epoch is 5e-05 for optimizer and 0.000125 for film
current performance: 36.2024, best performance: 36.3145
Epoch: 0116 | TRAIN: 0.9012 0.4282 0.7800 | 0.3598 0.3598 0.1639 | 0.1669 27.8069 22.7869 0.2397 0.5014 0.6302 TEST: 1.3772 0.4294 0.6863 | 0.4922 0.4828 0.7161 | 0.1680 28.0512 34.6365 23.4141 48.4803 61.5594
lr at 117th epoch is 5e-05 for optimizer and 0.000125 for film
current performance: 36.3611, best performance: 36.3145
Epoch: 0117 | TRAIN: 0.9047 0.4375 0.7780 | 0.3571 0.3571 0.1619 | 0.1652 27.5814 22.5273 0.2468 0.5070 0.6342 TEST: 1.3845 0.4266 0.6877 | 0.4816 0.4722 0.6984 | 0.1678 27.9984 34.6304 23.4254 48.7201 61.8520
lr at 118th epoch is 5e-05 for optimizer and 0.000125 for film
current performance: 33.5721, best performance: 36.3611
Epoch: 0118 | TRAIN: 0.9404 0.4325 0.7761 | 0.3604 0.3604 0.1666 | 0.1646 27.5334 22.4733 0.2464 0.5062 0.6348 TEST: 1.4249 0.4216 0.6830 | 0.5302 0.5201 0.7588 | 0.1684 28.0682 34.6885 23.4531 48.4061 61.5659
lr at 119th epoch is 5e-05 for optimizer and 0.000125 for film
current performance: 35.7751, best performance: 36.3611
Epoch: 0119 | TRAIN: 0.9225 0.4273 0.7774 | 0.3519 0.3519 0.1650 | 0.1643 27.4992 22.5210 0.2476 0.5073 0.6352 TEST: 1.3989 0.4226 0.6843 | 0.4809 0.4722 0.6880 | 0.1690 28.0620 34.7932 23.5753 48.8517 61.8315
lr at 120th epoch is 5e-05 for optimizer and 6.25e-05 for film
current performance: 37.5024, best performance: 36.3611
Epoch: 0120 | TRAIN: 0.8810 0.4295 0.7812 | 0.3580 0.3580 0.1625 | 0.1649 27.5373 22.5168 0.2476 0.5072 0.6352 TEST: 1.3634 0.4338 0.6886 | 0.4725 0.4640 0.6766 | 0.1695 28.1173 34.8632 23.5471 48.5904 61.6808
lr at 121th epoch is 5e-05 for optimizer and 6.25e-05 for film
current performance: 36.6566, best performance: 37.5024
Epoch: 0121 | TRAIN: 0.9366 0.4247 0.7792 | 0.3550 0.3550 0.1616 | 0.1645 27.4674 22.3417 0.2489 0.5107 0.6379 TEST: 1.3646 0.4285 0.6876 | 0.4804 0.4714 0.6897 | 0.1677 27.9827 34.6312 23.5285 48.7670 61.7851
lr at 122th epoch is 5e-05 for optimizer and 6.25e-05 for film
current performance: 35.9171, best performance: 37.5024
Epoch: 0122 | TRAIN: 0.9041 0.4238 0.7793 | 0.3604 0.3604 0.1630 | 0.1638 27.4025 22.2805 0.2511 0.5100 0.6376 TEST: 1.3835 0.4245 0.6828 | 0.4817 0.4724 0.6851 | 0.1692 28.1459 34.7832 23.4539 48.3461 61.3412
lr at 123th epoch is 5e-05 for optimizer and 6.25e-05 for film
current performance: 35.2438, best performance: 37.5024
Epoch: 0123 | TRAIN: 0.8974 0.4352 0.7810 | 0.3605 0.3605 0.1610 | 0.1623 27.2593 22.1948 0.2535 0.5121 0.6398 TEST: 1.4210 0.4218 0.6827 | 0.4859 0.4769 0.7016 | 0.1703 28.2643 34.8837 23.3388 47.9215 60.9866
lr at 124th epoch is 5e-05 for optimizer and 6.25e-05 for film
current performance: 35.8590, best performance: 37.5024
Epoch: 0124 | TRAIN: 0.9370 0.4301 0.7785 | 0.3577 0.3577 0.1611 | 0.1616 27.2010 22.1616 0.2528 0.5138 0.6416 TEST: 1.4325 0.4205 0.6813 | 0.4731 0.4650 0.6723 | 0.1681 28.0241 34.6593 23.5098 48.5945 61.6781
lr at 125th epoch is 5e-05 for optimizer and 6.25e-05 for film
current performance: 34.9570, best performance: 37.5024
Epoch: 0125 | TRAIN: 0.8956 0.4264 0.7837 | 0.3452 0.3452 0.1575 | 0.1626 27.3236 22.2776 0.2492 0.5109 0.6390 TEST: 1.4163 0.4155 0.6822 | 0.4818 0.4729 0.6848 | 0.1679 27.9576 34.6655 23.6525 49.0695 62.0489
lr at 126th epoch is 5e-05 for optimizer and 6.25e-05 for film
current performance: 36.1572, best performance: 37.5024
Epoch: 0126 | TRAIN: 0.9131 0.4350 0.7803 | 0.3533 0.3533 0.1626 | 0.1625 27.3408 22.2968 0.2484 0.5102 0.6381 TEST: 1.3810 0.4264 0.6861 | 0.4805 0.4714 0.6887 | 0.1681 28.1870 34.5912 22.8066 47.5875 60.9692
lr at 127th epoch is 5e-05 for optimizer and 6.25e-05 for film
current performance: 36.4927, best performance: 37.5024
Epoch: 0127 | TRAIN: 0.9274 0.4319 0.7812 | 0.3549 0.3549 0.1616 | 0.1610 27.1289 22.0488 0.2553 0.5147 0.6416 TEST: 1.4209 0.4241 0.6863 | 0.4736 0.4645 0.6850 | 0.1673 27.8911 34.5887 23.8517 49.0992 62.1158
lr at 128th epoch is 5e-05 for optimizer and 6.25e-05 for film
current performance: 36.3974, best performance: 37.5024
Epoch: 0128 | TRAIN: 0.8922 0.4351 0.7863 | 0.3534 0.3534 0.1604 | 0.1621 27.2137 22.0518 0.2540 0.5164 0.6418 TEST: 1.4034 0.4273 0.6885 | 0.4850 0.4762 0.6945 | 0.1670 27.8866 34.5544 23.7821 49.0433 62.0424
lr at 129th epoch is 5e-05 for optimizer and 6.25e-05 for film
current performance: 35.4938, best performance: 37.5024
Epoch: 0129 | TRAIN: 0.9300 0.4324 0.7810 | 0.3483 0.3483 0.1586 | 0.1617 27.1672 22.0748 0.2554 0.5158 0.6421 TEST: 1.4332 0.4214 0.6866 | 0.4888 0.4800 0.7056 | 0.1666 27.8771 34.5021 23.8402 48.8510 61.8816
lr at 130th epoch is 5e-05 for optimizer and 6.25e-05 for film
current performance: 36.5145, best performance: 37.5024
Epoch: 0130 | TRAIN: 0.9226 0.4309 0.7838 | 0.3594 0.3594 0.1637 | 0.1628 27.2671 22.1355 0.2545 0.5146 0.6398 TEST: 1.4219 0.4271 0.6873 | 0.4812 0.4728 0.6821 | 0.1671 27.8949 34.5686 23.8314 48.9901 61.9592
lr at 131th epoch is 5e-05 for optimizer and 6.25e-05 for film
current performance: 35.1474, best performance: 37.5024
Epoch: 0131 | TRAIN: 0.9019 0.4404 0.7868 | 0.3500 0.3500 0.1567 | 0.1614 27.0859 21.8933 0.2587 0.5191 0.6445 TEST: 1.4280 0.4210 0.6858 | 0.4941 0.4842 0.7097 | 0.1682 27.9738 34.7016 23.7031 49.0664 62.0266
lr at 132th epoch is 5e-05 for optimizer and 6.25e-05 for film
current performance: 35.2347, best performance: 37.5024
Epoch: 0132 | TRAIN: 0.9212 0.4329 0.7839 | 0.3584 0.3584 0.1616 | 0.1626 27.2771 22.1482 0.2531 0.5119 0.6400 TEST: 1.4525 0.4235 0.6872 | 0.5035 0.4940 0.7219 | 0.1664 27.8071 34.4785 23.9438 49.2916 62.2280
lr at 133th epoch is 5e-05 for optimizer and 6.25e-05 for film
current performance: 35.5041, best performance: 37.5024
Epoch: 0133 | TRAIN: 0.9187 0.4321 0.7839 | 0.3510 0.3510 0.1591 | 0.1607 27.0836 21.9687 0.2551 0.5177 0.6443 TEST: 1.4542 0.4234 0.6857 | 0.4931 0.4846 0.6979 | 0.1674 27.9200 34.5973 23.9705 48.8752 61.8058
lr at 134th epoch is 5e-05 for optimizer and 6.25e-05 for film
current performance: 36.3853, best performance: 37.5024
Epoch: 0134 | TRAIN: 0.9098 0.4333 0.7864 | 0.3480 0.3480 0.1597 | 0.1614 27.1408 22.1297 0.2561 0.5160 0.6425 TEST: 1.4749 0.4253 0.6858 | 0.4796 0.4710 0.6905 | 0.1665 27.8666 34.5095 23.7607 48.9740 61.9752
lr at 135th epoch is 5e-05 for optimizer and 6.25e-05 for film
current performance: 36.5044, best performance: 37.5024
Epoch: 0135 | TRAIN: 0.9143 0.4370 0.7855 | 0.3494 0.3494 0.1594 | 0.1617 27.1422 21.9785 0.2577 0.5164 0.6430 TEST: 1.4331 0.4274 0.6864 | 0.4813 0.4719 0.6946 | 0.1673 27.9703 34.5816 23.5384 48.7985 61.8253
lr at 136th epoch is 5e-05 for optimizer and 6.25e-05 for film
current performance: 35.1097, best performance: 37.5024
Epoch: 0136 | TRAIN: 0.9063 0.4354 0.7872 | 0.3430 0.3430 0.1590 | 0.1614 27.0967 21.8634 0.2580 0.5191 0.6444 TEST: 1.4471 0.4230 0.6854 | 0.5018 0.4920 0.7235 | 0.1678 27.9373 34.6563 23.9120 48.9384 61.9085
lr at 137th epoch is 5e-05 for optimizer and 6.25e-05 for film
current performance: 36.3250, best performance: 37.5024
Epoch: 0137 | TRAIN: 0.9271 0.4370 0.7851 | 0.3492 0.3492 0.1586 | 0.1598 26.9410 21.7998 0.2610 0.5214 0.6468 TEST: 1.4685 0.4238 0.6882 | 0.4726 0.4646 0.6729 | 0.1681 28.0003 34.6682 23.8431 48.5541 61.5701
lr at 138th epoch is 5e-05 for optimizer and 6.25e-05 for film
current performance: 36.2703, best performance: 37.5024
Epoch: 0138 | TRAIN: 0.9040 0.4298 0.7865 | 0.3509 0.3509 0.1610 | 0.1609 27.0348 21.9100 0.2603 0.5189 0.6448 TEST: 1.4371 0.4333 0.6881 | 0.5002 0.4904 0.7257 | 0.1692 28.1370 34.7954 23.5472 48.3766 61.3762
lr at 139th epoch is 5e-05 for optimizer and 6.25e-05 for film
current performance: 35.7160, best performance: 37.5024
Epoch: 0139 | TRAIN: 0.9073 0.4383 0.7879 | 0.3497 0.3497 0.1587 | 0.1595 26.9252 21.6812 0.2596 0.5220 0.6481 TEST: 1.4572 0.4223 0.6822 | 0.4876 0.4786 0.6976 | 0.1667 27.8322 34.5354 23.9891 49.2601 62.2147
lr at 140th epoch is 5e-05 for optimizer and 6.25e-05 for film
current performance: 35.8113, best performance: 37.5024
Epoch: 0140 | TRAIN: 0.9275 0.4267 0.7800 | 0.3455 0.3455 0.1577 | 0.1611 27.0829 21.9484 0.2594 0.5185 0.6441 TEST: 1.4717 0.4231 0.6817 | 0.4822 0.4727 0.6921 | 0.1685 28.0703 34.6911 23.6513 48.4410 61.4247
lr at 141th epoch is 5e-05 for optimizer and 6.25e-05 for film
current performance: 36.2160, best performance: 37.5024
Epoch: 0141 | TRAIN: 0.9231 0.4268 0.7842 | 0.3480 0.3480 0.1592 | 0.1605 27.0375 21.9135 0.2565 0.5188 0.6461 TEST: 1.4473 0.4223 0.6848 | 0.4744 0.4661 0.6767 | 0.1671 27.8651 34.5722 24.1053 49.0034 61.9568
lr at 142th epoch is 5e-05 for optimizer and 6.25e-05 for film
current performance: 34.9215, best performance: 37.5024
Epoch: 0142 | TRAIN: 0.9258 0.4352 0.7864 | 0.3477 0.3477 0.1621 | 0.1617 27.1504 22.0824 0.2562 0.5166 0.6432 TEST: 1.5059 0.4178 0.6845 | 0.4864 0.4790 0.6790 | 0.1682 28.0158 34.6966 23.6584 48.7081 61.7164
lr at 143th epoch is 5e-05 for optimizer and 6.25e-05 for film
current performance: 36.5477, best performance: 37.5024
Epoch: 0143 | TRAIN: 0.9200 0.4318 0.7878 | 0.3485 0.3485 0.1597 | 0.1614 27.0847 22.0008 0.2596 0.5178 0.6436 TEST: 1.4645 0.4294 0.6888 | 0.4842 0.4750 0.6978 | 0.1689 28.0366 34.7948 23.8197 49.0098 61.8132
lr at 144th epoch is 5e-05 for optimizer and 6.25e-05 for film
current performance: 37.1009, best performance: 37.5024
Epoch: 0144 | TRAIN: 0.9272 0.4370 0.7888 | 0.3476 0.3476 0.1573 | 0.1606 26.9674 21.8150 0.2626 0.5218 0.6471 TEST: 1.4613 0.4303 0.6919 | 0.4776 0.4683 0.6904 | 0.1680 27.9088 34.7187 23.9382 49.3483 62.2664
lr at 145th epoch is 5e-05 for optimizer and 6.25e-05 for film
current performance: 37.0342, best performance: 37.5024
Epoch: 0145 | TRAIN: 0.9448 0.4301 0.7822 | 0.3501 0.3501 0.1589 | 0.1615 27.1310 22.0133 0.2572 0.5167 0.6435 TEST: 1.4927 0.4293 0.6878 | 0.4770 0.4689 0.6782 | 0.1664 27.8263 34.4904 24.0632 49.0363 62.0185
lr at 146th epoch is 5e-05 for optimizer and 6.25e-05 for film
current performance: 37.7973, best performance: 37.5024
Epoch: 0146 | TRAIN: 0.9598 0.4316 0.7818 | 0.3487 0.3487 0.1600 | 0.1613 27.0472 21.8208 0.2602 0.5204 0.6462 TEST: 1.4553 0.4359 0.6899 | 0.4768 0.4686 0.6717 | 0.1675 27.9077 34.6250 24.0557 48.9670 61.9154
lr at 147th epoch is 5e-05 for optimizer and 6.25e-05 for film
current performance: 35.9139, best performance: 37.7973
Epoch: 0147 | TRAIN: 0.9462 0.4316 0.7845 | 0.3492 0.3492 0.1595 | 0.1597 26.9207 21.7184 0.2608 0.5224 0.6477 TEST: 1.4785 0.4219 0.6861 | 0.4818 0.4733 0.6823 | 0.1662 27.8148 34.4761 23.9161 49.1111 62.1094
lr at 148th epoch is 5e-05 for optimizer and 6.25e-05 for film
current performance: 36.5842, best performance: 37.7973
Epoch: 0148 | TRAIN: 0.9089 0.4389 0.7910 | 0.3387 0.3387 0.1577 | 0.1596 26.9062 21.6769 0.2610 0.5225 0.6484 TEST: 1.4323 0.4270 0.6851 | 0.4833 0.4747 0.6860 | 0.1668 27.7376 34.5755 24.6966 49.7355 62.4494
lr at 149th epoch is 5e-05 for optimizer and 6.25e-05 for film
current performance: 35.7968, best performance: 37.7973
Epoch: 0149 | TRAIN: 0.9189 0.4363 0.7896 | 0.3427 0.3427 0.1570 | 0.1587 26.8040 21.6162 0.2636 0.5248 0.6493 TEST: 1.4651 0.4254 0.6855 | 0.4932 0.4857 0.6854 | 0.1672 27.8410 34.6213 24.0763 49.5713 62.3827
lr at 150th epoch is 5e-05 for optimizer and 3.125e-05 for film
current performance: 35.8422, best performance: 37.7973
Epoch: 0150 | TRAIN: 0.9276 0.4415 0.7871 | 0.3550 0.3550 0.1611 | 0.1595 26.8747 21.6808 0.2634 0.5234 0.6482 TEST: 1.4657 0.4283 0.6880 | 0.5066 0.4964 0.7303 | 0.1662 27.7220 34.5089 24.1898 49.6911 62.6669
lr at 151th epoch is 5e-05 for optimizer and 3.125e-05 for film
current performance: 36.3485, best performance: 37.7973
Epoch: 0151 | TRAIN: 0.9251 0.4312 0.7845 | 0.3429 0.3429 0.1584 | 0.1603 26.9615 21.7502 0.2617 0.5207 0.6468 TEST: 1.4590 0.4287 0.6902 | 0.4942 0.4841 0.7040 | 0.1665 27.7838 34.5111 24.2308 49.3151 62.2453
lr at 152th epoch is 5e-05 for optimizer and 3.125e-05 for film
current performance: 36.2074, best performance: 37.7973
Epoch: 0152 | TRAIN: 0.9214 0.4383 0.7882 | 0.3496 0.3496 0.1601 | 0.1595 26.9036 21.7429 0.2610 0.5226 0.6482 TEST: 1.4950 0.4240 0.6863 | 0.4829 0.4742 0.6885 | 0.1658 27.7572 34.4133 24.0450 49.2299 62.2234
lr at 153th epoch is 5e-05 for optimizer and 3.125e-05 for film
current performance: 36.7270, best performance: 37.7973
Epoch: 0153 | TRAIN: 0.9328 0.4433 0.7905 | 0.3468 0.3468 0.1557 | 0.1602 26.9499 21.7535 0.2630 0.5214 0.6470 TEST: 1.4687 0.4283 0.6859 | 0.4822 0.4735 0.6811 | 0.1670 27.8128 34.5955 24.1751 49.4817 62.4006
lr at 154th epoch is 5e-05 for optimizer and 3.125e-05 for film
current performance: 34.2026, best performance: 37.7973
Epoch: 0154 | TRAIN: 0.9356 0.4398 0.7875 | 0.3433 0.3433 0.1546 | 0.1583 26.7536 21.5929 0.2639 0.5263 0.6512 TEST: 1.4731 0.4095 0.6855 | 0.4851 0.4759 0.6999 | 0.1671 27.8282 34.5887 24.1453 49.4629 62.2720
lr at 155th epoch is 5e-05 for optimizer and 3.125e-05 for film
current performance: 37.3701, best performance: 37.7973
Epoch: 0155 | TRAIN: 0.9423 0.4432 0.7864 | 0.3552 0.3552 0.1619 | 0.1593 26.8245 21.6171 0.2661 0.5238 0.6497 TEST: 1.4299 0.4327 0.6882 | 0.4838 0.4743 0.6995 | 0.1666 27.7052 34.5530 24.4544 49.9056 62.6823
lr at 156th epoch is 5e-05 for optimizer and 3.125e-05 for film
current performance: 34.4586, best performance: 37.7973
Epoch: 0156 | TRAIN: 0.9427 0.4432 0.7859 | 0.3479 0.3479 0.1596 | 0.1592 26.7936 21.4467 0.2662 0.5271 0.6507 TEST: 1.5007 0.4215 0.6907 | 0.5153 0.5052 0.7488 | 0.1670 27.8392 34.5622 24.2655 49.1875 62.0527
lr at 157th epoch is 5e-05 for optimizer and 3.125e-05 for film
current performance: 35.0330, best performance: 37.7973
Epoch: 0157 | TRAIN: 0.9459 0.4391 0.7868 | 0.3390 0.3390 0.1563 | 0.1578 26.6939 21.5110 0.2659 0.5275 0.6528 TEST: 1.5414 0.4223 0.6744 | 0.5038 0.4935 0.7283 | 0.1668 27.8639 34.5363 23.7338 49.0448 62.1759
lr at 158th epoch is 5e-05 for optimizer and 3.125e-05 for film
current performance: 35.8388, best performance: 37.7973
Epoch: 0158 | TRAIN: 0.9466 0.4322 0.7852 | 0.3466 0.3466 0.1577 | 0.1604 26.9631 21.7125 0.2613 0.5231 0.6481 TEST: 1.5685 0.4177 0.6816 | 0.4726 0.4643 0.6741 | 0.1671 27.7492 34.6196 24.5252 49.8268 62.6914
lr at 159th epoch is 5e-05 for optimizer and 3.125e-05 for film
current performance: 36.0939, best performance: 37.7973
Epoch: 0159 | TRAIN: 0.9764 0.4365 0.7831 | 0.3445 0.3445 0.1550 | 0.1589 26.8108 21.6041 0.2632 0.5247 0.6508 TEST: 1.4530 0.4295 0.6876 | 0.5046 0.4943 0.7313 | 0.1665 27.7132 34.5410 24.5155 49.6614 62.5785
lr at 160th epoch is 5e-05 for optimizer and 3.125e-05 for film
current performance: 36.6845, best performance: 37.7973
Epoch: 0160 | TRAIN: 0.9473 0.4406 0.7881 | 0.3428 0.3428 0.1560 | 0.1588 26.7196 21.4482 0.2681 0.5293 0.6534 TEST: 1.5047 0.4258 0.6896 | 0.4807 0.4724 0.6828 | 0.1660 27.6008 34.4995 24.9123 50.1707 62.9156
lr at 161th epoch is 5e-05 for optimizer and 3.125e-05 for film
current performance: 37.1572, best performance: 37.7973
Epoch: 0161 | TRAIN: 0.9560 0.4414 0.7892 | 0.3556 0.3556 0.1600 | 0.1583 26.6973 21.4130 0.2688 0.5290 0.6524 TEST: 1.4888 0.4302 0.6862 | 0.4802 0.4721 0.6795 | 0.1662 27.6961 34.4878 24.6926 49.6521 62.4552
lr at 162th epoch is 5e-05 for optimizer and 3.125e-05 for film
current performance: 37.3432, best performance: 37.7973
Epoch: 0162 | TRAIN: 0.9857 0.4319 0.7821 | 0.3464 0.3464 0.1568 | 0.1596 26.8401 21.6299 0.2667 0.5250 0.6490 TEST: 1.4881 0.4303 0.6890 | 0.4803 0.4707 0.6991 | 0.1648 27.5909 34.3509 24.6805 49.7654 62.6336
lr at 163th epoch is 5e-05 for optimizer and 3.125e-05 for film
current performance: 33.3176, best performance: 37.7973
Epoch: 0163 | TRAIN: 0.9557 0.4338 0.7847 | 0.3406 0.3406 0.1545 | 0.1582 26.6375 21.3837 0.2724 0.5299 0.6534 TEST: 1.4896 0.4098 0.6658 | 0.4822 0.4744 0.6802 | 0.1753 28.7165 35.4977 22.6262 47.5562 60.6757
lr at 164th epoch is 5e-05 for optimizer and 3.125e-05 for film
current performance: 36.3569, best performance: 37.7973
Epoch: 0164 | TRAIN: 0.9280 0.4301 0.7837 | 0.3401 0.3401 0.1547 | 0.1590 26.8318 21.5892 0.2616 0.5243 0.6514 TEST: 1.4363 0.4251 0.6866 | 0.4769 0.4684 0.6821 | 0.1684 27.9755 34.7726 23.9525 49.0202 61.9842
lr at 165th epoch is 5e-05 for optimizer and 3.125e-05 for film
current performance: 34.3680, best performance: 37.7973
Epoch: 0165 | TRAIN: 0.9626 0.4271 0.7810 | 0.3443 0.3443 0.1566 | 0.1598 26.9218 21.6763 0.2604 0.5228 0.6489 TEST: 1.5227 0.4143 0.6817 | 0.4960 0.4871 0.7080 | 0.1671 27.7961 34.6163 24.3038 49.6062 62.4911
lr at 166th epoch is 5e-05 for optimizer and 3.125e-05 for film
current performance: 35.9677, best performance: 37.7973
Epoch: 0166 | TRAIN: 0.9611 0.4264 0.7806 | 0.3476 0.3476 0.1602 | 0.1590 26.7452 21.3953 0.2686 0.5288 0.6523 TEST: 1.4574 0.4228 0.6839 | 0.4871 0.4776 0.7000 | 0.1653 27.6982 34.4079 24.2357 49.4333 62.4095
lr at 167th epoch is 5e-05 for optimizer and 3.125e-05 for film
current performance: 37.1533, best performance: 37.7973
Epoch: 0167 | TRAIN: 0.9214 0.4392 0.7883 | 0.3387 0.3387 0.1514 | 0.1592 26.7669 21.5481 0.2676 0.5281 0.6519 TEST: 1.4962 0.4272 0.6864 | 0.4739 0.4652 0.6805 | 0.1659 27.6188 34.5147 24.8468 50.0043 62.7945
lr at 168th epoch is 5e-05 for optimizer and 3.125e-05 for film
current performance: 37.1758, best performance: 37.7973
Epoch: 0168 | TRAIN: 0.9558 0.4412 0.7886 | 0.3366 0.3366 0.1531 | 0.1588 26.7826 21.5875 0.2651 0.5267 0.6511 TEST: 1.4796 0.4294 0.6891 | 0.4780 0.4695 0.6812 | 0.1655 27.6889 34.4106 24.3046 49.4327 62.4121
lr at 169th epoch is 5e-05 for optimizer and 3.125e-05 for film
current performance: 37.2733, best performance: 37.7973
Epoch: 0169 | TRAIN: 0.9348 0.4327 0.7890 | 0.3403 0.3403 0.1574 | 0.1576 26.5832 21.2747 0.2707 0.5327 0.6564 TEST: 1.4622 0.4298 0.6881 | 0.4789 0.4699 0.6867 | 0.1655 27.6286 34.4337 24.5764 49.8000 62.6494
lr at 170th epoch is 5e-05 for optimizer and 3.125e-05 for film
current performance: 35.8147, best performance: 37.7973
Epoch: 0170 | TRAIN: 0.9591 0.4380 0.7880 | 0.3456 0.3456 0.1548 | 0.1564 26.4927 21.2147 0.2729 0.5327 0.6553 TEST: 1.4886 0.4275 0.6884 | 0.5086 0.4992 0.7362 | 0.1648 27.5433 34.3595 24.7499 49.9878 62.8886
lr at 171th epoch is 5e-05 for optimizer and 3.125e-05 for film
current performance: 37.6924, best performance: 37.7973
Epoch: 0171 | TRAIN: 0.9627 0.4392 0.7884 | 0.3448 0.3448 0.1560 | 0.1547 26.3145 21.0337 0.2748 0.5367 0.6604 TEST: 1.5016 0.4307 0.6906 | 0.4730 0.4643 0.6803 | 0.1654 27.5721 34.4404 24.8159 50.1380 62.9599
lr at 172th epoch is 5e-05 for optimizer and 3.125e-05 for film
current performance: 35.5862, best performance: 37.7973
Epoch: 0172 | TRAIN: 0.9446 0.4410 0.7896 | 0.3430 0.3430 0.1547 | 0.1575 26.5676 21.2289 0.2719 0.5328 0.6568 TEST: 1.4613 0.4319 0.6898 | 0.5206 0.5105 0.7342 | 0.1682 27.8172 34.7682 24.5249 49.9048 62.6960
lr at 173th epoch is 5e-05 for optimizer and 3.125e-05 for film
current performance: 37.2621, best performance: 37.7973
Epoch: 0173 | TRAIN: 0.9512 0.4366 0.7870 | 0.3504 0.3504 0.1573 | 0.1573 26.6316 21.3646 0.2667 0.5301 0.6546 TEST: 1.5048 0.4322 0.6898 | 0.4875 0.4784 0.6946 | 0.1650 27.5840 34.3826 24.6578 49.9143 62.7728
lr at 174th epoch is 5e-05 for optimizer and 3.125e-05 for film
current performance: 35.9399, best performance: 37.7973
Epoch: 0174 | TRAIN: 0.9277 0.4355 0.7906 | 0.3420 0.3420 0.1560 | 0.1558 26.4904 21.3838 0.2696 0.5302 0.6561 TEST: 1.5130 0.4220 0.6868 | 0.4874 0.4778 0.7029 | 0.1661 27.6234 34.5420 24.7582 50.2019 62.9806
lr at 175th epoch is 5e-05 for optimizer and 3.125e-05 for film
current performance: 36.3231, best performance: 37.7973
Epoch: 0175 | TRAIN: 0.9503 0.4360 0.7913 | 0.3541 0.3541 0.1596 | 0.1566 26.5543 21.3132 0.2702 0.5295 0.6544 TEST: 1.4710 0.4309 0.6919 | 0.5027 0.4929 0.7291 | 0.1667 27.7227 34.5740 24.5479 49.7186 62.5764
lr at 176th epoch is 5e-05 for optimizer and 3.125e-05 for film
current performance: 36.3234, best performance: 37.7973
Epoch: 0176 | TRAIN: 0.9519 0.4309 0.7874 | 0.3412 0.3412 0.1557 | 0.1574 26.5340 21.2399 0.2738 0.5335 0.6567 TEST: 1.5596 0.4258 0.6825 | 0.4844 0.4750 0.6975 | 0.1675 27.8314 34.6513 24.2526 49.6033 62.4789
lr at 177th epoch is 5e-05 for optimizer and 3.125e-05 for film
current performance: 37.2334, best performance: 37.7973
Epoch: 0177 | TRAIN: 0.9595 0.4333 0.7895 | 0.3428 0.3428 0.1569 | 0.1575 26.5510 21.2089 0.2727 0.5333 0.6566 TEST: 1.5052 0.4283 0.6901 | 0.4733 0.4652 0.6663 | 0.1659 27.6778 34.4777 24.4434 49.7267 62.6030
lr at 178th epoch is 5e-05 for optimizer and 3.125e-05 for film
current performance: 37.0369, best performance: 37.7973
Epoch: 0178 | TRAIN: 0.9419 0.4366 0.7891 | 0.3358 0.3358 0.1530 | 0.1560 26.4308 21.1227 0.2736 0.5347 0.6583 TEST: 1.5422 0.4273 0.6899 | 0.4816 0.4722 0.6935 | 0.1652 27.4681 34.4402 25.2275 50.6051 63.2535
lr at 179th epoch is 5e-05 for optimizer and 3.125e-05 for film
current performance: 36.9047, best performance: 37.7973
Epoch: 0179 | TRAIN: 0.9515 0.4338 0.7896 | 0.3408 0.3408 0.1532 | 0.1563 26.4509 21.1314 0.2743 0.5340 0.6570 TEST: 1.5201 0.4258 0.6893 | 0.4770 0.4682 0.6824 | 0.1662 27.5650 34.5627 25.0828 50.4694 63.1113
lr at 180th epoch is 5e-05 for optimizer and 1.5625e-05 for film
current performance: 37.8986, best performance: 37.7973
Epoch: 0180 | TRAIN: 0.9759 0.4382 0.7878 | 0.3453 0.3453 0.1596 | 0.1557 26.4370 21.1199 0.2713 0.5339 0.6583 TEST: 1.5286 0.4325 0.6925 | 0.4731 0.4644 0.6799 | 0.1660 27.5940 34.5134 24.8739 50.2347 63.0611
lr at 181th epoch is 5e-05 for optimizer and 1.5625e-05 for film
current performance: 35.6980, best performance: 37.8986
Epoch: 0181 | TRAIN: 0.9654 0.4411 0.7917 | 0.3407 0.3407 0.1547 | 0.1551 26.3736 21.1878 0.2737 0.5342 0.6580 TEST: 1.5631 0.4206 0.6856 | 0.4895 0.4802 0.7021 | 0.1651 27.5844 34.3934 24.6133 49.9885 62.8859
lr at 182th epoch is 5e-05 for optimizer and 1.5625e-05 for film
current performance: 35.7597, best performance: 37.8986
Epoch: 0182 | TRAIN: 0.9306 0.4349 0.7931 | 0.3389 0.3389 0.1543 | 0.1560 26.4412 21.1060 0.2721 0.5341 0.6583 TEST: 1.5256 0.4196 0.6829 | 0.4836 0.4740 0.7060 | 0.1649 27.6602 34.3181 24.2441 49.3543 62.3223
lr at 183th epoch is 5e-05 for optimizer and 1.5625e-05 for film
current performance: 36.6951, best performance: 37.8986
Epoch: 0183 | TRAIN: 0.9526 0.4411 0.7908 | 0.3325 0.3325 0.1528 | 0.1550 26.3483 21.1306 0.2751 0.5346 0.6589 TEST: 1.4904 0.4322 0.6911 | 0.4967 0.4874 0.7071 | 0.1684 27.7435 34.8120 24.9587 50.3317 62.9564
lr at 184th epoch is 5e-05 for optimizer and 1.5625e-05 for film
current performance: 36.5907, best performance: 37.8986
Epoch: 0184 | TRAIN: 0.9524 0.4379 0.7866 | 0.3446 0.3446 0.1603 | 0.1570 26.5077 21.1715 0.2736 0.5338 0.6571 TEST: 1.5126 0.4298 0.6903 | 0.4854 0.4763 0.7007 | 0.1694 27.9952 34.8639 24.2640 49.1274 62.0236
lr at 185th epoch is 5e-05 for optimizer and 1.5625e-05 for film
current performance: 34.7148, best performance: 37.8986
Epoch: 0185 | TRAIN: 0.9830 0.4412 0.7890 | 0.3424 0.3424 0.1565 | 0.1554 26.3458 21.0242 0.2755 0.5371 0.6609 TEST: 1.6282 0.4120 0.6816 | 0.4795 0.4707 0.6848 | 0.1684 27.8571 34.7608 24.6025 49.6537 62.3642
lr at 186th epoch is 5e-05 for optimizer and 1.5625e-05 for film
current performance: 37.0697, best performance: 37.8986
Epoch: 0186 | TRAIN: 0.9654 0.4362 0.7882 | 0.3427 0.3427 0.1557 | 0.1557 26.3419 20.9192 0.2776 0.5385 0.6610 TEST: 1.5548 0.4282 0.6883 | 0.4816 0.4731 0.6790 | 0.1646 27.5094 34.3456 24.9123 50.0742 62.9635
lr at 187th epoch is 5e-05 for optimizer and 1.5625e-05 for film
current performance: 37.2169, best performance: 37.8986
Epoch: 0187 | TRAIN: 0.9756 0.4414 0.7888 | 0.3391 0.3391 0.1533 | 0.1562 26.4306 21.1181 0.2754 0.5344 0.6570 TEST: 1.5416 0.4288 0.6906 | 0.4815 0.4721 0.6900 | 0.1634 27.4824 34.1808 24.6385 49.8640 62.7869
lr at 188th epoch is 5e-05 for optimizer and 1.5625e-05 for film
current performance: 39.2835, best performance: 37.8986
Epoch: 0188 | TRAIN: 0.9558 0.4372 0.7899 | 0.3391 0.3391 0.1545 | 0.1552 26.3404 21.0273 0.2747 0.5363 0.6606 TEST: 1.4550 0.4441 0.6938 | 0.4812 0.4721 0.6931 | 0.1642 27.3764 34.3323 25.3934 50.7096 63.4487
lr at 189th epoch is 5e-05 for optimizer and 1.5625e-05 for film
current performance: 36.1929, best performance: 39.2835
Epoch: 0189 | TRAIN: 0.9689 0.4350 0.7884 | 0.3444 0.3444 0.1577 | 0.1548 26.2625 20.9328 0.2792 0.5387 0.6611 TEST: 1.5384 0.4308 0.6887 | 0.5106 0.5006 0.7299 | 0.1651 27.5284 34.3937 24.8855 50.1503 63.0067
lr at 190th epoch is 5e-05 for optimizer and 1.5625e-05 for film
current performance: 36.7160, best performance: 39.2835
Epoch: 0190 | TRAIN: 0.9925 0.4319 0.7838 | 0.3373 0.3373 0.1549 | 0.1562 26.4252 21.1711 0.2752 0.5345 0.6581 TEST: 1.5361 0.4248 0.6867 | 0.4782 0.4700 0.6715 | 0.1646 27.5542 34.3325 24.6212 49.9918 62.8673
lr at 191th epoch is 5e-05 for optimizer and 1.5625e-05 for film
current performance: 37.3627, best performance: 39.2835
Epoch: 0191 | TRAIN: 0.9802 0.4331 0.7868 | 0.3473 0.3473 0.1590 | 0.1555 26.3493 21.0346 0.2775 0.5358 0.6585 TEST: 1.4671 0.4316 0.6887 | 0.4838 0.4742 0.6977 | 0.1654 27.5921 34.4223 24.6986 50.0497 62.9043
lr at 192th epoch is 5e-05 for optimizer and 1.5625e-05 for film
current performance: 37.8601, best performance: 39.2835
Epoch: 0192 | TRAIN: 0.9559 0.4383 0.7935 | 0.3428 0.3428 0.1592 | 0.1573 26.5281 21.1703 0.2742 0.5337 0.6564 TEST: 1.5379 0.4325 0.6873 | 0.4751 0.4666 0.6725 | 0.1650 27.5383 34.3993 24.9592 49.9920 62.8712
lr at 193th epoch is 5e-05 for optimizer and 1.5625e-05 for film
current performance: 36.6120, best performance: 39.2835
Epoch: 0193 | TRAIN: 0.9624 0.4373 0.7902 | 0.3404 0.3404 0.1559 | 0.1546 26.2131 20.8067 0.2806 0.5403 0.6625 TEST: 1.5409 0.4235 0.6901 | 0.4735 0.4647 0.6728 | 0.1663 27.7079 34.5064 24.6745 49.4850 62.3868
lr at 194th epoch is 5e-05 for optimizer and 1.5625e-05 for film
current performance: 36.7170, best performance: 39.2835
Epoch: 0194 | TRAIN: 0.9629 0.4369 0.7900 | 0.3346 0.3346 0.1506 | 0.1547 26.2901 20.9980 0.2758 0.5372 0.6613 TEST: 1.5331 0.4292 0.6889 | 0.4904 0.4814 0.6970 | 0.1654 27.6118 34.4417 24.5260 50.0923 62.9048
lr at 195th epoch is 5e-05 for optimizer and 1.5625e-05 for film
current performance: 36.9448, best performance: 39.2835
Epoch: 0195 | TRAIN: 0.9667 0.4361 0.7878 | 0.3436 0.3436 0.1558 | 0.1546 26.2880 20.9972 0.2761 0.5364 0.6600 TEST: 1.5522 0.4271 0.6895 | 0.4793 0.4705 0.6835 | 0.1656 27.5959 34.4485 24.8264 49.9565 62.8659
lr at 196th epoch is 5e-05 for optimizer and 1.5625e-05 for film
current performance: 37.8411, best performance: 39.2835
Epoch: 0196 | TRAIN: 0.9331 0.4423 0.7954 | 0.3419 0.3419 0.1569 | 0.1541 26.2192 20.9065 0.2777 0.5392 0.6623 TEST: 1.5122 0.4341 0.6885 | 0.4834 0.4751 0.6906 | 0.1639 27.4070 34.2451 25.2930 50.3050 63.0449
lr at 197th epoch is 5e-05 for optimizer and 1.5625e-05 for film
current performance: 36.7461, best performance: 39.2835
Epoch: 0197 | TRAIN: 0.9484 0.4432 0.7932 | 0.3403 0.3403 0.1537 | 0.1545 26.2437 20.9432 0.2786 0.5391 0.6614 TEST: 1.5225 0.4270 0.6898 | 0.4841 0.4758 0.6836 | 0.1656 27.5518 34.4473 25.1274 50.2240 62.8870
lr at 198th epoch is 5e-05 for optimizer and 1.5625e-05 for film
current performance: 37.6241, best performance: 39.2835
Epoch: 0198 | TRAIN: 0.9792 0.4354 0.7894 | 0.3411 0.3411 0.1561 | 0.1550 26.2952 20.9651 0.2779 0.5373 0.6600 TEST: 1.5363 0.4349 0.6896 | 0.4845 0.4754 0.6964 | 0.1672 27.6841 34.6525 24.8922 50.2565 62.9334
lr at 199th epoch is 5e-05 for optimizer and 1.5625e-05 for film
current performance: 37.3938, best performance: 39.2835
Epoch: 0199 | TRAIN: 0.9828 0.4387 0.7890 | 0.3430 0.3430 0.1529 | 0.1537 26.1711 20.8962 0.2793 0.5398 0.6626 TEST: 1.5496 0.4316 0.6899 | 0.4780 0.4695 0.6863 | 0.1661 27.7494 34.4779 24.2265 49.4302 62.3080
Epoch: 0188 | TRAIN: 0.9558 0.4372 0.7899 | 0.3391 0.3391 0.1545 | 0.1552 26.3404 21.0273 0.2747 0.5363 0.6606 TEST: 1.4550 0.4441 0.6938 | 0.4812 0.4721 0.6931 | 0.1642 27.3764 34.3323 25.3934 50.7096 63.4487
