
CommandNotFoundError: Your shell has not been properly configured to use 'conda activate'.
To initialize your shell, run

    $ conda init <SHELL_NAME>

Currently supported shells are:
  - bash
  - fish
  - tcsh
  - xonsh
  - zsh
  - powershell

See 'conda init --help' for more information and options.

IMPORTANT: You may need to close and restart your shell after running 'conda init'.


/scratch_tmp/grp/grv_shi/k21220263/MTPSL/nyu_mtl_xtc.py:108: FutureWarning: You are using `torch.load` with `weights_only=False` (the current default value), which uses the default pickle module implicitly. It is possible to construct malicious pickle data which will execute arbitrary code during unpickling (See https://github.com/pytorch/pytorch/blob/main/SECURITY.md#untrusted-models for more details). In a future release, the default value for `weights_only` will be flipped to `True`. This limits the functions that could be executed during unpickling. Arbitrary objects will no longer be allowed to be loaded via this mode unless they are explicitly allowlisted by the user via `torch.serialization.add_safe_globals`. We recommend you start setting `weights_only=True` for any use case where you don't have full control of the loaded file. Please open an issue on GitHub for any issues related to this experimental feature.
  labels_weights = torch.load('{}onelabel.pth'.format(opt.labelroot))['labels_weights'].float().cuda()
Parameter Space: ABS: 46081347.0, REL: 1.8447

LOSS FORMAT: SEMANTIC_LOSS MEAN_IOU PIX_ACC | DEPTH_LOSS ABS_ERR ROOT_MSE | NORMAL_LOSS MEAN MED <11.25 <22.5 <30

lr at 0th epoch is 0.0001 for optimizer and 0.001 for film
current performance: -44.7302, best performance: -100.0000
Epoch: 0000 | TRAIN: 2.4581 0.0884 0.3089 | 1.3947 1.3947 0.6915 | 0.3505 46.1841 45.0983 0.0328 0.1357 0.2398 TEST: 1.9125 0.0921 0.3727 | 0.9836 0.9644 1.3772 | 0.3151 43.4388 47.6688 4.3605 15.3823 26.2436
lr at 1th epoch is 0.0001 for optimizer and 0.001 for film
current performance: -38.4522, best performance: -44.7302
Epoch: 0001 | TRAIN: 1.8969 0.1146 0.3647 | 0.9484 0.9484 0.4637 | 0.3251 44.0209 42.5296 0.0430 0.1638 0.2764 TEST: 1.8248 0.0943 0.3754 | 0.8597 0.8425 1.1896 | 0.3110 42.7879 47.4899 3.5784 17.3369 31.1472
lr at 2th epoch is 0.0001 for optimizer and 0.001 for film
current performance: -45.9558, best performance: -38.4522
Epoch: 0002 | TRAIN: 1.8324 0.1214 0.3834 | 0.8844 0.8844 0.4250 | 0.3184 43.4121 42.0050 0.0469 0.1746 0.2908 TEST: 1.7879 0.1121 0.3958 | 1.0468 1.0306 1.4362 | 0.3260 44.2671 48.4784 4.2709 15.8709 26.0545
lr at 3th epoch is 0.0001 for optimizer and 0.001 for film
current performance: -34.8496, best performance: -38.4522
Epoch: 0003 | TRAIN: 1.8021 0.1223 0.3879 | 0.9128 0.9128 0.4421 | 0.3127 42.7667 41.2520 0.0521 0.1926 0.3103 TEST: 1.7598 0.1066 0.4335 | 0.8227 0.8067 1.1182 | 0.3050 42.3468 46.9776 4.0044 17.6566 30.4601
lr at 4th epoch is 0.0001 for optimizer and 0.001 for film
current performance: -33.9570, best performance: -34.8496
Epoch: 0004 | TRAIN: 1.7148 0.1337 0.4178 | 0.8845 0.8845 0.4334 | 0.3018 41.6998 39.8996 0.0623 0.2135 0.3335 TEST: 1.7338 0.1074 0.3694 | 0.8411 0.8269 1.1071 | 0.2863 40.8480 45.3186 5.3053 19.1664 31.8356
lr at 5th epoch is 0.0001 for optimizer and 0.001 for film
current performance: -10.2207, best performance: -33.9570
Epoch: 0005 | TRAIN: 1.5172 0.1712 0.4832 | 0.8444 0.8444 0.4109 | 0.2768 39.4041 37.0875 0.0765 0.2517 0.3815 TEST: 1.3976 0.2503 0.5333 | 0.8052 0.7879 1.1104 | 0.2561 37.4063 42.9871 9.2388 28.9806 42.1964
lr at 6th epoch is 0.0001 for optimizer and 0.001 for film
current performance: -0.8004, best performance: -10.2207
Epoch: 0006 | TRAIN: 1.3204 0.2163 0.5532 | 0.7505 0.7505 0.3720 | 0.2578 37.5743 34.8816 0.0937 0.2867 0.4189 TEST: 1.2852 0.3356 0.5836 | 0.8810 0.8685 1.1477 | 0.2401 35.5900 41.6009 13.0527 33.2347 45.6192
lr at 7th epoch is 0.0001 for optimizer and 0.001 for film
current performance: 12.0448, best performance: -0.8004
Epoch: 0007 | TRAIN: 1.1916 0.2456 0.5982 | 0.7119 0.7119 0.3523 | 0.2452 36.4189 33.5655 0.1040 0.3045 0.4393 TEST: 1.0424 0.3977 0.6491 | 0.7781 0.7692 1.0155 | 0.2288 35.0302 40.4562 10.8621 32.2220 46.2746
lr at 8th epoch is 0.0001 for optimizer and 0.001 for film
current performance: 18.8101, best performance: 12.0448
Epoch: 0008 | TRAIN: 1.0487 0.2815 0.6424 | 0.6603 0.6603 0.3169 | 0.2304 34.9886 31.8205 0.1169 0.3323 0.4692 TEST: 1.1543 0.3805 0.6190 | 0.5948 0.5854 0.8131 | 0.2233 34.1053 40.0146 13.7814 34.9641 48.2987
lr at 9th epoch is 0.0001 for optimizer and 0.001 for film
current performance: 23.0500, best performance: 18.8101
Epoch: 0009 | TRAIN: 0.9479 0.3081 0.6747 | 0.6071 0.6071 0.2939 | 0.2216 34.1256 30.7784 0.1258 0.3484 0.4876 TEST: 1.0888 0.3957 0.6517 | 0.5746 0.5667 0.7762 | 0.2064 32.7587 38.3321 13.8455 36.6612 50.6137
lr at 10th epoch is 0.0001 for optimizer and 0.001 for film
current performance: 22.6339, best performance: 23.0500
Epoch: 0010 | TRAIN: 0.9317 0.3137 0.6814 | 0.5768 0.5768 0.2864 | 0.2212 34.0763 30.6514 0.1246 0.3500 0.4915 TEST: 1.0699 0.3990 0.6573 | 0.6114 0.6034 0.8335 | 0.2023 32.0911 38.0057 15.1425 39.0660 52.8652
lr at 11th epoch is 0.0001 for optimizer and 0.001 for film
current performance: 19.6218, best performance: 23.0500
Epoch: 0011 | TRAIN: 0.8272 0.3413 0.7172 | 0.5700 0.5700 0.2828 | 0.2125 33.1800 29.6417 0.1378 0.3682 0.5081 TEST: 1.1233 0.3782 0.6410 | 0.6237 0.6146 0.8539 | 0.2010 31.9778 37.8200 15.9946 38.8395 52.3447
lr at 12th epoch is 0.0001 for optimizer and 0.001 for film
current performance: 29.8552, best performance: 23.0500
Epoch: 0012 | TRAIN: 0.7789 0.3483 0.7306 | 0.5403 0.5403 0.2641 | 0.2091 32.8120 29.1797 0.1432 0.3772 0.5169 TEST: 1.0477 0.4248 0.6711 | 0.5407 0.5318 0.7550 | 0.1937 31.3348 37.1646 15.2076 40.4802 54.5715
lr at 13th epoch is 0.0001 for optimizer and 0.001 for film
current performance: 32.2862, best performance: 29.8552
Epoch: 0013 | TRAIN: 0.7503 0.3631 0.7415 | 0.5006 0.5006 0.2425 | 0.2060 32.5763 28.9197 0.1411 0.3793 0.5213 TEST: 1.0155 0.4440 0.6793 | 0.5497 0.5432 0.7383 | 0.1906 30.9046 36.8382 17.1823 41.0283 54.8474
lr at 14th epoch is 0.0001 for optimizer and 0.001 for film
current performance: 37.8399, best performance: 32.2862
Epoch: 0014 | TRAIN: 0.7077 0.3719 0.7553 | 0.5122 0.5122 0.2499 | 0.1993 31.8299 28.1012 0.1541 0.3956 0.5371 TEST: 0.9400 0.4660 0.7017 | 0.5020 0.4944 0.7079 | 0.1844 30.3390 36.1985 17.5123 42.0346 56.0596
lr at 15th epoch is 0.0001 for optimizer and 0.001 for film
current performance: 21.8787, best performance: 37.8399
Epoch: 0015 | TRAIN: 0.6632 0.3898 0.7738 | 0.4810 0.4810 0.2307 | 0.1973 31.6135 27.7363 0.1568 0.4016 0.5432 TEST: 1.0831 0.4188 0.6649 | 0.6656 0.6550 0.9166 | 0.2118 33.0418 39.0009 13.4168 37.1536 51.5050
lr at 16th epoch is 0.0001 for optimizer and 0.001 for film
current performance: 31.6332, best performance: 37.8399
Epoch: 0016 | TRAIN: 0.6403 0.3958 0.7816 | 0.4565 0.4565 0.2198 | 0.1964 31.5390 27.6724 0.1568 0.4027 0.5444 TEST: 1.0226 0.4299 0.6941 | 0.5391 0.5324 0.7421 | 0.1842 30.2964 36.1729 18.0050 42.1557 55.9063
lr at 17th epoch is 0.0001 for optimizer and 0.001 for film
current performance: 33.0575, best performance: 37.8399
Epoch: 0017 | TRAIN: 0.6114 0.4006 0.7916 | 0.4429 0.4429 0.2180 | 0.1925 31.0758 27.0227 0.1650 0.4145 0.5558 TEST: 1.0283 0.4371 0.6852 | 0.5353 0.5268 0.7620 | 0.1819 30.0642 35.9232 18.2723 42.6244 56.2614
lr at 18th epoch is 0.0001 for optimizer and 0.001 for film
current performance: 28.4088, best performance: 37.8399
Epoch: 0018 | TRAIN: 0.5779 0.4148 0.8017 | 0.4400 0.4400 0.2085 | 0.1903 30.8649 26.7925 0.1664 0.4183 0.5603 TEST: 1.0697 0.4267 0.6839 | 0.6152 0.6052 0.8380 | 0.1816 29.9991 35.9183 18.0599 42.9678 56.8619
lr at 19th epoch is 0.0001 for optimizer and 0.001 for film
current performance: 38.1011, best performance: 37.8399
Epoch: 0019 | TRAIN: 0.5464 0.4294 0.8103 | 0.4218 0.4218 0.2005 | 0.1857 30.3551 26.1917 0.1751 0.4299 0.5717 TEST: 0.9755 0.4697 0.6954 | 0.5213 0.5132 0.7327 | 0.1815 29.7909 35.9901 18.9885 44.0876 57.8906
lr at 20th epoch is 0.0001 for optimizer and 0.001 for film
current performance: 32.5323, best performance: 38.1011
Epoch: 0020 | TRAIN: 0.5327 0.4356 0.8177 | 0.3862 0.3862 0.1863 | 0.1848 30.2888 26.0828 0.1740 0.4313 0.5730 TEST: 1.0596 0.4352 0.6774 | 0.5450 0.5354 0.7607 | 0.1808 29.9806 35.8296 17.7147 42.9105 57.0014
lr at 21th epoch is 0.0001 for optimizer and 0.001 for film
current performance: 35.6773, best performance: 38.1011
Epoch: 0021 | TRAIN: 0.5145 0.4444 0.8239 | 0.3947 0.3947 0.1905 | 0.1824 29.9809 25.6929 0.1814 0.4394 0.5803 TEST: 1.0430 0.4459 0.6871 | 0.5110 0.5052 0.7014 | 0.1773 29.5527 35.4550 18.8575 43.7941 57.6502
lr at 22th epoch is 0.0001 for optimizer and 0.001 for film
current performance: 37.5306, best performance: 38.1011
Epoch: 0022 | TRAIN: 0.5068 0.4430 0.8262 | 0.3970 0.3970 0.1904 | 0.1815 29.9428 25.6107 0.1779 0.4402 0.5824 TEST: 0.9895 0.4580 0.7042 | 0.5109 0.5016 0.7391 | 0.1767 29.4064 35.4744 18.7263 44.8977 58.8350
lr at 23th epoch is 0.0001 for optimizer and 0.001 for film
current performance: 34.1144, best performance: 38.1011
Epoch: 0023 | TRAIN: 0.4616 0.4594 0.8394 | 0.3858 0.3858 0.1831 | 0.1776 29.4846 25.1045 0.1856 0.4515 0.5933 TEST: 1.0936 0.4489 0.6918 | 0.5273 0.5186 0.7151 | 0.1897 30.7759 36.7862 17.3293 41.5540 55.4520
lr at 24th epoch is 0.0001 for optimizer and 0.001 for film
current performance: 39.7107, best performance: 38.1011
Epoch: 0024 | TRAIN: 0.4610 0.4627 0.8413 | 0.3728 0.3728 0.1786 | 0.1799 29.6934 25.2925 0.1858 0.4464 0.5881 TEST: 1.0477 0.4614 0.7041 | 0.4830 0.4757 0.6660 | 0.1713 28.8463 34.8818 19.5319 45.9017 59.8555
lr at 25th epoch is 0.0001 for optimizer and 0.001 for film
current performance: 38.5083, best performance: 39.7107
Epoch: 0025 | TRAIN: 0.4406 0.4688 0.8476 | 0.3644 0.3644 0.1709 | 0.1748 29.1126 24.6074 0.1964 0.4607 0.5994 TEST: 1.0015 0.4798 0.7163 | 0.5630 0.5529 0.7800 | 0.1722 29.0415 34.9231 19.2005 44.9507 59.0313
lr at 26th epoch is 0.0001 for optimizer and 0.001 for film
current performance: 38.2412, best performance: 39.7107
Epoch: 0026 | TRAIN: 0.4214 0.4746 0.8549 | 0.3632 0.3632 0.1709 | 0.1727 28.9363 24.4527 0.1955 0.4640 0.6050 TEST: 1.0430 0.4583 0.7141 | 0.5143 0.5076 0.7067 | 0.1699 28.5664 34.7663 20.8499 46.7996 60.4329
lr at 27th epoch is 0.0001 for optimizer and 0.001 for film
current performance: 39.8426, best performance: 39.7107
Epoch: 0027 | TRAIN: 0.4419 0.4684 0.8474 | 0.3549 0.3549 0.1675 | 0.1750 29.1507 24.6734 0.1937 0.4603 0.6008 TEST: 1.1507 0.4609 0.6989 | 0.4662 0.4589 0.6540 | 0.1757 29.3221 35.3512 19.4116 44.5607 58.5516
lr at 28th epoch is 0.0001 for optimizer and 0.001 for film
current performance: 41.5295, best performance: 39.8426
Epoch: 0028 | TRAIN: 0.4273 0.4709 0.8536 | 0.3419 0.3419 0.1617 | 0.1753 29.2008 24.7380 0.1923 0.4578 0.5987 TEST: 1.0172 0.4730 0.7210 | 0.4682 0.4607 0.6613 | 0.1740 29.1209 35.1469 19.6251 45.1774 59.0851
lr at 29th epoch is 0.0001 for optimizer and 0.001 for film
current performance: 44.1042, best performance: 41.5295
Epoch: 0029 | TRAIN: 0.3829 0.5039 0.8678 | 0.3251 0.3251 0.1517 | 0.1707 28.6518 24.0505 0.2034 0.4734 0.6117 TEST: 1.0547 0.4802 0.7143 | 0.4539 0.4461 0.6443 | 0.1668 28.2003 34.4549 21.6246 47.7443 61.3365
lr at 30th epoch is 0.0001 for optimizer and 0.0005 for film
current performance: 41.8060, best performance: 44.1042
Epoch: 0030 | TRAIN: 0.4073 0.4931 0.8598 | 0.3379 0.3379 0.1624 | 0.1723 28.8017 24.1781 0.1998 0.4704 0.6100 TEST: 1.0854 0.4690 0.7041 | 0.4560 0.4493 0.6453 | 0.1715 28.8575 34.9529 19.0798 46.5092 60.4925
lr at 31th epoch is 0.0001 for optimizer and 0.0005 for film
current performance: 43.8385, best performance: 44.1042
Epoch: 0031 | TRAIN: 0.3614 0.5099 0.8752 | 0.3306 0.3306 0.1558 | 0.1665 28.1761 23.4558 0.2118 0.4843 0.6226 TEST: 1.0556 0.4911 0.7173 | 0.4910 0.4831 0.6692 | 0.1672 28.2492 34.5288 20.9566 48.0213 61.7004
lr at 32th epoch is 0.0001 for optimizer and 0.0005 for film
current performance: 45.4536, best performance: 44.1042
Epoch: 0032 | TRAIN: 0.4118 0.4855 0.8592 | 0.3211 0.3211 0.1555 | 0.1690 28.4404 23.7820 0.2076 0.4787 0.6158 TEST: 0.9880 0.4927 0.7197 | 0.4494 0.4420 0.6398 | 0.1687 28.5837 34.6152 20.3885 46.1943 60.1141
lr at 33th epoch is 0.0001 for optimizer and 0.0005 for film
current performance: 44.1901, best performance: 45.4536
Epoch: 0033 | TRAIN: 0.3713 0.5047 0.8717 | 0.3175 0.3175 0.1498 | 0.1668 28.1861 23.4484 0.2115 0.4850 0.6231 TEST: 1.0424 0.4762 0.7154 | 0.4466 0.4380 0.6488 | 0.1651 27.9757 34.2772 22.0372 48.2840 61.8457
lr at 34th epoch is 0.0001 for optimizer and 0.0005 for film
current performance: 44.2535, best performance: 45.4536
Epoch: 0034 | TRAIN: 0.3763 0.5041 0.8709 | 0.3196 0.3196 0.1511 | 0.1658 28.0919 23.3987 0.2128 0.4863 0.6242 TEST: 0.9944 0.4791 0.7250 | 0.4435 0.4371 0.6311 | 0.1680 28.2901 34.6175 21.3633 47.8044 61.4534
lr at 35th epoch is 0.0001 for optimizer and 0.0005 for film
current performance: 43.6525, best performance: 45.4536
Epoch: 0035 | TRAIN: 0.3561 0.5011 0.8760 | 0.3199 0.3199 0.1511 | 0.1644 27.9389 23.1884 0.2160 0.4901 0.6284 TEST: 1.0074 0.4806 0.7209 | 0.4704 0.4623 0.6798 | 0.1645 28.0255 34.1720 22.0153 47.6686 61.2529
lr at 36th epoch is 0.0001 for optimizer and 0.0005 for film
current performance: 45.7831, best performance: 45.4536
Epoch: 0036 | TRAIN: 0.3257 0.5226 0.8873 | 0.3018 0.3018 0.1423 | 0.1607 27.4366 22.4833 0.2295 0.5039 0.6382 TEST: 1.0163 0.4963 0.7242 | 0.4670 0.4597 0.6423 | 0.1644 28.0088 34.1806 21.6528 48.0417 61.5849
lr at 37th epoch is 0.0001 for optimizer and 0.0005 for film
current performance: 40.9894, best performance: 45.7831
Epoch: 0037 | TRAIN: 0.3285 0.5203 0.8857 | 0.3172 0.3172 0.1505 | 0.1598 27.4073 22.5965 0.2257 0.5027 0.6396 TEST: 1.0370 0.4712 0.7118 | 0.4984 0.4927 0.6799 | 0.1653 28.1551 34.2507 21.4192 47.2917 60.9900
lr at 38th epoch is 0.0001 for optimizer and 0.0005 for film
current performance: 40.6821, best performance: 45.7831
Epoch: 0038 | TRAIN: 0.3329 0.5198 0.8843 | 0.3072 0.3072 0.1435 | 0.1634 27.8188 23.0585 0.2190 0.4926 0.6295 TEST: 1.0883 0.4548 0.7134 | 0.4382 0.4305 0.6301 | 0.1739 28.9753 35.1812 20.5201 45.7922 59.3934
lr at 39th epoch is 0.0001 for optimizer and 0.0005 for film
current performance: 39.4457, best performance: 45.7831
Epoch: 0039 | TRAIN: 0.3262 0.5220 0.8860 | 0.3137 0.3137 0.1476 | 0.1615 27.5777 22.7941 0.2243 0.4994 0.6356 TEST: 1.1505 0.4433 0.6964 | 0.4502 0.4420 0.6425 | 0.1678 28.3086 34.5757 20.9827 47.6488 61.4770
lr at 40th epoch is 0.0001 for optimizer and 0.0005 for film
current performance: 47.2918, best performance: 45.7831
Epoch: 0040 | TRAIN: 0.3300 0.5194 0.8849 | 0.2983 0.2983 0.1403 | 0.1616 27.5422 22.6736 0.2262 0.5012 0.6374 TEST: 1.0106 0.5010 0.7300 | 0.4519 0.4434 0.6610 | 0.1643 27.8287 34.2065 22.7367 48.8198 62.1028
lr at 41th epoch is 0.0001 for optimizer and 0.0005 for film
current performance: 42.9067, best performance: 47.2918
Epoch: 0041 | TRAIN: 0.3291 0.5269 0.8862 | 0.2920 0.2920 0.1363 | 0.1575 27.0852 22.1176 0.2337 0.5122 0.6466 TEST: 1.0198 0.4779 0.7199 | 0.4707 0.4617 0.6728 | 0.1686 28.4003 34.6204 21.3749 47.0641 60.7184
lr at 42th epoch is 0.0001 for optimizer and 0.0005 for film
current performance: 47.6150, best performance: 47.2918
Epoch: 0042 | TRAIN: 0.3298 0.5228 0.8859 | 0.2988 0.2988 0.1424 | 0.1600 27.4339 22.5726 0.2242 0.5026 0.6390 TEST: 1.0184 0.4990 0.7264 | 0.4355 0.4275 0.6321 | 0.1648 27.9188 34.2455 22.0206 48.6313 62.1968
lr at 43th epoch is 0.0001 for optimizer and 0.0005 for film
current performance: 47.5635, best performance: 47.6150
Epoch: 0043 | TRAIN: 0.2875 0.5460 0.8997 | 0.2854 0.2854 0.1334 | 0.1567 26.9783 21.9808 0.2377 0.5158 0.6484 TEST: 1.0214 0.4968 0.7269 | 0.4397 0.4320 0.6416 | 0.1616 27.5370 33.9248 22.6608 49.7079 63.1690
lr at 44th epoch is 0.0001 for optimizer and 0.0005 for film
current performance: 47.9164, best performance: 47.6150
Epoch: 0044 | TRAIN: 0.2827 0.5535 0.9006 | 0.2811 0.2811 0.1326 | 0.1552 26.8220 21.8160 0.2378 0.5197 0.6539 TEST: 1.0053 0.4941 0.7344 | 0.4290 0.4222 0.6187 | 0.1581 27.2877 33.4894 23.0622 49.6000 63.0931
lr at 45th epoch is 0.0001 for optimizer and 0.0005 for film
current performance: 48.8713, best performance: 47.9164
Epoch: 0045 | TRAIN: 0.2844 0.5468 0.9013 | 0.2807 0.2807 0.1297 | 0.1532 26.5635 21.5064 0.2456 0.5260 0.6585 TEST: 1.0194 0.5022 0.7283 | 0.4248 0.4180 0.6148 | 0.1617 27.5325 33.9386 23.1598 49.4706 62.8109
lr at 46th epoch is 0.0001 for optimizer and 0.0005 for film
current performance: 48.3876, best performance: 48.8713
Epoch: 0046 | TRAIN: 0.2846 0.5478 0.9019 | 0.2866 0.2866 0.1341 | 0.1534 26.5847 21.5028 0.2440 0.5261 0.6588 TEST: 0.9975 0.5040 0.7331 | 0.4459 0.4383 0.6455 | 0.1610 27.3856 33.8963 23.3561 50.3415 63.5784
lr at 47th epoch is 0.0001 for optimizer and 0.0005 for film
current performance: 47.0243, best performance: 48.8713
Epoch: 0047 | TRAIN: 0.2915 0.5420 0.8972 | 0.2802 0.2802 0.1298 | 0.1551 26.7919 21.7303 0.2402 0.5207 0.6532 TEST: 1.0748 0.4891 0.7223 | 0.4318 0.4240 0.6207 | 0.1609 27.4560 33.8192 23.3593 49.4831 62.8059
lr at 48th epoch is 0.0001 for optimizer and 0.0005 for film
current performance: 47.4154, best performance: 48.8713
Epoch: 0048 | TRAIN: 0.2768 0.5538 0.9018 | 0.2727 0.2727 0.1280 | 0.1511 26.3249 21.2355 0.2508 0.5306 0.6619 TEST: 1.0922 0.4903 0.7204 | 0.4310 0.4234 0.6212 | 0.1579 27.2600 33.4801 23.1170 49.6651 63.1847
lr at 49th epoch is 0.0001 for optimizer and 0.0005 for film
current performance: 46.8432, best performance: 48.8713
Epoch: 0049 | TRAIN: 0.2805 0.5504 0.9013 | 0.2759 0.2759 0.1286 | 0.1513 26.4150 21.3654 0.2438 0.5287 0.6623 TEST: 1.0648 0.4876 0.7237 | 0.4336 0.4275 0.6198 | 0.1592 27.3101 33.6388 23.0918 50.2063 63.5268
lr at 50th epoch is 0.0001 for optimizer and 0.0005 for film
current performance: 47.3934, best performance: 48.8713
Epoch: 0050 | TRAIN: 0.2724 0.5542 0.9040 | 0.2712 0.2712 0.1275 | 0.1489 26.0916 21.0124 0.2535 0.5366 0.6684 TEST: 1.1081 0.4865 0.7220 | 0.4237 0.4164 0.6148 | 0.1575 27.1105 33.4538 23.7055 50.3534 63.6634
lr at 51th epoch is 0.0001 for optimizer and 0.0005 for film
current performance: 48.7319, best performance: 48.8713
Epoch: 0051 | TRAIN: 0.3103 0.5346 0.8914 | 0.2738 0.2738 0.1282 | 0.1554 26.8520 21.8476 0.2380 0.5189 0.6518 TEST: 0.9982 0.5040 0.7305 | 0.4321 0.4250 0.6191 | 0.1605 27.5895 33.7565 22.1979 48.9903 62.5879
lr at 52th epoch is 0.0001 for optimizer and 0.0005 for film
current performance: 45.5130, best performance: 48.8713
Epoch: 0052 | TRAIN: 0.2641 0.5564 0.9066 | 0.2646 0.2646 0.1251 | 0.1494 26.1800 21.1002 0.2504 0.5345 0.6660 TEST: 1.0647 0.4855 0.7323 | 0.4559 0.4503 0.6330 | 0.1595 27.3758 33.6872 22.9851 49.7410 63.1857
lr at 53th epoch is 0.0001 for optimizer and 0.0005 for film
current performance: 47.8402, best performance: 48.8713
Epoch: 0053 | TRAIN: 0.2581 0.5564 0.9090 | 0.2650 0.2650 0.1227 | 0.1514 26.3420 21.2899 0.2511 0.5306 0.6623 TEST: 1.0495 0.5008 0.7277 | 0.4599 0.4533 0.6361 | 0.1557 26.9220 33.2563 24.0795 50.7577 64.0075
lr at 54th epoch is 0.0001 for optimizer and 0.0005 for film
current performance: 50.0077, best performance: 48.8713
Epoch: 0054 | TRAIN: 0.2526 0.5678 0.9108 | 0.2614 0.2614 0.1212 | 0.1489 26.0426 20.8992 0.2561 0.5386 0.6698 TEST: 1.0008 0.5151 0.7378 | 0.4450 0.4380 0.6390 | 0.1592 27.2126 33.6721 24.0745 50.1847 63.4655
lr at 55th epoch is 0.0001 for optimizer and 0.0005 for film
current performance: 47.6940, best performance: 50.0077
Epoch: 0055 | TRAIN: 0.2569 0.5670 0.9092 | 0.2618 0.2618 0.1232 | 0.1484 26.0110 20.9139 0.2556 0.5389 0.6705 TEST: 1.0344 0.5017 0.7315 | 0.4616 0.4543 0.6762 | 0.1578 27.1165 33.5097 23.8042 50.5246 63.8029
lr at 56th epoch is 0.0001 for optimizer and 0.0005 for film
current performance: 47.2841, best performance: 50.0077
Epoch: 0056 | TRAIN: 0.2491 0.5757 0.9118 | 0.2555 0.2555 0.1198 | 0.1478 25.9359 20.7616 0.2558 0.5428 0.6726 TEST: 1.0936 0.4896 0.7297 | 0.4365 0.4295 0.6320 | 0.1574 27.0605 33.4580 24.1728 50.4967 63.7073
lr at 57th epoch is 0.0001 for optimizer and 0.0005 for film
current performance: 49.2683, best performance: 50.0077
Epoch: 0057 | TRAIN: 0.2622 0.5583 0.9075 | 0.2648 0.2648 0.1224 | 0.1483 26.0066 20.9196 0.2548 0.5403 0.6710 TEST: 1.0667 0.5033 0.7332 | 0.4279 0.4217 0.6134 | 0.1588 27.1531 33.6625 23.6388 50.8745 64.1572
lr at 58th epoch is 0.0001 for optimizer and 0.0005 for film
current performance: 49.7209, best performance: 50.0077
Epoch: 0058 | TRAIN: 0.2559 0.5649 0.9092 | 0.2538 0.2538 0.1200 | 0.1494 26.1104 20.9986 0.2544 0.5378 0.6684 TEST: 1.0439 0.5080 0.7339 | 0.4421 0.4342 0.6385 | 0.1557 26.8037 33.2958 24.5449 51.6001 64.6724
lr at 59th epoch is 0.0001 for optimizer and 0.0005 for film
current performance: 50.0791, best performance: 50.0077
Epoch: 0059 | TRAIN: 0.2300 0.5807 0.9183 | 0.2560 0.2560 0.1182 | 0.1453 25.6249 20.4253 0.2646 0.5499 0.6787 TEST: 1.0404 0.5061 0.7316 | 0.4296 0.4225 0.6224 | 0.1561 26.7134 33.3956 25.0431 52.2755 65.2284
lr at 60th epoch is 0.0001 for optimizer and 0.00025 for film
current performance: 48.7717, best performance: 50.0791
Epoch: 0060 | TRAIN: 0.2485 0.5600 0.9122 | 0.2564 0.2564 0.1197 | 0.1476 25.9260 20.8321 0.2580 0.5412 0.6713 TEST: 1.1094 0.4979 0.7272 | 0.4306 0.4236 0.6204 | 0.1567 26.9006 33.3979 24.5103 51.2075 64.3373
lr at 61th epoch is 0.0001 for optimizer and 0.00025 for film
current performance: 50.7390, best performance: 50.0791
Epoch: 0061 | TRAIN: 0.2263 0.5821 0.9186 | 0.2510 0.2510 0.1167 | 0.1425 25.3045 20.0922 0.2714 0.5565 0.6842 TEST: 1.0380 0.5107 0.7377 | 0.4269 0.4191 0.6160 | 0.1549 26.7719 33.1734 24.4983 51.2978 64.4672
lr at 62th epoch is 0.0001 for optimizer and 0.00025 for film
current performance: 48.6767, best performance: 50.7390
Epoch: 0062 | TRAIN: 0.2314 0.5734 0.9181 | 0.2550 0.2550 0.1192 | 0.1435 25.3622 20.0276 0.2726 0.5569 0.6843 TEST: 1.1423 0.4960 0.7199 | 0.4324 0.4248 0.6219 | 0.1545 26.7252 33.1394 24.4920 51.4316 64.6341
lr at 63th epoch is 0.0001 for optimizer and 0.00025 for film
current performance: 49.6127, best performance: 50.7390
Epoch: 0063 | TRAIN: 0.2484 0.5643 0.9124 | 0.2507 0.2507 0.1172 | 0.1450 25.5900 20.3860 0.2655 0.5499 0.6790 TEST: 1.0498 0.4984 0.7329 | 0.4186 0.4116 0.6046 | 0.1550 26.6740 33.2297 24.9410 52.0094 65.0259
lr at 64th epoch is 0.0001 for optimizer and 0.00025 for film
current performance: 50.0470, best performance: 50.7390
Epoch: 0064 | TRAIN: 0.2344 0.5798 0.9174 | 0.2472 0.2472 0.1166 | 0.1435 25.3835 20.0927 0.2704 0.5578 0.6845 TEST: 1.0922 0.5059 0.7301 | 0.4249 0.4177 0.6184 | 0.1552 26.9008 33.1838 23.9342 50.8439 64.0821
lr at 65th epoch is 0.0001 for optimizer and 0.00025 for film
current performance: 48.4284, best performance: 50.7390
Epoch: 0065 | TRAIN: 0.2266 0.5831 0.9191 | 0.2499 0.2499 0.1166 | 0.1417 25.1759 19.8925 0.2747 0.5604 0.6879 TEST: 0.9842 0.5153 0.7390 | 0.4839 0.4757 0.6884 | 0.1588 27.1933 33.6342 23.7192 50.5226 63.7246
lr at 66th epoch is 0.0001 for optimizer and 0.00025 for film
current performance: 46.5241, best performance: 50.7390
Epoch: 0066 | TRAIN: 0.2554 0.5615 0.9104 | 0.2559 0.2559 0.1197 | 0.1421 25.2481 20.0641 0.2733 0.5578 0.6862 TEST: 1.1873 0.4766 0.7198 | 0.4171 0.4101 0.6023 | 0.1574 27.0018 33.4866 24.2868 50.8617 64.0410
lr at 67th epoch is 0.0001 for optimizer and 0.00025 for film
current performance: 46.7983, best performance: 50.7390
Epoch: 0067 | TRAIN: 0.2309 0.5814 0.9176 | 0.2405 0.2405 0.1115 | 0.1407 25.0928 19.8667 0.2751 0.5620 0.6901 TEST: 1.1596 0.4786 0.7236 | 0.4258 0.4180 0.6195 | 0.1543 26.6767 33.1190 24.7730 51.5399 64.7763
lr at 68th epoch is 0.0001 for optimizer and 0.00025 for film
current performance: 51.4113, best performance: 50.7390
Epoch: 0068 | TRAIN: 0.2118 0.5949 0.9243 | 0.2402 0.2402 0.1100 | 0.1381 24.6736 19.2924 0.2896 0.5740 0.6987 TEST: 1.0268 0.5105 0.7378 | 0.4144 0.4069 0.6077 | 0.1543 26.6328 33.1407 24.9513 52.0626 65.0662
lr at 69th epoch is 0.0001 for optimizer and 0.00025 for film
current performance: 52.7618, best performance: 51.4113
Epoch: 0069 | TRAIN: 0.2106 0.5909 0.9241 | 0.2388 0.2388 0.1097 | 0.1412 25.0726 19.7516 0.2799 0.5647 0.6897 TEST: 1.0253 0.5194 0.7410 | 0.4183 0.4113 0.6089 | 0.1505 26.2638 32.6772 25.6572 52.4082 65.3475
lr at 70th epoch is 0.0001 for optimizer and 0.00025 for film
current performance: 50.2696, best performance: 52.7618
Epoch: 0070 | TRAIN: 0.2168 0.5942 0.9222 | 0.2342 0.2342 0.1085 | 0.1397 24.9258 19.5853 0.2802 0.5680 0.6943 TEST: 1.0813 0.4975 0.7330 | 0.4082 0.4014 0.5993 | 0.1517 26.3679 32.8345 25.4043 52.2767 65.4072
lr at 71th epoch is 0.0001 for optimizer and 0.00025 for film
current performance: 50.5397, best performance: 52.7618
Epoch: 0071 | TRAIN: 0.2066 0.5980 0.9262 | 0.2435 0.2435 0.1140 | 0.1387 24.7800 19.3859 0.2852 0.5718 0.6958 TEST: 1.0812 0.5062 0.7356 | 0.4262 0.4182 0.6234 | 0.1536 26.4754 33.1038 25.7029 52.4133 65.2139
lr at 72th epoch is 0.0001 for optimizer and 0.00025 for film
current performance: 52.8096, best performance: 52.7618
Epoch: 0072 | TRAIN: 0.2104 0.5951 0.9254 | 0.2296 0.2296 0.1062 | 0.1383 24.7311 19.4270 0.2869 0.5728 0.6965 TEST: 1.0417 0.5212 0.7406 | 0.4230 0.4152 0.6162 | 0.1522 26.2743 32.9791 25.9604 53.2333 66.0847
lr at 73th epoch is 0.0001 for optimizer and 0.00025 for film
current performance: 51.6331, best performance: 52.8096
Epoch: 0073 | TRAIN: 0.2089 0.5928 0.9251 | 0.2401 0.2401 0.1116 | 0.1380 24.7091 19.3142 0.2877 0.5721 0.6970 TEST: 1.0531 0.5113 0.7394 | 0.4211 0.4142 0.6067 | 0.1507 26.2304 32.7138 26.0492 52.4866 65.4274
lr at 74th epoch is 0.0001 for optimizer and 0.00025 for film
current performance: 51.9562, best performance: 52.8096
Epoch: 0074 | TRAIN: 0.2029 0.5985 0.9270 | 0.2317 0.2317 0.1081 | 0.1374 24.6836 19.3554 0.2855 0.5722 0.6979 TEST: 1.1127 0.5127 0.7401 | 0.4127 0.4054 0.6029 | 0.1532 26.4501 33.0273 25.6936 52.2523 65.1741
lr at 75th epoch is 0.0001 for optimizer and 0.00025 for film
current performance: 51.9879, best performance: 52.8096
Epoch: 0075 | TRAIN: 0.2053 0.5906 0.9263 | 0.2381 0.2381 0.1109 | 0.1374 24.5980 19.2043 0.2926 0.5756 0.6983 TEST: 1.0495 0.5176 0.7406 | 0.4282 0.4220 0.6119 | 0.1517 26.3365 32.8799 25.7183 52.5171 65.4520
lr at 76th epoch is 0.0001 for optimizer and 0.00025 for film
current performance: 50.9335, best performance: 52.8096
Epoch: 0076 | TRAIN: 0.2148 0.5907 0.9237 | 0.2345 0.2345 0.1076 | 0.1379 24.6686 19.2357 0.2894 0.5746 0.6979 TEST: 1.1027 0.5020 0.7322 | 0.4108 0.4044 0.6003 | 0.1502 26.1755 32.7303 25.6659 53.4611 66.1414
lr at 77th epoch is 0.0001 for optimizer and 0.00025 for film
current performance: 48.3095, best performance: 52.8096
Epoch: 0077 | TRAIN: 0.2137 0.5882 0.9236 | 0.2337 0.2337 0.1086 | 0.1364 24.5270 19.1649 0.2902 0.5771 0.7011 TEST: 1.0991 0.4975 0.7349 | 0.4604 0.4523 0.6701 | 0.1507 26.1609 32.7697 26.2272 53.0440 65.9839
lr at 78th epoch is 0.0001 for optimizer and 0.00025 for film
current performance: 48.1817, best performance: 52.8096
Epoch: 0078 | TRAIN: 0.2244 0.5788 0.9206 | 0.2425 0.2425 0.1117 | 0.1382 24.7499 19.4565 0.2847 0.5708 0.6968 TEST: 1.1267 0.4982 0.7310 | 0.4645 0.4591 0.6402 | 0.1504 26.0881 32.7652 26.3691 53.4480 66.2835
lr at 79th epoch is 0.0001 for optimizer and 0.00025 for film
current performance: 53.0252, best performance: 52.8096
Epoch: 0079 | TRAIN: 0.1940 0.6002 0.9304 | 0.2301 0.2301 0.1074 | 0.1357 24.3914 18.9614 0.2955 0.5814 0.7032 TEST: 1.0662 0.5172 0.7454 | 0.4130 0.4056 0.6060 | 0.1498 25.9951 32.6609 26.8231 53.5572 66.2112
lr at 80th epoch is 0.0001 for optimizer and 0.00025 for film
current performance: 49.0287, best performance: 53.0252
Epoch: 0080 | TRAIN: 0.2351 0.5789 0.9192 | 0.2276 0.2276 0.1064 | 0.1373 24.6530 19.3499 0.2857 0.5736 0.6999 TEST: 1.1136 0.4891 0.7278 | 0.4185 0.4111 0.6035 | 0.1506 26.1456 32.7539 26.4407 53.0433 65.8243
lr at 81th epoch is 0.0001 for optimizer and 0.00025 for film
current performance: 50.8935, best performance: 53.0252
Epoch: 0081 | TRAIN: 0.1996 0.6041 0.9288 | 0.2330 0.2330 0.1081 | 0.1360 24.4329 18.9882 0.2935 0.5813 0.7042 TEST: 1.1036 0.5066 0.7368 | 0.4233 0.4162 0.6125 | 0.1507 26.2823 32.7274 25.5561 52.3558 65.4040
lr at 82th epoch is 0.0001 for optimizer and 0.00025 for film
current performance: 50.5000, best performance: 53.0252
Epoch: 0082 | TRAIN: 0.1973 0.6087 0.9297 | 0.2331 0.2331 0.1059 | 0.1341 24.2310 18.7910 0.2977 0.5850 0.7080 TEST: 1.1113 0.4991 0.7375 | 0.4124 0.4054 0.5962 | 0.1509 26.1917 32.7977 25.6961 53.4045 66.2113
lr at 83th epoch is 0.0001 for optimizer and 0.00025 for film
current performance: 53.5954, best performance: 53.0252
Epoch: 0083 | TRAIN: 0.1829 0.6121 0.9341 | 0.2193 0.2193 0.1022 | 0.1335 24.1473 18.7280 0.2999 0.5867 0.7094 TEST: 1.1077 0.5185 0.7383 | 0.4072 0.4004 0.6024 | 0.1486 25.8287 32.5384 27.1819 54.0087 66.6912
lr at 84th epoch is 0.0001 for optimizer and 0.00025 for film
current performance: 52.8644, best performance: 53.5954
Epoch: 0084 | TRAIN: 0.1846 0.6083 0.9335 | 0.2249 0.2249 0.1045 | 0.1332 24.0827 18.6450 0.3040 0.5879 0.7099 TEST: 1.1046 0.5121 0.7387 | 0.4050 0.3979 0.5957 | 0.1479 25.8492 32.4220 26.7961 53.6985 66.4446
lr at 85th epoch is 0.0001 for optimizer and 0.00025 for film
current performance: 51.0504, best performance: 53.5954
Epoch: 0085 | TRAIN: 0.1839 0.6067 0.9342 | 0.2181 0.2181 0.1014 | 0.1312 23.8879 18.4199 0.3045 0.5929 0.7146 TEST: 1.1258 0.5059 0.7328 | 0.4270 0.4205 0.6157 | 0.1488 25.8873 32.5792 27.1136 53.7939 66.4187
lr at 86th epoch is 0.0001 for optimizer and 0.00025 for film
current performance: 48.2289, best performance: 53.5954
Epoch: 0086 | TRAIN: 0.2098 0.5958 0.9263 | 0.2331 0.2331 0.1064 | 0.1353 24.3666 18.9958 0.2947 0.5824 0.7051 TEST: 1.1432 0.4961 0.7319 | 0.4562 0.4479 0.6730 | 0.1511 26.2412 32.7859 25.9078 53.0191 65.7827
lr at 87th epoch is 0.0001 for optimizer and 0.00025 for film
current performance: 51.8747, best performance: 53.5954
Epoch: 0087 | TRAIN: 0.1953 0.5994 0.9299 | 0.2296 0.2296 0.1065 | 0.1338 24.1878 18.7001 0.2999 0.5864 0.7075 TEST: 1.1140 0.5077 0.7364 | 0.4115 0.4053 0.6036 | 0.1491 25.9503 32.5676 26.8531 53.4970 66.2576
lr at 88th epoch is 0.0001 for optimizer and 0.00025 for film
current performance: 52.3153, best performance: 53.5954
Epoch: 0088 | TRAIN: 0.1781 0.6149 0.9355 | 0.2148 0.2148 0.0997 | 0.1314 23.8489 18.3134 0.3091 0.5949 0.7145 TEST: 1.0938 0.5151 0.7426 | 0.4282 0.4196 0.6383 | 0.1486 25.8517 32.5011 27.1703 53.8505 66.5034
lr at 89th epoch is 0.0001 for optimizer and 0.00025 for film
current performance: 51.5045, best performance: 53.5954
Epoch: 0089 | TRAIN: 0.1864 0.6057 0.9326 | 0.2150 0.2150 0.1014 | 0.1325 23.9518 18.4358 0.3083 0.5930 0.7137 TEST: 1.1207 0.5051 0.7370 | 0.4166 0.4101 0.6038 | 0.1483 25.7918 32.4914 27.3206 53.9552 66.6938
lr at 90th epoch is 0.0001 for optimizer and 0.000125 for film
current performance: 49.7546, best performance: 53.5954
Epoch: 0090 | TRAIN: 0.1833 0.6075 0.9340 | 0.2140 0.2140 0.0999 | 0.1303 23.7225 18.1778 0.3111 0.5983 0.7182 TEST: 1.1494 0.4944 0.7298 | 0.4244 0.4169 0.6147 | 0.1480 25.8772 32.4422 26.6744 53.6219 66.4084
lr at 91th epoch is 0.0001 for optimizer and 0.000125 for film
current performance: 53.7157, best performance: 53.5954
Epoch: 0091 | TRAIN: 0.1754 0.6187 0.9363 | 0.2152 0.2152 0.0987 | 0.1302 23.7497 18.2938 0.3090 0.5966 0.7168 TEST: 1.1454 0.5150 0.7411 | 0.3997 0.3930 0.5859 | 0.1478 25.6080 32.4923 28.1760 54.9189 67.2161
lr at 92th epoch is 0.0001 for optimizer and 0.000125 for film
current performance: 51.9668, best performance: 53.7157
Epoch: 0092 | TRAIN: 0.2025 0.5954 0.9278 | 0.2226 0.2226 0.1046 | 0.1343 24.1911 18.7398 0.3019 0.5868 0.7090 TEST: 1.1578 0.5106 0.7319 | 0.4160 0.4089 0.5973 | 0.1499 26.0567 32.6562 26.7110 53.1501 65.8750
lr at 93th epoch is 0.0001 for optimizer and 0.000125 for film
current performance: 54.1390, best performance: 53.7157
Epoch: 0093 | TRAIN: 0.1787 0.6109 0.9358 | 0.2216 0.2216 0.1030 | 0.1310 23.8326 18.4120 0.3082 0.5939 0.7151 TEST: 1.0664 0.5202 0.7426 | 0.4050 0.3981 0.5876 | 0.1466 25.6244 32.2922 27.4031 54.4348 67.1035
lr at 94th epoch is 0.0001 for optimizer and 0.000125 for film
current performance: 52.7442, best performance: 54.1390
Epoch: 0094 | TRAIN: 0.1763 0.6141 0.9366 | 0.2140 0.2140 0.1007 | 0.1310 23.7909 18.2476 0.3104 0.5966 0.7167 TEST: 1.0821 0.5121 0.7463 | 0.4122 0.4045 0.6080 | 0.1476 25.7018 32.4166 27.6909 54.2252 66.7915
lr at 95th epoch is 0.0001 for optimizer and 0.000125 for film
current performance: 53.4851, best performance: 54.1390
Epoch: 0095 | TRAIN: 0.1657 0.6188 0.9396 | 0.2086 0.2086 0.0969 | 0.1280 23.4637 17.9742 0.3175 0.6028 0.7222 TEST: 1.0770 0.5219 0.7425 | 0.4254 0.4174 0.6331 | 0.1476 25.6566 32.4547 27.6338 54.7822 67.2734
lr at 96th epoch is 0.0001 for optimizer and 0.000125 for film
current performance: 53.7405, best performance: 54.1390
Epoch: 0096 | TRAIN: 0.1677 0.6180 0.9389 | 0.2069 0.2069 0.0960 | 0.1293 23.6056 18.0968 0.3133 0.6008 0.7205 TEST: 1.1176 0.5187 0.7465 | 0.4058 0.3986 0.5952 | 0.1472 25.7893 32.3268 27.0495 53.5554 66.3636
lr at 97th epoch is 0.0001 for optimizer and 0.000125 for film
current performance: 50.2833, best performance: 54.1390
Epoch: 0097 | TRAIN: 0.1955 0.6063 0.9308 | 0.2161 0.2161 0.1009 | 0.1328 24.0100 18.4928 0.3053 0.5918 0.7124 TEST: 1.2562 0.4943 0.7223 | 0.4082 0.4014 0.5967 | 0.1508 25.9946 32.8298 27.0262 54.0409 66.6936
lr at 98th epoch is 0.0001 for optimizer and 0.000125 for film
current performance: 53.9972, best performance: 54.1390
Epoch: 0098 | TRAIN: 0.1978 0.5964 0.9305 | 0.2155 0.2155 0.1015 | 0.1319 23.9384 18.4290 0.3049 0.5935 0.7144 TEST: 1.0979 0.5222 0.7424 | 0.4146 0.4072 0.6066 | 0.1456 25.6274 32.1562 27.3155 54.0064 66.7076
lr at 99th epoch is 0.0001 for optimizer and 0.000125 for film
current performance: 54.5932, best performance: 54.1390
Epoch: 0099 | TRAIN: 0.1702 0.6253 0.9388 | 0.2152 0.2152 0.0994 | 0.1287 23.5566 18.0785 0.3142 0.6015 0.7208 TEST: 1.0675 0.5262 0.7474 | 0.4030 0.3958 0.5978 | 0.1494 25.9952 32.6264 26.3978 53.6980 66.4556
lr at 100th epoch is 5e-05 for optimizer and 0.000125 for film
current performance: 56.4369, best performance: 54.5932
Epoch: 0100 | TRAIN: 0.1557 0.6379 0.9437 | 0.1902 0.1902 0.0868 | 0.1244 22.9549 17.3676 0.3332 0.6170 0.7318 TEST: 1.0803 0.5323 0.7488 | 0.4000 0.3927 0.5877 | 0.1431 25.1608 31.9253 28.8524 55.5435 67.8998
lr at 101th epoch is 5e-05 for optimizer and 0.000125 for film
current performance: 57.0307, best performance: 56.4369
Epoch: 0101 | TRAIN: 0.1435 0.6424 0.9476 | 0.1807 0.1807 0.0838 | 0.1251 22.9958 17.3269 0.3324 0.6171 0.7320 TEST: 1.0827 0.5371 0.7530 | 0.3983 0.3914 0.5808 | 0.1432 25.2275 31.9023 28.4614 55.2529 67.7220
lr at 102th epoch is 5e-05 for optimizer and 0.000125 for film
current performance: 56.4615, best performance: 57.0307
Epoch: 0102 | TRAIN: 0.1393 0.6438 0.9487 | 0.1785 0.1785 0.0814 | 0.1230 22.7106 17.0117 0.3418 0.6239 0.7362 TEST: 1.1138 0.5284 0.7530 | 0.3921 0.3850 0.5785 | 0.1415 24.9809 31.7390 28.9756 56.0902 68.4941
lr at 103th epoch is 5e-05 for optimizer and 0.000125 for film
current performance: 56.5276, best performance: 57.0307
Epoch: 0103 | TRAIN: 0.1404 0.6456 0.9487 | 0.1752 0.1752 0.0813 | 0.1240 22.8256 17.0846 0.3377 0.6222 0.7360 TEST: 1.1165 0.5313 0.7512 | 0.3967 0.3901 0.5790 | 0.1423 25.0617 31.8536 29.0890 55.8236 68.1898
lr at 104th epoch is 5e-05 for optimizer and 0.000125 for film
current performance: 56.8873, best performance: 57.0307
Epoch: 0104 | TRAIN: 0.1350 0.6554 0.9502 | 0.1735 0.1735 0.0789 | 0.1223 22.6524 16.9456 0.3412 0.6248 0.7383 TEST: 1.0895 0.5342 0.7532 | 0.3991 0.3916 0.5901 | 0.1418 25.0087 31.7864 29.0245 55.9727 68.3927
lr at 105th epoch is 5e-05 for optimizer and 0.000125 for film
current performance: 55.7070, best performance: 57.0307
Epoch: 0105 | TRAIN: 0.1366 0.6496 0.9500 | 0.1748 0.1748 0.0798 | 0.1226 22.6638 16.9624 0.3415 0.6262 0.7392 TEST: 1.1604 0.5257 0.7484 | 0.4011 0.3938 0.5876 | 0.1421 25.0095 31.8319 29.2721 56.0850 68.3458
lr at 106th epoch is 5e-05 for optimizer and 0.000125 for film
current performance: 56.3872, best performance: 57.0307
Epoch: 0106 | TRAIN: 0.1348 0.6505 0.9507 | 0.1775 0.1775 0.0810 | 0.1217 22.5560 16.8911 0.3444 0.6273 0.7405 TEST: 1.1467 0.5290 0.7491 | 0.3953 0.3879 0.5816 | 0.1421 25.0074 31.8330 29.4040 55.9237 68.1579
lr at 107th epoch is 5e-05 for optimizer and 0.000125 for film
current performance: 56.4076, best performance: 57.0307
Epoch: 0107 | TRAIN: 0.1378 0.6464 0.9494 | 0.1754 0.1754 0.0819 | 0.1217 22.6402 17.0332 0.3379 0.6244 0.7391 TEST: 1.1108 0.5296 0.7509 | 0.3988 0.3913 0.5990 | 0.1418 24.9227 31.7978 29.4161 56.4716 68.7136
lr at 108th epoch is 5e-05 for optimizer and 0.000125 for film
current performance: 56.7582, best performance: 57.0307
Epoch: 0108 | TRAIN: 0.1354 0.6506 0.9501 | 0.1702 0.1702 0.0780 | 0.1195 22.2944 16.5858 0.3510 0.6329 0.7446 TEST: 1.1257 0.5310 0.7514 | 0.3960 0.3889 0.5848 | 0.1407 24.8619 31.6623 29.4693 56.3826 68.6093
lr at 109th epoch is 5e-05 for optimizer and 0.000125 for film
current performance: 57.1892, best performance: 57.0307
Epoch: 0109 | TRAIN: 0.1335 0.6498 0.9510 | 0.1686 0.1686 0.0768 | 0.1206 22.3903 16.6320 0.3509 0.6319 0.7432 TEST: 1.1385 0.5348 0.7521 | 0.3969 0.3897 0.5846 | 0.1410 24.8860 31.6957 29.4366 56.3844 68.6340
lr at 110th epoch is 5e-05 for optimizer and 0.000125 for film
current performance: 57.1238, best performance: 57.1892
Epoch: 0110 | TRAIN: 0.1286 0.6589 0.9522 | 0.1695 0.1695 0.0777 | 0.1196 22.3163 16.6351 0.3495 0.6318 0.7450 TEST: 1.1346 0.5338 0.7536 | 0.3932 0.3872 0.5723 | 0.1412 24.9260 31.7255 29.3261 56.1426 68.4770
lr at 111th epoch is 5e-05 for optimizer and 0.000125 for film
current performance: 56.8538, best performance: 57.1892
Epoch: 0111 | TRAIN: 0.1315 0.6514 0.9515 | 0.1710 0.1710 0.0778 | 0.1210 22.4681 16.8323 0.3472 0.6293 0.7419 TEST: 1.1174 0.5329 0.7548 | 0.3994 0.3919 0.5895 | 0.1406 24.8772 31.6599 29.3463 56.3014 68.6081
lr at 112th epoch is 5e-05 for optimizer and 0.000125 for film
current performance: 57.5885, best performance: 57.1892
Epoch: 0112 | TRAIN: 0.1302 0.6588 0.9524 | 0.1713 0.1713 0.0788 | 0.1194 22.2545 16.5748 0.3535 0.6344 0.7453 TEST: 1.1352 0.5378 0.7512 | 0.3974 0.3903 0.5852 | 0.1411 24.8492 31.7299 29.6672 56.5968 68.7573
lr at 113th epoch is 5e-05 for optimizer and 0.000125 for film
current performance: 57.5043, best performance: 57.5885
Epoch: 0113 | TRAIN: 0.1280 0.6537 0.9524 | 0.1662 0.1662 0.0759 | 0.1191 22.2285 16.5102 0.3539 0.6347 0.7459 TEST: 1.1281 0.5380 0.7538 | 0.3980 0.3904 0.5884 | 0.1404 24.9370 31.5972 28.9637 55.8440 68.2558
lr at 114th epoch is 5e-05 for optimizer and 0.000125 for film
current performance: 56.8948, best performance: 57.5885
Epoch: 0114 | TRAIN: 0.1286 0.6565 0.9526 | 0.1687 0.1687 0.0782 | 0.1178 22.0707 16.3210 0.3564 0.6397 0.7496 TEST: 1.1370 0.5331 0.7526 | 0.3973 0.3904 0.5820 | 0.1415 24.9200 31.7712 29.4101 56.4364 68.6632
lr at 115th epoch is 5e-05 for optimizer and 0.000125 for film
current performance: 57.2513, best performance: 57.5885
Epoch: 0115 | TRAIN: 0.1369 0.6496 0.9496 | 0.1701 0.1701 0.0789 | 0.1210 22.4391 16.6748 0.3489 0.6311 0.7425 TEST: 1.1692 0.5335 0.7526 | 0.3926 0.3854 0.5749 | 0.1404 24.8452 31.6133 29.3570 56.2649 68.6344
lr at 116th epoch is 5e-05 for optimizer and 0.000125 for film
current performance: 57.7045, best performance: 57.5885
Epoch: 0116 | TRAIN: 0.1306 0.6524 0.9519 | 0.1661 0.1661 0.0764 | 0.1182 22.0908 16.3660 0.3569 0.6395 0.7496 TEST: 1.1428 0.5364 0.7532 | 0.3935 0.3863 0.5793 | 0.1399 24.7362 31.5619 29.7999 56.6360 68.9371
lr at 117th epoch is 5e-05 for optimizer and 0.000125 for film
current performance: 57.0510, best performance: 57.7045
Epoch: 0117 | TRAIN: 0.1304 0.6626 0.9521 | 0.1662 0.1662 0.0767 | 0.1174 22.0492 16.3912 0.3560 0.6389 0.7501 TEST: 1.1448 0.5326 0.7522 | 0.3961 0.3886 0.5828 | 0.1402 24.8009 31.6038 29.6112 56.4587 68.7121
lr at 118th epoch is 5e-05 for optimizer and 0.000125 for film
current performance: 57.6066, best performance: 57.7045
Epoch: 0118 | TRAIN: 0.1214 0.6634 0.9550 | 0.1642 0.1642 0.0752 | 0.1170 21.9844 16.2939 0.3590 0.6396 0.7506 TEST: 1.1553 0.5331 0.7543 | 0.3859 0.3788 0.5691 | 0.1398 24.7308 31.5632 29.8487 56.6758 68.8667
lr at 119th epoch is 5e-05 for optimizer and 0.000125 for film
current performance: 55.8804, best performance: 57.7045
Epoch: 0119 | TRAIN: 0.1275 0.6648 0.9531 | 0.1640 0.1640 0.0744 | 0.1170 21.9876 16.2582 0.3582 0.6407 0.7517 TEST: 1.1690 0.5230 0.7507 | 0.3908 0.3838 0.5783 | 0.1408 24.9347 31.6562 29.1343 55.9784 68.3996
lr at 120th epoch is 5e-05 for optimizer and 6.25e-05 for film
current performance: 56.9644, best performance: 57.7045
Epoch: 0120 | TRAIN: 0.1246 0.6584 0.9539 | 0.1617 0.1617 0.0750 | 0.1176 22.0433 16.3366 0.3575 0.6399 0.7504 TEST: 1.1601 0.5312 0.7503 | 0.3920 0.3855 0.5753 | 0.1408 24.8325 31.6972 29.5966 56.5606 68.8122
lr at 121th epoch is 5e-05 for optimizer and 6.25e-05 for film
current performance: 56.7586, best performance: 57.7045
Epoch: 0121 | TRAIN: 0.1299 0.6521 0.9522 | 0.1652 0.1652 0.0757 | 0.1174 22.0077 16.3030 0.3587 0.6414 0.7510 TEST: 1.1264 0.5290 0.7516 | 0.3901 0.3832 0.5703 | 0.1404 24.8530 31.6171 29.5471 56.1936 68.4797
lr at 122th epoch is 5e-05 for optimizer and 6.25e-05 for film
current performance: 57.0184, best performance: 57.7045
Epoch: 0122 | TRAIN: 0.1205 0.6599 0.9551 | 0.1604 0.1604 0.0735 | 0.1155 21.7785 16.0748 0.3644 0.6460 0.7551 TEST: 1.1136 0.5353 0.7569 | 0.4057 0.3978 0.6042 | 0.1398 24.7713 31.5323 29.6170 56.4069 68.6937
lr at 123th epoch is 5e-05 for optimizer and 6.25e-05 for film
current performance: 56.9482, best performance: 57.7045
Epoch: 0123 | TRAIN: 0.1219 0.6580 0.9547 | 0.1644 0.1644 0.0744 | 0.1167 21.9335 16.2390 0.3603 0.6412 0.7517 TEST: 1.1644 0.5330 0.7547 | 0.4010 0.3946 0.5745 | 0.1400 24.7033 31.6106 30.0833 56.9569 69.0424
lr at 124th epoch is 5e-05 for optimizer and 6.25e-05 for film
current performance: 56.5651, best performance: 57.7045
Epoch: 0124 | TRAIN: 0.1215 0.6646 0.9551 | 0.1641 0.1641 0.0760 | 0.1160 21.8191 16.1307 0.3629 0.6452 0.7545 TEST: 1.1598 0.5301 0.7536 | 0.4010 0.3933 0.5968 | 0.1398 24.7670 31.5490 29.6536 56.4322 68.7413
lr at 125th epoch is 5e-05 for optimizer and 6.25e-05 for film
current performance: 56.5905, best performance: 57.7045
Epoch: 0125 | TRAIN: 0.1237 0.6626 0.9542 | 0.1623 0.1623 0.0743 | 0.1165 21.8924 16.1736 0.3626 0.6420 0.7521 TEST: 1.1748 0.5280 0.7547 | 0.3964 0.3898 0.5736 | 0.1389 24.6414 31.4438 29.9248 56.8482 69.0638
lr at 126th epoch is 5e-05 for optimizer and 6.25e-05 for film
current performance: 57.1826, best performance: 57.7045
Epoch: 0126 | TRAIN: 0.1190 0.6609 0.9560 | 0.1609 0.1609 0.0737 | 0.1161 21.7834 15.9849 0.3676 0.6469 0.7550 TEST: 1.1627 0.5342 0.7560 | 0.3993 0.3917 0.5920 | 0.1398 24.7408 31.5637 29.8782 56.6204 68.8331
lr at 127th epoch is 5e-05 for optimizer and 6.25e-05 for film
current performance: 58.0224, best performance: 57.7045
Epoch: 0127 | TRAIN: 0.1153 0.6686 0.9576 | 0.1615 0.1615 0.0735 | 0.1146 21.6263 15.9286 0.3697 0.6489 0.7577 TEST: 1.1434 0.5404 0.7572 | 0.3990 0.3916 0.5944 | 0.1396 24.6984 31.5583 29.8242 56.8754 69.0626
lr at 128th epoch is 5e-05 for optimizer and 6.25e-05 for film
current performance: 57.3141, best performance: 58.0224
Epoch: 0128 | TRAIN: 0.1181 0.6626 0.9563 | 0.1593 0.1593 0.0729 | 0.1150 21.7202 15.9843 0.3653 0.6470 0.7561 TEST: 1.1832 0.5345 0.7545 | 0.3988 0.3910 0.5971 | 0.1387 24.6779 31.4092 29.6017 56.6274 68.9487
lr at 129th epoch is 5e-05 for optimizer and 6.25e-05 for film
current performance: 57.5082, best performance: 58.0224
Epoch: 0129 | TRAIN: 0.1213 0.6652 0.9552 | 0.1618 0.1618 0.0730 | 0.1137 21.5786 15.8988 0.3690 0.6491 0.7583 TEST: 1.1873 0.5327 0.7529 | 0.3870 0.3804 0.5674 | 0.1396 24.7104 31.5484 29.8429 56.7046 68.9138
lr at 130th epoch is 5e-05 for optimizer and 6.25e-05 for film
current performance: 57.0669, best performance: 58.0224
Epoch: 0130 | TRAIN: 0.1215 0.6593 0.9548 | 0.1604 0.1604 0.0740 | 0.1153 21.7222 15.9615 0.3668 0.6475 0.7562 TEST: 1.1654 0.5331 0.7529 | 0.3968 0.3890 0.5886 | 0.1408 24.8207 31.7176 29.5149 56.8513 69.0673
lr at 131th epoch is 5e-05 for optimizer and 6.25e-05 for film
current performance: 57.3238, best performance: 58.0224
Epoch: 0131 | TRAIN: 0.1182 0.6636 0.9562 | 0.1604 0.1604 0.0734 | 0.1148 21.7093 16.0358 0.3643 0.6467 0.7572 TEST: 1.1890 0.5339 0.7553 | 0.3963 0.3890 0.5870 | 0.1392 24.6874 31.5023 29.7516 56.8142 69.0460
lr at 132th epoch is 5e-05 for optimizer and 6.25e-05 for film
current performance: 55.8546, best performance: 58.0224
Epoch: 0132 | TRAIN: 0.1235 0.6601 0.9544 | 0.1609 0.1609 0.0732 | 0.1140 21.6105 15.9480 0.3676 0.6488 0.7584 TEST: 1.1863 0.5232 0.7522 | 0.3980 0.3914 0.5823 | 0.1393 24.6775 31.5018 29.9064 56.7370 68.9015
lr at 133th epoch is 5e-05 for optimizer and 6.25e-05 for film
current performance: 57.6983, best performance: 58.0224
Epoch: 0133 | TRAIN: 0.1214 0.6670 0.9552 | 0.1597 0.1597 0.0732 | 0.1143 21.6298 15.9333 0.3666 0.6498 0.7590 TEST: 1.1809 0.5350 0.7541 | 0.3905 0.3836 0.5781 | 0.1392 24.6831 31.5003 29.7834 56.7462 69.0024
lr at 134th epoch is 5e-05 for optimizer and 6.25e-05 for film
current performance: 57.5599, best performance: 58.0224
Epoch: 0134 | TRAIN: 0.1154 0.6634 0.9575 | 0.1564 0.1564 0.0735 | 0.1142 21.6219 15.9109 0.3672 0.6501 0.7592 TEST: 1.1919 0.5347 0.7566 | 0.3948 0.3876 0.5808 | 0.1387 24.6158 31.4344 29.9350 56.8921 69.1089
lr at 135th epoch is 5e-05 for optimizer and 6.25e-05 for film
current performance: 58.0144, best performance: 58.0224
Epoch: 0135 | TRAIN: 0.1117 0.6669 0.9580 | 0.1574 0.1574 0.0724 | 0.1134 21.5378 15.8549 0.3691 0.6509 0.7599 TEST: 1.1971 0.5365 0.7562 | 0.3896 0.3820 0.5808 | 0.1391 24.6272 31.5048 30.0766 57.0291 69.1849
lr at 136th epoch is 5e-05 for optimizer and 6.25e-05 for film
current performance: 58.0357, best performance: 58.0224
Epoch: 0136 | TRAIN: 0.1172 0.6659 0.9564 | 0.1576 0.1576 0.0727 | 0.1142 21.5968 15.8925 0.3691 0.6502 0.7586 TEST: 1.2050 0.5371 0.7545 | 0.3891 0.3820 0.5742 | 0.1392 24.6796 31.5086 29.7913 56.7320 68.9743
lr at 137th epoch is 5e-05 for optimizer and 6.25e-05 for film
current performance: 57.3956, best performance: 58.0357
Epoch: 0137 | TRAIN: 0.1171 0.6668 0.9566 | 0.1596 0.1596 0.0728 | 0.1147 21.6377 15.8603 0.3687 0.6503 0.7582 TEST: 1.1961 0.5365 0.7544 | 0.4027 0.3968 0.5834 | 0.1389 24.6210 31.4608 30.0797 56.8657 69.1218
lr at 138th epoch is 5e-05 for optimizer and 6.25e-05 for film
current performance: 57.5293, best performance: 58.0357
Epoch: 0138 | TRAIN: 0.1150 0.6712 0.9577 | 0.1581 0.1581 0.0725 | 0.1122 21.3729 15.6459 0.3718 0.6562 0.7640 TEST: 1.1806 0.5330 0.7520 | 0.3930 0.3858 0.5806 | 0.1382 24.5260 31.3882 30.1577 57.1475 69.3748
lr at 139th epoch is 5e-05 for optimizer and 6.25e-05 for film
current performance: 57.6575, best performance: 58.0357
Epoch: 0139 | TRAIN: 0.1153 0.6677 0.9571 | 0.1565 0.1565 0.0709 | 0.1125 21.3991 15.6730 0.3746 0.6539 0.7621 TEST: 1.1942 0.5330 0.7535 | 0.3843 0.3775 0.5692 | 0.1402 24.7241 31.6467 29.9383 56.8722 69.0304
lr at 140th epoch is 5e-05 for optimizer and 6.25e-05 for film
current performance: 57.4317, best performance: 58.0357
Epoch: 0140 | TRAIN: 0.1155 0.6689 0.9571 | 0.1550 0.1550 0.0714 | 0.1140 21.5595 15.8686 0.3703 0.6519 0.7601 TEST: 1.2047 0.5332 0.7507 | 0.3928 0.3859 0.5829 | 0.1391 24.6239 31.5007 30.0696 56.9467 69.1459
lr at 141th epoch is 5e-05 for optimizer and 6.25e-05 for film
current performance: 57.8093, best performance: 58.0357
Epoch: 0141 | TRAIN: 0.1172 0.6649 0.9567 | 0.1584 0.1584 0.0731 | 0.1139 21.5572 15.8356 0.3698 0.6521 0.7607 TEST: 1.2073 0.5356 0.7522 | 0.3911 0.3841 0.5761 | 0.1390 24.6369 31.4733 30.0798 56.8897 69.0486
lr at 142th epoch is 5e-05 for optimizer and 6.25e-05 for film
current performance: 58.0501, best performance: 58.0357
Epoch: 0142 | TRAIN: 0.1125 0.6740 0.9581 | 0.1541 0.1541 0.0710 | 0.1132 21.4379 15.6869 0.3749 0.6549 0.7618 TEST: 1.2157 0.5363 0.7535 | 0.3897 0.3828 0.5747 | 0.1386 24.5460 31.4627 30.2644 57.2904 69.4653
lr at 143th epoch is 5e-05 for optimizer and 6.25e-05 for film
current performance: 56.3666, best performance: 58.0501
Epoch: 0143 | TRAIN: 0.1131 0.6718 0.9579 | 0.1538 0.1538 0.0705 | 0.1127 21.4167 15.6716 0.3738 0.6538 0.7616 TEST: 1.1828 0.5256 0.7497 | 0.3948 0.3881 0.5770 | 0.1398 24.6243 31.6120 30.3261 57.2666 69.3510
lr at 144th epoch is 5e-05 for optimizer and 6.25e-05 for film
current performance: 57.6180, best performance: 58.0501
Epoch: 0144 | TRAIN: 0.1119 0.6632 0.9582 | 0.1532 0.1532 0.0705 | 0.1117 21.3302 15.6781 0.3730 0.6569 0.7651 TEST: 1.2056 0.5326 0.7538 | 0.3887 0.3820 0.5703 | 0.1388 24.5457 31.4736 30.3499 57.3630 69.3581
lr at 145th epoch is 5e-05 for optimizer and 6.25e-05 for film
current performance: 58.5656, best performance: 58.0501
Epoch: 0145 | TRAIN: 0.1192 0.6553 0.9566 | 0.1566 0.1566 0.0724 | 0.1130 21.4587 15.7527 0.3711 0.6541 0.7621 TEST: 1.1626 0.5403 0.7556 | 0.3886 0.3816 0.5750 | 0.1381 24.5869 31.3604 29.7973 56.8770 69.1546
lr at 146th epoch is 5e-05 for optimizer and 6.25e-05 for film
current performance: 58.1077, best performance: 58.5656
Epoch: 0146 | TRAIN: 0.1105 0.6692 0.9586 | 0.1549 0.1549 0.0710 | 0.1116 21.2517 15.5203 0.3788 0.6583 0.7653 TEST: 1.2088 0.5359 0.7543 | 0.3888 0.3816 0.5749 | 0.1382 24.4966 31.4053 30.3462 57.4095 69.4904
lr at 147th epoch is 5e-05 for optimizer and 6.25e-05 for film
current performance: 57.2076, best performance: 58.5656
Epoch: 0147 | TRAIN: 0.1136 0.6607 0.9580 | 0.1573 0.1573 0.0729 | 0.1135 21.4995 15.7647 0.3715 0.6537 0.7612 TEST: 1.2294 0.5297 0.7514 | 0.3910 0.3839 0.5723 | 0.1386 24.5076 31.4495 30.5469 57.3473 69.4674
lr at 148th epoch is 5e-05 for optimizer and 6.25e-05 for film
current performance: 57.6858, best performance: 58.5656
Epoch: 0148 | TRAIN: 0.1108 0.6723 0.9587 | 0.1541 0.1541 0.0701 | 0.1114 21.2490 15.5408 0.3786 0.6577 0.7648 TEST: 1.2316 0.5333 0.7532 | 0.3882 0.3817 0.5719 | 0.1386 24.5725 31.4434 30.1229 57.0529 69.2472
lr at 149th epoch is 5e-05 for optimizer and 6.25e-05 for film
current performance: 57.2227, best performance: 58.5656
Epoch: 0149 | TRAIN: 0.1068 0.6724 0.9602 | 0.1524 0.1524 0.0696 | 0.1101 21.0979 15.4133 0.3811 0.6613 0.7678 TEST: 1.2443 0.5299 0.7544 | 0.3924 0.3849 0.5794 | 0.1381 24.4806 31.3995 30.3867 57.5468 69.6563
lr at 150th epoch is 5e-05 for optimizer and 3.125e-05 for film
current performance: 58.0093, best performance: 58.5656
Epoch: 0150 | TRAIN: 0.1102 0.6680 0.9589 | 0.1534 0.1534 0.0698 | 0.1113 21.2308 15.4954 0.3789 0.6590 0.7661 TEST: 1.2218 0.5375 0.7543 | 0.3930 0.3862 0.5723 | 0.1388 24.5956 31.4687 30.0216 57.0121 69.2881
lr at 151th epoch is 5e-05 for optimizer and 3.125e-05 for film
current performance: 58.1084, best performance: 58.5656
Epoch: 0151 | TRAIN: 0.1083 0.6707 0.9598 | 0.1543 0.1543 0.0704 | 0.1111 21.2207 15.5346 0.3779 0.6597 0.7666 TEST: 1.2298 0.5356 0.7532 | 0.3908 0.3836 0.5769 | 0.1371 24.3810 31.2608 30.5415 57.6315 69.7783
lr at 152th epoch is 5e-05 for optimizer and 3.125e-05 for film
current performance: 56.0310, best performance: 58.5656
Epoch: 0152 | TRAIN: 0.1093 0.6684 0.9595 | 0.1568 0.1568 0.0722 | 0.1109 21.2356 15.5311 0.3752 0.6585 0.7662 TEST: 1.2651 0.5259 0.7495 | 0.4049 0.3982 0.5826 | 0.1387 24.5679 31.4521 30.1498 57.1701 69.4099
lr at 153th epoch is 5e-05 for optimizer and 3.125e-05 for film
current performance: 58.1095, best performance: 58.5656
Epoch: 0153 | TRAIN: 0.1094 0.6680 0.9592 | 0.1530 0.1530 0.0701 | 0.1112 21.2385 15.5621 0.3769 0.6592 0.7665 TEST: 1.2337 0.5369 0.7523 | 0.3893 0.3829 0.5678 | 0.1392 24.5546 31.5333 30.4578 57.3698 69.4671
lr at 154th epoch is 5e-05 for optimizer and 3.125e-05 for film
current performance: 57.0345, best performance: 58.5656
Epoch: 0154 | TRAIN: 0.1260 0.6584 0.9547 | 0.1559 0.1559 0.0724 | 0.1137 21.5316 15.8102 0.3704 0.6528 0.7610 TEST: 1.2211 0.5316 0.7517 | 0.3957 0.3888 0.5816 | 0.1402 24.6885 31.6533 30.0827 57.0786 69.2434
lr at 155th epoch is 5e-05 for optimizer and 3.125e-05 for film
current performance: 57.4705, best performance: 58.5656
Epoch: 0155 | TRAIN: 0.1122 0.6678 0.9585 | 0.1516 0.1516 0.0699 | 0.1112 21.2541 15.5301 0.3762 0.6596 0.7663 TEST: 1.1976 0.5331 0.7537 | 0.3944 0.3873 0.5809 | 0.1385 24.5266 31.4502 30.3136 57.3694 69.4296
lr at 156th epoch is 5e-05 for optimizer and 3.125e-05 for film
current performance: 57.8847, best performance: 58.5656
Epoch: 0156 | TRAIN: 0.1082 0.6702 0.9598 | 0.1494 0.1494 0.0690 | 0.1114 21.2274 15.4779 0.3794 0.6594 0.7660 TEST: 1.2419 0.5334 0.7537 | 0.3894 0.3823 0.5764 | 0.1372 24.3829 31.2721 30.6021 57.5626 69.6462
lr at 157th epoch is 5e-05 for optimizer and 3.125e-05 for film
current performance: 57.2689, best performance: 58.5656
Epoch: 0157 | TRAIN: 0.1077 0.6704 0.9602 | 0.1528 0.1528 0.0687 | 0.1088 20.9392 15.2233 0.3858 0.6650 0.7708 TEST: 1.2648 0.5300 0.7536 | 0.3889 0.3820 0.5723 | 0.1396 24.5639 31.5965 30.5123 57.5533 69.5745
lr at 158th epoch is 5e-05 for optimizer and 3.125e-05 for film
current performance: 56.7408, best performance: 58.5656
Epoch: 0158 | TRAIN: 0.1060 0.6737 0.9607 | 0.1455 0.1455 0.0668 | 0.1095 21.0042 15.2947 0.3849 0.6641 0.7701 TEST: 1.2446 0.5309 0.7532 | 0.4074 0.3993 0.6056 | 0.1373 24.4649 31.2695 30.2405 57.1663 69.3795
lr at 159th epoch is 5e-05 for optimizer and 3.125e-05 for film
current performance: 57.9852, best performance: 58.5656
Epoch: 0159 | TRAIN: 0.1068 0.6709 0.9604 | 0.1510 0.1510 0.0686 | 0.1102 21.1087 15.4029 0.3800 0.6627 0.7690 TEST: 1.2235 0.5363 0.7556 | 0.3937 0.3864 0.5792 | 0.1380 24.4630 31.3892 30.5825 57.2777 69.4369
lr at 160th epoch is 5e-05 for optimizer and 3.125e-05 for film
current performance: 58.0943, best performance: 58.5656
Epoch: 0160 | TRAIN: 0.1042 0.6766 0.9612 | 0.1521 0.1521 0.0687 | 0.1088 20.9281 15.2003 0.3857 0.6662 0.7717 TEST: 1.2409 0.5361 0.7549 | 0.3925 0.3851 0.5801 | 0.1375 24.3875 31.3278 30.7970 57.6711 69.6831
lr at 161th epoch is 5e-05 for optimizer and 3.125e-05 for film
current performance: 58.4304, best performance: 58.5656
Epoch: 0161 | TRAIN: 0.1047 0.6701 0.9610 | 0.1503 0.1503 0.0691 | 0.1096 21.0135 15.2608 0.3843 0.6641 0.7698 TEST: 1.2164 0.5378 0.7544 | 0.3887 0.3817 0.5767 | 0.1378 24.4133 31.3572 30.6618 57.6860 69.7226
lr at 162th epoch is 5e-05 for optimizer and 3.125e-05 for film
current performance: 58.4605, best performance: 58.5656
Epoch: 0162 | TRAIN: 0.1073 0.6657 0.9599 | 0.1532 0.1532 0.0699 | 0.1094 20.9865 15.2538 0.3851 0.6651 0.7703 TEST: 1.2107 0.5363 0.7538 | 0.3851 0.3779 0.5747 | 0.1370 24.3685 31.2478 30.6307 57.6452 69.7208
lr at 163th epoch is 5e-05 for optimizer and 3.125e-05 for film
current performance: 58.3296, best performance: 58.5656
Epoch: 0163 | TRAIN: 0.1071 0.6698 0.9604 | 0.1493 0.1493 0.0680 | 0.1095 20.9979 15.3099 0.3835 0.6645 0.7710 TEST: 1.2361 0.5350 0.7539 | 0.3836 0.3769 0.5660 | 0.1376 24.3789 31.3507 30.7288 57.8332 69.8626
lr at 164th epoch is 5e-05 for optimizer and 3.125e-05 for film
current performance: 57.7631, best performance: 58.5656
Epoch: 0164 | TRAIN: 0.1039 0.6746 0.9616 | 0.1478 0.1478 0.0679 | 0.1097 21.0072 15.2448 0.3856 0.6643 0.7701 TEST: 1.2543 0.5347 0.7528 | 0.3959 0.3883 0.5924 | 0.1370 24.4070 31.2271 30.4897 57.2967 69.4447
lr at 165th epoch is 5e-05 for optimizer and 3.125e-05 for film
current performance: 55.9434, best performance: 58.5656
Epoch: 0165 | TRAIN: 0.1052 0.6725 0.9607 | 0.1462 0.1462 0.0680 | 0.1092 20.9472 15.1846 0.3869 0.6660 0.7713 TEST: 1.2478 0.5213 0.7514 | 0.3952 0.3883 0.5866 | 0.1380 24.5054 31.3761 30.1389 57.3709 69.5397
lr at 166th epoch is 5e-05 for optimizer and 3.125e-05 for film
current performance: 56.9628, best performance: 58.5656
Epoch: 0166 | TRAIN: 0.1059 0.6741 0.9603 | 0.1488 0.1488 0.0693 | 0.1086 20.8970 15.1826 0.3864 0.6669 0.7727 TEST: 1.2464 0.5289 0.7526 | 0.3963 0.3889 0.5889 | 0.1377 24.4448 31.3417 30.5252 57.4162 69.4987
lr at 167th epoch is 5e-05 for optimizer and 3.125e-05 for film
current performance: 55.8029, best performance: 58.5656
Epoch: 0167 | TRAIN: 0.1046 0.6721 0.9607 | 0.1479 0.1479 0.0672 | 0.1087 20.9245 15.2636 0.3849 0.6661 0.7722 TEST: 1.2688 0.5167 0.7531 | 0.3881 0.3813 0.5716 | 0.1368 24.3769 31.2373 30.4976 57.6060 69.6842
lr at 168th epoch is 5e-05 for optimizer and 3.125e-05 for film
current performance: 57.6908, best performance: 58.5656
Epoch: 0168 | TRAIN: 0.1055 0.6709 0.9607 | 0.1475 0.1475 0.0676 | 0.1094 21.0070 15.3323 0.3833 0.6642 0.7701 TEST: 1.2346 0.5318 0.7546 | 0.3885 0.3812 0.5773 | 0.1377 24.4103 31.3663 30.5094 57.7968 69.8866
lr at 169th epoch is 5e-05 for optimizer and 3.125e-05 for film
current performance: 57.8627, best performance: 58.5656
Epoch: 0169 | TRAIN: 0.1017 0.6773 0.9618 | 0.1454 0.1454 0.0661 | 0.1090 20.9711 15.3305 0.3833 0.6649 0.7716 TEST: 1.2620 0.5333 0.7523 | 0.3898 0.3832 0.5734 | 0.1371 24.3549 31.2774 30.6753 57.7140 69.8163
lr at 170th epoch is 5e-05 for optimizer and 3.125e-05 for film
current performance: 57.6090, best performance: 58.5656
Epoch: 0170 | TRAIN: 0.1078 0.6722 0.9599 | 0.1458 0.1458 0.0670 | 0.1096 20.9985 15.2437 0.3851 0.6657 0.7707 TEST: 1.2434 0.5322 0.7516 | 0.3954 0.3881 0.5818 | 0.1358 24.2644 31.0950 30.7636 57.6573 69.7643
lr at 171th epoch is 5e-05 for optimizer and 3.125e-05 for film
current performance: 58.5002, best performance: 58.5656
Epoch: 0171 | TRAIN: 0.0999 0.6762 0.9627 | 0.1508 0.1508 0.0689 | 0.1082 20.8335 15.0616 0.3891 0.6691 0.7735 TEST: 1.2426 0.5385 0.7559 | 0.3913 0.3840 0.5762 | 0.1369 24.3471 31.2368 30.5946 57.7241 69.7698
lr at 172th epoch is 5e-05 for optimizer and 3.125e-05 for film
current performance: 57.6030, best performance: 58.5656
Epoch: 0172 | TRAIN: 0.1021 0.6721 0.9622 | 0.1448 0.1448 0.0669 | 0.1078 20.7995 15.0419 0.3889 0.6698 0.7747 TEST: 1.2707 0.5314 0.7522 | 0.3912 0.3839 0.5843 | 0.1368 24.3382 31.2329 30.7737 57.6040 69.6697
lr at 173th epoch is 5e-05 for optimizer and 3.125e-05 for film
current performance: 57.7277, best performance: 58.5656
Epoch: 0173 | TRAIN: 0.1023 0.6755 0.9616 | 0.1474 0.1474 0.0679 | 0.1076 20.7604 15.0470 0.3909 0.6707 0.7753 TEST: 1.2768 0.5316 0.7506 | 0.3903 0.3831 0.5803 | 0.1368 24.2821 31.2608 30.9009 58.0970 70.0876
lr at 174th epoch is 5e-05 for optimizer and 3.125e-05 for film
current performance: 58.2137, best performance: 58.5656
Epoch: 0174 | TRAIN: 0.1004 0.6799 0.9624 | 0.1455 0.1455 0.0663 | 0.1071 20.7181 15.0511 0.3907 0.6709 0.7760 TEST: 1.2782 0.5372 0.7523 | 0.3927 0.3853 0.5807 | 0.1372 24.4066 31.2868 30.4256 57.3856 69.5835
lr at 175th epoch is 5e-05 for optimizer and 3.125e-05 for film
current performance: 57.5172, best performance: 58.5656
Epoch: 0175 | TRAIN: 0.0999 0.6812 0.9624 | 0.1460 0.1460 0.0665 | 0.1072 20.7229 15.0465 0.3911 0.6705 0.7755 TEST: 1.2767 0.5308 0.7526 | 0.3924 0.3855 0.5756 | 0.1371 24.2948 31.3249 31.0190 58.0571 70.0566
lr at 176th epoch is 5e-05 for optimizer and 3.125e-05 for film
current performance: 58.6571, best performance: 58.5656
Epoch: 0176 | TRAIN: 0.0994 0.6763 0.9628 | 0.1487 0.1487 0.0672 | 0.1072 20.6815 14.9532 0.3942 0.6726 0.7763 TEST: 1.2470 0.5375 0.7529 | 0.3845 0.3778 0.5707 | 0.1366 24.3355 31.2087 30.5790 57.6306 69.7517
lr at 177th epoch is 5e-05 for optimizer and 3.125e-05 for film
current performance: 57.3263, best performance: 58.6571
Epoch: 0177 | TRAIN: 0.1008 0.6758 0.9623 | 0.1458 0.1458 0.0669 | 0.1066 20.6053 14.8339 0.3955 0.6743 0.7781 TEST: 1.2757 0.5311 0.7501 | 0.3957 0.3885 0.5843 | 0.1379 24.3741 31.4011 30.9264 57.8812 69.8570
lr at 178th epoch is 5e-05 for optimizer and 3.125e-05 for film
current performance: 57.5676, best performance: 58.6571
Epoch: 0178 | TRAIN: 0.0973 0.6762 0.9638 | 0.1467 0.1467 0.0682 | 0.1076 20.7199 14.9365 0.3939 0.6721 0.7759 TEST: 1.2564 0.5315 0.7541 | 0.3916 0.3844 0.5769 | 0.1369 24.3674 31.2565 30.6601 57.5003 69.6091
lr at 179th epoch is 5e-05 for optimizer and 3.125e-05 for film
current performance: 57.7409, best performance: 58.6571
Epoch: 0179 | TRAIN: 0.1025 0.6749 0.9621 | 0.1440 0.1440 0.0657 | 0.1074 20.7206 15.0124 0.3924 0.6705 0.7751 TEST: 1.2722 0.5338 0.7553 | 0.3957 0.3896 0.5744 | 0.1364 24.2701 31.2063 31.0046 57.8530 69.8990
lr at 180th epoch is 5e-05 for optimizer and 1.5625e-05 for film
current performance: 57.8410, best performance: 58.6571
Epoch: 0180 | TRAIN: 0.1021 0.6735 0.9618 | 0.1464 0.1464 0.0661 | 0.1069 20.6785 15.0335 0.3917 0.6716 0.7764 TEST: 1.2816 0.5323 0.7522 | 0.3853 0.3789 0.5659 | 0.1381 24.4234 31.4122 30.7032 57.7551 69.8416
lr at 181th epoch is 5e-05 for optimizer and 1.5625e-05 for film
current performance: 58.0441, best performance: 58.6571
Epoch: 0181 | TRAIN: 0.1010 0.6752 0.9624 | 0.1484 0.1484 0.0673 | 0.1060 20.5772 14.9145 0.3943 0.6734 0.7780 TEST: 1.2974 0.5335 0.7526 | 0.3865 0.3795 0.5702 | 0.1378 24.3606 31.3999 30.8922 57.8338 69.9109
lr at 182th epoch is 5e-05 for optimizer and 1.5625e-05 for film
current performance: 59.0652, best performance: 58.6571
Epoch: 0182 | TRAIN: 0.0994 0.6767 0.9629 | 0.1438 0.1438 0.0657 | 0.1075 20.7352 15.0250 0.3919 0.6710 0.7755 TEST: 1.2649 0.5402 0.7568 | 0.3865 0.3792 0.5745 | 0.1361 24.2190 31.1587 31.0599 58.0451 70.0923
lr at 183th epoch is 5e-05 for optimizer and 1.5625e-05 for film
current performance: 58.1405, best performance: 59.0652
Epoch: 0183 | TRAIN: 0.1003 0.6787 0.9627 | 0.1450 0.1450 0.0668 | 0.1068 20.6486 14.9366 0.3934 0.6728 0.7777 TEST: 1.2599 0.5322 0.7530 | 0.3824 0.3751 0.5705 | 0.1369 24.2892 31.2735 31.0163 57.9178 69.9913
lr at 184th epoch is 5e-05 for optimizer and 1.5625e-05 for film
current performance: 57.9936, best performance: 59.0652
Epoch: 0184 | TRAIN: 0.1049 0.6711 0.9611 | 0.1479 0.1479 0.0674 | 0.1066 20.6137 14.8985 0.3947 0.6739 0.7782 TEST: 1.2718 0.5324 0.7549 | 0.3860 0.3792 0.5666 | 0.1364 24.2869 31.1779 30.8014 57.7531 69.8854
lr at 185th epoch is 5e-05 for optimizer and 1.5625e-05 for film
current performance: 57.4081, best performance: 59.0652
Epoch: 0185 | TRAIN: 0.0995 0.6772 0.9629 | 0.1464 0.1464 0.0666 | 0.1060 20.5699 14.8776 0.3952 0.6735 0.7784 TEST: 1.2802 0.5283 0.7522 | 0.3886 0.3818 0.5712 | 0.1369 24.2405 31.3009 31.2326 58.2443 70.2019
lr at 186th epoch is 5e-05 for optimizer and 1.5625e-05 for film
current performance: 56.7885, best performance: 59.0652
Epoch: 0186 | TRAIN: 0.0985 0.6767 0.9633 | 0.1436 0.1436 0.0657 | 0.1059 20.5612 14.8397 0.3947 0.6745 0.7791 TEST: 1.2901 0.5273 0.7522 | 0.3991 0.3920 0.5831 | 0.1365 24.2949 31.2276 30.8011 57.8088 69.8967
lr at 187th epoch is 5e-05 for optimizer and 1.5625e-05 for film
current performance: 58.3058, best performance: 59.0652
Epoch: 0187 | TRAIN: 0.0935 0.6853 0.9649 | 0.1430 0.1430 0.0645 | 0.1051 20.4571 14.7697 0.3972 0.6775 0.7812 TEST: 1.2456 0.5366 0.7532 | 0.3917 0.3844 0.5799 | 0.1358 24.2883 31.0913 30.5562 57.5366 69.7267
lr at 188th epoch is 5e-05 for optimizer and 1.5625e-05 for film
current performance: 58.7708, best performance: 59.0652
Epoch: 0188 | TRAIN: 0.0971 0.6810 0.9636 | 0.1433 0.1433 0.0655 | 0.1053 20.4995 14.7927 0.3945 0.6771 0.7810 TEST: 1.2644 0.5388 0.7564 | 0.3896 0.3824 0.5742 | 0.1359 24.2027 31.1417 31.1114 58.0904 70.1212
lr at 189th epoch is 5e-05 for optimizer and 1.5625e-05 for film
current performance: 58.4347, best performance: 59.0652
Epoch: 0189 | TRAIN: 0.0961 0.6779 0.9642 | 0.1439 0.1439 0.0657 | 0.1036 20.3250 14.7157 0.3978 0.6797 0.7836 TEST: 1.2746 0.5363 0.7558 | 0.3886 0.3812 0.5793 | 0.1362 24.2616 31.1692 30.7640 57.8760 70.0208
lr at 190th epoch is 5e-05 for optimizer and 1.5625e-05 for film
current performance: 58.3837, best performance: 59.0652
Epoch: 0190 | TRAIN: 0.0965 0.6777 0.9641 | 0.1414 0.1414 0.0642 | 0.1049 20.4189 14.7421 0.3989 0.6780 0.7812 TEST: 1.2710 0.5363 0.7558 | 0.3899 0.3826 0.5764 | 0.1366 24.2524 31.2499 31.1076 58.0447 70.0619
lr at 191th epoch is 5e-05 for optimizer and 1.5625e-05 for film
current performance: 57.6313, best performance: 59.0652
Epoch: 0191 | TRAIN: 0.1075 0.6772 0.9603 | 0.1437 0.1437 0.0661 | 0.1064 20.6220 14.9594 0.3932 0.6736 0.7779 TEST: 1.2761 0.5325 0.7499 | 0.3944 0.3867 0.5831 | 0.1368 24.3291 31.2453 30.6296 57.7820 69.9553
lr at 192th epoch is 5e-05 for optimizer and 1.5625e-05 for film
current performance: 58.2897, best performance: 59.0652
Epoch: 0192 | TRAIN: 0.1008 0.6713 0.9627 | 0.1457 0.1457 0.0661 | 0.1047 20.4430 14.8309 0.3965 0.6770 0.7814 TEST: 1.2811 0.5359 0.7532 | 0.3906 0.3837 0.5728 | 0.1358 24.2503 31.1092 30.7078 57.8540 70.0483
lr at 193th epoch is 5e-05 for optimizer and 1.5625e-05 for film
current performance: 59.0629, best performance: 59.0652
Epoch: 0193 | TRAIN: 0.0952 0.6823 0.9642 | 0.1409 0.1409 0.0636 | 0.1047 20.3912 14.7025 0.3994 0.6804 0.7834 TEST: 1.2807 0.5394 0.7537 | 0.3846 0.3778 0.5714 | 0.1360 24.1872 31.1502 31.1606 58.2039 70.2104
lr at 194th epoch is 5e-05 for optimizer and 1.5625e-05 for film
current performance: 58.7007, best performance: 59.0652
Epoch: 0194 | TRAIN: 0.1035 0.6776 0.9618 | 0.1417 0.1417 0.0640 | 0.1057 20.5554 14.9224 0.3935 0.6746 0.7793 TEST: 1.2588 0.5400 0.7556 | 0.3891 0.3821 0.5731 | 0.1374 24.4107 31.3097 30.3741 57.5935 69.7497
lr at 195th epoch is 5e-05 for optimizer and 1.5625e-05 for film
current performance: 58.9287, best performance: 59.0652
Epoch: 0195 | TRAIN: 0.0989 0.6810 0.9633 | 0.1409 0.1409 0.0651 | 0.1050 20.4809 14.8415 0.3953 0.6765 0.7812 TEST: 1.2531 0.5402 0.7565 | 0.3902 0.3826 0.5800 | 0.1364 24.2057 31.1993 31.2071 58.1862 70.2016
lr at 196th epoch is 5e-05 for optimizer and 1.5625e-05 for film
current performance: 58.1453, best performance: 59.0652
Epoch: 0196 | TRAIN: 0.0952 0.6791 0.9645 | 0.1413 0.1413 0.0644 | 0.1041 20.3356 14.6986 0.3995 0.6804 0.7835 TEST: 1.3021 0.5338 0.7522 | 0.3900 0.3826 0.5715 | 0.1360 24.1783 31.1438 31.2139 58.1837 70.1797
lr at 197th epoch is 5e-05 for optimizer and 1.5625e-05 for film
current performance: 58.7353, best performance: 59.0652
Epoch: 0197 | TRAIN: 0.0953 0.6803 0.9643 | 0.1415 0.1415 0.0643 | 0.1046 20.3723 14.7104 0.4000 0.6794 0.7825 TEST: 1.2995 0.5386 0.7551 | 0.3885 0.3815 0.5734 | 0.1358 24.2479 31.1064 30.7108 57.9126 70.0323
lr at 198th epoch is 5e-05 for optimizer and 1.5625e-05 for film
current performance: 57.4451, best performance: 59.0652
Epoch: 0198 | TRAIN: 0.0942 0.6804 0.9647 | 0.1402 0.1402 0.0642 | 0.1047 20.3598 14.6481 0.4013 0.6804 0.7831 TEST: 1.3118 0.5303 0.7532 | 0.3942 0.3870 0.5840 | 0.1363 24.2346 31.1873 31.0334 58.0241 70.0497
lr at 199th epoch is 5e-05 for optimizer and 1.5625e-05 for film
current performance: 58.3539, best performance: 59.0652
Epoch: 0199 | TRAIN: 0.0961 0.6782 0.9641 | 0.1399 0.1399 0.0645 | 0.1047 20.3903 14.7376 0.3999 0.6786 0.7822 TEST: 1.2969 0.5345 0.7530 | 0.3878 0.3804 0.5783 | 0.1353 24.1580 31.0652 31.0185 58.2333 70.2855
Epoch: 0182 | TRAIN: 0.0994 0.6767 0.9629 | 0.1438 0.1438 0.0657 | 0.1075 20.7352 15.0250 0.3919 0.6710 0.7755 TEST: 1.2649 0.5402 0.7568 | 0.3865 0.3792 0.5745 | 0.1361 24.2190 31.1587 31.0599 58.0451 70.0923
