
CommandNotFoundError: Your shell has not been properly configured to use 'conda activate'.
To initialize your shell, run

    $ conda init <SHELL_NAME>

Currently supported shells are:
  - bash
  - fish
  - tcsh
  - xonsh
  - zsh
  - powershell

See 'conda init --help' for more information and options.

IMPORTANT: You may need to close and restart your shell after running 'conda init'.


/scratch_tmp/grp/grv_shi/k21220263/MTPSL/nyu_mtl_xtc.py:105: FutureWarning: You are using `torch.load` with `weights_only=False` (the current default value), which uses the default pickle module implicitly. It is possible to construct malicious pickle data which will execute arbitrary code during unpickling (See https://github.com/pytorch/pytorch/blob/main/SECURITY.md#untrusted-models for more details). In a future release, the default value for `weights_only` will be flipped to `True`. This limits the functions that could be executed during unpickling. Arbitrary objects will no longer be allowed to be loaded via this mode unless they are explicitly allowlisted by the user via `torch.serialization.add_safe_globals`. We recommend you start setting `weights_only=True` for any use case where you don't have full control of the loaded file. Please open an issue on GitHub for any issues related to this experimental feature.
  labels_weights = torch.load('{}onelabel.pth'.format(opt.labelroot))['labels_weights'].float().cuda()
Parameter Space: ABS: 42884943.0, REL: 1.7167

LOSS FORMAT: SEMANTIC_LOSS MEAN_IOU PIX_ACC | DEPTH_LOSS ABS_ERR ROOT_MSE | NORMAL_LOSS MEAN MED <11.25 <22.5 <30

lr at 0th epoch is 0.0001 for optimizer
current performance: -42.6584, best performance: -100.0000
Epoch: 0000 | TRAIN: 2.9301 0.0691 0.2631 | 1.4630 1.4630 0.7468 | 0.3852 48.7756 47.7558 0.0270 0.1198 0.2144 TEST: 1.9764 0.0922 0.3589 | 0.9169 0.9012 1.2444 | 0.3256 44.0431 48.6935 3.6459 14.9422 28.2907
lr at 1th epoch is 0.0001 for optimizer
current performance: -53.1507, best performance: -42.6584
Epoch: 0001 | TRAIN: 2.0334 0.1034 0.3333 | 1.1217 1.1217 0.5507 | 0.3426 45.4945 43.9728 0.0356 0.1435 0.2500 TEST: 2.3277 0.0253 0.1909 | 0.9456 0.9284 1.2557 | 0.3283 44.7495 48.7540 2.4643 12.3488 23.6786
lr at 2th epoch is 0.0001 for optimizer
current performance: -41.3170, best performance: -42.6584
Epoch: 0002 | TRAIN: 1.9680 0.1093 0.3487 | 1.1203 1.1203 0.5535 | 0.3336 44.6109 43.1716 0.0416 0.1643 0.2759 TEST: 1.8022 0.0925 0.4064 | 0.8804 0.8651 1.2044 | 0.3248 44.2789 48.5341 3.7006 13.7834 24.3392
lr at 3th epoch is 0.0001 for optimizer
current performance: -42.3267, best performance: -41.3170
Epoch: 0003 | TRAIN: 1.8851 0.1113 0.3598 | 1.0321 1.0321 0.5153 | 0.3267 44.1668 42.5948 0.0390 0.1596 0.2758 TEST: 1.9007 0.0670 0.3229 | 0.8859 0.8673 1.2345 | 0.3061 42.1738 47.1426 4.9059 18.9502 31.9978
lr at 4th epoch is 0.0001 for optimizer
current performance: -41.3829, best performance: -41.3170
Epoch: 0004 | TRAIN: 1.8809 0.1091 0.3597 | 0.9864 0.9864 0.4869 | 0.3218 43.5183 41.6338 0.0480 0.1815 0.2998 TEST: 1.8565 0.0891 0.3670 | 0.9115 0.8953 1.2410 | 0.3179 42.7761 48.2800 5.3157 20.7169 33.6954
lr at 5th epoch is 0.0001 for optimizer
current performance: -42.1051, best performance: -41.3170
Epoch: 0005 | TRAIN: 1.8141 0.1232 0.3880 | 1.0401 1.0401 0.5052 | 0.3114 42.6635 40.7249 0.0506 0.1907 0.3135 TEST: 1.6973 0.1198 0.4267 | 1.0918 1.0749 1.4340 | 0.2878 39.9595 45.7461 8.6853 26.0479 38.0558
lr at 6th epoch is 0.0001 for optimizer
current performance: -36.8294, best performance: -41.3170
Epoch: 0006 | TRAIN: 1.7977 0.1200 0.3886 | 0.9636 0.9636 0.4693 | 0.3095 42.4367 40.5639 0.0547 0.1980 0.3171 TEST: 1.7745 0.1040 0.3960 | 0.8809 0.8633 1.2204 | 0.2987 41.6232 46.4700 5.3774 19.9236 32.3896
lr at 7th epoch is 0.0001 for optimizer
current performance: -33.6974, best performance: -36.8294
Epoch: 0007 | TRAIN: 1.7685 0.1283 0.3994 | 0.9817 0.9817 0.4800 | 0.3044 41.7531 39.5919 0.0635 0.2209 0.3425 TEST: 1.6812 0.1109 0.4282 | 0.8441 0.8282 1.1452 | 0.2919 40.9639 45.9033 6.2309 21.8819 33.9500
lr at 8th epoch is 0.0001 for optimizer
current performance: -29.2854, best performance: -33.6974
Epoch: 0008 | TRAIN: 1.7178 0.1407 0.4226 | 0.8992 0.8992 0.4451 | 0.2965 41.0238 39.0016 0.0715 0.2348 0.3551 TEST: 1.6772 0.1369 0.4141 | 0.8710 0.8536 1.1871 | 0.2799 38.9898 45.0908 11.2444 28.4369 39.7711
lr at 9th epoch is 0.0001 for optimizer
current performance: -24.3297, best performance: -29.2854
Epoch: 0009 | TRAIN: 1.6852 0.1424 0.4260 | 0.8448 0.8448 0.4178 | 0.2886 40.3524 38.0518 0.0753 0.2425 0.3647 TEST: 1.5749 0.1618 0.4701 | 0.7901 0.7745 1.0994 | 0.2980 40.4730 46.7708 9.0523 26.6434 38.5220
lr at 10th epoch is 0.0001 for optimizer
current performance: -24.8766, best performance: -24.3297
Epoch: 0010 | TRAIN: 1.6706 0.1481 0.4360 | 0.8760 0.8760 0.4317 | 0.2878 40.2141 37.8920 0.0786 0.2478 0.3695 TEST: 1.5948 0.1698 0.4518 | 0.8896 0.8728 1.2236 | 0.2692 38.0555 44.1639 11.7299 29.7968 41.5023
lr at 11th epoch is 0.0001 for optimizer
current performance: -24.0485, best performance: -24.3297
Epoch: 0011 | TRAIN: 1.6076 0.1593 0.4559 | 0.9204 0.9204 0.4522 | 0.2779 39.4437 37.1602 0.0819 0.2545 0.3785 TEST: 2.0626 0.1404 0.3352 | 0.7478 0.7387 0.9935 | 0.2771 39.1460 44.9546 8.0859 27.0524 39.8549
lr at 12th epoch is 0.0001 for optimizer
current performance: -15.6363, best performance: -24.0485
Epoch: 0012 | TRAIN: 1.5779 0.1718 0.4686 | 0.7966 0.7966 0.3920 | 0.2744 39.0498 36.5203 0.0841 0.2637 0.3909 TEST: 1.6420 0.1921 0.4572 | 0.7334 0.7217 0.9823 | 0.2730 38.1708 44.6148 12.1324 31.0526 42.2692
lr at 13th epoch is 0.0001 for optimizer
current performance: -26.5712, best performance: -15.6363
Epoch: 0013 | TRAIN: 1.5141 0.1821 0.4936 | 0.8557 0.8557 0.4141 | 0.2676 38.4645 35.9440 0.0895 0.2699 0.3991 TEST: 1.5821 0.1719 0.4818 | 0.9061 0.8920 1.1630 | 0.2822 39.0704 45.5501 10.0425 29.2308 41.4535
lr at 14th epoch is 0.0001 for optimizer
current performance: -9.6046, best performance: -15.6363
Epoch: 0014 | TRAIN: 1.5141 0.1836 0.4906 | 0.7752 0.7752 0.3844 | 0.2672 38.3810 35.7123 0.0910 0.2737 0.4026 TEST: 1.5905 0.2145 0.4698 | 0.6873 0.6744 0.9498 | 0.2518 37.1592 42.5273 9.2500 28.7508 41.9062
lr at 15th epoch is 0.0001 for optimizer
current performance: -13.3302, best performance: -9.6046
Epoch: 0015 | TRAIN: 1.4358 0.1987 0.5182 | 0.7765 0.7765 0.3799 | 0.2588 37.5450 34.8248 0.0998 0.2897 0.4198 TEST: 1.4632 0.2100 0.5259 | 0.7721 0.7565 1.0633 | 0.2504 36.7981 42.4960 11.2080 29.6547 42.3831
lr at 16th epoch is 0.0001 for optimizer
current performance: -6.6412, best performance: -9.6046
Epoch: 0016 | TRAIN: 1.4128 0.2046 0.5308 | 0.7217 0.7217 0.3491 | 0.2550 37.2508 34.4732 0.1001 0.2926 0.4245 TEST: 1.4975 0.2423 0.5171 | 0.7150 0.7025 0.9654 | 0.2456 36.5924 41.9777 9.9725 28.9794 42.5467
lr at 17th epoch is 0.0001 for optimizer
current performance: -6.7362, best performance: -6.6412
Epoch: 0017 | TRAIN: 1.3857 0.2117 0.5439 | 0.7812 0.7812 0.3759 | 0.2497 36.7663 33.8514 0.1035 0.3009 0.4352 TEST: 1.4188 0.2583 0.5086 | 0.7887 0.7732 1.1308 | 0.2380 35.7626 41.2938 10.9603 31.1576 44.6668
lr at 18th epoch is 0.0001 for optimizer
current performance: 2.5632, best performance: -6.6412
Epoch: 0018 | TRAIN: 1.2954 0.2332 0.5709 | 0.6961 0.6961 0.3251 | 0.2427 36.0970 33.1368 0.1105 0.3135 0.4479 TEST: 1.3555 0.2880 0.5500 | 0.6579 0.6517 0.8729 | 0.2390 35.5258 41.5173 11.8134 33.2260 46.2093
lr at 19th epoch is 0.0001 for optimizer
current performance: 4.1486, best performance: 2.5632
Epoch: 0019 | TRAIN: 1.2826 0.2351 0.5836 | 0.6825 0.6825 0.3359 | 0.2406 35.8634 32.9305 0.1136 0.3181 0.4530 TEST: 1.3203 0.2937 0.5653 | 0.6540 0.6465 0.8755 | 0.2333 34.9550 41.0835 12.5651 34.6543 47.7216
lr at 20th epoch is 0.0001 for optimizer
current performance: 6.6729, best performance: 4.1486
Epoch: 0020 | TRAIN: 1.2740 0.2425 0.5841 | 0.6662 0.6662 0.3212 | 0.2368 35.5048 32.3466 0.1160 0.3259 0.4605 TEST: 1.2840 0.3143 0.5818 | 0.6771 0.6668 0.9196 | 0.2238 34.2594 40.0114 13.8172 34.3528 47.3314
lr at 21th epoch is 0.0001 for optimizer
current performance: 4.4127, best performance: 6.6729
Epoch: 0021 | TRAIN: 1.2576 0.2533 0.5927 | 0.6566 0.6566 0.3120 | 0.2372 35.4908 32.3910 0.1186 0.3286 0.4625 TEST: 1.4014 0.2879 0.5792 | 0.6663 0.6581 0.8964 | 0.2174 33.5938 39.4324 13.9481 36.1010 49.2863
lr at 22th epoch is 0.0001 for optimizer
current performance: 3.9018, best performance: 6.6729
Epoch: 0022 | TRAIN: 1.2150 0.2534 0.6070 | 0.6244 0.6244 0.3004 | 0.2308 34.9779 31.6983 0.1183 0.3337 0.4713 TEST: 1.3355 0.2807 0.5878 | 0.6474 0.6419 0.8559 | 0.2174 33.8582 39.3462 13.1989 34.1604 47.6676
lr at 23th epoch is 0.0001 for optimizer
current performance: 6.1475, best performance: 6.6729
Epoch: 0023 | TRAIN: 1.2177 0.2600 0.6164 | 0.6320 0.6320 0.3053 | 0.2329 35.1737 31.9847 0.1174 0.3311 0.4666 TEST: 1.3267 0.3143 0.5833 | 0.6785 0.6705 0.9068 | 0.2283 34.5963 40.4867 12.6734 34.6182 47.7326
lr at 24th epoch is 0.0001 for optimizer
current performance: 7.4923, best performance: 6.6729
Epoch: 0024 | TRAIN: 1.1617 0.2710 0.6310 | 0.5869 0.5869 0.2794 | 0.2249 34.3861 31.0962 0.1270 0.3451 0.4817 TEST: 1.3282 0.3095 0.5780 | 0.6601 0.6472 0.9129 | 0.2172 33.7355 39.4094 12.9766 35.2709 49.0194
lr at 25th epoch is 0.0001 for optimizer
current performance: 11.0610, best performance: 7.4923
Epoch: 0025 | TRAIN: 1.1549 0.2779 0.6345 | 0.6164 0.6164 0.2932 | 0.2252 34.3596 30.8927 0.1267 0.3488 0.4863 TEST: 1.2886 0.3213 0.6006 | 0.5999 0.5932 0.8168 | 0.2214 33.9729 39.8430 13.4973 35.2171 48.6640
lr at 26th epoch is 0.0001 for optimizer
current performance: 18.0159, best performance: 11.0610
Epoch: 0026 | TRAIN: 1.1031 0.2850 0.6499 | 0.6094 0.6094 0.2907 | 0.2215 33.9029 30.3722 0.1394 0.3593 0.4945 TEST: 1.2673 0.3678 0.6193 | 0.6040 0.5962 0.8190 | 0.2104 32.9409 38.7737 14.8190 36.9209 50.2525
lr at 27th epoch is 0.0001 for optimizer
current performance: 6.7919, best performance: 18.0159
Epoch: 0027 | TRAIN: 1.0989 0.2944 0.6619 | 0.5746 0.5746 0.2766 | 0.2182 33.6897 30.2370 0.1363 0.3602 0.4964 TEST: 1.3302 0.3356 0.6127 | 0.7602 0.7506 1.0232 | 0.2152 33.3408 39.2677 14.7995 36.5580 49.7175
lr at 28th epoch is 0.0001 for optimizer
current performance: 8.3842, best performance: 18.0159
Epoch: 0028 | TRAIN: 1.1498 0.2825 0.6485 | 0.5894 0.5894 0.2845 | 0.2246 34.2884 30.7984 0.1285 0.3495 0.4873 TEST: 1.6063 0.3169 0.5698 | 0.6721 0.6610 0.9241 | 0.2150 33.2386 39.3308 14.5972 37.3343 50.6642
lr at 29th epoch is 0.0001 for optimizer
current performance: 17.5352, best performance: 18.0159
Epoch: 0029 | TRAIN: 1.0823 0.3015 0.6675 | 0.5470 0.5470 0.2594 | 0.2158 33.3648 29.7347 0.1425 0.3695 0.5076 TEST: 1.2781 0.3571 0.6287 | 0.5988 0.5907 0.8253 | 0.2048 32.3574 38.2232 15.2693 38.1261 51.7916
lr at 30th epoch is 0.0001 for optimizer
current performance: 16.5362, best performance: 18.0159
Epoch: 0030 | TRAIN: 1.0924 0.2952 0.6636 | 0.5511 0.5511 0.2603 | 0.2169 33.4784 29.8103 0.1395 0.3685 0.5057 TEST: 1.2613 0.3507 0.6191 | 0.6075 0.5975 0.8327 | 0.2037 32.2525 38.1047 15.7276 38.1755 51.8257
lr at 31th epoch is 0.0001 for optimizer
current performance: 20.3596, best performance: 18.0159
Epoch: 0031 | TRAIN: 1.1050 0.3006 0.6644 | 0.5402 0.5402 0.2548 | 0.2154 33.3761 29.7523 0.1394 0.3677 0.5059 TEST: 1.2337 0.3629 0.6261 | 0.5542 0.5474 0.7620 | 0.2036 32.1629 38.1285 15.6464 38.6390 52.4680
lr at 32th epoch is 0.0001 for optimizer
current performance: 16.3736, best performance: 20.3596
Epoch: 0032 | TRAIN: 1.0327 0.3137 0.6868 | 0.5524 0.5524 0.2626 | 0.2109 32.9304 29.2162 0.1447 0.3746 0.5157 TEST: 1.3538 0.3530 0.6146 | 0.6227 0.6191 0.8253 | 0.2001 31.8272 37.7733 16.3693 39.4839 52.9171
lr at 33th epoch is 0.0001 for optimizer
current performance: 15.9582, best performance: 20.3596
Epoch: 0033 | TRAIN: 1.0464 0.3107 0.6785 | 0.5066 0.5066 0.2370 | 0.2099 32.7713 28.8992 0.1479 0.3817 0.5207 TEST: 1.3617 0.3369 0.6238 | 0.5724 0.5640 0.8086 | 0.2063 32.4899 38.3978 15.3513 37.8753 51.5650
lr at 34th epoch is 0.0001 for optimizer
current performance: 12.7096, best performance: 20.3596
Epoch: 0034 | TRAIN: 1.0789 0.3079 0.6744 | 0.5440 0.5440 0.2574 | 0.2152 33.3568 29.6944 0.1378 0.3682 0.5076 TEST: 1.3960 0.3450 0.6072 | 0.6840 0.6747 0.9373 | 0.2039 32.0485 38.2299 16.3421 39.6883 53.1459
lr at 35th epoch is 0.0001 for optimizer
current performance: 12.8515, best performance: 20.3596
Epoch: 0035 | TRAIN: 1.0978 0.3151 0.6789 | 0.5347 0.5347 0.2507 | 0.2128 33.0065 29.1384 0.1467 0.3785 0.5169 TEST: 1.2903 0.3546 0.6334 | 0.7049 0.6948 0.9507 | 0.2025 32.2364 38.0286 14.6014 38.2054 52.3760
lr at 36th epoch is 0.0001 for optimizer
current performance: 16.8497, best performance: 20.3596
Epoch: 0036 | TRAIN: 1.0496 0.3175 0.6883 | 0.5113 0.5113 0.2402 | 0.2059 32.3170 28.4280 0.1570 0.3921 0.5296 TEST: 1.3678 0.3470 0.6255 | 0.5614 0.5520 0.7941 | 0.2168 33.3126 39.5169 15.4523 36.7276 50.1616
lr at 37th epoch is 0.0001 for optimizer
current performance: 21.0414, best performance: 20.3596
Epoch: 0037 | TRAIN: 1.0391 0.3286 0.6943 | 0.4871 0.4871 0.2273 | 0.2071 32.4688 28.6006 0.1526 0.3890 0.5261 TEST: 1.2892 0.3650 0.6358 | 0.5548 0.5463 0.7708 | 0.2003 31.8309 37.8190 16.4007 39.2755 52.9512
lr at 38th epoch is 0.0001 for optimizer
current performance: 24.8958, best performance: 21.0414
Epoch: 0038 | TRAIN: 0.9989 0.3384 0.7034 | 0.4935 0.4935 0.2299 | 0.2059 32.3305 28.3589 0.1551 0.3931 0.5291 TEST: 1.2742 0.3923 0.6502 | 0.5593 0.5512 0.7672 | 0.1957 31.3041 37.3600 17.4474 40.4201 53.9441
lr at 39th epoch is 0.0001 for optimizer
current performance: 25.7670, best performance: 24.8958
Epoch: 0039 | TRAIN: 1.0167 0.3351 0.6996 | 0.4969 0.4969 0.2348 | 0.2052 32.2858 28.3717 0.1553 0.3926 0.5305 TEST: 1.2996 0.3898 0.6464 | 0.5321 0.5232 0.7624 | 0.1970 31.3236 37.5844 17.0665 41.2636 54.8203
lr at 40th epoch is 0.0001 for optimizer
current performance: 21.7095, best performance: 25.7670
Epoch: 0040 | TRAIN: 1.0080 0.3424 0.7117 | 0.4714 0.4714 0.2192 | 0.2029 31.9729 28.0277 0.1621 0.4023 0.5379 TEST: 1.3440 0.3691 0.6449 | 0.5744 0.5676 0.7771 | 0.1919 30.8715 37.0149 18.0952 41.7004 55.1145
lr at 41th epoch is 0.0001 for optimizer
current performance: 16.0426, best performance: 25.7670
Epoch: 0041 | TRAIN: 1.0820 0.3257 0.6916 | 0.5076 0.5076 0.2446 | 0.2081 32.5340 28.7105 0.1531 0.3886 0.5264 TEST: 1.4278 0.3485 0.6302 | 0.5922 0.5815 0.8347 | 0.2134 33.0716 39.2033 13.8347 37.8758 51.7716
lr at 42th epoch is 0.0001 for optimizer
current performance: 19.6968, best performance: 25.7670
Epoch: 0042 | TRAIN: 1.0380 0.3314 0.6992 | 0.5049 0.5049 0.2404 | 0.2059 32.3349 28.3503 0.1534 0.3918 0.5314 TEST: 1.3247 0.3657 0.6184 | 0.5966 0.5857 0.8321 | 0.1981 31.5907 37.5899 16.3074 40.2643 53.7358
lr at 43th epoch is 0.0001 for optimizer
current performance: 12.6975, best performance: 25.7670
Epoch: 0043 | TRAIN: 1.0022 0.3464 0.7125 | 0.4826 0.4826 0.2308 | 0.2019 31.8863 27.7534 0.1602 0.4037 0.5426 TEST: 1.5513 0.3260 0.6003 | 0.6135 0.6030 0.8445 | 0.2067 32.6617 38.3761 14.2244 37.1592 50.9744
lr at 44th epoch is 0.0001 for optimizer
current performance: 22.9918, best performance: 25.7670
Epoch: 0044 | TRAIN: 1.1151 0.3241 0.6879 | 0.4919 0.4919 0.2329 | 0.2067 32.4607 28.6760 0.1520 0.3863 0.5257 TEST: 1.3015 0.3815 0.6503 | 0.5507 0.5409 0.7675 | 0.2066 32.1886 38.5133 16.5690 39.9839 53.2356
lr at 45th epoch is 0.0001 for optimizer
current performance: 23.9159, best performance: 25.7670
Epoch: 0045 | TRAIN: 0.9909 0.3522 0.7219 | 0.4836 0.4836 0.2225 | 0.1996 31.6204 27.5722 0.1678 0.4085 0.5453 TEST: 1.3018 0.3818 0.6521 | 0.5702 0.5636 0.7853 | 0.1879 30.4971 36.5983 18.1333 42.4854 56.0326
lr at 46th epoch is 0.0001 for optimizer
current performance: 22.1397, best performance: 25.7670
Epoch: 0046 | TRAIN: 0.9980 0.3549 0.7194 | 0.4669 0.4669 0.2123 | 0.1973 31.3797 27.3010 0.1706 0.4150 0.5513 TEST: 1.2885 0.3795 0.6456 | 0.5968 0.5894 0.7861 | 0.1921 30.8346 37.0680 17.5273 42.4384 55.8725
lr at 47th epoch is 0.0001 for optimizer
current performance: 25.3245, best performance: 25.7670
Epoch: 0047 | TRAIN: 0.9997 0.3525 0.7182 | 0.4845 0.4845 0.2234 | 0.1937 31.0620 27.0090 0.1735 0.4187 0.5555 TEST: 1.2887 0.3885 0.6484 | 0.5599 0.5527 0.7673 | 0.1874 30.4296 36.5499 18.3223 42.6833 56.1155
lr at 48th epoch is 0.0001 for optimizer
current performance: 25.7287, best performance: 25.7670
Epoch: 0048 | TRAIN: 0.9791 0.3578 0.7268 | 0.4715 0.4715 0.2275 | 0.1971 31.3743 27.3584 0.1708 0.4120 0.5497 TEST: 1.2957 0.3898 0.6587 | 0.5392 0.5308 0.7646 | 0.1938 31.0630 37.2580 17.0346 41.7247 55.3744
lr at 49th epoch is 0.0001 for optimizer
current performance: 22.4143, best performance: 25.7670
Epoch: 0049 | TRAIN: 1.0137 0.3514 0.7160 | 0.4765 0.4765 0.2222 | 0.1954 31.2588 27.1399 0.1681 0.4146 0.5538 TEST: 1.3819 0.3640 0.6275 | 0.5384 0.5306 0.7527 | 0.1924 31.0974 37.0067 17.0629 40.6054 54.2431
lr at 50th epoch is 0.0001 for optimizer
current performance: 21.1337, best performance: 25.7670
Epoch: 0050 | TRAIN: 1.0797 0.3393 0.7060 | 0.4558 0.4558 0.2113 | 0.1963 31.3164 27.1337 0.1681 0.4142 0.5538 TEST: 1.3849 0.3823 0.6411 | 0.6249 0.6201 0.8407 | 0.1916 30.8625 36.9984 17.8053 41.6720 55.2873
lr at 51th epoch is 0.0001 for optimizer
current performance: 24.5345, best performance: 25.7670
Epoch: 0051 | TRAIN: 0.9924 0.3554 0.7165 | 0.4590 0.4590 0.2200 | 0.1969 31.3611 27.2943 0.1695 0.4134 0.5511 TEST: 1.3564 0.3833 0.6532 | 0.5619 0.5516 0.7932 | 0.1890 30.5854 36.7200 18.2335 42.3341 55.7700
lr at 52th epoch is 0.0001 for optimizer
current performance: 19.6953, best performance: 25.7670
Epoch: 0052 | TRAIN: 1.0296 0.3547 0.7152 | 0.4610 0.4610 0.2174 | 0.1940 31.0745 26.8996 0.1733 0.4192 0.5567 TEST: 1.3471 0.3722 0.6499 | 0.6474 0.6348 0.9148 | 0.1879 30.4234 36.6488 18.1915 43.1662 56.6648
lr at 53th epoch is 0.0001 for optimizer
current performance: 25.7487, best performance: 25.7670
Epoch: 0053 | TRAIN: 0.9853 0.3601 0.7229 | 0.4558 0.4558 0.2077 | 0.1903 30.6908 26.4231 0.1771 0.4285 0.5663 TEST: 1.3519 0.3857 0.6481 | 0.5344 0.5259 0.7515 | 0.1909 30.7673 36.9330 17.8204 42.1348 55.6618
lr at 54th epoch is 0.0001 for optimizer
current performance: 27.7590, best performance: 25.7670
Epoch: 0054 | TRAIN: 0.9647 0.3608 0.7309 | 0.4468 0.4468 0.2042 | 0.1924 30.9254 26.7589 0.1744 0.4210 0.5597 TEST: 1.2662 0.4029 0.6553 | 0.5429 0.5340 0.7637 | 0.1894 30.6211 36.7498 18.3681 42.1245 55.5745
lr at 55th epoch is 0.0001 for optimizer
current performance: 28.1353, best performance: 27.7590
Epoch: 0055 | TRAIN: 0.9835 0.3626 0.7283 | 0.4449 0.4449 0.2059 | 0.1903 30.7210 26.5587 0.1749 0.4252 0.5644 TEST: 1.3552 0.3952 0.6489 | 0.5203 0.5112 0.7339 | 0.1874 30.2829 36.5981 18.9401 43.6338 56.8411
lr at 56th epoch is 0.0001 for optimizer
current performance: 25.5678, best performance: 28.1353
Epoch: 0056 | TRAIN: 1.0223 0.3598 0.7238 | 0.4499 0.4499 0.2081 | 0.1926 30.8517 26.5519 0.1784 0.4263 0.5637 TEST: 1.2977 0.4030 0.6540 | 0.5941 0.5853 0.8078 | 0.1888 30.6029 36.6998 18.0973 42.1198 55.7192
lr at 57th epoch is 0.0001 for optimizer
current performance: 26.9922, best performance: 28.1353
Epoch: 0057 | TRAIN: 0.9452 0.3722 0.7334 | 0.4461 0.4461 0.2060 | 0.1915 30.7932 26.4636 0.1770 0.4262 0.5647 TEST: 1.3538 0.3953 0.6607 | 0.5477 0.5405 0.7432 | 0.1861 30.1779 36.4398 19.3570 43.5198 56.7630
lr at 58th epoch is 0.0001 for optimizer
current performance: 20.4788, best performance: 28.1353
Epoch: 0058 | TRAIN: 0.9796 0.3647 0.7304 | 0.4452 0.4452 0.2093 | 0.1916 30.7365 26.4269 0.1804 0.4296 0.5662 TEST: 1.4641 0.3552 0.6273 | 0.5768 0.5672 0.8069 | 0.1876 30.3979 36.5961 18.5612 42.6837 56.2963
lr at 59th epoch is 0.0001 for optimizer
current performance: 18.4512, best performance: 28.1353
Epoch: 0059 | TRAIN: 1.0474 0.3494 0.7177 | 0.4550 0.4550 0.2134 | 0.1955 31.2188 27.1073 0.1720 0.4156 0.5533 TEST: 1.4153 0.3575 0.6437 | 0.6298 0.6204 0.8764 | 0.1882 30.4163 36.6907 18.4904 42.9169 56.6223
lr at 60th epoch is 0.0001 for optimizer
current performance: 27.1159, best performance: 28.1353
Epoch: 0060 | TRAIN: 0.9761 0.3652 0.7310 | 0.4388 0.4388 0.2021 | 0.1899 30.5918 26.2836 0.1808 0.4325 0.5692 TEST: 1.2810 0.4016 0.6649 | 0.5776 0.5658 0.8222 | 0.1830 29.8023 36.1716 19.7478 44.4325 57.8622
lr at 61th epoch is 0.0001 for optimizer
current performance: 27.3404, best performance: 28.1353
Epoch: 0061 | TRAIN: 0.9341 0.3754 0.7416 | 0.4301 0.4301 0.1982 | 0.1871 30.2844 25.8824 0.1871 0.4380 0.5743 TEST: 1.3113 0.3930 0.6511 | 0.5390 0.5326 0.7370 | 0.1823 29.9071 36.0202 19.1850 43.6183 57.0717
lr at 62th epoch is 0.0001 for optimizer
current performance: 28.7301, best performance: 28.1353
Epoch: 0062 | TRAIN: 0.9575 0.3782 0.7371 | 0.4339 0.4339 0.2054 | 0.1862 30.2193 25.9070 0.1866 0.4384 0.5762 TEST: 1.2841 0.3908 0.6589 | 0.5021 0.4933 0.7256 | 0.1839 29.9282 36.2620 18.9172 44.6560 58.0066
lr at 63th epoch is 0.0001 for optimizer
current performance: 29.3171, best performance: 28.7301
Epoch: 0063 | TRAIN: 0.9510 0.3709 0.7394 | 0.4451 0.4451 0.2077 | 0.1873 30.3079 25.9484 0.1863 0.4382 0.5748 TEST: 1.4400 0.3948 0.6563 | 0.5064 0.4987 0.7155 | 0.1808 29.6521 35.8830 19.8487 44.2156 57.8021
lr at 64th epoch is 0.0001 for optimizer
current performance: 24.6967, best performance: 29.3171
Epoch: 0064 | TRAIN: 0.9615 0.3743 0.7370 | 0.4350 0.4350 0.2006 | 0.1879 30.3671 26.0336 0.1852 0.4372 0.5742 TEST: 1.3706 0.3800 0.6503 | 0.5466 0.5362 0.7874 | 0.1914 30.6630 36.9958 18.6347 42.7357 56.0319
lr at 65th epoch is 0.0001 for optimizer
current performance: 25.8029, best performance: 29.3171
Epoch: 0065 | TRAIN: 1.0275 0.3656 0.7248 | 0.4359 0.4359 0.2066 | 0.1918 30.7484 26.4455 0.1806 0.4289 0.5656 TEST: 1.4138 0.3731 0.6480 | 0.5203 0.5122 0.7335 | 0.1822 29.7943 36.0450 19.3478 44.2935 57.8053
lr at 66th epoch is 0.0001 for optimizer
current performance: 29.2979, best performance: 29.3171
Epoch: 0066 | TRAIN: 0.9791 0.3781 0.7375 | 0.4292 0.4292 0.1979 | 0.1890 30.4613 26.0761 0.1846 0.4347 0.5723 TEST: 1.2813 0.3993 0.6633 | 0.5164 0.5081 0.7392 | 0.1820 29.8257 36.0425 19.0751 44.1112 57.7635
lr at 67th epoch is 0.0001 for optimizer
current performance: 28.6306, best performance: 29.3171
Epoch: 0067 | TRAIN: 0.9784 0.3760 0.7368 | 0.4256 0.4256 0.2012 | 0.1873 30.2423 25.7974 0.1894 0.4416 0.5775 TEST: 1.4264 0.3970 0.6557 | 0.5259 0.5181 0.7299 | 0.1835 29.7758 36.2413 19.8880 44.8941 58.3338
lr at 68th epoch is 0.0001 for optimizer
current performance: 27.0558, best performance: 29.3171
Epoch: 0068 | TRAIN: 0.9624 0.3752 0.7394 | 0.4241 0.4241 0.2017 | 0.1882 30.3042 25.8157 0.1889 0.4416 0.5770 TEST: 1.4693 0.3797 0.6483 | 0.5125 0.5033 0.7353 | 0.1828 29.7830 36.1196 19.6748 44.5980 57.9676
lr at 69th epoch is 0.0001 for optimizer
current performance: 28.8271, best performance: 29.3171
Epoch: 0069 | TRAIN: 0.9559 0.3822 0.7444 | 0.4262 0.4262 0.1985 | 0.1877 30.2990 25.8507 0.1861 0.4408 0.5787 TEST: 1.3939 0.3981 0.6587 | 0.5234 0.5141 0.7509 | 0.1837 29.8720 36.2482 19.2267 44.7424 58.2358
lr at 70th epoch is 0.0001 for optimizer
current performance: 22.4832, best performance: 29.3171
Epoch: 0070 | TRAIN: 0.9384 0.3894 0.7485 | 0.4260 0.4260 0.1937 | 0.1810 29.5964 25.0487 0.1991 0.4550 0.5907 TEST: 1.3100 0.4021 0.6629 | 0.6905 0.6787 0.9418 | 0.1826 29.6466 36.1301 20.5888 45.1397 58.2745
lr at 71th epoch is 0.0001 for optimizer
current performance: 27.8075, best performance: 29.3171
Epoch: 0071 | TRAIN: 1.0105 0.3735 0.7349 | 0.4355 0.4355 0.2046 | 0.1875 30.3045 25.8773 0.1854 0.4390 0.5771 TEST: 1.3635 0.3905 0.6543 | 0.5234 0.5158 0.7405 | 0.1836 29.8508 36.2164 19.5176 44.6661 57.9840
lr at 72th epoch is 0.0001 for optimizer
current performance: 28.9571, best performance: 29.3171
Epoch: 0072 | TRAIN: 0.9538 0.3783 0.7464 | 0.4237 0.4237 0.1952 | 0.1844 29.9141 25.4591 0.1969 0.4491 0.5830 TEST: 1.3203 0.3973 0.6572 | 0.5190 0.5106 0.7305 | 0.1843 29.8018 36.3234 20.3234 44.7335 58.1059
lr at 73th epoch is 0.0001 for optimizer
current performance: 29.2517, best performance: 29.3171
Epoch: 0073 | TRAIN: 0.9782 0.3738 0.7395 | 0.4280 0.4280 0.1990 | 0.1863 30.1240 25.5527 0.1915 0.4451 0.5801 TEST: 1.4370 0.3943 0.6516 | 0.5051 0.4970 0.7163 | 0.1825 29.7194 36.1172 19.6627 45.0438 58.3432
lr at 74th epoch is 0.0001 for optimizer
current performance: 19.6675, best performance: 29.3171
Epoch: 0074 | TRAIN: 0.9919 0.3721 0.7373 | 0.4162 0.4162 0.1899 | 0.1833 29.8075 25.3325 0.1987 0.4509 0.5852 TEST: 1.5264 0.3591 0.6310 | 0.5902 0.5828 0.8081 | 0.1945 30.9676 37.2915 18.7501 42.0151 55.1375
lr at 75th epoch is 0.0001 for optimizer
current performance: 24.8734, best performance: 29.3171
Epoch: 0075 | TRAIN: 0.9531 0.3756 0.7416 | 0.4300 0.4300 0.2012 | 0.1841 29.9531 25.4924 0.1914 0.4461 0.5836 TEST: 1.4851 0.3779 0.6478 | 0.5352 0.5256 0.7557 | 0.1934 30.6694 37.2982 18.7431 43.8597 57.1178
lr at 76th epoch is 0.0001 for optimizer
current performance: 27.1374, best performance: 29.3171
Epoch: 0076 | TRAIN: 0.9870 0.3836 0.7414 | 0.4183 0.4183 0.1958 | 0.1834 29.8354 25.2841 0.1957 0.4510 0.5866 TEST: 1.3877 0.3922 0.6573 | 0.5249 0.5165 0.7502 | 0.1918 30.6318 37.0720 18.5133 43.3148 56.8048
lr at 77th epoch is 0.0001 for optimizer
current performance: 29.3070, best performance: 29.3171
Epoch: 0077 | TRAIN: 0.9510 0.3890 0.7494 | 0.4238 0.4238 0.1943 | 0.1809 29.5051 24.8015 0.2032 0.4609 0.5935 TEST: 1.3712 0.3958 0.6521 | 0.5119 0.5033 0.7209 | 0.1813 29.5982 36.0235 19.9873 45.3108 58.6457
lr at 78th epoch is 0.0001 for optimizer
current performance: 31.0658, best performance: 29.3171
Epoch: 0078 | TRAIN: 0.9104 0.3979 0.7562 | 0.4003 0.4003 0.1893 | 0.1803 29.4662 24.8021 0.2033 0.4596 0.5939 TEST: 1.3755 0.4037 0.6587 | 0.5046 0.4966 0.7174 | 0.1775 29.1840 35.6071 20.9453 45.9240 59.1575
lr at 79th epoch is 0.0001 for optimizer
current performance: 31.6768, best performance: 31.0658
Epoch: 0079 | TRAIN: 0.9212 0.3903 0.7534 | 0.4112 0.4112 0.1901 | 0.1796 29.3596 24.7980 0.2067 0.4623 0.5954 TEST: 1.3728 0.4065 0.6645 | 0.4959 0.4874 0.7132 | 0.1789 29.3199 35.7597 20.5854 45.8846 59.1259
lr at 80th epoch is 0.0001 for optimizer
current performance: 31.2506, best performance: 31.6768
Epoch: 0080 | TRAIN: 0.9652 0.3850 0.7470 | 0.4286 0.4286 0.1966 | 0.1815 29.6080 25.0167 0.2001 0.4562 0.5907 TEST: 1.3773 0.4102 0.6703 | 0.5095 0.5012 0.7228 | 0.1815 29.5901 36.0370 20.4965 45.0297 58.3103
lr at 81th epoch is 0.0001 for optimizer
current performance: 31.4610, best performance: 31.6768
Epoch: 0081 | TRAIN: 0.9394 0.3946 0.7554 | 0.4090 0.4090 0.1885 | 0.1785 29.2461 24.5771 0.2085 0.4650 0.5981 TEST: 1.2844 0.4094 0.6727 | 0.5141 0.5048 0.7449 | 0.1776 29.1595 35.6027 21.1954 45.8734 59.0688
lr at 82th epoch is 0.0001 for optimizer
current performance: 26.2676, best performance: 31.6768
Epoch: 0082 | TRAIN: 1.0278 0.3816 0.7408 | 0.4225 0.4225 0.1961 | 0.1819 29.5694 24.9392 0.2037 0.4602 0.5932 TEST: 1.5006 0.3730 0.6524 | 0.5156 0.5071 0.7288 | 0.1819 29.5697 36.0713 20.6071 45.3557 58.4638
lr at 83th epoch is 0.0001 for optimizer
current performance: 29.1806, best performance: 31.6768
Epoch: 0083 | TRAIN: 0.9794 0.3784 0.7420 | 0.4176 0.4176 0.1935 | 0.1831 29.7255 25.1550 0.2014 0.4547 0.5886 TEST: 1.4025 0.4042 0.6631 | 0.5374 0.5288 0.7607 | 0.1816 29.6857 36.0193 19.5966 44.6798 58.2752
lr at 84th epoch is 0.0001 for optimizer
current performance: 29.1392, best performance: 31.6768
Epoch: 0084 | TRAIN: 0.9676 0.3849 0.7475 | 0.4218 0.4218 0.1950 | 0.1803 29.4214 24.8114 0.2051 0.4614 0.5953 TEST: 1.3959 0.3903 0.6609 | 0.5105 0.5018 0.7270 | 0.1776 29.1783 35.6165 20.9857 45.9828 59.2054
lr at 85th epoch is 0.0001 for optimizer
current performance: 30.5370, best performance: 31.6768
Epoch: 0085 | TRAIN: 0.9680 0.3809 0.7457 | 0.4025 0.4025 0.1868 | 0.1793 29.3167 24.6832 0.2077 0.4643 0.5970 TEST: 1.4050 0.3997 0.6629 | 0.5017 0.4937 0.7060 | 0.1783 29.3165 35.6847 20.5142 45.6296 58.9489
lr at 86th epoch is 0.0001 for optimizer
current performance: 30.2085, best performance: 31.6768
Epoch: 0086 | TRAIN: 0.9220 0.3964 0.7591 | 0.4163 0.4163 0.1894 | 0.1776 29.1292 24.4138 0.2113 0.4680 0.6000 TEST: 1.3293 0.4056 0.6701 | 0.5204 0.5132 0.7248 | 0.1825 29.5280 36.1793 20.7773 45.8535 59.1136
lr at 87th epoch is 0.0001 for optimizer
current performance: 32.4718, best performance: 31.6768
Epoch: 0087 | TRAIN: 0.9213 0.3979 0.7575 | 0.4020 0.4020 0.1841 | 0.1764 29.0077 24.2510 0.2118 0.4705 0.6039 TEST: 1.3770 0.4140 0.6649 | 0.5080 0.4989 0.7327 | 0.1767 29.0115 35.5532 21.4668 46.6241 59.6961
lr at 88th epoch is 0.0001 for optimizer
current performance: 29.9594, best performance: 32.4718
Epoch: 0088 | TRAIN: 0.9254 0.3968 0.7585 | 0.4017 0.4017 0.1856 | 0.1761 28.9320 24.1767 0.2166 0.4725 0.6054 TEST: 1.3798 0.4063 0.6732 | 0.5358 0.5250 0.7783 | 0.1792 29.3758 35.7516 20.8942 45.3304 58.4666
lr at 89th epoch is 0.0001 for optimizer
current performance: 29.9168, best performance: 32.4718
Epoch: 0089 | TRAIN: 0.9578 0.3943 0.7543 | 0.4048 0.4048 0.1859 | 0.1777 29.1438 24.4639 0.2111 0.4669 0.6011 TEST: 1.4636 0.3932 0.6669 | 0.4911 0.4822 0.7033 | 0.1791 29.5743 35.6946 19.6019 44.3154 57.8460
lr at 90th epoch is 0.0001 for optimizer
current performance: 29.8853, best performance: 32.4718
Epoch: 0090 | TRAIN: 0.9814 0.3930 0.7508 | 0.4064 0.4064 0.1862 | 0.1792 29.2636 24.5685 0.2098 0.4660 0.5992 TEST: 1.3831 0.3960 0.6625 | 0.5111 0.5022 0.7366 | 0.1774 29.1392 35.5911 21.3334 46.0003 59.1176
lr at 91th epoch is 0.0001 for optimizer
current performance: 31.7374, best performance: 32.4718
Epoch: 0091 | TRAIN: 0.9584 0.3963 0.7578 | 0.4055 0.4055 0.1808 | 0.1739 28.7081 24.0747 0.2203 0.4763 0.6084 TEST: 1.3892 0.4175 0.6698 | 0.5267 0.5185 0.7530 | 0.1800 29.3105 35.9191 20.8881 46.0857 59.5243
lr at 92th epoch is 0.0001 for optimizer
current performance: 29.2745, best performance: 32.4718
Epoch: 0092 | TRAIN: 0.9180 0.3910 0.7595 | 0.4034 0.4034 0.1835 | 0.1764 28.9787 24.1972 0.2148 0.4720 0.6040 TEST: 1.4299 0.3890 0.6626 | 0.4933 0.4858 0.7004 | 0.1813 29.5305 36.0039 20.0984 45.6153 58.8682
lr at 93th epoch is 0.0001 for optimizer
current performance: 27.5983, best performance: 32.4718
Epoch: 0093 | TRAIN: 0.9563 0.3887 0.7560 | 0.4073 0.4073 0.1875 | 0.1778 29.1284 24.3655 0.2105 0.4694 0.6026 TEST: 1.4308 0.3852 0.6466 | 0.5263 0.5156 0.7639 | 0.1802 29.4433 35.9231 20.0625 45.8939 59.2884
lr at 94th epoch is 0.0001 for optimizer
current performance: 31.1569, best performance: 32.4718
Epoch: 0094 | TRAIN: 1.0323 0.3736 0.7373 | 0.4073 0.4073 0.1876 | 0.1806 29.4982 24.8973 0.2014 0.4594 0.5948 TEST: 1.4111 0.4021 0.6614 | 0.4896 0.4817 0.6906 | 0.1808 29.5046 35.9430 20.3424 45.4334 58.6591
lr at 95th epoch is 0.0001 for optimizer
current performance: 31.0824, best performance: 32.4718
Epoch: 0095 | TRAIN: 0.9493 0.3929 0.7565 | 0.4033 0.4033 0.1857 | 0.1780 29.1688 24.5096 0.2117 0.4677 0.5999 TEST: 1.4403 0.4069 0.6701 | 0.5121 0.5045 0.7087 | 0.1775 29.2350 35.5461 20.7109 45.4201 58.7483
lr at 96th epoch is 0.0001 for optimizer
current performance: 31.9658, best performance: 32.4718
Epoch: 0096 | TRAIN: 0.9281 0.3915 0.7571 | 0.3964 0.3964 0.1858 | 0.1770 29.0015 24.2438 0.2160 0.4724 0.6045 TEST: 1.3746 0.4063 0.6660 | 0.4940 0.4852 0.7033 | 0.1769 29.1148 35.5349 20.9174 46.0105 59.3683
lr at 97th epoch is 0.0001 for optimizer
current performance: 30.6645, best performance: 32.4718
Epoch: 0097 | TRAIN: 0.9668 0.3976 0.7552 | 0.4264 0.4264 0.1981 | 0.1776 29.1278 24.4462 0.2086 0.4691 0.6031 TEST: 1.4074 0.4006 0.6636 | 0.5121 0.5026 0.7281 | 0.1766 28.9526 35.5323 21.4798 46.9244 60.1202
lr at 98th epoch is 0.0001 for optimizer
current performance: 32.7589, best performance: 32.4718
Epoch: 0098 | TRAIN: 0.9470 0.3941 0.7603 | 0.3952 0.3952 0.1841 | 0.1735 28.6780 23.8486 0.2171 0.4795 0.6121 TEST: 1.3883 0.4133 0.6741 | 0.5098 0.4998 0.7365 | 0.1726 28.6390 35.0890 21.9110 47.1295 60.2426
lr at 99th epoch is 0.0001 for optimizer
current performance: 31.0035, best performance: 32.7589
Epoch: 0099 | TRAIN: 0.9515 0.4002 0.7571 | 0.3994 0.3994 0.1881 | 0.1744 28.8136 24.0932 0.2137 0.4754 0.6086 TEST: 1.4051 0.4024 0.6678 | 0.5116 0.5013 0.7507 | 0.1760 28.9057 35.4587 21.7990 46.7731 59.9616
lr at 100th epoch is 5e-05 for optimizer
current performance: 35.2717, best performance: 32.7589
Epoch: 0100 | TRAIN: 0.8738 0.4156 0.7728 | 0.3712 0.3712 0.1709 | 0.1702 28.3116 23.4584 0.2245 0.4860 0.6189 TEST: 1.3305 0.4217 0.6847 | 0.4808 0.4718 0.6986 | 0.1712 28.4221 34.9465 22.6790 47.6314 60.6792
lr at 101th epoch is 5e-05 for optimizer
current performance: 35.3801, best performance: 35.2717
Epoch: 0101 | TRAIN: 0.8772 0.4277 0.7778 | 0.3683 0.3683 0.1676 | 0.1676 27.9847 23.0782 0.2337 0.4952 0.6243 TEST: 1.3735 0.4231 0.6796 | 0.4822 0.4739 0.6939 | 0.1711 28.4104 34.9355 22.6568 47.6342 60.7175
lr at 102th epoch is 5e-05 for optimizer
current performance: 35.0251, best performance: 35.3801
Epoch: 0102 | TRAIN: 0.8797 0.4248 0.7778 | 0.3680 0.3680 0.1661 | 0.1677 27.9976 23.1236 0.2334 0.4941 0.6237 TEST: 1.3511 0.4309 0.6786 | 0.5132 0.5040 0.7398 | 0.1712 28.4609 34.9278 22.4319 47.3075 60.4559
lr at 103th epoch is 5e-05 for optimizer
current performance: 34.7991, best performance: 35.3801
Epoch: 0103 | TRAIN: 0.8863 0.4244 0.7781 | 0.3582 0.3582 0.1647 | 0.1668 27.8716 22.9770 0.2373 0.4973 0.6272 TEST: 1.3692 0.4237 0.6821 | 0.5023 0.4932 0.7239 | 0.1702 28.2485 34.8522 23.0299 48.2937 61.2702
lr at 104th epoch is 5e-05 for optimizer
current performance: 36.4050, best performance: 35.3801
Epoch: 0104 | TRAIN: 0.8564 0.4270 0.7829 | 0.3562 0.3562 0.1624 | 0.1672 27.8928 22.9669 0.2361 0.4981 0.6269 TEST: 1.3702 0.4377 0.6871 | 0.5078 0.4979 0.7294 | 0.1694 28.2325 34.7519 22.9057 48.0027 61.0670
lr at 105th epoch is 5e-05 for optimizer
current performance: 34.0701, best performance: 36.4050
Epoch: 0105 | TRAIN: 0.8893 0.4209 0.7797 | 0.3651 0.3651 0.1700 | 0.1653 27.6613 22.6234 0.2422 0.5043 0.6321 TEST: 1.3662 0.4235 0.6820 | 0.5159 0.5057 0.7440 | 0.1711 28.3949 34.9577 22.5468 47.8515 60.9842
lr at 106th epoch is 5e-05 for optimizer
current performance: 35.3948, best performance: 36.4050
Epoch: 0106 | TRAIN: 0.8857 0.4251 0.7815 | 0.3653 0.3653 0.1637 | 0.1669 27.8663 22.9216 0.2387 0.4970 0.6264 TEST: 1.3514 0.4263 0.6817 | 0.4940 0.4849 0.7116 | 0.1708 28.3364 34.9381 22.8096 48.0130 61.0847
lr at 107th epoch is 5e-05 for optimizer
current performance: 36.1783, best performance: 36.4050
Epoch: 0107 | TRAIN: 0.8817 0.4245 0.7779 | 0.3528 0.3528 0.1630 | 0.1671 27.8606 22.9862 0.2399 0.4980 0.6261 TEST: 1.3736 0.4296 0.6820 | 0.4844 0.4761 0.6887 | 0.1712 28.3594 34.9609 22.9908 47.8498 60.8916
lr at 108th epoch is 5e-05 for optimizer
current performance: 36.7847, best performance: 36.4050
Epoch: 0108 | TRAIN: 0.8794 0.4305 0.7820 | 0.3556 0.3556 0.1616 | 0.1657 27.7333 22.8097 0.2402 0.5010 0.6299 TEST: 1.4054 0.4317 0.6850 | 0.4758 0.4676 0.6843 | 0.1707 28.3796 34.8935 22.7153 47.5846 60.6755
lr at 109th epoch is 5e-05 for optimizer
current performance: 36.3652, best performance: 36.7847
Epoch: 0109 | TRAIN: 0.9053 0.4246 0.7796 | 0.3591 0.3591 0.1663 | 0.1676 27.9117 22.8857 0.2371 0.4984 0.6269 TEST: 1.4138 0.4274 0.6828 | 0.4764 0.4691 0.6746 | 0.1702 28.2048 34.9154 22.9164 48.8858 61.8458
lr at 110th epoch is 5e-05 for optimizer
current performance: 34.4274, best performance: 36.7847
Epoch: 0110 | TRAIN: 0.8865 0.4210 0.7798 | 0.3688 0.3688 0.1661 | 0.1675 27.8873 22.7967 0.2378 0.4996 0.6290 TEST: 1.4411 0.4151 0.6797 | 0.4871 0.4785 0.6965 | 0.1701 28.1731 34.8717 23.1344 48.7745 61.7039
lr at 111th epoch is 5e-05 for optimizer
current performance: 35.5161, best performance: 36.7847
Epoch: 0111 | TRAIN: 0.8991 0.4201 0.7794 | 0.3531 0.3531 0.1621 | 0.1682 27.9805 22.9675 0.2354 0.4962 0.6267 TEST: 1.3529 0.4281 0.6833 | 0.4998 0.4897 0.7288 | 0.1703 28.2536 34.8880 22.9610 48.3908 61.4148
lr at 112th epoch is 5e-05 for optimizer
current performance: 35.0105, best performance: 36.7847
Epoch: 0112 | TRAIN: 0.8988 0.4267 0.7819 | 0.3592 0.3592 0.1606 | 0.1645 27.5902 22.5781 0.2420 0.5048 0.6342 TEST: 1.4324 0.4165 0.6757 | 0.4773 0.4691 0.6869 | 0.1693 28.1708 34.7478 23.1981 48.1646 61.2665
lr at 113th epoch is 5e-05 for optimizer
current performance: 36.9276, best performance: 36.7847
Epoch: 0113 | TRAIN: 0.8759 0.4279 0.7858 | 0.3564 0.3564 0.1623 | 0.1634 27.4450 22.4373 0.2465 0.5081 0.6365 TEST: 1.4071 0.4279 0.6850 | 0.4717 0.4636 0.6722 | 0.1679 27.9737 34.6130 23.5961 48.8796 61.8036
lr at 114th epoch is 5e-05 for optimizer
current performance: 35.3299, best performance: 36.9276
Epoch: 0114 | TRAIN: 0.9342 0.4246 0.7764 | 0.3559 0.3559 0.1606 | 0.1657 27.6698 22.6143 0.2425 0.5042 0.6333 TEST: 1.4323 0.4205 0.6832 | 0.4857 0.4773 0.6923 | 0.1685 28.0211 34.7099 23.5267 48.8598 61.8823
lr at 115th epoch is 5e-05 for optimizer
current performance: 34.9781, best performance: 36.9276
Epoch: 0115 | TRAIN: 0.8999 0.4242 0.7819 | 0.3570 0.3570 0.1641 | 0.1676 27.8751 22.8700 0.2394 0.4996 0.6287 TEST: 1.4400 0.4163 0.6809 | 0.4773 0.4683 0.6879 | 0.1693 28.2069 34.7295 22.9404 48.0359 61.2055
lr at 116th epoch is 5e-05 for optimizer
current performance: 36.9895, best performance: 36.9276
Epoch: 0116 | TRAIN: 0.9109 0.4239 0.7803 | 0.3500 0.3500 0.1622 | 0.1652 27.6306 22.6537 0.2440 0.5047 0.6321 TEST: 1.4008 0.4318 0.6877 | 0.4808 0.4725 0.6880 | 0.1689 28.0197 34.7443 23.5679 49.1859 62.0783
lr at 117th epoch is 5e-05 for optimizer
current performance: 36.0765, best performance: 36.9895
Epoch: 0117 | TRAIN: 0.9058 0.4291 0.7838 | 0.3529 0.3529 0.1589 | 0.1642 27.4923 22.3809 0.2472 0.5082 0.6363 TEST: 1.4182 0.4269 0.6843 | 0.4890 0.4794 0.7072 | 0.1670 27.9991 34.4996 23.2089 48.3974 61.5477
lr at 118th epoch is 5e-05 for optimizer
current performance: 37.5781, best performance: 36.9895
Epoch: 0118 | TRAIN: 0.9231 0.4338 0.7843 | 0.3548 0.3548 0.1615 | 0.1646 27.5584 22.5197 0.2437 0.5068 0.6353 TEST: 1.3938 0.4357 0.6887 | 0.4800 0.4722 0.6797 | 0.1673 27.9484 34.5617 23.5339 48.9158 61.9257
lr at 119th epoch is 5e-05 for optimizer
current performance: 36.1522, best performance: 37.5781
Epoch: 0119 | TRAIN: 0.8981 0.4318 0.7847 | 0.3485 0.3485 0.1568 | 0.1654 27.6400 22.5496 0.2436 0.5052 0.6335 TEST: 1.4490 0.4242 0.6807 | 0.4787 0.4698 0.6931 | 0.1679 27.9980 34.6150 23.5439 48.7272 61.8062
lr at 120th epoch is 5e-05 for optimizer
current performance: 37.1001, best performance: 37.5781
Epoch: 0120 | TRAIN: 0.9344 0.4297 0.7793 | 0.3581 0.3581 0.1666 | 0.1643 27.4986 22.3287 0.2479 0.5082 0.6351 TEST: 1.4298 0.4287 0.6871 | 0.4690 0.4606 0.6724 | 0.1678 28.0239 34.5813 23.4586 48.4800 61.5387
lr at 121th epoch is 5e-05 for optimizer
current performance: 35.7021, best performance: 37.5781
Epoch: 0121 | TRAIN: 0.9066 0.4293 0.7819 | 0.3563 0.3563 0.1614 | 0.1650 27.6066 22.5398 0.2433 0.5047 0.6339 TEST: 1.4947 0.4232 0.6853 | 0.4830 0.4761 0.6763 | 0.1693 28.0435 34.8196 23.6486 49.1957 62.1005
lr at 122th epoch is 5e-05 for optimizer
current performance: 36.8306, best performance: 37.5781
Epoch: 0122 | TRAIN: 0.9241 0.4222 0.7794 | 0.3562 0.3562 0.1616 | 0.1647 27.5459 22.5215 0.2465 0.5065 0.6347 TEST: 1.4404 0.4308 0.6869 | 0.4787 0.4711 0.6754 | 0.1698 28.0985 34.8802 23.5563 49.0530 62.0228
lr at 123th epoch is 5e-05 for optimizer
current performance: 35.6187, best performance: 37.5781
Epoch: 0123 | TRAIN: 0.9154 0.4345 0.7819 | 0.3557 0.3557 0.1622 | 0.1643 27.5095 22.4944 0.2466 0.5073 0.6354 TEST: 1.4554 0.4253 0.6864 | 0.4970 0.4890 0.6992 | 0.1673 27.8544 34.5799 24.0451 49.3129 62.2500
lr at 124th epoch is 5e-05 for optimizer
current performance: 35.3665, best performance: 37.5781
Epoch: 0124 | TRAIN: 0.9174 0.4264 0.7806 | 0.3538 0.3538 0.1632 | 0.1628 27.3784 22.3059 0.2465 0.5108 0.6389 TEST: 1.4428 0.4253 0.6828 | 0.4868 0.4786 0.6880 | 0.1711 28.4989 34.9318 21.9484 47.2774 60.6228
lr at 125th epoch is 5e-05 for optimizer
current performance: 36.8007, best performance: 37.5781
Epoch: 0125 | TRAIN: 0.9447 0.4224 0.7757 | 0.3494 0.3494 0.1585 | 0.1647 27.5571 22.4994 0.2459 0.5066 0.6349 TEST: 1.4433 0.4262 0.6839 | 0.4705 0.4623 0.6747 | 0.1673 27.9374 34.5726 23.5413 48.9968 62.0131
lr at 126th epoch is 5e-05 for optimizer
current performance: 36.9008, best performance: 37.5781
Epoch: 0126 | TRAIN: 0.8891 0.4305 0.7865 | 0.3466 0.3466 0.1614 | 0.1644 27.4965 22.3697 0.2468 0.5097 0.6370 TEST: 1.4386 0.4304 0.6833 | 0.4767 0.4687 0.6716 | 0.1683 28.0858 34.6458 23.3086 48.2960 61.4208
lr at 127th epoch is 5e-05 for optimizer
current performance: 35.9172, best performance: 37.5781
Epoch: 0127 | TRAIN: 0.9068 0.4288 0.7855 | 0.3456 0.3456 0.1566 | 0.1608 27.0881 21.9435 0.2563 0.5179 0.6438 TEST: 1.4344 0.4308 0.6843 | 0.4998 0.4922 0.6949 | 0.1684 28.0984 34.6549 23.1970 48.2642 61.4748
lr at 128th epoch is 5e-05 for optimizer
current performance: 35.2582, best performance: 37.5781
Epoch: 0128 | TRAIN: 0.9086 0.4274 0.7835 | 0.3498 0.3498 0.1600 | 0.1636 27.4494 22.4132 0.2477 0.5079 0.6360 TEST: 1.4461 0.4229 0.6843 | 0.4960 0.4863 0.7252 | 0.1687 28.0159 34.7294 23.7709 48.8750 61.8133
lr at 129th epoch is 5e-05 for optimizer
current performance: 36.9387, best performance: 37.5781
Epoch: 0129 | TRAIN: 0.9163 0.4274 0.7814 | 0.3526 0.3526 0.1633 | 0.1638 27.4385 22.3805 0.2494 0.5093 0.6359 TEST: 1.4148 0.4333 0.6874 | 0.4871 0.4775 0.7043 | 0.1690 28.0331 34.7671 23.5487 49.0902 62.0736
lr at 130th epoch is 5e-05 for optimizer
current performance: 36.9397, best performance: 37.5781
Epoch: 0130 | TRAIN: 0.9146 0.4268 0.7841 | 0.3554 0.3554 0.1621 | 0.1634 27.3735 22.2854 0.2504 0.5118 0.6384 TEST: 1.4346 0.4315 0.6855 | 0.4820 0.4729 0.7005 | 0.1693 28.0107 34.8338 23.6245 49.4467 62.3365
lr at 131th epoch is 5e-05 for optimizer
current performance: 38.0931, best performance: 37.5781
Epoch: 0131 | TRAIN: 0.9235 0.4345 0.7859 | 0.3516 0.3516 0.1629 | 0.1623 27.2700 22.1769 0.2518 0.5137 0.6403 TEST: 1.4689 0.4345 0.6873 | 0.4682 0.4601 0.6731 | 0.1671 27.8098 34.5772 24.0636 49.6388 62.4944
lr at 132th epoch is 5e-05 for optimizer
current performance: 36.1340, best performance: 38.0931
Epoch: 0132 | TRAIN: 0.9152 0.4333 0.7859 | 0.3503 0.3503 0.1588 | 0.1622 27.2408 22.1631 0.2528 0.5141 0.6412 TEST: 1.4332 0.4219 0.6855 | 0.4709 0.4626 0.6791 | 0.1680 28.0275 34.6564 23.1384 48.8887 61.9753
lr at 133th epoch is 5e-05 for optimizer
current performance: 35.7776, best performance: 38.0931
Epoch: 0133 | TRAIN: 0.9136 0.4296 0.7855 | 0.3419 0.3419 0.1555 | 0.1622 27.2529 22.0379 0.2514 0.5148 0.6416 TEST: 1.4712 0.4239 0.6830 | 0.4870 0.4777 0.6979 | 0.1686 28.0011 34.7556 23.5550 49.2376 62.1892
lr at 134th epoch is 5e-05 for optimizer
current performance: 37.0539, best performance: 38.0931
Epoch: 0134 | TRAIN: 0.9471 0.4266 0.7823 | 0.3499 0.3499 0.1637 | 0.1633 27.3082 22.1002 0.2531 0.5159 0.6418 TEST: 1.4695 0.4296 0.6828 | 0.4736 0.4652 0.6861 | 0.1675 27.9875 34.5686 23.5682 48.6542 61.6249
lr at 135th epoch is 5e-05 for optimizer
current performance: 36.5322, best performance: 38.0931
Epoch: 0135 | TRAIN: 0.9346 0.4316 0.7835 | 0.3502 0.3502 0.1619 | 0.1618 27.1610 21.9459 0.2546 0.5188 0.6444 TEST: 1.5135 0.4264 0.6857 | 0.4753 0.4664 0.6891 | 0.1685 28.0383 34.7112 23.3443 49.0159 62.0078
lr at 136th epoch is 5e-05 for optimizer
current performance: 35.8997, best performance: 38.0931
Epoch: 0136 | TRAIN: 0.9158 0.4266 0.7848 | 0.3484 0.3484 0.1581 | 0.1616 27.1783 22.0379 0.2541 0.5151 0.6424 TEST: 1.4422 0.4237 0.6840 | 0.4818 0.4729 0.6999 | 0.1690 28.0481 34.7812 23.5968 48.8995 61.8888
lr at 137th epoch is 5e-05 for optimizer
current performance: 37.0154, best performance: 38.0931
Epoch: 0137 | TRAIN: 0.8916 0.4337 0.7883 | 0.3483 0.3483 0.1585 | 0.1616 27.1845 22.0219 0.2540 0.5151 0.6424 TEST: 1.4370 0.4304 0.6857 | 0.4770 0.4683 0.6822 | 0.1675 27.9989 34.5763 23.4114 48.6033 61.6587
lr at 138th epoch is 5e-05 for optimizer
current performance: 36.0790, best performance: 38.0931
Epoch: 0138 | TRAIN: 0.9303 0.4315 0.7841 | 0.3469 0.3469 0.1603 | 0.1610 27.1273 22.0124 0.2541 0.5158 0.6433 TEST: 1.4639 0.4308 0.6845 | 0.5006 0.4918 0.7042 | 0.1673 27.9728 34.5647 23.4926 48.6875 61.7139
lr at 139th epoch is 5e-05 for optimizer
current performance: 36.5879, best performance: 38.0931
Epoch: 0139 | TRAIN: 0.9289 0.4235 0.7805 | 0.3515 0.3515 0.1624 | 0.1617 27.1987 22.0812 0.2527 0.5158 0.6420 TEST: 1.4886 0.4305 0.6866 | 0.4878 0.4792 0.7123 | 0.1684 27.9623 34.7073 23.9536 49.1758 62.0019
lr at 140th epoch is 5e-05 for optimizer
current performance: 36.4320, best performance: 38.0931
Epoch: 0140 | TRAIN: 0.9040 0.4382 0.7887 | 0.3430 0.3430 0.1579 | 0.1600 27.0288 21.9601 0.2565 0.5181 0.6445 TEST: 1.4937 0.4234 0.6824 | 0.4679 0.4595 0.6759 | 0.1683 28.0558 34.6561 23.5499 48.3933 61.4552
lr at 141th epoch is 5e-05 for optimizer
current performance: 36.4016, best performance: 38.0931
Epoch: 0141 | TRAIN: 0.8945 0.4352 0.7918 | 0.3382 0.3382 0.1559 | 0.1596 26.9368 21.7804 0.2597 0.5218 0.6469 TEST: 1.4980 0.4275 0.6827 | 0.4873 0.4780 0.7081 | 0.1674 27.8405 34.6076 24.1487 49.3841 62.2585
lr at 142th epoch is 5e-05 for optimizer
current performance: 36.2731, best performance: 38.0931
Epoch: 0142 | TRAIN: 0.9099 0.4222 0.7851 | 0.3461 0.3461 0.1634 | 0.1618 27.1784 22.0702 0.2547 0.5163 0.6434 TEST: 1.5140 0.4187 0.6823 | 0.4626 0.4544 0.6681 | 0.1670 27.8567 34.5656 23.8921 49.2398 62.1878
lr at 143th epoch is 5e-05 for optimizer
current performance: 36.8159, best performance: 38.0931
Epoch: 0143 | TRAIN: 0.9155 0.4307 0.7882 | 0.3463 0.3463 0.1576 | 0.1610 27.1087 22.0650 0.2557 0.5178 0.6433 TEST: 1.4803 0.4267 0.6880 | 0.4741 0.4653 0.6898 | 0.1671 27.8618 34.5617 24.0817 49.1835 62.0556
lr at 144th epoch is 5e-05 for optimizer
current performance: 36.6449, best performance: 38.0931
Epoch: 0144 | TRAIN: 0.9185 0.4397 0.7867 | 0.3459 0.3459 0.1561 | 0.1597 26.9471 21.8200 0.2598 0.5206 0.6463 TEST: 1.4798 0.4321 0.6882 | 0.4990 0.4890 0.7242 | 0.1660 27.7210 34.4551 24.2123 49.5794 62.5266
lr at 145th epoch is 5e-05 for optimizer
current performance: 35.7160, best performance: 38.0931
Epoch: 0145 | TRAIN: 0.9190 0.4403 0.7892 | 0.3474 0.3474 0.1571 | 0.1601 26.9777 21.7781 0.2587 0.5222 0.6475 TEST: 1.4830 0.4208 0.6850 | 0.4831 0.4740 0.7011 | 0.1671 27.8355 34.5916 23.9483 49.5194 62.4167
lr at 146th epoch is 5e-05 for optimizer
current performance: 35.9587, best performance: 38.0931
Epoch: 0146 | TRAIN: 0.9340 0.4310 0.7859 | 0.3457 0.3457 0.1578 | 0.1616 27.1024 21.9376 0.2588 0.5188 0.6439 TEST: 1.5156 0.4227 0.6811 | 0.4810 0.4720 0.6972 | 0.1682 27.9172 34.7078 23.9552 49.2736 62.2942
lr at 147th epoch is 5e-05 for optimizer
current performance: 38.0925, best performance: 38.0931
Epoch: 0147 | TRAIN: 0.9271 0.4298 0.7867 | 0.3494 0.3494 0.1607 | 0.1605 27.0517 21.9313 0.2563 0.5184 0.6452 TEST: 1.4913 0.4336 0.6888 | 0.4685 0.4598 0.6786 | 0.1650 27.7205 34.3083 23.9746 49.1797 62.2090
lr at 148th epoch is 5e-05 for optimizer
current performance: 37.7984, best performance: 38.0931
Epoch: 0148 | TRAIN: 0.9375 0.4281 0.7857 | 0.3442 0.3442 0.1590 | 0.1618 27.1863 22.0177 0.2541 0.5162 0.6430 TEST: 1.5046 0.4340 0.6869 | 0.4755 0.4663 0.6959 | 0.1661 27.7786 34.4575 24.0736 49.3843 62.3015
lr at 149th epoch is 5e-05 for optimizer
current performance: 36.3576, best performance: 38.0931
Epoch: 0149 | TRAIN: 0.9181 0.4348 0.7904 | 0.3435 0.3435 0.1575 | 0.1606 27.0624 21.9347 0.2570 0.5180 0.6442 TEST: 1.4865 0.4252 0.6865 | 0.4774 0.4681 0.6907 | 0.1689 28.0016 34.7917 23.9284 49.1260 62.0395
lr at 150th epoch is 5e-05 for optimizer
current performance: 36.7953, best performance: 38.0931
Epoch: 0150 | TRAIN: 0.9345 0.4227 0.7841 | 0.3511 0.3511 0.1617 | 0.1603 27.0156 21.8881 0.2563 0.5197 0.6470 TEST: 1.5014 0.4268 0.6866 | 0.4752 0.4665 0.6842 | 0.1677 27.8499 34.6848 23.9002 49.8859 62.6926
lr at 151th epoch is 5e-05 for optimizer
current performance: 36.5224, best performance: 38.0931
Epoch: 0151 | TRAIN: 0.9471 0.4342 0.7862 | 0.3465 0.3465 0.1587 | 0.1594 26.9204 21.7971 0.2600 0.5205 0.6470 TEST: 1.4831 0.4288 0.6871 | 0.4927 0.4828 0.7202 | 0.1663 27.6882 34.5281 24.3452 50.1089 62.9171
lr at 152th epoch is 5e-05 for optimizer
current performance: 37.7366, best performance: 38.0931
Epoch: 0152 | TRAIN: 0.9409 0.4274 0.7840 | 0.3472 0.3472 0.1579 | 0.1592 26.8905 21.7591 0.2604 0.5224 0.6484 TEST: 1.4838 0.4319 0.6871 | 0.4718 0.4633 0.6808 | 0.1659 27.7127 34.4615 24.2660 49.7269 62.6114
lr at 153th epoch is 5e-05 for optimizer
current performance: 36.1114, best performance: 38.0931
Epoch: 0153 | TRAIN: 0.9266 0.4330 0.7865 | 0.3454 0.3454 0.1562 | 0.1594 26.8784 21.6614 0.2631 0.5223 0.6472 TEST: 1.5130 0.4251 0.6850 | 0.4879 0.4783 0.7084 | 0.1670 27.8089 34.6145 24.0070 49.7347 62.6236
lr at 154th epoch is 5e-05 for optimizer
current performance: 38.3058, best performance: 38.0931
Epoch: 0154 | TRAIN: 0.9433 0.4360 0.7867 | 0.3442 0.3442 0.1542 | 0.1580 26.7764 21.6201 0.2625 0.5234 0.6492 TEST: 1.4982 0.4345 0.6878 | 0.4702 0.4613 0.6868 | 0.1652 27.5748 34.4113 24.7314 50.2053 62.9784
lr at 155th epoch is 5e-05 for optimizer
current performance: 37.4342, best performance: 38.3058
Epoch: 0155 | TRAIN: 0.9372 0.4362 0.7858 | 0.3447 0.3447 0.1537 | 0.1566 26.5963 21.4173 0.2675 0.5273 0.6529 TEST: 1.4891 0.4340 0.6881 | 0.4885 0.4787 0.7053 | 0.1652 27.6296 34.3798 24.4362 49.8335 62.7175
lr at 156th epoch is 5e-05 for optimizer
current performance: 37.0626, best performance: 38.3058
Epoch: 0156 | TRAIN: 0.9472 0.4348 0.7862 | 0.3455 0.3455 0.1551 | 0.1574 26.7295 21.6008 0.2610 0.5250 0.6515 TEST: 1.5194 0.4283 0.6859 | 0.4761 0.4677 0.6753 | 0.1664 27.7356 34.4974 24.2917 49.6711 62.5449
lr at 157th epoch is 5e-05 for optimizer
current performance: 37.5747, best performance: 38.3058
Epoch: 0157 | TRAIN: 0.9167 0.4293 0.7877 | 0.3497 0.3497 0.1600 | 0.1587 26.8358 21.6175 0.2596 0.5238 0.6509 TEST: 1.5172 0.4312 0.6862 | 0.4765 0.4679 0.6941 | 0.1649 27.6020 34.3342 24.4628 49.7889 62.7519
lr at 158th epoch is 5e-05 for optimizer
current performance: 36.8453, best performance: 38.3058
Epoch: 0158 | TRAIN: 0.9373 0.4303 0.7880 | 0.3440 0.3440 0.1570 | 0.1592 26.9235 21.8127 0.2573 0.5211 0.6481 TEST: 1.4831 0.4276 0.6869 | 0.4785 0.4698 0.6844 | 0.1661 27.7663 34.4453 24.1701 49.2705 62.2500
lr at 159th epoch is 5e-05 for optimizer
current performance: 38.6845, best performance: 38.3058
Epoch: 0159 | TRAIN: 0.9128 0.4316 0.7904 | 0.3432 0.3432 0.1558 | 0.1588 26.8320 21.6263 0.2608 0.5242 0.6502 TEST: 1.4525 0.4430 0.6885 | 0.4891 0.4794 0.7086 | 0.1640 27.5100 34.2389 24.5511 50.0988 63.0044
lr at 160th epoch is 5e-05 for optimizer
current performance: 37.8392, best performance: 38.6845
Epoch: 0160 | TRAIN: 0.9252 0.4316 0.7884 | 0.3479 0.3479 0.1564 | 0.1589 26.7772 21.4282 0.2660 0.5271 0.6512 TEST: 1.4893 0.4329 0.6883 | 0.4737 0.4649 0.6871 | 0.1652 27.6695 34.3573 24.2460 49.5186 62.4578
lr at 161th epoch is 5e-05 for optimizer
current performance: 37.1379, best performance: 38.6845
Epoch: 0161 | TRAIN: 0.9342 0.4309 0.7866 | 0.3466 0.3466 0.1555 | 0.1592 26.8733 21.7028 0.2607 0.5235 0.6494 TEST: 1.4972 0.4306 0.6858 | 0.4828 0.4733 0.7063 | 0.1647 27.7159 34.2700 23.7079 49.2045 62.3138
lr at 162th epoch is 5e-05 for optimizer
current performance: 37.4806, best performance: 38.6845
Epoch: 0162 | TRAIN: 0.9225 0.4349 0.7906 | 0.3398 0.3398 0.1559 | 0.1583 26.7442 21.4854 0.2639 0.5277 0.6527 TEST: 1.4924 0.4307 0.6870 | 0.4775 0.4693 0.6835 | 0.1649 27.5691 34.3579 24.6138 50.0301 62.8913
lr at 163th epoch is 5e-05 for optimizer
current performance: 36.8705, best performance: 38.6845
Epoch: 0163 | TRAIN: 0.9288 0.4375 0.7885 | 0.3434 0.3434 0.1560 | 0.1565 26.5657 21.3369 0.2678 0.5302 0.6550 TEST: 1.5089 0.4309 0.6835 | 0.4878 0.4782 0.7159 | 0.1675 27.8008 34.6554 24.3460 49.7246 62.5549
lr at 164th epoch is 5e-05 for optimizer
current performance: 35.3182, best performance: 38.6845
Epoch: 0164 | TRAIN: 0.9447 0.4341 0.7892 | 0.3387 0.3387 0.1534 | 0.1573 26.6484 21.4954 0.2664 0.5276 0.6527 TEST: 1.5185 0.4217 0.6875 | 0.5019 0.4923 0.7207 | 0.1641 27.5823 34.2277 24.1496 49.6395 62.7134
lr at 165th epoch is 5e-05 for optimizer
current performance: 37.2273, best performance: 38.6845
Epoch: 0165 | TRAIN: 0.9475 0.4292 0.7877 | 0.3414 0.3414 0.1619 | 0.1586 26.8060 21.5570 0.2628 0.5252 0.6503 TEST: 1.5231 0.4294 0.6895 | 0.4725 0.4648 0.6712 | 0.1662 27.8213 34.4344 23.8662 48.9606 62.0414
lr at 166th epoch is 5e-05 for optimizer
current performance: 37.0523, best performance: 38.6845
Epoch: 0166 | TRAIN: 0.9746 0.4320 0.7843 | 0.3421 0.3421 0.1570 | 0.1593 26.8596 21.6502 0.2628 0.5238 0.6490 TEST: 1.5302 0.4260 0.6868 | 0.4700 0.4616 0.6741 | 0.1648 27.7203 34.2953 23.7239 49.1391 62.3287
lr at 167th epoch is 5e-05 for optimizer
current performance: 32.4791, best performance: 38.6845
Epoch: 0167 | TRAIN: 0.9496 0.4330 0.7907 | 0.3464 0.3464 0.1557 | 0.1578 26.6705 21.4040 0.2658 0.5292 0.6542 TEST: 1.5938 0.4071 0.6720 | 0.5097 0.4993 0.7392 | 0.1716 28.2013 35.1513 23.0333 49.6601 62.6084
lr at 168th epoch is 5e-05 for optimizer
current performance: 36.9654, best performance: 38.6845
Epoch: 0168 | TRAIN: 0.9616 0.4240 0.7865 | 0.3500 0.3500 0.1602 | 0.1602 26.9953 21.8566 0.2592 0.5196 0.6458 TEST: 1.4778 0.4349 0.6902 | 0.5020 0.4918 0.7258 | 0.1651 27.6444 34.3538 24.0473 49.8323 62.8278
lr at 169th epoch is 5e-05 for optimizer
current performance: 37.9386, best performance: 38.6845
Epoch: 0169 | TRAIN: 0.9652 0.4286 0.7852 | 0.3423 0.3423 0.1549 | 0.1567 26.6238 21.4871 0.2648 0.5276 0.6536 TEST: 1.5073 0.4326 0.6890 | 0.4736 0.4658 0.6724 | 0.1642 27.5077 34.2764 24.6442 50.1106 63.0363
lr at 170th epoch is 5e-05 for optimizer
current performance: 38.9009, best performance: 38.6845
Epoch: 0170 | TRAIN: 0.9594 0.4394 0.7884 | 0.3430 0.3430 0.1582 | 0.1565 26.5688 21.3551 0.2670 0.5298 0.6555 TEST: 1.4921 0.4411 0.6923 | 0.4745 0.4658 0.6777 | 0.1651 27.6252 34.3733 24.3062 49.8991 62.8297
lr at 171th epoch is 5e-05 for optimizer
current performance: 38.9859, best performance: 38.9009
Epoch: 0171 | TRAIN: 0.9195 0.4268 0.7879 | 0.3452 0.3452 0.1556 | 0.1583 26.7615 21.5617 0.2630 0.5265 0.6518 TEST: 1.4288 0.4414 0.6925 | 0.4716 0.4625 0.6843 | 0.1664 27.7131 34.5151 24.3354 49.7645 62.7328
lr at 172th epoch is 5e-05 for optimizer
current performance: 38.9231, best performance: 38.9859
Epoch: 0172 | TRAIN: 0.9121 0.4351 0.7949 | 0.3404 0.3404 0.1565 | 0.1566 26.5482 21.2798 0.2685 0.5313 0.6563 TEST: 1.4732 0.4396 0.6919 | 0.4723 0.4635 0.6798 | 0.1649 27.5222 34.3893 24.7353 50.4558 63.2566
lr at 173th epoch is 5e-05 for optimizer
current performance: 38.1257, best performance: 38.9859
Epoch: 0173 | TRAIN: 0.9360 0.4349 0.7923 | 0.3363 0.3363 0.1531 | 0.1547 26.3886 21.2005 0.2688 0.5333 0.6593 TEST: 1.5229 0.4362 0.6867 | 0.4764 0.4683 0.6759 | 0.1649 27.6639 34.3261 24.2396 49.3415 62.3992
lr at 174th epoch is 5e-05 for optimizer
current performance: 38.3036, best performance: 38.9859
Epoch: 0174 | TRAIN: 0.8989 0.4380 0.7949 | 0.3347 0.3347 0.1525 | 0.1570 26.5877 21.3436 0.2670 0.5313 0.6561 TEST: 1.5086 0.4358 0.6882 | 0.4792 0.4702 0.6900 | 0.1637 27.3803 34.2375 25.2528 50.4808 63.2440
lr at 175th epoch is 5e-05 for optimizer
current performance: 38.9797, best performance: 38.9859
Epoch: 0175 | TRAIN: 0.9320 0.4346 0.7905 | 0.3449 0.3449 0.1565 | 0.1554 26.4073 21.1752 0.2714 0.5333 0.6583 TEST: 1.5035 0.4400 0.6907 | 0.4745 0.4655 0.6893 | 0.1633 27.4355 34.1648 24.7596 50.0446 63.0427
lr at 176th epoch is 5e-05 for optimizer
current performance: 38.8439, best performance: 38.9859
Epoch: 0176 | TRAIN: 0.9369 0.4386 0.7939 | 0.3440 0.3440 0.1579 | 0.1576 26.6394 21.3685 0.2678 0.5295 0.6540 TEST: 1.4795 0.4399 0.6887 | 0.4719 0.4625 0.6901 | 0.1656 27.6674 34.4354 24.3043 49.6897 62.6555
lr at 177th epoch is 5e-05 for optimizer
current performance: 37.6664, best performance: 38.9859
Epoch: 0177 | TRAIN: 0.9207 0.4358 0.7920 | 0.3364 0.3364 0.1535 | 0.1566 26.4807 21.1909 0.2731 0.5344 0.6577 TEST: 1.5274 0.4322 0.6887 | 0.4797 0.4702 0.6996 | 0.1636 27.5372 34.1961 24.1839 49.6747 62.8174
lr at 178th epoch is 5e-05 for optimizer
current performance: 37.7596, best performance: 38.9859
Epoch: 0178 | TRAIN: 0.9156 0.4404 0.7943 | 0.3433 0.3433 0.1580 | 0.1547 26.3583 21.1259 0.2706 0.5346 0.6600 TEST: 1.5283 0.4313 0.6854 | 0.4693 0.4611 0.6697 | 0.1651 27.7060 34.3587 23.8554 49.6605 62.5806
lr at 179th epoch is 5e-05 for optimizer
current performance: 38.5929, best performance: 38.9859
Epoch: 0179 | TRAIN: 0.9190 0.4398 0.7945 | 0.3498 0.3498 0.1548 | 0.1550 26.4100 21.1758 0.2703 0.5325 0.6572 TEST: 1.5269 0.4337 0.6898 | 0.4630 0.4546 0.6672 | 0.1637 27.4868 34.2002 24.6150 50.0029 62.8780
lr at 180th epoch is 5e-05 for optimizer
current performance: 38.3288, best performance: 38.9859
Epoch: 0180 | TRAIN: 0.9470 0.4370 0.7927 | 0.3336 0.3336 0.1563 | 0.1570 26.5590 21.3741 0.2714 0.5303 0.6545 TEST: 1.4953 0.4390 0.6926 | 0.4883 0.4789 0.6921 | 0.1635 27.3923 34.2275 24.8783 50.5237 63.3764
lr at 181th epoch is 5e-05 for optimizer
current performance: 37.8092, best performance: 38.9859
Epoch: 0181 | TRAIN: 0.9480 0.4351 0.7919 | 0.3412 0.3412 0.1568 | 0.1573 26.6570 21.4532 0.2647 0.5280 0.6537 TEST: 1.5403 0.4374 0.6886 | 0.4852 0.4775 0.6837 | 0.1649 27.7251 34.3035 23.8658 49.1288 62.1512
lr at 182th epoch is 5e-05 for optimizer
current performance: 36.5281, best performance: 38.9859
Epoch: 0182 | TRAIN: 0.9622 0.4272 0.7852 | 0.3430 0.3430 0.1550 | 0.1560 26.4944 21.2753 0.2696 0.5318 0.6568 TEST: 1.5213 0.4246 0.6817 | 0.4825 0.4728 0.7022 | 0.1653 27.5961 34.4324 24.4089 50.3049 63.1154
lr at 183th epoch is 5e-05 for optimizer
current performance: 36.9854, best performance: 38.9859
Epoch: 0183 | TRAIN: 0.9292 0.4335 0.7905 | 0.3404 0.3404 0.1526 | 0.1552 26.4035 21.1128 0.2706 0.5342 0.6586 TEST: 1.5231 0.4260 0.6873 | 0.4751 0.4662 0.6918 | 0.1646 27.5982 34.3245 24.2255 49.8825 62.8326
lr at 184th epoch is 5e-05 for optimizer
current performance: 36.6756, best performance: 38.9859
Epoch: 0184 | TRAIN: 0.9391 0.4329 0.7897 | 0.3440 0.3440 0.1560 | 0.1539 26.2628 20.9681 0.2729 0.5369 0.6616 TEST: 1.5127 0.4346 0.6852 | 0.5106 0.4999 0.7496 | 0.1647 27.5475 34.3381 24.6774 49.9949 62.9029
lr at 185th epoch is 5e-05 for optimizer
current performance: 36.5401, best performance: 38.9859
Epoch: 0185 | TRAIN: 0.9454 0.4415 0.7926 | 0.3413 0.3413 0.1547 | 0.1559 26.4699 21.2503 0.2688 0.5329 0.6584 TEST: 1.5734 0.4213 0.6885 | 0.4731 0.4642 0.6843 | 0.1648 27.5315 34.3475 24.8143 50.1709 62.9789
lr at 186th epoch is 5e-05 for optimizer
current performance: 37.1217, best performance: 38.9859
Epoch: 0186 | TRAIN: 0.9593 0.4404 0.7916 | 0.3362 0.3362 0.1513 | 0.1539 26.2321 20.9717 0.2757 0.5387 0.6620 TEST: 1.5477 0.4252 0.6865 | 0.4663 0.4575 0.6802 | 0.1662 27.7221 34.4766 24.2374 49.6153 62.5991
lr at 187th epoch is 5e-05 for optimizer
current performance: 36.8480, best performance: 38.9859
Epoch: 0187 | TRAIN: 0.9684 0.4340 0.7891 | 0.3361 0.3361 0.1565 | 0.1579 26.6373 21.3359 0.2685 0.5308 0.6555 TEST: 1.5426 0.4274 0.6888 | 0.4868 0.4770 0.7101 | 0.1641 27.4625 34.2572 24.7515 50.1790 63.1366
lr at 188th epoch is 5e-05 for optimizer
current performance: 37.1083, best performance: 38.9859
Epoch: 0188 | TRAIN: 0.9356 0.4394 0.7944 | 0.3326 0.3326 0.1514 | 0.1561 26.4613 21.2007 0.2723 0.5323 0.6571 TEST: 1.5574 0.4239 0.6886 | 0.4712 0.4622 0.6824 | 0.1630 27.3930 34.1282 24.8700 50.1383 63.0901
lr at 189th epoch is 5e-05 for optimizer
current performance: 37.3187, best performance: 38.9859
Epoch: 0189 | TRAIN: 0.9472 0.4380 0.7944 | 0.3378 0.3378 0.1518 | 0.1538 26.2066 20.9882 0.2765 0.5381 0.6616 TEST: 1.5494 0.4262 0.6870 | 0.4744 0.4652 0.6933 | 0.1628 27.3545 34.1038 25.0041 50.1753 63.1696
lr at 190th epoch is 5e-05 for optimizer
current performance: 38.5567, best performance: 38.9859
Epoch: 0190 | TRAIN: 0.9312 0.4363 0.7956 | 0.3392 0.3392 0.1539 | 0.1564 26.4978 21.2838 0.2718 0.5318 0.6554 TEST: 1.5245 0.4371 0.6889 | 0.4759 0.4669 0.6888 | 0.1644 27.4310 34.3236 25.0848 50.5242 63.3425
lr at 191th epoch is 5e-05 for optimizer
current performance: 37.5663, best performance: 38.9859
Epoch: 0191 | TRAIN: 0.9562 0.4327 0.7914 | 0.3401 0.3401 0.1552 | 0.1562 26.4768 21.3242 0.2716 0.5330 0.6575 TEST: 1.5397 0.4324 0.6872 | 0.4841 0.4751 0.6954 | 0.1636 27.4654 34.2038 24.4629 50.1983 63.2033
lr at 192th epoch is 5e-05 for optimizer
current performance: 37.6184, best performance: 38.9859
Epoch: 0192 | TRAIN: 0.9492 0.4346 0.7902 | 0.3403 0.3403 0.1566 | 0.1561 26.4160 21.0264 0.2747 0.5357 0.6590 TEST: 1.5208 0.4317 0.6885 | 0.4820 0.4734 0.6897 | 0.1631 27.4059 34.1432 24.8493 50.1237 63.0579
lr at 193th epoch is 5e-05 for optimizer
current performance: 36.5715, best performance: 38.9859
Epoch: 0193 | TRAIN: 0.9797 0.4325 0.7876 | 0.3343 0.3343 0.1520 | 0.1567 26.5500 21.2536 0.2682 0.5315 0.6562 TEST: 1.5526 0.4251 0.6844 | 0.4817 0.4732 0.6888 | 0.1648 27.5956 34.3318 24.4193 49.8200 62.7979
lr at 194th epoch is 5e-05 for optimizer
current performance: 37.5312, best performance: 38.9859
Epoch: 0194 | TRAIN: 0.9680 0.4318 0.7900 | 0.3363 0.3363 0.1528 | 0.1537 26.1988 20.9187 0.2755 0.5393 0.6632 TEST: 1.5255 0.4295 0.6889 | 0.4791 0.4700 0.6978 | 0.1626 27.3634 34.0774 24.8896 50.2247 63.1306
lr at 195th epoch is 5e-05 for optimizer
current performance: 36.9195, best performance: 38.9859
Epoch: 0195 | TRAIN: 0.9197 0.4404 0.7978 | 0.3348 0.3348 0.1496 | 0.1550 26.3174 21.0100 0.2744 0.5381 0.6618 TEST: 1.5633 0.4264 0.6869 | 0.4816 0.4739 0.6765 | 0.1639 27.4052 34.2708 25.0410 50.6101 63.3747
lr at 196th epoch is 5e-05 for optimizer
current performance: 38.4466, best performance: 38.9859
Epoch: 0196 | TRAIN: 0.9634 0.4370 0.7916 | 0.3271 0.3271 0.1521 | 0.1564 26.4876 21.2925 0.2713 0.5329 0.6569 TEST: 1.5074 0.4359 0.6885 | 0.4779 0.4687 0.6863 | 0.1627 27.3165 34.1205 25.1720 50.5754 63.3332
lr at 197th epoch is 5e-05 for optimizer
current performance: 37.1412, best performance: 38.9859
Epoch: 0197 | TRAIN: 0.9838 0.4360 0.7919 | 0.3367 0.3367 0.1506 | 0.1538 26.1928 20.8310 0.2763 0.5408 0.6638 TEST: 1.5580 0.4321 0.6907 | 0.4966 0.4864 0.7218 | 0.1637 27.3668 34.2607 25.1794 50.7063 63.5213
lr at 198th epoch is 5e-05 for optimizer
current performance: 38.0512, best performance: 38.9859
Epoch: 0198 | TRAIN: 0.9754 0.4329 0.7853 | 0.3392 0.3392 0.1552 | 0.1522 26.0505 20.7390 0.2778 0.5424 0.6664 TEST: 1.5691 0.4331 0.6889 | 0.4741 0.4657 0.6762 | 0.1640 27.4739 34.2507 24.8120 50.0797 63.0196
lr at 199th epoch is 5e-05 for optimizer
current performance: 37.5700, best performance: 38.9859
Epoch: 0199 | TRAIN: 0.9751 0.4424 0.7895 | 0.3363 0.3363 0.1564 | 0.1555 26.4218 21.1681 0.2708 0.5340 0.6584 TEST: 1.5433 0.4306 0.6879 | 0.4804 0.4707 0.7003 | 0.1632 27.4249 34.1536 24.8149 50.0439 62.9710
Epoch: 0171 | TRAIN: 0.9195 0.4268 0.7879 | 0.3452 0.3452 0.1556 | 0.1583 26.7615 21.5617 0.2630 0.5265 0.6518 TEST: 1.4288 0.4414 0.6925 | 0.4716 0.4625 0.6843 | 0.1664 27.7131 34.5151 24.3354 49.7645 62.7328
