
CommandNotFoundError: Your shell has not been properly configured to use 'conda activate'.
To initialize your shell, run

    $ conda init <SHELL_NAME>

Currently supported shells are:
  - bash
  - fish
  - tcsh
  - xonsh
  - zsh
  - powershell

See 'conda init --help' for more information and options.

IMPORTANT: You may need to close and restart your shell after running 'conda init'.


/scratch_tmp/grp/grv_shi/k21220263/MTPSL/nyu_mtl_xtc.py:110: FutureWarning: You are using `torch.load` with `weights_only=False` (the current default value), which uses the default pickle module implicitly. It is possible to construct malicious pickle data which will execute arbitrary code during unpickling (See https://github.com/pytorch/pytorch/blob/main/SECURITY.md#untrusted-models for more details). In a future release, the default value for `weights_only` will be flipped to `True`. This limits the functions that could be executed during unpickling. Arbitrary objects will no longer be allowed to be loaded via this mode unless they are explicitly allowlisted by the user via `torch.serialization.add_safe_globals`. We recommend you start setting `weights_only=True` for any use case where you don't have full control of the loaded file. Please open an issue on GitHub for any issues related to this experimental feature.
  labels_weights = torch.load('{}randomlabels.pth'.format(opt.labelroot))['labels_weights'].float().cuda()
Parameter Space: ABS: 46081347.0, REL: 1.8447

LOSS FORMAT: SEMANTIC_LOSS MEAN_IOU PIX_ACC | DEPTH_LOSS ABS_ERR ROOT_MSE | NORMAL_LOSS MEAN MED <11.25 <22.5 <30

lr at 0th epoch is 0.0001 for optimizer and 0.001 for film
current performance: -55.6444, best performance: -100.0000
Epoch: 0000 | TRAIN: 2.5119 0.0911 0.3029 | 1.3620 1.3620 0.6921 | 0.3503 46.1720 45.0085 0.0323 0.1364 0.2415 TEST: 1.9700 0.0891 0.2818 | 1.1349 1.1185 1.5239 | 0.3127 43.3140 47.3754 4.6644 15.7288 25.6711
lr at 1th epoch is 0.0001 for optimizer and 0.001 for film
current performance: -50.1537, best performance: -55.6444
Epoch: 0001 | TRAIN: 1.8839 0.1166 0.3711 | 0.9785 0.9785 0.4755 | 0.3233 43.9263 42.6469 0.0427 0.1632 0.2744 TEST: 1.8465 0.0864 0.3932 | 1.0437 1.0291 1.3925 | 0.3042 41.7033 47.0343 6.7025 22.0193 34.0567
lr at 2th epoch is 0.0001 for optimizer and 0.001 for film
current performance: -52.4736, best performance: -50.1537
Epoch: 0002 | TRAIN: 1.8260 0.1265 0.3814 | 0.8782 0.8782 0.4309 | 0.3178 43.3167 41.8180 0.0467 0.1778 0.2938 TEST: 1.7978 0.0983 0.3887 | 1.1304 1.1126 1.5086 | 0.2991 41.7095 46.4790 5.4891 20.0801 32.2357
lr at 3th epoch is 0.0001 for optimizer and 0.001 for film
current performance: -45.9658, best performance: -50.1537
Epoch: 0003 | TRAIN: 1.7446 0.1328 0.4091 | 0.9058 0.9058 0.4436 | 0.3058 42.0828 40.2932 0.0577 0.2068 0.3279 TEST: 1.8185 0.0966 0.3943 | 1.0187 1.0014 1.4067 | 0.2828 40.1605 45.1326 6.5708 22.7129 35.3659
lr at 4th epoch is 0.0001 for optimizer and 0.001 for film
current performance: -21.7583, best performance: -45.9658
Epoch: 0004 | TRAIN: 1.6356 0.1470 0.4400 | 0.8919 0.8919 0.4324 | 0.2871 40.3564 38.3144 0.0720 0.2364 0.3601 TEST: 1.5250 0.1782 0.4823 | 0.7402 0.7257 1.0087 | 0.2623 37.9430 43.4730 9.6610 28.0724 40.5297
lr at 5th epoch is 0.0001 for optimizer and 0.001 for film
current performance: -16.2155, best performance: -21.7583
Epoch: 0005 | TRAIN: 1.5106 0.1780 0.4862 | 0.8241 0.8241 0.3999 | 0.2745 39.1328 36.8483 0.0844 0.2580 0.3836 TEST: 1.3746 0.2320 0.5307 | 0.7370 0.7241 0.9771 | 0.2673 38.6195 43.9216 7.8090 25.6133 38.7476
lr at 6th epoch is 0.0001 for optimizer and 0.001 for film
current performance: -15.9623, best performance: -16.2155
Epoch: 0006 | TRAIN: 1.3728 0.2097 0.5355 | 0.7626 0.7626 0.3800 | 0.2615 37.9994 35.6113 0.0891 0.2749 0.4051 TEST: 1.3178 0.2670 0.5614 | 0.8777 0.8733 1.0773 | 0.2451 36.1983 41.9748 11.8344 31.4033 44.0063
lr at 7th epoch is 0.0001 for optimizer and 0.001 for film
current performance: -18.7458, best performance: -15.9623
Epoch: 0007 | TRAIN: 1.2275 0.2380 0.5829 | 0.6939 0.6939 0.3313 | 0.2501 36.8906 34.2230 0.1020 0.2960 0.4268 TEST: 1.2918 0.3044 0.5754 | 1.0389 1.0382 1.2499 | 0.2414 36.0502 41.6130 11.0358 30.9970 44.1478
lr at 8th epoch is 0.0001 for optimizer and 0.001 for film
current performance: 3.6720, best performance: -15.9623
Epoch: 0008 | TRAIN: 1.1188 0.2609 0.6169 | 0.6861 0.6861 0.3367 | 0.2403 35.9324 32.8839 0.1091 0.3141 0.4498 TEST: 1.1049 0.3604 0.6230 | 0.7193 0.7130 0.9314 | 0.2279 34.7142 40.3560 12.7427 33.3074 46.4939
lr at 9th epoch is 0.0001 for optimizer and 0.001 for film
current performance: 1.4806, best performance: 3.6720
Epoch: 0009 | TRAIN: 1.0731 0.2732 0.6376 | 0.6445 0.6445 0.3218 | 0.2315 35.0823 31.9757 0.1166 0.3308 0.4675 TEST: 1.1775 0.3376 0.6128 | 0.6485 0.6428 0.8562 | 0.2547 37.0118 42.9443 9.6382 30.6699 44.1552
lr at 10th epoch is 0.0001 for optimizer and 0.001 for film
current performance: 8.9619, best performance: 3.6720
Epoch: 0010 | TRAIN: 1.0059 0.2937 0.6567 | 0.6086 0.6086 0.2957 | 0.2271 34.6261 31.2629 0.1206 0.3411 0.4797 TEST: 1.1359 0.3830 0.6342 | 0.6395 0.6300 0.8955 | 0.2378 35.5889 41.4777 10.5603 32.8028 46.6319
lr at 11th epoch is 0.0001 for optimizer and 0.001 for film
current performance: 9.2102, best performance: 8.9619
Epoch: 0011 | TRAIN: 0.9331 0.3124 0.6809 | 0.5870 0.5870 0.2853 | 0.2247 34.3813 31.0676 0.1259 0.3454 0.4825 TEST: 1.0925 0.3418 0.6419 | 0.5644 0.5544 0.7942 | 0.2232 34.1194 40.0134 13.5157 35.0821 48.4674
lr at 12th epoch is 0.0001 for optimizer and 0.001 for film
current performance: 18.3821, best performance: 9.2102
Epoch: 0012 | TRAIN: 0.8961 0.3225 0.6955 | 0.5440 0.5440 0.2659 | 0.2181 33.6639 30.2474 0.1369 0.3616 0.4984 TEST: 1.0534 0.4101 0.6665 | 0.5861 0.5808 0.7974 | 0.2006 32.0235 37.8356 15.3906 38.7098 52.4399
lr at 13th epoch is 0.0001 for optimizer and 0.001 for film
current performance: 23.2952, best performance: 18.3821
Epoch: 0013 | TRAIN: 0.7883 0.3484 0.7297 | 0.5271 0.5271 0.2563 | 0.2080 32.7704 29.2092 0.1403 0.3758 0.5167 TEST: 1.0261 0.4237 0.6771 | 0.5370 0.5270 0.7598 | 0.1932 31.2032 37.0687 17.0430 40.2743 53.8545
lr at 14th epoch is 0.0001 for optimizer and 0.001 for film
current performance: 21.0021, best performance: 23.2952
Epoch: 0014 | TRAIN: 0.7878 0.3569 0.7334 | 0.4923 0.4923 0.2377 | 0.2041 32.3148 28.6539 0.1482 0.3866 0.5274 TEST: 1.0288 0.4101 0.6713 | 0.5523 0.5465 0.7541 | 0.1912 31.0655 36.8538 16.8794 40.5150 54.0480
lr at 15th epoch is 0.0001 for optimizer and 0.001 for film
current performance: 17.0663, best performance: 23.2952
Epoch: 0015 | TRAIN: 0.7223 0.3717 0.7540 | 0.4886 0.4886 0.2331 | 0.1983 31.7495 27.9718 0.1544 0.3963 0.5387 TEST: 1.1005 0.3768 0.6487 | 0.5619 0.5534 0.7989 | 0.1900 30.8631 36.7480 17.1740 41.1206 54.7414
lr at 16th epoch is 0.0001 for optimizer and 0.001 for film
current performance: 20.1765, best performance: 23.2952
Epoch: 0016 | TRAIN: 0.7121 0.3724 0.7568 | 0.4713 0.4713 0.2281 | 0.1993 31.7965 27.8249 0.1547 0.3994 0.5412 TEST: 1.1269 0.3956 0.6668 | 0.5328 0.5245 0.7581 | 0.1926 31.1668 37.0529 16.6099 40.8092 54.3696
lr at 17th epoch is 0.0001 for optimizer and 0.001 for film
current performance: 28.5083, best performance: 23.2952
Epoch: 0017 | TRAIN: 0.6536 0.3846 0.7755 | 0.4426 0.4426 0.2141 | 0.1935 31.1843 27.2633 0.1653 0.4105 0.5511 TEST: 0.9745 0.4489 0.6849 | 0.5058 0.4978 0.7003 | 0.1855 30.3371 36.3085 18.0141 42.4986 56.1815
lr at 18th epoch is 0.0001 for optimizer and 0.001 for film
current performance: 27.1748, best performance: 28.5083
Epoch: 0018 | TRAIN: 0.6533 0.3877 0.7749 | 0.4357 0.4357 0.2080 | 0.1936 31.2259 27.2317 0.1599 0.4103 0.5530 TEST: 1.0759 0.4443 0.6761 | 0.5192 0.5108 0.7278 | 0.1868 30.5304 36.5208 16.6009 42.6454 56.5587
lr at 19th epoch is 0.0001 for optimizer and 0.001 for film
current performance: 26.9775, best performance: 28.5083
Epoch: 0019 | TRAIN: 0.6160 0.4041 0.7916 | 0.4209 0.4209 0.2026 | 0.1907 30.9034 26.9035 0.1669 0.4171 0.5583 TEST: 1.0202 0.4460 0.6858 | 0.5352 0.5270 0.7255 | 0.1845 30.2471 36.2301 18.2772 42.4673 56.1975
lr at 20th epoch is 0.0001 for optimizer and 0.001 for film
current performance: 22.9425, best performance: 28.5083
Epoch: 0020 | TRAIN: 0.5894 0.4128 0.7968 | 0.4296 0.4296 0.2032 | 0.1899 30.8098 26.6203 0.1669 0.4215 0.5628 TEST: 1.1529 0.3966 0.6599 | 0.5030 0.4955 0.6983 | 0.1830 29.9866 36.1283 18.3711 43.8708 57.5698
lr at 21th epoch is 0.0001 for optimizer and 0.001 for film
current performance: 26.8302, best performance: 28.5083
Epoch: 0021 | TRAIN: 0.5337 0.4300 0.8159 | 0.4116 0.4116 0.1954 | 0.1856 30.2923 26.1182 0.1789 0.4334 0.5730 TEST: 1.1058 0.4571 0.6893 | 0.5840 0.5775 0.7805 | 0.1784 29.5511 35.6203 19.2455 44.2893 57.9683
lr at 22th epoch is 0.0001 for optimizer and 0.001 for film
current performance: 27.6241, best performance: 28.5083
Epoch: 0022 | TRAIN: 0.5115 0.4431 0.8240 | 0.3953 0.3953 0.1901 | 0.1842 30.1862 25.9080 0.1777 0.4349 0.5753 TEST: 1.0687 0.4439 0.6901 | 0.5285 0.5221 0.7244 | 0.1791 29.6662 35.7027 18.2722 44.2323 58.3358
lr at 23th epoch is 0.0001 for optimizer and 0.001 for film
current performance: 32.4512, best performance: 28.5083
Epoch: 0023 | TRAIN: 0.5070 0.4437 0.8255 | 0.3867 0.3867 0.1842 | 0.1812 29.8742 25.5697 0.1807 0.4410 0.5839 TEST: 1.0499 0.4713 0.6926 | 0.4931 0.4857 0.6838 | 0.1768 29.6249 35.3805 18.1042 43.2925 57.5461
lr at 24th epoch is 0.0001 for optimizer and 0.001 for film
current performance: 25.4128, best performance: 32.4512
Epoch: 0024 | TRAIN: 0.4993 0.4495 0.8292 | 0.3765 0.3765 0.1794 | 0.1791 29.5809 25.1524 0.1878 0.4510 0.5908 TEST: 1.2121 0.4152 0.6766 | 0.5152 0.5078 0.7077 | 0.1760 29.2416 35.4130 19.5301 45.4210 59.2349
lr at 25th epoch is 0.0001 for optimizer and 0.001 for film
current performance: 31.0954, best performance: 32.4512
Epoch: 0025 | TRAIN: 0.4899 0.4502 0.8310 | 0.3750 0.3750 0.1785 | 0.1802 29.7709 25.3667 0.1805 0.4465 0.5874 TEST: 1.0843 0.4621 0.6949 | 0.5007 0.4929 0.7192 | 0.1774 29.6038 35.4549 18.0942 43.8242 57.9962
lr at 26th epoch is 0.0001 for optimizer and 0.001 for film
current performance: 29.3631, best performance: 32.4512
Epoch: 0026 | TRAIN: 0.4673 0.4619 0.8381 | 0.3786 0.3786 0.1764 | 0.1757 29.2494 24.8321 0.1925 0.4560 0.5966 TEST: 1.1005 0.4609 0.7045 | 0.5218 0.5166 0.7117 | 0.1828 30.0826 36.0555 18.2218 42.7196 56.8012
lr at 27th epoch is 0.0001 for optimizer and 0.001 for film
current performance: 27.4305, best performance: 32.4512
Epoch: 0027 | TRAIN: 0.4428 0.4675 0.8477 | 0.3524 0.3524 0.1671 | 0.1748 29.1561 24.7214 0.1937 0.4589 0.5989 TEST: 1.2103 0.4170 0.6529 | 0.4764 0.4683 0.6780 | 0.1757 29.1863 35.3680 19.7119 45.4307 59.2605
lr at 28th epoch is 0.0001 for optimizer and 0.001 for film
current performance: 29.0011, best performance: 32.4512
Epoch: 0028 | TRAIN: 0.4199 0.4810 0.8537 | 0.3484 0.3484 0.1645 | 0.1744 29.1108 24.6059 0.1934 0.4609 0.6010 TEST: 1.1408 0.4376 0.6991 | 0.4995 0.4933 0.6921 | 0.1719 28.9425 34.9009 19.9564 45.1803 59.0769
lr at 29th epoch is 0.0001 for optimizer and 0.001 for film
current performance: 23.3696, best performance: 32.4512
Epoch: 0029 | TRAIN: 0.4730 0.4581 0.8376 | 0.3525 0.3525 0.1678 | 0.1753 29.2439 24.8448 0.1892 0.4563 0.5984 TEST: 1.1914 0.4388 0.6813 | 0.6262 0.6200 0.8609 | 0.1744 29.0809 35.1764 20.2612 45.3357 58.8971
lr at 30th epoch is 0.0001 for optimizer and 0.0005 for film
current performance: 33.8891, best performance: 32.4512
Epoch: 0030 | TRAIN: 0.4100 0.4859 0.8588 | 0.3498 0.3498 0.1673 | 0.1730 28.9057 24.3167 0.1993 0.4678 0.6052 TEST: 1.0220 0.4670 0.7113 | 0.4684 0.4605 0.6683 | 0.1727 28.9126 35.0644 20.0244 46.0076 59.8090
lr at 31th epoch is 0.0001 for optimizer and 0.0005 for film
current performance: 33.2009, best performance: 33.8891
Epoch: 0031 | TRAIN: 0.3855 0.4923 0.8681 | 0.3280 0.3280 0.1537 | 0.1679 28.3572 23.7505 0.2075 0.4792 0.6177 TEST: 1.0559 0.4608 0.7046 | 0.4799 0.4726 0.6715 | 0.1681 28.4176 34.5391 20.7860 46.9830 60.7410
lr at 32th epoch is 0.0001 for optimizer and 0.0005 for film
current performance: 36.4716, best performance: 33.8891
Epoch: 0032 | TRAIN: 0.4127 0.4829 0.8579 | 0.3401 0.3401 0.1611 | 0.1738 28.9805 24.4217 0.1978 0.4662 0.6041 TEST: 1.0233 0.4939 0.7150 | 0.4859 0.4787 0.6724 | 0.1702 28.6862 34.7521 20.7033 46.0888 59.7175
lr at 33th epoch is 0.0001 for optimizer and 0.0005 for film
current performance: 37.1667, best performance: 36.4716
Epoch: 0033 | TRAIN: 0.3870 0.4980 0.8649 | 0.3298 0.3298 0.1563 | 0.1696 28.5261 23.9375 0.2063 0.4753 0.6144 TEST: 0.9881 0.4854 0.7161 | 0.4498 0.4427 0.6373 | 0.1715 28.6024 35.0089 20.7656 47.4165 61.1334
lr at 34th epoch is 0.0001 for optimizer and 0.0005 for film
current performance: 34.0644, best performance: 37.1667
Epoch: 0034 | TRAIN: 0.3741 0.5015 0.8708 | 0.3206 0.3206 0.1491 | 0.1671 28.1933 23.4619 0.2145 0.4845 0.6217 TEST: 1.1016 0.4697 0.7081 | 0.4696 0.4634 0.6646 | 0.1727 28.9274 35.0623 19.9679 45.8842 59.7263
lr at 35th epoch is 0.0001 for optimizer and 0.0005 for film
current performance: 30.8296, best performance: 37.1667
Epoch: 0035 | TRAIN: 0.3711 0.5037 0.8706 | 0.3180 0.3180 0.1517 | 0.1661 28.1406 23.4544 0.2113 0.4846 0.6227 TEST: 1.1742 0.4395 0.6892 | 0.4617 0.4540 0.6582 | 0.1734 29.0458 35.1202 19.6616 45.6009 59.2882
lr at 36th epoch is 0.0001 for optimizer and 0.0005 for film
current performance: 34.0541, best performance: 37.1667
Epoch: 0036 | TRAIN: 0.3977 0.4918 0.8665 | 0.3270 0.3270 0.1581 | 0.1669 28.2149 23.5382 0.2105 0.4835 0.6223 TEST: 1.0476 0.4656 0.7138 | 0.4575 0.4509 0.6510 | 0.1734 28.9925 35.1368 19.1530 46.3748 60.1657
lr at 37th epoch is 0.0001 for optimizer and 0.0005 for film
current performance: 35.3301, best performance: 37.1667
Epoch: 0037 | TRAIN: 0.3898 0.4960 0.8673 | 0.3165 0.3165 0.1519 | 0.1686 28.4134 23.7047 0.2069 0.4783 0.6175 TEST: 1.0837 0.4717 0.7063 | 0.4645 0.4568 0.6650 | 0.1668 28.2812 34.3910 21.3006 47.0200 60.7881
lr at 38th epoch is 0.0001 for optimizer and 0.0005 for film
current performance: 35.8221, best performance: 37.1667
Epoch: 0038 | TRAIN: 0.3727 0.5067 0.8725 | 0.3078 0.3078 0.1446 | 0.1656 28.0623 23.3837 0.2142 0.4853 0.6239 TEST: 1.0630 0.4801 0.7132 | 0.4747 0.4670 0.6589 | 0.1675 28.3029 34.5170 20.9953 47.5205 61.3220
lr at 39th epoch is 0.0001 for optimizer and 0.0005 for film
current performance: 34.3029, best performance: 37.1667
Epoch: 0039 | TRAIN: 0.3614 0.5088 0.8744 | 0.3144 0.3144 0.1475 | 0.1640 27.8971 23.1974 0.2165 0.4908 0.6281 TEST: 1.0400 0.4704 0.7136 | 0.4710 0.4626 0.6563 | 0.1715 28.8125 34.9204 19.5758 46.5162 60.2691
lr at 40th epoch is 0.0001 for optimizer and 0.0005 for film
current performance: 38.3737, best performance: 37.1667
Epoch: 0040 | TRAIN: 0.3227 0.5276 0.8877 | 0.3031 0.3031 0.1434 | 0.1609 27.5518 22.7798 0.2213 0.4995 0.6368 TEST: 1.1035 0.4909 0.7124 | 0.4502 0.4424 0.6614 | 0.1658 28.1294 34.3112 21.5062 47.7320 61.3361
lr at 41th epoch is 0.0001 for optimizer and 0.0005 for film
current performance: 35.9431, best performance: 38.3737
Epoch: 0041 | TRAIN: 0.3222 0.5312 0.8876 | 0.2865 0.2865 0.1331 | 0.1615 27.5491 22.6605 0.2254 0.5013 0.6360 TEST: 1.0948 0.4745 0.7100 | 0.4596 0.4526 0.6474 | 0.1661 28.1868 34.3466 21.6619 47.2751 60.9203
lr at 42th epoch is 0.0001 for optimizer and 0.0005 for film
current performance: 39.3585, best performance: 38.3737
Epoch: 0042 | TRAIN: 0.3120 0.5339 0.8920 | 0.2988 0.2988 0.1392 | 0.1599 27.3666 22.4630 0.2294 0.5055 0.6394 TEST: 1.0162 0.5011 0.7231 | 0.4532 0.4464 0.6477 | 0.1662 28.1480 34.3898 21.4032 47.8216 61.4951
lr at 43th epoch is 0.0001 for optimizer and 0.0005 for film
current performance: 35.3828, best performance: 39.3585
Epoch: 0043 | TRAIN: 0.3156 0.5370 0.8901 | 0.2897 0.2897 0.1342 | 0.1605 27.4425 22.5804 0.2274 0.5033 0.6382 TEST: 1.0874 0.4814 0.7120 | 0.4965 0.4904 0.6725 | 0.1637 27.9185 34.1029 21.7752 48.0643 61.8036
lr at 44th epoch is 0.0001 for optimizer and 0.0005 for film
current performance: 35.5543, best performance: 39.3585
Epoch: 0044 | TRAIN: 0.2950 0.5406 0.8971 | 0.2864 0.2864 0.1343 | 0.1574 27.0795 22.1446 0.2350 0.5123 0.6461 TEST: 1.0839 0.4751 0.7173 | 0.4753 0.4684 0.6690 | 0.1648 27.9851 34.2048 22.3073 47.9413 61.4418
lr at 45th epoch is 0.0001 for optimizer and 0.0005 for film
current performance: 35.6687, best performance: 39.3585
Epoch: 0045 | TRAIN: 0.2838 0.5477 0.8997 | 0.2841 0.2841 0.1313 | 0.1554 26.8430 21.9142 0.2403 0.5171 0.6504 TEST: 1.1021 0.4792 0.7183 | 0.4835 0.4771 0.6891 | 0.1671 27.9571 34.5905 22.6337 49.3508 62.6994
lr at 46th epoch is 0.0001 for optimizer and 0.0005 for film
current performance: 37.1515, best performance: 39.3585
Epoch: 0046 | TRAIN: 0.3144 0.5241 0.8896 | 0.2912 0.2912 0.1373 | 0.1592 27.2849 22.3754 0.2310 0.5073 0.6416 TEST: 1.0906 0.4868 0.7150 | 0.4733 0.4666 0.6623 | 0.1635 27.8457 34.0997 21.6138 48.9525 62.4067
lr at 47th epoch is 0.0001 for optimizer and 0.0005 for film
current performance: 36.8643, best performance: 39.3585
Epoch: 0047 | TRAIN: 0.3098 0.5350 0.8921 | 0.2936 0.2936 0.1369 | 0.1580 27.1703 22.2982 0.2319 0.5091 0.6436 TEST: 1.0692 0.4805 0.7154 | 0.4585 0.4518 0.6512 | 0.1652 28.0206 34.2631 21.8319 48.0822 61.7193
lr at 48th epoch is 0.0001 for optimizer and 0.0005 for film
current performance: 37.2004, best performance: 39.3585
Epoch: 0048 | TRAIN: 0.3045 0.5360 0.8932 | 0.2889 0.2889 0.1360 | 0.1572 27.0914 22.1310 0.2313 0.5124 0.6473 TEST: 1.0551 0.4775 0.7122 | 0.4567 0.4479 0.6676 | 0.1622 27.5799 33.9788 23.1247 49.3085 62.7470
lr at 49th epoch is 0.0001 for optimizer and 0.0005 for film
current performance: 37.6659, best performance: 39.3585
Epoch: 0049 | TRAIN: 0.2941 0.5447 0.8964 | 0.2785 0.2785 0.1313 | 0.1557 26.9123 21.9890 0.2360 0.5159 0.6500 TEST: 1.1189 0.4844 0.7124 | 0.4539 0.4463 0.6453 | 0.1660 27.9333 34.4147 22.5758 48.7706 62.3182
lr at 50th epoch is 0.0001 for optimizer and 0.0005 for film
current performance: 38.0813, best performance: 39.3585
Epoch: 0050 | TRAIN: 0.2750 0.5522 0.9030 | 0.2780 0.2780 0.1291 | 0.1536 26.6240 21.5633 0.2442 0.5235 0.6556 TEST: 1.1615 0.4794 0.7161 | 0.4416 0.4348 0.6290 | 0.1613 27.5129 33.8764 23.0762 49.5026 62.8555
lr at 51th epoch is 0.0001 for optimizer and 0.0005 for film
current performance: 35.7239, best performance: 39.3585
Epoch: 0051 | TRAIN: 0.2781 0.5552 0.9023 | 0.2744 0.2744 0.1294 | 0.1535 26.6157 21.6204 0.2435 0.5242 0.6573 TEST: 1.1886 0.4656 0.7094 | 0.4443 0.4372 0.6450 | 0.1656 28.0759 34.3343 21.9769 47.7248 61.4415
lr at 52th epoch is 0.0001 for optimizer and 0.0005 for film
current performance: 39.4782, best performance: 39.3585
Epoch: 0052 | TRAIN: 0.2568 0.5599 0.9091 | 0.2702 0.2702 0.1260 | 0.1515 26.3558 21.2532 0.2508 0.5305 0.6622 TEST: 1.0634 0.4933 0.7197 | 0.4469 0.4397 0.6358 | 0.1608 27.5059 33.7994 22.8284 49.1574 62.8883
lr at 53th epoch is 0.0001 for optimizer and 0.0005 for film
current performance: 35.5005, best performance: 39.4782
Epoch: 0053 | TRAIN: 0.2860 0.5469 0.9001 | 0.2673 0.2673 0.1252 | 0.1535 26.6085 21.5489 0.2433 0.5251 0.6583 TEST: 1.1416 0.4659 0.7132 | 0.4707 0.4640 0.6491 | 0.1593 27.2710 33.6530 23.3011 50.1640 63.6033
lr at 54th epoch is 0.0001 for optimizer and 0.0005 for film
current performance: 39.0137, best performance: 39.4782
Epoch: 0054 | TRAIN: 0.2714 0.5558 0.9049 | 0.2753 0.2753 0.1305 | 0.1523 26.4857 21.4842 0.2452 0.5271 0.6608 TEST: 1.0943 0.4865 0.7211 | 0.4402 0.4332 0.6309 | 0.1623 27.4728 34.0245 23.4837 50.1867 63.3916
lr at 55th epoch is 0.0001 for optimizer and 0.0005 for film
current performance: 36.8321, best performance: 39.4782
Epoch: 0055 | TRAIN: 0.2771 0.5565 0.9033 | 0.2744 0.2744 0.1303 | 0.1530 26.5406 21.4450 0.2456 0.5271 0.6585 TEST: 1.1176 0.4754 0.7139 | 0.4492 0.4420 0.6454 | 0.1632 27.9207 34.0369 21.3141 47.9252 61.9822
lr at 56th epoch is 0.0001 for optimizer and 0.0005 for film
current performance: 40.8720, best performance: 39.4782
Epoch: 0056 | TRAIN: 0.2703 0.5613 0.9045 | 0.2599 0.2599 0.1212 | 0.1507 26.2947 21.2995 0.2498 0.5308 0.6633 TEST: 1.0543 0.4969 0.7331 | 0.4396 0.4331 0.6240 | 0.1564 26.9121 33.3365 24.0903 51.0410 64.3424
lr at 57th epoch is 0.0001 for optimizer and 0.0005 for film
current performance: 37.5669, best performance: 40.8720
Epoch: 0057 | TRAIN: 0.2794 0.5517 0.9009 | 0.2649 0.2649 0.1241 | 0.1508 26.2741 21.1868 0.2517 0.5323 0.6649 TEST: 1.1108 0.4868 0.7233 | 0.4719 0.4635 0.6884 | 0.1633 27.6038 34.1301 22.9119 49.8286 63.2852
lr at 58th epoch is 0.0001 for optimizer and 0.0005 for film
current performance: 39.7809, best performance: 40.8720
Epoch: 0058 | TRAIN: 0.2461 0.5732 0.9129 | 0.2595 0.2595 0.1215 | 0.1481 25.9229 20.7025 0.2616 0.5422 0.6711 TEST: 1.0540 0.4954 0.7214 | 0.4516 0.4445 0.6478 | 0.1602 27.2805 33.8036 23.5100 50.5298 63.8687
lr at 59th epoch is 0.0001 for optimizer and 0.0005 for film
current performance: 40.6647, best performance: 40.8720
Epoch: 0059 | TRAIN: 0.2413 0.5804 0.9148 | 0.2602 0.2602 0.1213 | 0.1481 25.9870 20.8712 0.2565 0.5382 0.6696 TEST: 1.0719 0.4999 0.7254 | 0.4493 0.4416 0.6552 | 0.1589 27.0741 33.6854 24.0896 51.2217 64.3455
lr at 60th epoch is 0.0001 for optimizer and 0.00025 for film
current performance: 41.4260, best performance: 40.8720
Epoch: 0060 | TRAIN: 0.2352 0.5825 0.9170 | 0.2571 0.2571 0.1187 | 0.1461 25.6991 20.4354 0.2642 0.5483 0.6771 TEST: 1.0458 0.5032 0.7281 | 0.4356 0.4281 0.6338 | 0.1602 27.2621 33.7923 23.9024 50.4824 63.7322
lr at 61th epoch is 0.0001 for optimizer and 0.00025 for film
current performance: 41.3456, best performance: 41.4260
Epoch: 0061 | TRAIN: 0.2338 0.5761 0.9171 | 0.2568 0.2568 0.1188 | 0.1466 25.7512 20.5042 0.2625 0.5473 0.6760 TEST: 1.0831 0.5018 0.7290 | 0.4467 0.4392 0.6442 | 0.1553 26.7649 33.2338 24.9812 51.2263 64.4265
lr at 62th epoch is 0.0001 for optimizer and 0.00025 for film
current performance: 41.0725, best performance: 41.4260
Epoch: 0062 | TRAIN: 0.2495 0.5719 0.9115 | 0.2593 0.2593 0.1218 | 0.1473 25.8525 20.6820 0.2606 0.5434 0.6732 TEST: 1.1156 0.4995 0.7249 | 0.4428 0.4360 0.6345 | 0.1573 26.8912 33.4793 24.5207 51.7026 64.7453
lr at 63th epoch is 0.0001 for optimizer and 0.00025 for film
current performance: 41.4533, best performance: 41.4260
Epoch: 0063 | TRAIN: 0.2503 0.5655 0.9112 | 0.2536 0.2536 0.1186 | 0.1472 25.8745 20.6946 0.2582 0.5426 0.6734 TEST: 1.0815 0.5017 0.7270 | 0.4375 0.4310 0.6334 | 0.1576 26.9744 33.5207 24.3299 51.2170 64.4158
lr at 64th epoch is 0.0001 for optimizer and 0.00025 for film
current performance: 38.9025, best performance: 41.4533
Epoch: 0064 | TRAIN: 0.2459 0.5688 0.9126 | 0.2567 0.2567 0.1202 | 0.1463 25.7100 20.5064 0.2651 0.5470 0.6763 TEST: 1.1254 0.4820 0.7212 | 0.4406 0.4322 0.6472 | 0.1585 27.1595 33.5802 23.6666 50.5307 63.9024
lr at 65th epoch is 0.0001 for optimizer and 0.00025 for film
current performance: 43.1356, best performance: 41.4533
Epoch: 0065 | TRAIN: 0.2319 0.5792 0.9179 | 0.2502 0.2502 0.1159 | 0.1431 25.3836 20.1707 0.2681 0.5555 0.6845 TEST: 1.1151 0.5084 0.7313 | 0.4238 0.4170 0.6242 | 0.1552 26.7216 33.2175 24.8597 51.6247 64.6369
lr at 66th epoch is 0.0001 for optimizer and 0.00025 for film
current performance: 39.4877, best performance: 43.1356
Epoch: 0066 | TRAIN: 0.2241 0.5868 0.9202 | 0.2453 0.2453 0.1131 | 0.1421 25.2357 19.9009 0.2738 0.5590 0.6861 TEST: 1.1405 0.4828 0.7243 | 0.4396 0.4323 0.6367 | 0.1556 26.7319 33.2702 25.1419 51.6415 64.6408
lr at 67th epoch is 0.0001 for optimizer and 0.00025 for film
current performance: 39.8072, best performance: 43.1356
Epoch: 0067 | TRAIN: 0.2366 0.5822 0.9165 | 0.2462 0.2462 0.1138 | 0.1424 25.3046 20.0747 0.2720 0.5554 0.6836 TEST: 1.0707 0.4940 0.7297 | 0.4583 0.4496 0.6723 | 0.1579 26.9193 33.5775 24.5518 51.8805 64.8194
lr at 68th epoch is 0.0001 for optimizer and 0.00025 for film
current performance: 42.2136, best performance: 43.1356
Epoch: 0068 | TRAIN: 0.2157 0.5896 0.9229 | 0.2504 0.2504 0.1141 | 0.1425 25.2660 19.9852 0.2741 0.5582 0.6854 TEST: 1.0854 0.4974 0.7344 | 0.4232 0.4159 0.6201 | 0.1532 26.4585 33.0164 25.5759 52.2374 65.2273
lr at 69th epoch is 0.0001 for optimizer and 0.00025 for film
current performance: 40.0168, best performance: 43.1356
Epoch: 0069 | TRAIN: 0.2255 0.5765 0.9208 | 0.2462 0.2462 0.1159 | 0.1415 25.1509 19.8475 0.2758 0.5607 0.6882 TEST: 1.0933 0.4989 0.7270 | 0.4612 0.4535 0.6533 | 0.1588 27.0803 33.6230 24.4988 50.7485 63.8750
lr at 70th epoch is 0.0001 for optimizer and 0.00025 for film
current performance: 41.5588, best performance: 43.1356
Epoch: 0070 | TRAIN: 0.2252 0.5883 0.9205 | 0.2541 0.2541 0.1192 | 0.1439 25.3931 20.1042 0.2717 0.5568 0.6843 TEST: 1.0962 0.5036 0.7324 | 0.4470 0.4403 0.6327 | 0.1564 26.7181 33.4107 25.2405 52.0973 65.0420
lr at 71th epoch is 0.0001 for optimizer and 0.00025 for film
current performance: 41.2317, best performance: 43.1356
Epoch: 0071 | TRAIN: 0.2334 0.5749 0.9168 | 0.2453 0.2453 0.1142 | 0.1424 25.2183 19.8615 0.2753 0.5615 0.6879 TEST: 1.0952 0.4960 0.7246 | 0.4363 0.4284 0.6353 | 0.1550 26.6894 33.2228 24.8508 51.8442 64.9541
lr at 72th epoch is 0.0001 for optimizer and 0.00025 for film
current performance: 39.5294, best performance: 43.1356
Epoch: 0072 | TRAIN: 0.2362 0.5818 0.9164 | 0.2448 0.2448 0.1146 | 0.1422 25.1759 19.7799 0.2775 0.5634 0.6891 TEST: 1.1377 0.4876 0.7188 | 0.4494 0.4422 0.6425 | 0.1561 26.7952 33.3399 24.9556 51.4039 64.4741
lr at 73th epoch is 0.0001 for optimizer and 0.00025 for film
current performance: 43.4148, best performance: 43.1356
Epoch: 0073 | TRAIN: 0.2312 0.5846 0.9174 | 0.2404 0.2404 0.1124 | 0.1405 25.0106 19.6270 0.2809 0.5656 0.6917 TEST: 1.0907 0.5074 0.7307 | 0.4241 0.4163 0.6282 | 0.1533 26.4122 33.0330 25.8864 52.4967 65.3646
lr at 74th epoch is 0.0001 for optimizer and 0.00025 for film
current performance: 39.2979, best performance: 43.4148
Epoch: 0074 | TRAIN: 0.2219 0.5849 0.9206 | 0.2347 0.2347 0.1104 | 0.1415 25.0950 19.6968 0.2795 0.5636 0.6901 TEST: 1.1366 0.4747 0.7217 | 0.4282 0.4205 0.6258 | 0.1538 26.5287 33.0713 25.3555 52.0236 65.1190
lr at 75th epoch is 0.0001 for optimizer and 0.00025 for film
current performance: 41.8678, best performance: 43.4148
Epoch: 0075 | TRAIN: 0.2153 0.5953 0.9237 | 0.2340 0.2340 0.1085 | 0.1407 25.0225 19.7225 0.2804 0.5653 0.6914 TEST: 1.1223 0.4961 0.7276 | 0.4274 0.4207 0.6208 | 0.1537 26.4487 33.0801 25.9609 52.4507 65.3027
lr at 76th epoch is 0.0001 for optimizer and 0.00025 for film
current performance: 43.4445, best performance: 43.4148
Epoch: 0076 | TRAIN: 0.1967 0.5952 0.9293 | 0.2335 0.2335 0.1083 | 0.1375 24.6249 19.2413 0.2897 0.5750 0.6987 TEST: 1.1020 0.5120 0.7317 | 0.4298 0.4242 0.6141 | 0.1541 26.5437 33.1115 25.5073 52.0497 65.0546
lr at 77th epoch is 0.0001 for optimizer and 0.00025 for film
current performance: 38.8159, best performance: 43.4445
Epoch: 0077 | TRAIN: 0.2335 0.5798 0.9178 | 0.2391 0.2391 0.1128 | 0.1427 25.2581 19.8446 0.2755 0.5603 0.6865 TEST: 1.1811 0.4824 0.7182 | 0.4405 0.4338 0.6327 | 0.1594 27.2125 33.6505 24.0575 50.3497 63.4583
lr at 78th epoch is 0.0001 for optimizer and 0.00025 for film
current performance: 42.7770, best performance: 43.4445
Epoch: 0078 | TRAIN: 0.2159 0.5852 0.9224 | 0.2335 0.2335 0.1096 | 0.1396 24.9054 19.5492 0.2824 0.5682 0.6934 TEST: 1.0879 0.5048 0.7323 | 0.4292 0.4218 0.6220 | 0.1534 26.4878 33.0383 25.1225 52.3488 65.4413
lr at 79th epoch is 0.0001 for optimizer and 0.00025 for film
current performance: 41.8589, best performance: 43.4445
Epoch: 0079 | TRAIN: 0.2032 0.5991 0.9270 | 0.2335 0.2335 0.1083 | 0.1373 24.6116 19.2022 0.2890 0.5758 0.7004 TEST: 1.0462 0.5163 0.7345 | 0.4805 0.4727 0.6845 | 0.1537 26.4997 33.0597 25.3404 52.0180 65.3054
lr at 80th epoch is 0.0001 for optimizer and 0.00025 for film
current performance: 40.8893, best performance: 43.4445
Epoch: 0080 | TRAIN: 0.2040 0.5945 0.9272 | 0.2322 0.2322 0.1066 | 0.1369 24.5952 19.3017 0.2882 0.5739 0.6998 TEST: 1.1438 0.4848 0.7237 | 0.4222 0.4150 0.6142 | 0.1524 26.3735 32.8931 25.5956 52.2961 65.3942
lr at 81th epoch is 0.0001 for optimizer and 0.00025 for film
current performance: 40.0737, best performance: 43.4445
Epoch: 0081 | TRAIN: 0.1976 0.6042 0.9286 | 0.2214 0.2214 0.1024 | 0.1360 24.4601 19.0164 0.2929 0.5790 0.7029 TEST: 1.1383 0.4831 0.7226 | 0.4431 0.4348 0.6507 | 0.1510 26.1529 32.7544 26.2829 52.9593 65.9296
lr at 82th epoch is 0.0001 for optimizer and 0.00025 for film
current performance: 43.5152, best performance: 43.4445
Epoch: 0082 | TRAIN: 0.1998 0.5957 0.9283 | 0.2222 0.2222 0.1030 | 0.1356 24.3477 18.8024 0.2983 0.5825 0.7045 TEST: 1.0849 0.5089 0.7357 | 0.4273 0.4199 0.6213 | 0.1520 26.3349 32.8606 25.8235 52.3818 65.3753
lr at 83th epoch is 0.0001 for optimizer and 0.00025 for film
current performance: 43.3029, best performance: 43.5152
Epoch: 0083 | TRAIN: 0.1905 0.6080 0.9314 | 0.2267 0.2267 0.1046 | 0.1357 24.4268 19.0305 0.2917 0.5805 0.7039 TEST: 1.1318 0.5094 0.7350 | 0.4335 0.4277 0.6158 | 0.1531 26.2737 33.0685 26.2269 53.5922 66.2270
lr at 84th epoch is 0.0001 for optimizer and 0.00025 for film
current performance: 42.5640, best performance: 43.5152
Epoch: 0084 | TRAIN: 0.2016 0.5975 0.9282 | 0.2297 0.2297 0.1075 | 0.1359 24.4010 18.9361 0.2968 0.5810 0.7034 TEST: 1.1790 0.4996 0.7298 | 0.4256 0.4193 0.6139 | 0.1525 26.2458 32.9791 26.4383 53.3097 65.9796
lr at 85th epoch is 0.0001 for optimizer and 0.00025 for film
current performance: 42.4324, best performance: 43.5152
Epoch: 0085 | TRAIN: 0.1909 0.6085 0.9312 | 0.2175 0.2175 0.1006 | 0.1340 24.1755 18.6688 0.3014 0.5866 0.7077 TEST: 1.0760 0.4951 0.7360 | 0.4232 0.4153 0.6204 | 0.1506 26.0656 32.7649 26.7049 53.4212 66.1931
lr at 86th epoch is 0.0001 for optimizer and 0.00025 for film
current performance: 41.5740, best performance: 43.5152
Epoch: 0086 | TRAIN: 0.1990 0.6021 0.9290 | 0.2261 0.2261 0.1048 | 0.1346 24.2130 18.6838 0.3031 0.5855 0.7066 TEST: 1.1370 0.4938 0.7288 | 0.4365 0.4299 0.6235 | 0.1503 26.1144 32.6800 26.3162 53.0454 65.8617
lr at 87th epoch is 0.0001 for optimizer and 0.00025 for film
current performance: 43.4345, best performance: 43.5152
Epoch: 0087 | TRAIN: 0.1907 0.6005 0.9318 | 0.2260 0.2260 0.1054 | 0.1343 24.2537 18.8050 0.2968 0.5845 0.7077 TEST: 1.1242 0.5099 0.7312 | 0.4396 0.4309 0.6557 | 0.1508 26.0903 32.7772 26.5406 53.4180 66.1609
lr at 88th epoch is 0.0001 for optimizer and 0.00025 for film
current performance: 44.3261, best performance: 43.5152
Epoch: 0088 | TRAIN: 0.1841 0.6054 0.9337 | 0.2221 0.2221 0.1019 | 0.1339 24.1640 18.7513 0.3016 0.5859 0.7084 TEST: 1.0939 0.5093 0.7337 | 0.4183 0.4115 0.6070 | 0.1506 25.9970 32.7632 27.1380 53.6997 66.3346
lr at 89th epoch is 0.0001 for optimizer and 0.00025 for film
current performance: 41.6013, best performance: 44.3261
Epoch: 0089 | TRAIN: 0.1868 0.6096 0.9324 | 0.2210 0.2210 0.1023 | 0.1335 24.1313 18.6661 0.3012 0.5864 0.7093 TEST: 1.1290 0.4964 0.7261 | 0.4372 0.4308 0.6162 | 0.1515 26.3188 32.8092 25.6374 52.5850 65.4539
lr at 90th epoch is 0.0001 for optimizer and 0.000125 for film
current performance: 39.3159, best performance: 44.3261
Epoch: 0090 | TRAIN: 0.2262 0.5787 0.9202 | 0.2326 0.2326 0.1086 | 0.1375 24.6177 19.1831 0.2885 0.5765 0.7011 TEST: 1.1554 0.4865 0.7180 | 0.4460 0.4382 0.6470 | 0.1587 27.0241 33.6187 24.7071 50.9992 64.0658
lr at 91th epoch is 0.0001 for optimizer and 0.000125 for film
current performance: 43.6814, best performance: 44.3261
Epoch: 0091 | TRAIN: 0.2014 0.5980 0.9279 | 0.2243 0.2243 0.1035 | 0.1347 24.3079 18.8505 0.2969 0.5819 0.7048 TEST: 1.0752 0.5165 0.7398 | 0.4453 0.4392 0.6331 | 0.1520 26.2132 32.9150 26.4032 53.1668 65.9098
lr at 92th epoch is 0.0001 for optimizer and 0.000125 for film
current performance: 43.1441, best performance: 44.3261
Epoch: 0092 | TRAIN: 0.1774 0.6158 0.9359 | 0.2151 0.2151 0.0979 | 0.1330 24.0347 18.5510 0.3062 0.5897 0.7105 TEST: 1.1452 0.5121 0.7358 | 0.4502 0.4441 0.6316 | 0.1498 26.0515 32.6295 26.5964 53.1315 65.9181
lr at 93th epoch is 0.0001 for optimizer and 0.000125 for film
current performance: 41.7329, best performance: 44.3261
Epoch: 0093 | TRAIN: 0.1721 0.6200 0.9374 | 0.2130 0.2130 0.0984 | 0.1316 23.8560 18.3275 0.3103 0.5942 0.7146 TEST: 1.1272 0.4912 0.7353 | 0.4293 0.4224 0.6186 | 0.1511 26.0070 32.8460 27.0335 54.0530 66.6440
lr at 94th epoch is 0.0001 for optimizer and 0.000125 for film
current performance: 44.1621, best performance: 44.3261
Epoch: 0094 | TRAIN: 0.1902 0.6040 0.9315 | 0.2194 0.2194 0.1017 | 0.1325 23.9942 18.5257 0.3049 0.5910 0.7123 TEST: 1.1472 0.5096 0.7397 | 0.4205 0.4136 0.6126 | 0.1510 26.0859 32.8027 26.8427 53.4617 66.0854
lr at 95th epoch is 0.0001 for optimizer and 0.000125 for film
current performance: 41.8790, best performance: 44.3261
Epoch: 0095 | TRAIN: 0.1790 0.6157 0.9357 | 0.2174 0.2174 0.0997 | 0.1314 23.8772 18.4191 0.3073 0.5927 0.7142 TEST: 1.2019 0.4964 0.7243 | 0.4351 0.4277 0.6298 | 0.1528 26.1977 33.0084 26.8645 53.3395 66.0247
lr at 96th epoch is 0.0001 for optimizer and 0.000125 for film
current performance: 44.4610, best performance: 44.3261
Epoch: 0096 | TRAIN: 0.1952 0.5996 0.9314 | 0.2184 0.2184 0.1025 | 0.1318 23.9337 18.4621 0.3055 0.5914 0.7130 TEST: 1.1373 0.5152 0.7329 | 0.4289 0.4218 0.6198 | 0.1502 26.0752 32.6754 26.5748 53.0179 65.8505
lr at 97th epoch is 0.0001 for optimizer and 0.000125 for film
current performance: 44.4692, best performance: 44.4610
Epoch: 0097 | TRAIN: 0.1776 0.6040 0.9358 | 0.2120 0.2120 0.0983 | 0.1314 23.8138 18.2407 0.3122 0.5962 0.7153 TEST: 1.1114 0.5100 0.7366 | 0.4225 0.4152 0.6207 | 0.1485 25.8032 32.5303 27.1672 54.2606 66.8707
lr at 98th epoch is 0.0001 for optimizer and 0.000125 for film
current performance: 44.7613, best performance: 44.4692
Epoch: 0098 | TRAIN: 0.1872 0.6058 0.9323 | 0.2189 0.2189 0.1015 | 0.1300 23.7138 18.2110 0.3104 0.5978 0.7175 TEST: 1.1480 0.5126 0.7337 | 0.4209 0.4138 0.6162 | 0.1486 25.8582 32.4998 26.9613 53.7836 66.5608
lr at 99th epoch is 0.0001 for optimizer and 0.000125 for film
current performance: 43.3594, best performance: 44.7613
Epoch: 0099 | TRAIN: 0.1831 0.6059 0.9340 | 0.2192 0.2192 0.1011 | 0.1304 23.7322 18.1808 0.3108 0.5977 0.7183 TEST: 1.1533 0.5079 0.7332 | 0.4285 0.4215 0.6142 | 0.1535 26.3137 33.1316 26.3022 53.5442 66.1462
lr at 100th epoch is 5e-05 for optimizer and 0.000125 for film
current performance: 46.3441, best performance: 44.7613
Epoch: 0100 | TRAIN: 0.1681 0.6259 0.9399 | 0.1971 0.1971 0.0908 | 0.1289 23.4452 17.7730 0.3232 0.6061 0.7229 TEST: 1.0876 0.5212 0.7417 | 0.4139 0.4070 0.6040 | 0.1473 25.6132 32.3923 27.7471 54.6818 67.2311
lr at 101th epoch is 5e-05 for optimizer and 0.000125 for film
current performance: 46.5051, best performance: 46.3441
Epoch: 0101 | TRAIN: 0.1516 0.6322 0.9446 | 0.1857 0.1857 0.0856 | 0.1256 23.0564 17.3983 0.3322 0.6148 0.7300 TEST: 1.1043 0.5232 0.7442 | 0.4158 0.4091 0.6012 | 0.1465 25.5980 32.2723 27.6034 54.3743 67.0736
lr at 102th epoch is 5e-05 for optimizer and 0.000125 for film
current performance: 46.9914, best performance: 46.5051
Epoch: 0102 | TRAIN: 0.1498 0.6404 0.9458 | 0.1776 0.1776 0.0818 | 0.1257 23.0574 17.4589 0.3315 0.6152 0.7309 TEST: 1.0824 0.5231 0.7453 | 0.4105 0.4032 0.5995 | 0.1451 25.3866 32.1359 28.2190 55.0665 67.5679
lr at 103th epoch is 5e-05 for optimizer and 0.000125 for film
current performance: 47.0456, best performance: 46.9914
Epoch: 0103 | TRAIN: 0.1520 0.6352 0.9444 | 0.1779 0.1779 0.0819 | 0.1261 23.0758 17.4049 0.3337 0.6150 0.7300 TEST: 1.1177 0.5221 0.7427 | 0.4074 0.4007 0.5944 | 0.1451 25.3378 32.1480 28.5082 55.3210 67.7567
lr at 104th epoch is 5e-05 for optimizer and 0.000125 for film
current performance: 46.6703, best performance: 47.0456
Epoch: 0104 | TRAIN: 0.1390 0.6496 0.9492 | 0.1783 0.1783 0.0815 | 0.1242 22.8542 17.1427 0.3385 0.6203 0.7341 TEST: 1.1332 0.5189 0.7437 | 0.4051 0.3987 0.5930 | 0.1451 25.4193 32.1322 28.0678 54.8796 67.4296
lr at 105th epoch is 5e-05 for optimizer and 0.000125 for film
current performance: 46.8804, best performance: 47.0456
Epoch: 0105 | TRAIN: 0.1403 0.6497 0.9486 | 0.1751 0.1751 0.0797 | 0.1238 22.8551 17.2412 0.3354 0.6191 0.7342 TEST: 1.1087 0.5221 0.7452 | 0.4083 0.4021 0.5949 | 0.1465 25.4262 32.3370 28.4856 55.4139 67.7856
lr at 106th epoch is 5e-05 for optimizer and 0.000125 for film
current performance: 46.9747, best performance: 47.0456
Epoch: 0106 | TRAIN: 0.1402 0.6501 0.9483 | 0.1774 0.1774 0.0818 | 0.1247 22.9584 17.2946 0.3331 0.6177 0.7323 TEST: 1.1572 0.5233 0.7414 | 0.4102 0.4037 0.5967 | 0.1457 25.4066 32.2239 28.3688 55.1200 67.6124
lr at 107th epoch is 5e-05 for optimizer and 0.000125 for film
current performance: 46.9842, best performance: 47.0456
Epoch: 0107 | TRAIN: 0.1333 0.6489 0.9510 | 0.1747 0.1747 0.0800 | 0.1214 22.5710 16.9446 0.3422 0.6252 0.7397 TEST: 1.1348 0.5224 0.7442 | 0.4122 0.4051 0.6008 | 0.1446 25.2495 32.1029 28.6627 55.6695 68.0489
lr at 108th epoch is 5e-05 for optimizer and 0.000125 for film
current performance: 46.7974, best performance: 47.0456
Epoch: 0108 | TRAIN: 0.1385 0.6423 0.9490 | 0.1762 0.1762 0.0805 | 0.1232 22.7199 17.0100 0.3404 0.6247 0.7377 TEST: 1.1540 0.5196 0.7426 | 0.4069 0.4002 0.5956 | 0.1460 25.3274 32.2941 28.9134 55.5981 67.9624
lr at 109th epoch is 5e-05 for optimizer and 0.000125 for film
current performance: 46.8570, best performance: 47.0456
Epoch: 0109 | TRAIN: 0.1359 0.6474 0.9497 | 0.1748 0.1748 0.0798 | 0.1216 22.5253 16.8172 0.3469 0.6273 0.7398 TEST: 1.1558 0.5206 0.7425 | 0.4056 0.3989 0.5872 | 0.1451 25.4157 32.1393 27.9470 54.9619 67.5469
lr at 110th epoch is 5e-05 for optimizer and 0.000125 for film
current performance: 47.5420, best performance: 47.0456
Epoch: 0110 | TRAIN: 0.1318 0.6524 0.9514 | 0.1698 0.1698 0.0774 | 0.1207 22.4190 16.7540 0.3498 0.6296 0.7416 TEST: 1.1559 0.5238 0.7442 | 0.4030 0.3963 0.5914 | 0.1444 25.2464 32.0777 28.6935 55.5187 67.9716
lr at 111th epoch is 5e-05 for optimizer and 0.000125 for film
current performance: 47.5431, best performance: 47.5420
Epoch: 0111 | TRAIN: 0.1320 0.6524 0.9510 | 0.1761 0.1761 0.0806 | 0.1221 22.6052 16.9140 0.3434 0.6254 0.7388 TEST: 1.1444 0.5257 0.7467 | 0.4065 0.3998 0.5986 | 0.1435 25.3096 31.9307 28.0877 54.8523 67.4673
lr at 112th epoch is 5e-05 for optimizer and 0.000125 for film
current performance: 47.1647, best performance: 47.5431
Epoch: 0112 | TRAIN: 0.1309 0.6565 0.9519 | 0.1705 0.1705 0.0780 | 0.1209 22.4488 16.6961 0.3486 0.6298 0.7415 TEST: 1.1713 0.5199 0.7434 | 0.4017 0.3951 0.5896 | 0.1431 25.2270 31.8835 28.4671 55.1311 67.6513
lr at 113th epoch is 5e-05 for optimizer and 0.000125 for film
current performance: 46.6304, best performance: 47.5431
Epoch: 0113 | TRAIN: 0.1297 0.6503 0.9521 | 0.1694 0.1694 0.0777 | 0.1209 22.4368 16.7348 0.3491 0.6306 0.7423 TEST: 1.1828 0.5173 0.7417 | 0.4100 0.4024 0.6048 | 0.1431 25.1528 31.9121 28.7712 55.6198 68.0494
lr at 114th epoch is 5e-05 for optimizer and 0.000125 for film
current performance: 47.4324, best performance: 47.5431
Epoch: 0114 | TRAIN: 0.1314 0.6524 0.9514 | 0.1709 0.1709 0.0786 | 0.1212 22.4460 16.6947 0.3506 0.6301 0.7415 TEST: 1.1585 0.5251 0.7445 | 0.4117 0.4051 0.5982 | 0.1434 25.1402 31.9663 28.8543 55.8954 68.2425
lr at 115th epoch is 5e-05 for optimizer and 0.000125 for film
current performance: 47.6021, best performance: 47.5431
Epoch: 0115 | TRAIN: 0.1308 0.6556 0.9516 | 0.1704 0.1704 0.0786 | 0.1207 22.4207 16.6665 0.3483 0.6307 0.7426 TEST: 1.1470 0.5244 0.7472 | 0.4065 0.3990 0.5994 | 0.1431 25.1487 31.9163 28.7313 55.5843 68.0688
lr at 116th epoch is 5e-05 for optimizer and 0.000125 for film
current performance: 47.6674, best performance: 47.6021
Epoch: 0116 | TRAIN: 0.1282 0.6523 0.9527 | 0.1645 0.1645 0.0760 | 0.1192 22.2469 16.5147 0.3522 0.6346 0.7454 TEST: 1.1619 0.5260 0.7467 | 0.4091 0.4019 0.6013 | 0.1437 25.1419 31.9990 29.1041 55.8134 68.0786
lr at 117th epoch is 5e-05 for optimizer and 0.000125 for film
current performance: 47.9537, best performance: 47.6674
Epoch: 0117 | TRAIN: 0.1318 0.6571 0.9514 | 0.1694 0.1694 0.0777 | 0.1196 22.2716 16.5450 0.3534 0.6332 0.7447 TEST: 1.1384 0.5262 0.7451 | 0.4031 0.3960 0.5925 | 0.1437 25.1399 32.0026 28.7666 56.2095 68.4651
lr at 118th epoch is 5e-05 for optimizer and 0.000125 for film
current performance: 47.6485, best performance: 47.9537
Epoch: 0118 | TRAIN: 0.1268 0.6580 0.9531 | 0.1695 0.1695 0.0775 | 0.1189 22.2143 16.5646 0.3533 0.6342 0.7460 TEST: 1.1550 0.5263 0.7466 | 0.4106 0.4037 0.6060 | 0.1433 25.1256 31.9657 28.7959 55.9113 68.3068
lr at 119th epoch is 5e-05 for optimizer and 0.000125 for film
current performance: 46.3271, best performance: 47.9537
Epoch: 0119 | TRAIN: 0.1290 0.6546 0.9521 | 0.1713 0.1713 0.0796 | 0.1201 22.3743 16.6801 0.3482 0.6308 0.7441 TEST: 1.2058 0.5151 0.7405 | 0.4080 0.4013 0.5922 | 0.1440 25.2370 32.0408 28.5210 55.5038 67.9881
lr at 120th epoch is 5e-05 for optimizer and 6.25e-05 for film
current performance: 48.3684, best performance: 47.9537
Epoch: 0120 | TRAIN: 0.1246 0.6589 0.9537 | 0.1660 0.1660 0.0763 | 0.1191 22.2226 16.4889 0.3532 0.6357 0.7469 TEST: 1.1555 0.5285 0.7471 | 0.4016 0.3946 0.5920 | 0.1428 25.0658 31.8851 28.9773 55.9005 68.2757
lr at 121th epoch is 5e-05 for optimizer and 6.25e-05 for film
current performance: 47.0676, best performance: 48.3684
Epoch: 0121 | TRAIN: 0.1275 0.6538 0.9529 | 0.1685 0.1685 0.0772 | 0.1187 22.1712 16.4512 0.3550 0.6361 0.7469 TEST: 1.1572 0.5199 0.7451 | 0.4093 0.4023 0.5977 | 0.1427 25.0386 31.8722 29.1730 55.9025 68.3554
lr at 122th epoch is 5e-05 for optimizer and 6.25e-05 for film
current performance: 47.3019, best performance: 48.3684
Epoch: 0122 | TRAIN: 0.1284 0.6497 0.9526 | 0.1687 0.1687 0.0779 | 0.1181 22.0953 16.3469 0.3566 0.6387 0.7489 TEST: 1.2028 0.5250 0.7467 | 0.4137 0.4071 0.5977 | 0.1432 25.1636 31.9165 28.6479 55.5403 68.0042
lr at 123th epoch is 5e-05 for optimizer and 6.25e-05 for film
current performance: 48.4735, best performance: 48.3684
Epoch: 0123 | TRAIN: 0.1214 0.6625 0.9553 | 0.1665 0.1665 0.0743 | 0.1163 21.8862 16.1893 0.3620 0.6419 0.7521 TEST: 1.1833 0.5286 0.7488 | 0.4011 0.3945 0.5908 | 0.1425 24.9920 31.8848 29.2348 56.2296 68.6377
lr at 124th epoch is 5e-05 for optimizer and 6.25e-05 for film
current performance: 47.0129, best performance: 48.4735
Epoch: 0124 | TRAIN: 0.1312 0.6552 0.9518 | 0.1651 0.1651 0.0757 | 0.1181 22.0816 16.3572 0.3579 0.6381 0.7483 TEST: 1.1942 0.5172 0.7441 | 0.4060 0.3988 0.5970 | 0.1428 24.9481 31.9210 29.5266 56.5411 68.8192
lr at 125th epoch is 5e-05 for optimizer and 6.25e-05 for film
current performance: 47.9147, best performance: 48.4735
Epoch: 0125 | TRAIN: 0.1240 0.6566 0.9542 | 0.1623 0.1623 0.0744 | 0.1182 22.0822 16.3593 0.3580 0.6390 0.7498 TEST: 1.1775 0.5240 0.7455 | 0.4009 0.3944 0.5877 | 0.1425 25.0125 31.8583 29.1962 56.1469 68.4765
lr at 126th epoch is 5e-05 for optimizer and 6.25e-05 for film
current performance: 47.8090, best performance: 48.4735
Epoch: 0126 | TRAIN: 0.1215 0.6638 0.9552 | 0.1664 0.1664 0.0751 | 0.1165 21.9249 16.2415 0.3591 0.6418 0.7524 TEST: 1.1816 0.5232 0.7456 | 0.4056 0.3990 0.5910 | 0.1415 24.8504 31.7691 29.6551 56.7299 68.8990
lr at 127th epoch is 5e-05 for optimizer and 6.25e-05 for film
current performance: 48.2963, best performance: 48.4735
Epoch: 0127 | TRAIN: 0.1222 0.6620 0.9543 | 0.1605 0.1605 0.0731 | 0.1158 21.8277 16.1092 0.3622 0.6445 0.7538 TEST: 1.1575 0.5275 0.7453 | 0.4035 0.3968 0.5865 | 0.1409 24.9420 31.6388 28.8746 56.0005 68.4723
lr at 128th epoch is 5e-05 for optimizer and 6.25e-05 for film
current performance: 48.0577, best performance: 48.4735
Epoch: 0128 | TRAIN: 0.1219 0.6632 0.9548 | 0.1614 0.1614 0.0734 | 0.1170 21.9781 16.2851 0.3581 0.6405 0.7512 TEST: 1.1954 0.5273 0.7475 | 0.4075 0.4007 0.5968 | 0.1419 24.9875 31.7760 29.0800 56.0760 68.4516
lr at 129th epoch is 5e-05 for optimizer and 6.25e-05 for film
current performance: 46.0129, best performance: 48.4735
Epoch: 0129 | TRAIN: 0.1210 0.6601 0.9552 | 0.1639 0.1639 0.0758 | 0.1174 21.9945 16.2821 0.3600 0.6399 0.7503 TEST: 1.2574 0.5103 0.7410 | 0.4087 0.4026 0.5915 | 0.1421 24.9782 31.8112 29.1041 56.2100 68.5448
lr at 130th epoch is 5e-05 for optimizer and 6.25e-05 for film
current performance: 47.9402, best performance: 48.4735
Epoch: 0130 | TRAIN: 0.1207 0.6607 0.9552 | 0.1612 0.1612 0.0736 | 0.1160 21.8054 16.0431 0.3661 0.6446 0.7536 TEST: 1.2107 0.5231 0.7423 | 0.4016 0.3948 0.5855 | 0.1412 24.8945 31.7020 29.2997 56.2607 68.6178
lr at 131th epoch is 5e-05 for optimizer and 6.25e-05 for film
current performance: 47.9149, best performance: 48.4735
Epoch: 0131 | TRAIN: 0.1179 0.6644 0.9562 | 0.1611 0.1611 0.0735 | 0.1158 21.8010 16.0402 0.3641 0.6456 0.7550 TEST: 1.2158 0.5247 0.7449 | 0.4069 0.4000 0.5916 | 0.1406 24.8750 31.6091 29.1195 56.2200 68.5564
lr at 132th epoch is 5e-05 for optimizer and 6.25e-05 for film
current performance: 48.4143, best performance: 48.4735
Epoch: 0132 | TRAIN: 0.1163 0.6620 0.9568 | 0.1636 0.1636 0.0747 | 0.1149 21.7333 16.0465 0.3646 0.6463 0.7555 TEST: 1.2114 0.5287 0.7471 | 0.4052 0.3983 0.5948 | 0.1410 24.9069 31.6786 29.1155 56.2736 68.6299
lr at 133th epoch is 5e-05 for optimizer and 6.25e-05 for film
current performance: 48.1846, best performance: 48.4735
Epoch: 0133 | TRAIN: 0.1201 0.6636 0.9554 | 0.1589 0.1589 0.0735 | 0.1156 21.8091 16.1126 0.3622 0.6451 0.7551 TEST: 1.2152 0.5266 0.7450 | 0.4060 0.3985 0.5975 | 0.1420 24.8835 31.8229 29.7064 56.6885 68.8134
lr at 134th epoch is 5e-05 for optimizer and 6.25e-05 for film
current performance: 47.8652, best performance: 48.4735
Epoch: 0134 | TRAIN: 0.1203 0.6647 0.9553 | 0.1662 0.1662 0.0752 | 0.1150 21.6966 15.9736 0.3661 0.6485 0.7571 TEST: 1.2145 0.5264 0.7434 | 0.4088 0.4022 0.5890 | 0.1418 25.0059 31.7594 28.8606 55.8611 68.3715
lr at 135th epoch is 5e-05 for optimizer and 6.25e-05 for film
current performance: 48.6072, best performance: 48.4735
Epoch: 0135 | TRAIN: 0.1205 0.6576 0.9555 | 0.1641 0.1641 0.0754 | 0.1161 21.8705 16.1328 0.3605 0.6437 0.7538 TEST: 1.1969 0.5281 0.7487 | 0.3984 0.3920 0.5846 | 0.1416 24.9251 31.7550 29.3274 56.3032 68.5401
lr at 136th epoch is 5e-05 for optimizer and 6.25e-05 for film
current performance: 47.3548, best performance: 48.6072
Epoch: 0136 | TRAIN: 0.1164 0.6656 0.9568 | 0.1600 0.1600 0.0732 | 0.1164 21.8491 16.1456 0.3640 0.6448 0.7540 TEST: 1.2200 0.5227 0.7430 | 0.4054 0.3986 0.5922 | 0.1443 25.2097 32.0961 28.6582 55.9602 68.2582
lr at 137th epoch is 5e-05 for optimizer and 6.25e-05 for film
current performance: 48.0271, best performance: 48.6072
Epoch: 0137 | TRAIN: 0.1213 0.6688 0.9554 | 0.1635 0.1635 0.0751 | 0.1159 21.8303 16.1401 0.3628 0.6446 0.7543 TEST: 1.2051 0.5252 0.7461 | 0.4041 0.3969 0.5939 | 0.1423 24.9453 31.8600 29.2898 56.5197 68.8136
lr at 138th epoch is 5e-05 for optimizer and 6.25e-05 for film
current performance: 46.9828, best performance: 48.6072
Epoch: 0138 | TRAIN: 0.1185 0.6617 0.9561 | 0.1574 0.1574 0.0717 | 0.1152 21.7171 15.9803 0.3667 0.6476 0.7561 TEST: 1.2149 0.5185 0.7442 | 0.4071 0.4003 0.5999 | 0.1423 25.0437 31.8118 28.8496 55.8433 68.3222
lr at 139th epoch is 5e-05 for optimizer and 6.25e-05 for film
current performance: 47.6055, best performance: 48.6072
Epoch: 0139 | TRAIN: 0.1191 0.6660 0.9560 | 0.1613 0.1613 0.0738 | 0.1153 21.7374 16.0623 0.3660 0.6462 0.7558 TEST: 1.2170 0.5223 0.7434 | 0.4028 0.3966 0.5865 | 0.1431 25.0294 31.9694 29.1606 56.4727 68.7327
lr at 140th epoch is 5e-05 for optimizer and 6.25e-05 for film
current performance: 48.5769, best performance: 48.6072
Epoch: 0140 | TRAIN: 0.1127 0.6684 0.9582 | 0.1580 0.1580 0.0713 | 0.1130 21.4665 15.7818 0.3716 0.6527 0.7606 TEST: 1.2028 0.5307 0.7484 | 0.4064 0.3992 0.5944 | 0.1414 24.9385 31.7187 29.1660 56.0842 68.4860
lr at 141th epoch is 5e-05 for optimizer and 6.25e-05 for film
current performance: 49.3522, best performance: 48.6072
Epoch: 0141 | TRAIN: 0.1152 0.6639 0.9571 | 0.1564 0.1564 0.0712 | 0.1138 21.5319 15.7738 0.3711 0.6525 0.7604 TEST: 1.2147 0.5326 0.7490 | 0.3941 0.3873 0.5780 | 0.1423 24.9117 31.8681 29.6698 56.5527 68.7504
lr at 142th epoch is 5e-05 for optimizer and 6.25e-05 for film
current performance: 47.8698, best performance: 49.3522
Epoch: 0142 | TRAIN: 0.1123 0.6674 0.9584 | 0.1566 0.1566 0.0717 | 0.1133 21.4782 15.7525 0.3720 0.6545 0.7617 TEST: 1.2121 0.5226 0.7444 | 0.4008 0.3939 0.5857 | 0.1414 24.9336 31.7196 29.0398 56.1796 68.6033
lr at 143th epoch is 5e-05 for optimizer and 6.25e-05 for film
current performance: 49.1610, best performance: 49.3522
Epoch: 0143 | TRAIN: 0.1157 0.6592 0.9573 | 0.1589 0.1589 0.0725 | 0.1142 21.5760 15.8209 0.3716 0.6507 0.7583 TEST: 1.1915 0.5307 0.7477 | 0.3970 0.3903 0.5874 | 0.1402 24.7661 31.5886 29.5572 56.6387 68.9421
lr at 144th epoch is 5e-05 for optimizer and 6.25e-05 for film
current performance: 47.2982, best performance: 49.3522
Epoch: 0144 | TRAIN: 0.1107 0.6696 0.9587 | 0.1536 0.1536 0.0698 | 0.1119 21.3567 15.7272 0.3726 0.6540 0.7635 TEST: 1.2564 0.5180 0.7469 | 0.4018 0.3948 0.5958 | 0.1413 24.9352 31.7186 29.0624 56.2389 68.5798
lr at 145th epoch is 5e-05 for optimizer and 6.25e-05 for film
current performance: 48.5030, best performance: 49.3522
Epoch: 0145 | TRAIN: 0.1116 0.6707 0.9585 | 0.1523 0.1523 0.0704 | 0.1137 21.5055 15.7269 0.3717 0.6534 0.7609 TEST: 1.2344 0.5260 0.7472 | 0.4002 0.3932 0.5892 | 0.1405 24.7519 31.6324 29.8485 56.6952 68.9242
lr at 146th epoch is 5e-05 for optimizer and 6.25e-05 for film
current performance: 48.2997, best performance: 49.3522
Epoch: 0146 | TRAIN: 0.1156 0.6613 0.9568 | 0.1563 0.1563 0.0725 | 0.1147 21.6303 15.8633 0.3688 0.6507 0.7590 TEST: 1.2288 0.5285 0.7431 | 0.4097 0.4021 0.6120 | 0.1411 24.8356 31.7199 29.3898 56.7262 68.9692
lr at 147th epoch is 5e-05 for optimizer and 6.25e-05 for film
current performance: 49.3048, best performance: 49.3522
Epoch: 0147 | TRAIN: 0.1138 0.6697 0.9577 | 0.1584 0.1584 0.0720 | 0.1121 21.3670 15.6541 0.3731 0.6555 0.7634 TEST: 1.2069 0.5365 0.7496 | 0.4101 0.4028 0.6095 | 0.1409 24.7510 31.6979 29.9172 56.9558 69.0787
lr at 148th epoch is 5e-05 for optimizer and 6.25e-05 for film
current performance: 48.3205, best performance: 49.3522
Epoch: 0148 | TRAIN: 0.1128 0.6709 0.9581 | 0.1559 0.1559 0.0699 | 0.1125 21.3888 15.6484 0.3744 0.6555 0.7629 TEST: 1.2200 0.5274 0.7481 | 0.4065 0.3993 0.6018 | 0.1408 24.8233 31.6643 29.4791 56.5482 68.8139
lr at 149th epoch is 5e-05 for optimizer and 6.25e-05 for film
current performance: 48.7011, best performance: 49.3522
Epoch: 0149 | TRAIN: 0.1116 0.6702 0.9581 | 0.1533 0.1533 0.0706 | 0.1130 21.4606 15.7597 0.3708 0.6541 0.7628 TEST: 1.2513 0.5272 0.7472 | 0.3995 0.3923 0.5940 | 0.1405 24.7403 31.6599 29.7767 56.9127 69.1457
lr at 150th epoch is 5e-05 for optimizer and 3.125e-05 for film
current performance: 48.1537, best performance: 49.3522
Epoch: 0150 | TRAIN: 0.1055 0.6758 0.9607 | 0.1549 0.1549 0.0693 | 0.1107 21.2080 15.5503 0.3773 0.6580 0.7655 TEST: 1.2402 0.5225 0.7466 | 0.4000 0.3931 0.5863 | 0.1401 24.7089 31.6029 29.7459 56.9704 69.2066
lr at 151th epoch is 5e-05 for optimizer and 3.125e-05 for film
current performance: 48.5530, best performance: 49.3522
Epoch: 0151 | TRAIN: 0.1093 0.6680 0.9592 | 0.1533 0.1533 0.0717 | 0.1131 21.4219 15.6739 0.3740 0.6560 0.7635 TEST: 1.2655 0.5264 0.7462 | 0.3991 0.3928 0.5824 | 0.1398 24.7677 31.5416 29.4421 56.4607 68.8728
lr at 152th epoch is 5e-05 for optimizer and 3.125e-05 for film
current performance: 48.1608, best performance: 49.3522
Epoch: 0152 | TRAIN: 0.1094 0.6683 0.9592 | 0.1526 0.1526 0.0699 | 0.1116 21.2337 15.4843 0.3800 0.6593 0.7661 TEST: 1.2477 0.5225 0.7450 | 0.3991 0.3924 0.5930 | 0.1400 24.7338 31.5827 29.5956 56.7629 69.0763
lr at 153th epoch is 5e-05 for optimizer and 3.125e-05 for film
current performance: 48.2634, best performance: 49.3522
Epoch: 0153 | TRAIN: 0.1080 0.6681 0.9596 | 0.1532 0.1532 0.0701 | 0.1122 21.3089 15.4708 0.3782 0.6578 0.7642 TEST: 1.2570 0.5256 0.7458 | 0.4016 0.3945 0.6006 | 0.1408 24.8753 31.6447 29.2421 56.0755 68.6126
lr at 154th epoch is 5e-05 for optimizer and 3.125e-05 for film
current performance: 48.2492, best performance: 49.3522
Epoch: 0154 | TRAIN: 0.1114 0.6725 0.9585 | 0.1520 0.1520 0.0691 | 0.1116 21.2950 15.6335 0.3760 0.6569 0.7647 TEST: 1.2463 0.5240 0.7477 | 0.3985 0.3913 0.5910 | 0.1411 24.8451 31.7480 29.4873 56.5550 68.8616
lr at 155th epoch is 5e-05 for optimizer and 3.125e-05 for film
current performance: 47.9781, best performance: 49.3522
Epoch: 0155 | TRAIN: 0.1090 0.6724 0.9594 | 0.1523 0.1523 0.0700 | 0.1131 21.4562 15.7324 0.3722 0.6545 0.7623 TEST: 1.2486 0.5226 0.7475 | 0.4044 0.3970 0.6112 | 0.1400 24.7250 31.5685 29.7308 56.7500 69.0344
lr at 156th epoch is 5e-05 for optimizer and 3.125e-05 for film
current performance: 44.5967, best performance: 49.3522
Epoch: 0156 | TRAIN: 0.1137 0.6658 0.9583 | 0.1551 0.1551 0.0715 | 0.1116 21.2992 15.6450 0.3747 0.6574 0.7655 TEST: 1.3195 0.4943 0.7309 | 0.4042 0.3976 0.5973 | 0.1411 24.7829 31.7271 29.8378 56.8288 69.0197
lr at 157th epoch is 5e-05 for optimizer and 3.125e-05 for film
current performance: 48.0890, best performance: 49.3522
Epoch: 0157 | TRAIN: 0.1098 0.6668 0.9591 | 0.1520 0.1520 0.0698 | 0.1114 21.2406 15.5235 0.3784 0.6587 0.7654 TEST: 1.2502 0.5234 0.7475 | 0.4037 0.3963 0.6018 | 0.1403 24.7316 31.6166 29.7381 56.8397 69.0741
lr at 158th epoch is 5e-05 for optimizer and 3.125e-05 for film
current performance: 49.1065, best performance: 49.3522
Epoch: 0158 | TRAIN: 0.1052 0.6779 0.9607 | 0.1513 0.1513 0.0695 | 0.1106 21.1178 15.4037 0.3838 0.6607 0.7667 TEST: 1.2120 0.5306 0.7462 | 0.4011 0.3943 0.5879 | 0.1395 24.6560 31.5145 29.9952 56.9118 69.1041
lr at 159th epoch is 5e-05 for optimizer and 3.125e-05 for film
current performance: 48.3768, best performance: 49.3522
Epoch: 0159 | TRAIN: 0.1082 0.6715 0.9601 | 0.1488 0.1488 0.0692 | 0.1113 21.2193 15.4901 0.3786 0.6601 0.7668 TEST: 1.2248 0.5249 0.7468 | 0.4004 0.3937 0.5918 | 0.1406 24.7336 31.6673 29.8822 57.1602 69.2199
lr at 160th epoch is 5e-05 for optimizer and 3.125e-05 for film
current performance: 48.1416, best performance: 49.3522
Epoch: 0160 | TRAIN: 0.1088 0.6705 0.9596 | 0.1544 0.1544 0.0709 | 0.1104 21.1446 15.4611 0.3795 0.6605 0.7673 TEST: 1.2653 0.5236 0.7467 | 0.4032 0.3968 0.5908 | 0.1396 24.6931 31.5231 29.7307 56.7972 69.0753
lr at 161th epoch is 5e-05 for optimizer and 3.125e-05 for film
current performance: 47.9706, best performance: 49.3522
Epoch: 0161 | TRAIN: 0.1038 0.6769 0.9613 | 0.1526 0.1526 0.0692 | 0.1105 21.1480 15.4944 0.3791 0.6612 0.7681 TEST: 1.2743 0.5253 0.7450 | 0.4108 0.4042 0.5935 | 0.1411 24.7212 31.7608 30.1921 57.1624 69.2487
lr at 162th epoch is 5e-05 for optimizer and 3.125e-05 for film
current performance: 48.2116, best performance: 49.3522
Epoch: 0162 | TRAIN: 0.1086 0.6737 0.9594 | 0.1492 0.1492 0.0686 | 0.1112 21.1851 15.4153 0.3811 0.6612 0.7667 TEST: 1.2623 0.5233 0.7468 | 0.4015 0.3946 0.5955 | 0.1400 24.6814 31.6011 29.8685 57.1066 69.2881
lr at 163th epoch is 5e-05 for optimizer and 3.125e-05 for film
current performance: 48.7486, best performance: 49.3522
Epoch: 0163 | TRAIN: 0.1020 0.6763 0.9619 | 0.1471 0.1471 0.0675 | 0.1093 21.0017 15.3242 0.3827 0.6639 0.7702 TEST: 1.2319 0.5284 0.7476 | 0.4031 0.3959 0.5910 | 0.1396 24.6768 31.5380 29.6737 56.9545 69.2210
lr at 164th epoch is 5e-05 for optimizer and 3.125e-05 for film
current performance: 48.4364, best performance: 49.3522
Epoch: 0164 | TRAIN: 0.1094 0.6702 0.9595 | 0.1516 0.1516 0.0695 | 0.1105 21.0837 15.2891 0.3841 0.6638 0.7691 TEST: 1.2610 0.5232 0.7468 | 0.3961 0.3891 0.5850 | 0.1401 24.6853 31.6146 29.9869 57.0223 69.1746
lr at 165th epoch is 5e-05 for optimizer and 3.125e-05 for film
current performance: 48.4524, best performance: 49.3522
Epoch: 0165 | TRAIN: 0.1044 0.6821 0.9611 | 0.1496 0.1496 0.0677 | 0.1104 21.1059 15.3669 0.3818 0.6618 0.7682 TEST: 1.2574 0.5235 0.7469 | 0.3975 0.3906 0.5887 | 0.1396 24.6454 31.5498 29.8532 57.1522 69.3709
lr at 166th epoch is 5e-05 for optimizer and 3.125e-05 for film
current performance: 48.6941, best performance: 49.3522
Epoch: 0166 | TRAIN: 0.1057 0.6758 0.9607 | 0.1489 0.1489 0.0683 | 0.1095 21.0061 15.2787 0.3843 0.6647 0.7698 TEST: 1.2473 0.5276 0.7472 | 0.4011 0.3943 0.5866 | 0.1402 24.7133 31.6203 29.8284 56.8870 69.1506
lr at 167th epoch is 5e-05 for optimizer and 3.125e-05 for film
current performance: 48.0007, best performance: 49.3522
Epoch: 0167 | TRAIN: 0.1033 0.6754 0.9615 | 0.1483 0.1483 0.0679 | 0.1094 20.9680 15.2442 0.3865 0.6652 0.7705 TEST: 1.2712 0.5256 0.7455 | 0.4109 0.4044 0.5996 | 0.1405 24.7259 31.6538 29.8540 56.9421 69.1690
lr at 168th epoch is 5e-05 for optimizer and 3.125e-05 for film
current performance: 48.0377, best performance: 49.3522
Epoch: 0168 | TRAIN: 0.1027 0.6793 0.9614 | 0.1506 0.1506 0.0683 | 0.1083 20.8575 15.1174 0.3877 0.6676 0.7731 TEST: 1.3105 0.5204 0.7449 | 0.3995 0.3929 0.5845 | 0.1395 24.6048 31.5452 30.2093 57.1998 69.3656
lr at 169th epoch is 5e-05 for optimizer and 3.125e-05 for film
current performance: 47.9040, best performance: 49.3522
Epoch: 0169 | TRAIN: 0.1088 0.6679 0.9595 | 0.1515 0.1515 0.0687 | 0.1093 20.9856 15.3004 0.3834 0.6651 0.7715 TEST: 1.2647 0.5183 0.7461 | 0.3964 0.3896 0.5852 | 0.1406 24.6413 31.7018 30.3087 57.4811 69.5357
lr at 170th epoch is 5e-05 for optimizer and 3.125e-05 for film
current performance: 48.4083, best performance: 49.3522
Epoch: 0170 | TRAIN: 0.1070 0.6729 0.9600 | 0.1504 0.1504 0.0692 | 0.1094 21.0175 15.3398 0.3814 0.6648 0.7711 TEST: 1.2872 0.5233 0.7456 | 0.3987 0.3916 0.5895 | 0.1395 24.6241 31.5477 30.0406 57.2138 69.4277
lr at 171th epoch is 5e-05 for optimizer and 3.125e-05 for film
current performance: 48.1871, best performance: 49.3522
Epoch: 0171 | TRAIN: 0.1050 0.6752 0.9608 | 0.1447 0.1447 0.0666 | 0.1100 21.0769 15.3812 0.3812 0.6628 0.7694 TEST: 1.2804 0.5213 0.7448 | 0.3958 0.3891 0.5795 | 0.1402 24.7103 31.6202 29.6847 57.0071 69.2844
lr at 172th epoch is 5e-05 for optimizer and 3.125e-05 for film
current performance: 49.1314, best performance: 49.3522
Epoch: 0172 | TRAIN: 0.1024 0.6792 0.9615 | 0.1455 0.1455 0.0664 | 0.1093 20.9779 15.2507 0.3852 0.6653 0.7713 TEST: 1.2753 0.5285 0.7453 | 0.3957 0.3892 0.5838 | 0.1394 24.6193 31.5376 29.9941 57.2151 69.4195
lr at 173th epoch is 5e-05 for optimizer and 3.125e-05 for film
current performance: 47.8131, best performance: 49.3522
Epoch: 0173 | TRAIN: 0.1027 0.6750 0.9616 | 0.1459 0.1459 0.0676 | 0.1091 20.9545 15.2554 0.3857 0.6644 0.7706 TEST: 1.2957 0.5211 0.7436 | 0.4054 0.3978 0.5994 | 0.1394 24.6816 31.5130 29.6423 56.8958 69.1979
lr at 174th epoch is 5e-05 for optimizer and 3.125e-05 for film
current performance: 48.1770, best performance: 49.3522
Epoch: 0174 | TRAIN: 0.1036 0.6725 0.9611 | 0.1465 0.1465 0.0670 | 0.1088 20.9225 15.2461 0.3850 0.6666 0.7723 TEST: 1.2851 0.5281 0.7459 | 0.4146 0.4089 0.5918 | 0.1399 24.6528 31.5911 29.9947 57.1691 69.3580
lr at 175th epoch is 5e-05 for optimizer and 3.125e-05 for film
current performance: 48.4738, best performance: 49.3522
Epoch: 0175 | TRAIN: 0.1018 0.6756 0.9619 | 0.1487 0.1487 0.0674 | 0.1080 20.8109 15.1440 0.3888 0.6688 0.7741 TEST: 1.2925 0.5257 0.7451 | 0.4030 0.3961 0.5893 | 0.1400 24.6339 31.6211 30.2311 57.2799 69.4269
lr at 176th epoch is 5e-05 for optimizer and 3.125e-05 for film
current performance: 48.7209, best performance: 49.3522
Epoch: 0176 | TRAIN: 0.1031 0.6744 0.9617 | 0.1471 0.1471 0.0669 | 0.1075 20.7702 15.1036 0.3889 0.6693 0.7745 TEST: 1.2883 0.5259 0.7459 | 0.4003 0.3934 0.5901 | 0.1387 24.5438 31.4353 30.1427 57.3182 69.4268
lr at 177th epoch is 5e-05 for optimizer and 3.125e-05 for film
current performance: 48.6039, best performance: 49.3522
Epoch: 0177 | TRAIN: 0.0993 0.6778 0.9630 | 0.1453 0.1453 0.0650 | 0.1066 20.6430 14.9360 0.3925 0.6722 0.7770 TEST: 1.3116 0.5264 0.7461 | 0.4060 0.3982 0.6061 | 0.1390 24.5140 31.4816 30.5319 57.5247 69.5637
lr at 178th epoch is 5e-05 for optimizer and 3.125e-05 for film
current performance: 48.9032, best performance: 49.3522
Epoch: 0178 | TRAIN: 0.1022 0.6739 0.9619 | 0.1471 0.1471 0.0671 | 0.1072 20.7199 15.0350 0.3905 0.6710 0.7759 TEST: 1.2804 0.5268 0.7479 | 0.3989 0.3923 0.5870 | 0.1380 24.5216 31.3421 30.0101 57.1065 69.4397
lr at 179th epoch is 5e-05 for optimizer and 3.125e-05 for film
current performance: 48.7029, best performance: 49.3522
Epoch: 0179 | TRAIN: 0.0992 0.6782 0.9629 | 0.1423 0.1423 0.0642 | 0.1069 20.6792 14.9576 0.3930 0.6716 0.7759 TEST: 1.2870 0.5236 0.7460 | 0.3963 0.3894 0.5855 | 0.1389 24.4830 31.4908 30.5782 57.6796 69.7018
lr at 180th epoch is 5e-05 for optimizer and 1.5625e-05 for film
current performance: 48.6610, best performance: 49.3522
Epoch: 0180 | TRAIN: 0.1012 0.6782 0.9623 | 0.1484 0.1484 0.0673 | 0.1075 20.7627 15.1259 0.3890 0.6695 0.7753 TEST: 1.2994 0.5250 0.7484 | 0.3975 0.3908 0.5814 | 0.1400 24.6063 31.6280 30.2716 57.6108 69.6213
lr at 181th epoch is 5e-05 for optimizer and 1.5625e-05 for film
current performance: 44.8967, best performance: 49.3522
Epoch: 0181 | TRAIN: 0.1067 0.6670 0.9607 | 0.1503 0.1503 0.0683 | 0.1085 20.8932 15.2039 0.3859 0.6667 0.7723 TEST: 1.4528 0.4968 0.7323 | 0.4094 0.4016 0.6044 | 0.1395 24.6241 31.5137 30.0836 57.0519 69.2719
lr at 182th epoch is 5e-05 for optimizer and 1.5625e-05 for film
current performance: 48.3550, best performance: 49.3522
Epoch: 0182 | TRAIN: 0.1031 0.6746 0.9619 | 0.1476 0.1476 0.0669 | 0.1080 20.8507 15.1982 0.3853 0.6682 0.7743 TEST: 1.3167 0.5227 0.7464 | 0.4030 0.3963 0.5922 | 0.1381 24.4292 31.3865 30.6468 57.6430 69.7510
lr at 183th epoch is 5e-05 for optimizer and 1.5625e-05 for film
current performance: 49.3537, best performance: 49.3522
Epoch: 0183 | TRAIN: 0.1019 0.6749 0.9619 | 0.1461 0.1461 0.0664 | 0.1067 20.6632 14.9644 0.3922 0.6727 0.7768 TEST: 1.2839 0.5284 0.7492 | 0.3953 0.3886 0.5813 | 0.1380 24.4374 31.3496 30.5041 57.4625 69.6427
lr at 184th epoch is 5e-05 for optimizer and 1.5625e-05 for film
current performance: 48.1600, best performance: 49.3537
Epoch: 0184 | TRAIN: 0.0985 0.6794 0.9632 | 0.1426 0.1426 0.0647 | 0.1067 20.6702 14.9835 0.3920 0.6722 0.7766 TEST: 1.3023 0.5215 0.7478 | 0.3979 0.3911 0.5869 | 0.1408 24.6853 31.7025 30.3174 57.2673 69.3163
lr at 185th epoch is 5e-05 for optimizer and 1.5625e-05 for film
current performance: 47.3208, best performance: 49.3537
Epoch: 0185 | TRAIN: 0.1072 0.6702 0.9603 | 0.1461 0.1461 0.0662 | 0.1084 20.8494 15.1626 0.3886 0.6681 0.7738 TEST: 1.3331 0.5155 0.7401 | 0.4036 0.3970 0.5867 | 0.1394 24.5737 31.5420 30.3180 57.2916 69.4696
lr at 186th epoch is 5e-05 for optimizer and 1.5625e-05 for film
current performance: 47.5291, best performance: 49.3537
Epoch: 0186 | TRAIN: 0.1104 0.6694 0.9597 | 0.1457 0.1457 0.0669 | 0.1094 20.9688 15.2159 0.3858 0.6660 0.7717 TEST: 1.2656 0.5154 0.7453 | 0.3982 0.3909 0.5916 | 0.1398 24.6242 31.5829 30.3490 57.1222 69.2616
lr at 187th epoch is 5e-05 for optimizer and 1.5625e-05 for film
current performance: 49.0300, best performance: 49.3537
Epoch: 0187 | TRAIN: 0.1087 0.6731 0.9603 | 0.1475 0.1475 0.0670 | 0.1082 20.8746 15.1885 0.3855 0.6670 0.7734 TEST: 1.2533 0.5258 0.7479 | 0.3968 0.3896 0.5867 | 0.1380 24.4198 31.3707 30.5532 57.6356 69.7690
lr at 188th epoch is 5e-05 for optimizer and 1.5625e-05 for film
current performance: 49.1278, best performance: 49.3537
Epoch: 0188 | TRAIN: 0.0984 0.6839 0.9634 | 0.1450 0.1450 0.0649 | 0.1070 20.7131 15.0620 0.3887 0.6717 0.7768 TEST: 1.2624 0.5292 0.7481 | 0.4006 0.3938 0.5918 | 0.1383 24.5083 31.3986 30.2416 57.3001 69.5431
lr at 189th epoch is 5e-05 for optimizer and 1.5625e-05 for film
current performance: 48.2699, best performance: 49.3537
Epoch: 0189 | TRAIN: 0.1009 0.6735 0.9624 | 0.1395 0.1395 0.0642 | 0.1067 20.6388 14.9055 0.3928 0.6739 0.7781 TEST: 1.2888 0.5219 0.7446 | 0.4008 0.3940 0.5867 | 0.1386 24.5188 31.4213 30.2795 57.3129 69.5250
lr at 190th epoch is 5e-05 for optimizer and 1.5625e-05 for film
current performance: 49.6045, best performance: 49.3537
Epoch: 0190 | TRAIN: 0.0989 0.6745 0.9630 | 0.1405 0.1405 0.0637 | 0.1067 20.6478 15.0149 0.3926 0.6725 0.7776 TEST: 1.2821 0.5303 0.7478 | 0.3965 0.3895 0.5873 | 0.1374 24.3766 31.2918 30.6236 57.6390 69.7873
lr at 191th epoch is 5e-05 for optimizer and 1.5625e-05 for film
current performance: 48.4863, best performance: 49.6045
Epoch: 0191 | TRAIN: 0.0979 0.6805 0.9634 | 0.1413 0.1413 0.0649 | 0.1071 20.6969 14.9545 0.3912 0.6719 0.7767 TEST: 1.2991 0.5221 0.7482 | 0.3966 0.3899 0.5811 | 0.1383 24.5089 31.3831 30.1474 57.3366 69.5587
lr at 192th epoch is 5e-05 for optimizer and 1.5625e-05 for film
current performance: 47.7859, best performance: 49.6045
Epoch: 0192 | TRAIN: 0.1001 0.6749 0.9625 | 0.1458 0.1458 0.0667 | 0.1082 20.8068 15.0855 0.3901 0.6702 0.7751 TEST: 1.2899 0.5216 0.7456 | 0.4100 0.4038 0.5942 | 0.1386 24.5211 31.4180 30.1953 57.4003 69.5717
lr at 193th epoch is 5e-05 for optimizer and 1.5625e-05 for film
current performance: 48.9890, best performance: 49.6045
Epoch: 0193 | TRAIN: 0.1051 0.6667 0.9613 | 0.1417 0.1417 0.0653 | 0.1070 20.6704 14.9250 0.3930 0.6731 0.7775 TEST: 1.2767 0.5280 0.7461 | 0.3990 0.3918 0.5939 | 0.1395 24.5877 31.5517 30.1099 57.4652 69.5857
lr at 194th epoch is 5e-05 for optimizer and 1.5625e-05 for film
current performance: 49.0332, best performance: 49.6045
Epoch: 0194 | TRAIN: 0.1101 0.6685 0.9598 | 0.1473 0.1473 0.0668 | 0.1092 20.9691 15.2734 0.3834 0.6663 0.7723 TEST: 1.2926 0.5273 0.7470 | 0.3971 0.3900 0.5901 | 0.1389 24.5469 31.4517 30.1269 57.3565 69.5735
lr at 195th epoch is 5e-05 for optimizer and 1.5625e-05 for film
current performance: 49.0599, best performance: 49.6045
Epoch: 0195 | TRAIN: 0.0980 0.6759 0.9632 | 0.1400 0.1400 0.0646 | 0.1060 20.5721 14.8466 0.3941 0.6753 0.7792 TEST: 1.2918 0.5268 0.7458 | 0.3983 0.3913 0.5925 | 0.1388 24.4229 31.4835 30.7680 57.9730 69.9823
lr at 196th epoch is 5e-05 for optimizer and 1.5625e-05 for film
current performance: 48.9204, best performance: 49.6045
Epoch: 0196 | TRAIN: 0.0950 0.6779 0.9643 | 0.1402 0.1402 0.0640 | 0.1059 20.5279 14.8631 0.3964 0.6750 0.7789 TEST: 1.2837 0.5256 0.7464 | 0.3976 0.3910 0.5842 | 0.1386 24.4390 31.4461 30.6590 57.7213 69.7998
lr at 197th epoch is 5e-05 for optimizer and 1.5625e-05 for film
current performance: 49.3317, best performance: 49.6045
Epoch: 0197 | TRAIN: 0.0950 0.6854 0.9643 | 0.1400 0.1400 0.0640 | 0.1055 20.4762 14.7706 0.3987 0.6776 0.7804 TEST: 1.3144 0.5277 0.7460 | 0.3959 0.3891 0.5845 | 0.1380 24.3595 31.3816 30.8500 57.9884 70.0081
lr at 198th epoch is 5e-05 for optimizer and 1.5625e-05 for film
current performance: 48.0930, best performance: 49.6045
Epoch: 0198 | TRAIN: 0.0959 0.6829 0.9641 | 0.1416 0.1416 0.0641 | 0.1045 20.3669 14.6813 0.4001 0.6794 0.7826 TEST: 1.3243 0.5200 0.7453 | 0.4013 0.3943 0.5882 | 0.1384 24.4647 31.4295 30.4622 57.6936 69.7869
lr at 199th epoch is 5e-05 for optimizer and 1.5625e-05 for film
current performance: 49.1662, best performance: 49.6045
Epoch: 0199 | TRAIN: 0.0947 0.6788 0.9648 | 0.1401 0.1401 0.0644 | 0.1047 20.3682 14.6831 0.4006 0.6794 0.7823 TEST: 1.2858 0.5261 0.7478 | 0.3970 0.3897 0.5900 | 0.1366 24.3244 31.1836 30.5291 57.7211 69.8842
Epoch: 0190 | TRAIN: 0.0989 0.6745 0.9630 | 0.1405 0.1405 0.0637 | 0.1067 20.6478 15.0149 0.3926 0.6725 0.7776 TEST: 1.2821 0.5303 0.7478 | 0.3965 0.3895 0.5873 | 0.1374 24.3766 31.2918 30.6236 57.6390 69.7873
